统计中...
PhoneType: Vivo, Num: 2
PhoneType: 华为, Num: 1
PhoneType: 苹果, Num: 9
PhoneType: 未知Android设备, Num: 3
cnt: 15
=====================================
统计中...
PhoneType: 苹果, Num: 19
PhoneType: 华为, Num: 2
PhoneType: 荣耀, Num: 1
PhoneType: 未知Android设备, Num: 3
PhoneType: Vivo, Num: 2
PhoneType: OPPO, Num: 1
cnt: 28
=====================================
统计中...
PhoneType: 华为, Num: 4
PhoneType: 荣耀, Num: 2
PhoneType: 未知Android设备, Num: 5
PhoneType: Vivo, Num: 3
PhoneType: OPPO, Num: 1
PhoneType: 小米, Num: 1
PhoneType: 苹果, Num: 28
cnt: 44
=====================================
统计中...
PhoneType: Vivo, Num: 3
PhoneType: OPPO, Num: 2
PhoneType: 小米, Num: 1
PhoneType: 苹果, Num: 36
PhoneType: 华为, Num: 5
PhoneType: 荣耀, Num: 2
PhoneType: 未知Android设备, Num: 11
cnt: 60
=====================================
统计中...
PhoneType: 未知Android设备, Num: 12
PhoneType: Vivo, Num: 4
PhoneType: OPPO, Num: 3
PhoneType: 小米, Num: 2
PhoneType: 苹果, Num: 38
PhoneType: 红米, Num: 1
PhoneType: 华为, Num: 6
PhoneType: 荣耀, Num: 4
cnt: 70
=====================================
统计中...
PhoneType: 华为, Num: 7
PhoneType: 荣耀, Num: 4
PhoneType: 未知Android设备, Num: 16
PhoneType: 小米, Num: 2
PhoneType: Vivo, Num: 5
PhoneType: OPPO, Num: 4
PhoneType: 红米, Num: 1
PhoneType: 苹果, Num: 40
cnt: 79
=====================================
统计中...
PhoneType: Vivo, Num: 5
PhoneType: OPPO, Num: 4
PhoneType: 小米, Num: 2
PhoneType: 红米, Num: 1
PhoneType: 苹果, Num: 47
PhoneType: 华为, Num: 7
PhoneType: 荣耀, Num: 4
PhoneType: 未知Android设备, Num: 16
cnt: 86
=====================================
统计中...
PhoneType: Vivo, Num: 7
PhoneType: OPPO, Num: 6
PhoneType: 小米, Num: 3
PhoneType: 红米, Num: 1
PhoneType: 苹果, Num: 49
PhoneType: 三星, Num: 1
PhoneType: 华为, Num: 9
PhoneType: 荣耀, Num: 7
PhoneType: 未知Android设备, Num: 19
cnt: 102
=====================================
统计中...
PhoneType: Vivo, Num: 7
PhoneType: OPPO, Num: 7
PhoneType: 小米, Num: 3
PhoneType: 苹果, Num: 52
PhoneType: 红米, Num: 2
PhoneType: 华为, Num: 11
PhoneType: 荣耀, Num: 7
PhoneType: 三星, Num: 1
PhoneType: 未知Android设备, Num: 23
cnt: 113
=====================================
统计中...
PhoneType: 红米, Num: 2
PhoneType: 苹果, Num: 54
PhoneType: 三星, Num: 1
PhoneType: 华为, Num: 11
PhoneType: 荣耀, Num: 7
PhoneType: 未知Android设备, Num: 26
PhoneType: Vivo, Num: 8
PhoneType: OPPO, Num: 8
PhoneType: 小米, Num: 4
cnt: 121
=====================================
统计中...
PhoneType: OPPO, Num: 8
PhoneType: 小米, Num: 4
PhoneType: 苹果, Num: 59
PhoneType: 三星, Num: 1
PhoneType: Vivo, Num: 8
PhoneType: 红米, Num: 2
PhoneType: 华为, Num: 11
PhoneType: 荣耀, Num: 7
PhoneType: 未知Android设备, Num: 26
cnt: 126
=====================================
统计中...
PhoneType: 红米, Num: 2
PhoneType: 华为, Num: 11
PhoneType: 荣耀, Num: 7
PhoneType: 未知Android设备, Num: 28
PhoneType: OPPO, Num: 8
PhoneType: 小米, Num: 4
PhoneType: 苹果, Num: 64
PhoneType: 三星, Num: 1
PhoneType: Vivo, Num: 9
cnt: 134
=====================================
统计中...
PhoneType: Vivo, Num: 9
PhoneType: 红米, Num: 2
PhoneType: 华为, Num: 12
PhoneType: 荣耀, Num: 7
PhoneType: 一加, Num: 1
PhoneType: 未知Android设备, Num: 29
PhoneType: OPPO, Num: 8
PhoneType: 小米, Num: 4
PhoneType: 苹果, Num: 68
PhoneType: 三星, Num: 1
cnt: 141
=====================================
统计中...
PhoneType: Vivo, Num: 9
PhoneType: 红米, Num: 3
PhoneType: 荣耀, Num: 7
PhoneType: 一加, Num: 1
PhoneType: 华为, Num: 13
PhoneType: 未知Android设备, Num: 30
PhoneType: 小米, Num: 4
PhoneType: OPPO, Num: 8
PhoneType: 苹果, Num: 73
PhoneType: 三星, Num: 1
cnt: 149
=====================================
统计中...
PhoneType: 未知Android设备, Num: 32
PhoneType: OPPO, Num: 8
PhoneType: 小米, Num: 4
PhoneType: 苹果, Num: 81
PhoneType: 三星, Num: 1
PhoneType: Vivo, Num: 10
PhoneType: 红米, Num: 3
PhoneType: 一加, Num: 1
PhoneType: 华为, Num: 14
PhoneType: 荣耀, Num: 7
cnt: 161
=====================================
统计中...
PhoneType: 红米, Num: 3
PhoneType: 华为, Num: 14
PhoneType: 荣耀, Num: 7
PhoneType: 一加, Num: 1
PhoneType: 未知Android设备, Num: 34
PhoneType: OPPO, Num: 9
PhoneType: 小米, Num: 4
PhoneType: 苹果, Num: 84
PhoneType: 三星, Num: 1
PhoneType: Vivo, Num: 10
cnt: 167
=====================================
统计中...
PhoneType: 苹果, Num: 86
PhoneType: 三星, Num: 1
PhoneType: Vivo, Num: 10
PhoneType: 红米, Num: 5
PhoneType: 荣耀, Num: 7
PhoneType: 一加, Num: 1
PhoneType: 华为, Num: 15
PhoneType: 未知Android设备, Num: 35
PhoneType: 小米, Num: 4
PhoneType: OPPO, Num: 9
cnt: 173
=====================================
统计中...
PhoneType: 红米, Num: 5
PhoneType: 华为, Num: 17
PhoneType: 荣耀, Num: 7
PhoneType: 一加, Num: 1
PhoneType: 未知Android设备, Num: 37
PhoneType: OPPO, Num: 10
PhoneType: 小米, Num: 4
PhoneType: 苹果, Num: 87
PhoneType: 三星, Num: 1
PhoneType: Vivo, Num: 10
cnt: 179
=====================================
统计中...
PhoneType: 红米, Num: 6
PhoneType: 荣耀, Num: 7
PhoneType: 一加, Num: 1
PhoneType: 华为, Num: 17
PhoneType: 魅族, Num: 1
PhoneType: 未知Android设备, Num: 38
PhoneType: 小米, Num: 4
PhoneType: OPPO, Num: 11
PhoneType: 苹果, Num: 91
PhoneType: 三星, Num: 1
PhoneType: Vivo, Num: 10
cnt: 187
=====================================
统计中...
PhoneType: 未知Android设备, Num: 40
PhoneType: 魅族, Num: 1
PhoneType: OPPO, Num: 11
PhoneType: 小米, Num: 4
PhoneType: 苹果, Num: 96
PhoneType: 三星, Num: 1
PhoneType: Vivo, Num: 10
PhoneType: 红米, Num: 6
PhoneType: 华为, Num: 17
PhoneType: 荣耀, Num: 7
PhoneType: 一加, Num: 1
cnt: 194
=====================================
统计中...
PhoneType: 红米, Num: 6
PhoneType: 华为, Num: 17
PhoneType: 荣耀, Num: 7
PhoneType: 一加, Num: 1
PhoneType: 未知Android设备, Num: 41
PhoneType: 魅族, Num: 1
PhoneType: OPPO, Num: 14
PhoneType: 小米, Num: 4
PhoneType: 苹果, Num: 97
PhoneType: 三星, Num: 1
PhoneType: Vivo, Num: 10
cnt: 199
=====================================
统计中...
PhoneType: Vivo, Num: 11
PhoneType: 红米, Num: 6
PhoneType: 华为, Num: 19
PhoneType: 荣耀, Num: 7
PhoneType: 一加, Num: 1
PhoneType: 未知Android设备, Num: 41
PhoneType: 魅族, Num: 1
PhoneType: OPPO, Num: 15
PhoneType: 小米, Num: 4
PhoneType: 苹果, Num: 98
PhoneType: 三星, Num: 1
cnt: 204
=====================================
统计中...
PhoneType: 三星, Num: 1
PhoneType: Vivo, Num: 11
PhoneType: 红米, Num: 6
PhoneType: 华为, Num: 19
PhoneType: 荣耀, Num: 7
PhoneType: 一加, Num: 1
PhoneType: 未知Android设备, Num: 42
PhoneType: 魅族, Num: 1
PhoneType: OPPO, Num: 15
PhoneType: 小米, Num: 4
PhoneType: 苹果, Num: 104
cnt: 211
=====================================
统计中...
PhoneType: 苹果, Num: 112
PhoneType: 三星, Num: 1
PhoneType: Vivo, Num: 12
PhoneType: 红米, Num: 6
PhoneType: 一加, Num: 1
PhoneType: 华为, Num: 20
PhoneType: 荣耀, Num: 7
PhoneType: 魅族, Num: 1
PhoneType: 未知Android设备, Num: 43
PhoneType: OPPO, Num: 17
PhoneType: 小米, Num: 5
cnt: 225
=====================================
统计中...
PhoneType: Vivo, Num: 13
PhoneType: 红米, Num: 8
PhoneType: 荣耀, Num: 7
PhoneType: 一加, Num: 1
PhoneType: 华为, Num: 23
PhoneType: 魅族, Num: 1
PhoneType: 未知Android设备, Num: 44
PhoneType: 小米, Num: 5
PhoneType: OPPO, Num: 19
PhoneType: 苹果, Num: 112
PhoneType: 三星, Num: 1
cnt: 234
=====================================
统计中...
PhoneType: 苹果, Num: 113
PhoneType: 三星, Num: 1
PhoneType: Vivo, Num: 13
PhoneType: 红米, Num: 9
PhoneType: 一加, Num: 1
PhoneType: 华为, Num: 24
PhoneType: 荣耀, Num: 7
PhoneType: 魅族, Num: 1
PhoneType: 未知Android设备, Num: 45
PhoneType: OPPO, Num: 19
PhoneType: 小米, Num: 5
cnt: 238
=====================================
统计中...
PhoneType: 三星, Num: 1
PhoneType: Vivo, Num: 14
PhoneType: 红米, Num: 9
PhoneType: 一加, Num: 2
PhoneType: 华为, Num: 25
PhoneType: 荣耀, Num: 7
PhoneType: 魅族, Num: 1
PhoneType: IQOO, Num: 2
PhoneType: 未知Android设备, Num: 48
PhoneType: OPPO, Num: 20
PhoneType: 小米, Num: 5
PhoneType: 苹果, Num: 115
cnt: 249
=====================================
统计中...
PhoneType: 一加, Num: 2
PhoneType: 华为, Num: 26
PhoneType: 荣耀, Num: 7
PhoneType: 魅族, Num: 1
PhoneType: IQOO, Num: 2
PhoneType: 未知Android设备, Num: 51
PhoneType: OPPO, Num: 21
PhoneType: 小米, Num: 5
PhoneType: 苹果, Num: 118
PhoneType: 三星, Num: 1
PhoneType: Vivo, Num: 14
PhoneType: 红米, Num: 9
cnt: 257
=====================================
统计中...
PhoneType: Vivo, Num: 14
PhoneType: 红米, Num: 9
PhoneType: 一加, Num: 2
PhoneType: 华为, Num: 26
PhoneType: 荣耀, Num: 7
PhoneType: IQOO, Num: 2
PhoneType: 未知Android设备, Num: 54
PhoneType: 魅族, Num: 1
PhoneType: OPPO, Num: 22
PhoneType: 小米, Num: 5
PhoneType: 苹果, Num: 122
PhoneType: 三星, Num: 1
cnt: 265
=====================================
统计中...
PhoneType: OPPO, Num: 23
PhoneType: 小米, Num: 5
PhoneType: 苹果, Num: 126
PhoneType: 三星, Num: 1
PhoneType: Vivo, Num: 15
PhoneType: 红米, Num: 9
PhoneType: 华为, Num: 27
PhoneType: 荣耀, Num: 7
PhoneType: 一加, Num: 2
PhoneType: 未知Android设备, Num: 54
PhoneType: 魅族, Num: 1
PhoneType: IQOO, Num: 2
cnt: 272
=====================================
统计中...
PhoneType: Vivo, Num: 16
PhoneType: 红米, Num: 9
PhoneType: 一加, Num: 2
PhoneType: 华为, Num: 27
PhoneType: 荣耀, Num: 7
PhoneType: 未知Android设备, Num: 54
PhoneType: 魅族, Num: 1
PhoneType: IQOO, Num: 2
PhoneType: OPPO, Num: 23
PhoneType: 小米, Num: 5
PhoneType: 苹果, Num: 128
PhoneType: 三星, Num: 1
cnt: 275
=====================================
统计中...
PhoneType: 华为, Num: 27
PhoneType: 荣耀, Num: 7
PhoneType: 一加, Num: 2
PhoneType: 未知Android设备, Num: 54
PhoneType: 魅族, Num: 1
PhoneType: IQOO, Num: 2
PhoneType: OPPO, Num: 23
PhoneType: 小米, Num: 5
PhoneType: 苹果, Num: 132
PhoneType: 三星, Num: 1
PhoneType: Vivo, Num: 16
PhoneType: 红米, Num: 9
cnt: 279
=====================================
统计中...
PhoneType: 苹果, Num: 135
PhoneType: 三星, Num: 1
PhoneType: Vivo, Num: 16
PhoneType: 红米, Num: 9
PhoneType: 华为, Num: 28
PhoneType: 荣耀, Num: 7
PhoneType: 一加, Num: 2
PhoneType: 未知Android设备, Num: 55
PhoneType: 魅族, Num: 1
PhoneType: IQOO, Num: 2
PhoneType: OPPO, Num: 23
PhoneType: 小米, Num: 5
cnt: 284
=====================================
统计中...
PhoneType: 三星, Num: 1
PhoneType: Vivo, Num: 16
PhoneType: 红米, Num: 9
PhoneType: 一加, Num: 2
PhoneType: 华为, Num: 28
PhoneType: 荣耀, Num: 8
PhoneType: 未知Android设备, Num: 56
PhoneType: 魅族, Num: 1
PhoneType: IQOO, Num: 2
PhoneType: OPPO, Num: 23
PhoneType: 小米, Num: 5
PhoneType: 苹果, Num: 135
cnt: 286
=====================================
统计中...
PhoneType: 魅族, Num: 1
PhoneType: IQOO, Num: 2
PhoneType: 未知Android设备, Num: 56
PhoneType: OPPO, Num: 23
PhoneType: 小米, Num: 5
PhoneType: 苹果, Num: 136
PhoneType: 三星, Num: 1
PhoneType: Vivo, Num: 16
PhoneType: 红米, Num: 9
PhoneType: 一加, Num: 2
PhoneType: 华为, Num: 28
PhoneType: 荣耀, Num: 8
cnt: 287
=====================================
统计中...
PhoneType: 苹果, Num: 137
PhoneType: 三星, Num: 1
PhoneType: Vivo, Num: 16
PhoneType: 红米, Num: 9
PhoneType: 一加, Num: 2
PhoneType: 华为, Num: 28
PhoneType: 荣耀, Num: 8
PhoneType: 魅族, Num: 1
PhoneType: IQOO, Num: 2
PhoneType: 未知Android设备, Num: 56
PhoneType: OPPO, Num: 23
PhoneType: 小米, Num: 5
cnt: 288
=====================================
统计中...
PhoneType: 红米, Num: 9
PhoneType: 荣耀, Num: 8
PhoneType: 一加, Num: 2
PhoneType: 华为, Num: 28
PhoneType: 魅族, Num: 1
PhoneType: IQOO, Num: 2
PhoneType: 未知Android设备, Num: 56
PhoneType: 小米, Num: 6
PhoneType: OPPO, Num: 23
PhoneType: 苹果, Num: 139
PhoneType: 三星, Num: 1
PhoneType: Vivo, Num: 16
cnt: 291
=====================================
统计中...
PhoneType: Vivo, Num: 16
PhoneType: 红米, Num: 9
PhoneType: 一加, Num: 2
PhoneType: 华为, Num: 28
PhoneType: 荣耀, Num: 8
PhoneType: 未知Android设备, Num: 56
PhoneType: 魅族, Num: 1
PhoneType: IQOO, Num: 2
PhoneType: OPPO, Num: 23
PhoneType: 小米, Num: 6
PhoneType: 苹果, Num: 140
PhoneType: 三星, Num: 1
cnt: 292
=====================================
统计中...
PhoneType: Vivo, Num: 16
PhoneType: 红米, Num: 9
PhoneType: 华为, Num: 28
PhoneType: 荣耀, Num: 8
PhoneType: 一加, Num: 2
PhoneType: 未知Android设备, Num: 56
PhoneType: 魅族, Num: 1
PhoneType: IQOO, Num: 2
PhoneType: OPPO, Num: 23
PhoneType: 小米, Num: 7
PhoneType: 苹果, Num: 140
PhoneType: 三星, Num: 1
cnt: 293
=====================================
统计中...
PhoneType: 华为, Num: 28
PhoneType: 荣耀, Num: 9
PhoneType: 一加, Num: 2
PhoneType: 未知Android设备, Num: 59
PhoneType: 魅族, Num: 1
PhoneType: IQOO, Num: 2
PhoneType: OPPO, Num: 23
PhoneType: 小米, Num: 8
PhoneType: 苹果, Num: 147
PhoneType: 三星, Num: 1
PhoneType: Vivo, Num: 18
PhoneType: 红米, Num: 9
cnt: 307
=====================================
统计中...
PhoneType: OPPO, Num: 23
PhoneType: 小米, Num: 8
PhoneType: 苹果, Num: 148
PhoneType: 三星, Num: 1
PhoneType: Vivo, Num: 18
PhoneType: 红米, Num: 9
PhoneType: 华为, Num: 28
PhoneType: 荣耀, Num: 9
PhoneType: 一加, Num: 2
PhoneType: 未知Android设备, Num: 59
PhoneType: 魅族, Num: 1
PhoneType: IQOO, Num: 2
cnt: 308
=====================================
统计中...
PhoneType: Vivo, Num: 18
PhoneType: 红米, Num: 9
PhoneType: 华为, Num: 29
PhoneType: 荣耀, Num: 10
PhoneType: 一加, Num: 2
PhoneType: 未知Android设备, Num: 60
PhoneType: 魅族, Num: 1
PhoneType: IQOO, Num: 2
PhoneType: OPPO, Num: 23
PhoneType: 小米, Num: 8
PhoneType: 苹果, Num: 150
PhoneType: 三星, Num: 1
cnt: 313
=====================================
统计中...
PhoneType: OPPO, Num: 23
PhoneType: 小米, Num: 8
PhoneType: 苹果, Num: 152
PhoneType: 三星, Num: 1
PhoneType: Vivo, Num: 18
PhoneType: 红米, Num: 9
PhoneType: 华为, Num: 30
PhoneType: 荣耀, Num: 10
PhoneType: 一加, Num: 2
PhoneType: 未知Android设备, Num: 60
PhoneType: 魅族, Num: 1
PhoneType: IQOO, Num: 2
cnt: 316
=====================================
统计中...
PhoneType: 红米, Num: 9
PhoneType: 一加, Num: 2
PhoneType: 华为, Num: 30
PhoneType: 荣耀, Num: 10
PhoneType: 魅族, Num: 1
PhoneType: IQOO, Num: 2
PhoneType: 未知Android设备, Num: 61
PhoneType: OPPO, Num: 23
PhoneType: 小米, Num: 8
PhoneType: 苹果, Num: 154
PhoneType: 三星, Num: 1
PhoneType: Vivo, Num: 18
cnt: 319
=====================================
统计中...
PhoneType: 华为, Num: 31
PhoneType: 荣耀, Num: 10
PhoneType: 一加, Num: 2
PhoneType: 未知Android设备, Num: 63
PhoneType: 魅族, Num: 1
PhoneType: IQOO, Num: 2
PhoneType: OPPO, Num: 23
PhoneType: 小米, Num: 8
PhoneType: 苹果, Num: 155
PhoneType: 三星, Num: 1
PhoneType: Vivo, Num: 18
PhoneType: 红米, Num: 9
cnt: 323
=====================================
统计中...
PhoneType: 华为, Num: 31
PhoneType: 荣耀, Num: 10
PhoneType: 一加, Num: 2
PhoneType: 未知Android设备, Num: 63
PhoneType: 魅族, Num: 1
PhoneType: IQOO, Num: 2
PhoneType: OPPO, Num: 23
PhoneType: 小米, Num: 8
PhoneType: 苹果, Num: 156
PhoneType: 三星, Num: 1
PhoneType: Vivo, Num: 18
PhoneType: 红米, Num: 9
cnt: 324
=====================================
统计中...
PhoneType: 一加, Num: 2
PhoneType: 华为, Num: 32
PhoneType: 荣耀, Num: 10
PhoneType: IQOO, Num: 2
PhoneType: 未知Android设备, Num: 63
PhoneType: 魅族, Num: 1
PhoneType: OPPO, Num: 23
PhoneType: 小米, Num: 8
PhoneType: 苹果, Num: 156
PhoneType: 三星, Num: 1
PhoneType: Vivo, Num: 18
PhoneType: 红米, Num: 9
cnt: 325
=====================================
统计中...
PhoneType: OPPO, Num: 23
PhoneType: 小米, Num: 9
PhoneType: 苹果, Num: 158
PhoneType: 三星, Num: 1
PhoneType: Vivo, Num: 18
PhoneType: 红米, Num: 10
PhoneType: 华为, Num: 32
PhoneType: 荣耀, Num: 10
PhoneType: 一加, Num: 2
PhoneType: 未知Android设备, Num: 63
PhoneType: 魅族, Num: 1
PhoneType: IQOO, Num: 2
cnt: 329
=====================================
统计中...
PhoneType: 三星, Num: 1
PhoneType: Vivo, Num: 18
PhoneType: 红米, Num: 10
PhoneType: 一加, Num: 2
PhoneType: 华为, Num: 33
PhoneType: 荣耀, Num: 10
PhoneType: 未知Android设备, Num: 64
PhoneType: 魅族, Num: 1
PhoneType: IQOO, Num: 2
PhoneType: OPPO, Num: 24
PhoneType: 小米, Num: 9
PhoneType: 苹果, Num: 159
cnt: 333
=====================================
统计中...
PhoneType: 红米, Num: 10
PhoneType: 华为, Num: 33
PhoneType: 荣耀, Num: 10
PhoneType: 一加, Num: 2
PhoneType: 未知Android设备, Num: 68
PhoneType: 魅族, Num: 1
PhoneType: IQOO, Num: 2
PhoneType: OPPO, Num: 26
PhoneType: 小米, Num: 9
PhoneType: 苹果, Num: 160
PhoneType: 三星, Num: 1
PhoneType: Vivo, Num: 18
cnt: 340
=====================================
统计中...
PhoneType: Vivo, Num: 18
PhoneType: 红米, Num: 10
PhoneType: 一加, Num: 2
PhoneType: 华为, Num: 34
PhoneType: 荣耀, Num: 11
PhoneType: 未知Android设备, Num: 71
PhoneType: 魅族, Num: 1
PhoneType: IQOO, Num: 2
PhoneType: OPPO, Num: 26
PhoneType: 小米, Num: 9
PhoneType: 苹果, Num: 160
PhoneType: 三星, Num: 1
cnt: 345
=====================================
统计中...
PhoneType: Vivo, Num: 18
PhoneType: 红米, Num: 10
PhoneType: 一加, Num: 2
PhoneType: 华为, Num: 35
PhoneType: 荣耀, Num: 11
PhoneType: 未知Android设备, Num: 71
PhoneType: 魅族, Num: 1
PhoneType: IQOO, Num: 2
PhoneType: OPPO, Num: 26
PhoneType: 小米, Num: 9
PhoneType: 苹果, Num: 161
PhoneType: 三星, Num: 1
cnt: 347
=====================================
统计中...
PhoneType: 魅族, Num: 1
PhoneType: IQOO, Num: 2
PhoneType: 未知Android设备, Num: 71
PhoneType: 小米, Num: 9
PhoneType: OPPO, Num: 26
PhoneType: 苹果, Num: 163
PhoneType: 三星, Num: 1
PhoneType: Vivo, Num: 18
PhoneType: 红米, Num: 10
PhoneType: 荣耀, Num: 11
PhoneType: 一加, Num: 2
PhoneType: 华为, Num: 35
cnt: 349
=====================================
统计中...
PhoneType: OPPO, Num: 26
PhoneType: 小米, Num: 9
PhoneType: 苹果, Num: 165
PhoneType: 三星, Num: 1
PhoneType: Vivo, Num: 19
PhoneType: 红米, Num: 11
PhoneType: 华为, Num: 35
PhoneType: 荣耀, Num: 11
PhoneType: 一加, Num: 2
PhoneType: 未知Android设备, Num: 72
PhoneType: 魅族, Num: 1
PhoneType: IQOO, Num: 2
cnt: 354
=====================================
统计中...
PhoneType: 苹果, Num: 167
PhoneType: 三星, Num: 1
PhoneType: Vivo, Num: 19
PhoneType: 红米, Num: 11
PhoneType: 华为, Num: 35
PhoneType: 荣耀, Num: 12
PhoneType: 一加, Num: 3
PhoneType: 未知Android设备, Num: 73
PhoneType: 魅族, Num: 1
PhoneType: IQOO, Num: 2
PhoneType: OPPO, Num: 27
PhoneType: 小米, Num: 9
cnt: 360
=====================================
统计中...
PhoneType: OPPO, Num: 27
PhoneType: 小米, Num: 9
PhoneType: 苹果, Num: 170
PhoneType: 三星, Num: 1
PhoneType: Vivo, Num: 19
PhoneType: 红米, Num: 11
PhoneType: 一加, Num: 3
PhoneType: 华为, Num: 37
PhoneType: 荣耀, Num: 12
PhoneType: 未知Android设备, Num: 73
PhoneType: 魅族, Num: 1
PhoneType: IQOO, Num: 2
cnt: 365
=====================================
统计中...
PhoneType: 苹果, Num: 173
PhoneType: 三星, Num: 1
PhoneType: Vivo, Num: 19
PhoneType: 红米, Num: 11
PhoneType: 一加, Num: 4
PhoneType: 华为, Num: 37
PhoneType: 荣耀, Num: 12
PhoneType: IQOO, Num: 2
PhoneType: 未知Android设备, Num: 73
PhoneType: 魅族, Num: 1
PhoneType: OPPO, Num: 28
PhoneType: 小米, Num: 9
cnt: 370
=====================================
统计中...
PhoneType: 红米, Num: 11
PhoneType: 华为, Num: 38
PhoneType: 荣耀, Num: 12
PhoneType: 一加, Num: 4
PhoneType: 未知Android设备, Num: 73
PhoneType: 魅族, Num: 1
PhoneType: IQOO, Num: 2
PhoneType: OPPO, Num: 28
PhoneType: 小米, Num: 9
PhoneType: 苹果, Num: 174
PhoneType: 三星, Num: 1
PhoneType: Vivo, Num: 20
cnt: 373
=====================================
统计中...
PhoneType: IQOO, Num: 2
PhoneType: 未知Android设备, Num: 73
PhoneType: 魅族, Num: 1
PhoneType: OPPO, Num: 29
PhoneType: 小米, Num: 9
PhoneType: 苹果, Num: 176
PhoneType: 三星, Num: 1
PhoneType: Vivo, Num: 20
PhoneType: 红米, Num: 11
PhoneType: 一加, Num: 4
PhoneType: 华为, Num: 40
PhoneType: 荣耀, Num: 12
cnt: 378
=====================================
统计中...
PhoneType: 红米, Num: 12
PhoneType: 荣耀, Num: 13
PhoneType: 一加, Num: 4
PhoneType: 华为, Num: 41
PhoneType: 魅族, Num: 1
PhoneType: IQOO, Num: 2
PhoneType: 未知Android设备, Num: 73
PhoneType: 小米, Num: 9
PhoneType: OPPO, Num: 29
PhoneType: 苹果, Num: 178
PhoneType: 三星, Num: 1
PhoneType: Vivo, Num: 20
cnt: 383
=====================================
统计中...
PhoneType: Vivo, Num: 20
PhoneType: 红米, Num: 13
PhoneType: 华为, Num: 41
PhoneType: 荣耀, Num: 13
PhoneType: 一加, Num: 4
PhoneType: 未知Android设备, Num: 73
PhoneType: 魅族, Num: 1
PhoneType: IQOO, Num: 2
PhoneType: OPPO, Num: 29
PhoneType: 小米, Num: 9
PhoneType: 苹果, Num: 178
PhoneType: 三星, Num: 1
cnt: 384
=====================================
统计中...
PhoneType: 三星, Num: 1
PhoneType: Vivo, Num: 20
PhoneType: 红米, Num: 13
PhoneType: 一加, Num: 4
PhoneType: 华为, Num: 42
PhoneType: 荣耀, Num: 13
PhoneType: 未知Android设备, Num: 74
PhoneType: 魅族, Num: 1
PhoneType: IQOO, Num: 2
PhoneType: OPPO, Num: 29
PhoneType: 小米, Num: 9
PhoneType: 苹果, Num: 180
cnt: 388
=====================================
统计中...
PhoneType: 一加, Num: 4
PhoneType: 华为, Num: 43
PhoneType: 荣耀, Num: 13
PhoneType: 未知Android设备, Num: 74
PhoneType: 魅族, Num: 1
PhoneType: IQOO, Num: 2
PhoneType: OPPO, Num: 30
PhoneType: 小米, Num: 9
PhoneType: 苹果, Num: 182
PhoneType: 三星, Num: 1
PhoneType: Vivo, Num: 20
PhoneType: 红米, Num: 13
cnt: 392
=====================================
统计中...
PhoneType: 苹果, Num: 184
PhoneType: 三星, Num: 1
PhoneType: Vivo, Num: 20
PhoneType: 红米, Num: 13
PhoneType: 一加, Num: 4
PhoneType: 华为, Num: 43
PhoneType: 荣耀, Num: 14
PhoneType: 魅族, Num: 1
PhoneType: IQOO, Num: 2
PhoneType: 未知Android设备, Num: 74
PhoneType: OPPO, Num: 30
PhoneType: 小米, Num: 9
cnt: 395
=====================================
统计中...
PhoneType: Vivo, Num: 20
PhoneType: 红米, Num: 13
PhoneType: 一加, Num: 4
PhoneType: 华为, Num: 43
PhoneType: 荣耀, Num: 14
PhoneType: IQOO, Num: 2
PhoneType: 未知Android设备, Num: 75
PhoneType: 魅族, Num: 1
PhoneType: OPPO, Num: 30
PhoneType: 小米, Num: 9
PhoneType: 苹果, Num: 186
PhoneType: 三星, Num: 1
cnt: 398
=====================================
统计中...
PhoneType: 苹果, Num: 186
PhoneType: 三星, Num: 1
PhoneType: Vivo, Num: 20
PhoneType: 红米, Num: 13
PhoneType: 华为, Num: 43
PhoneType: 荣耀, Num: 14
PhoneType: 一加, Num: 4
PhoneType: 未知Android设备, Num: 77
PhoneType: 魅族, Num: 1
PhoneType: IQOO, Num: 2
PhoneType: OPPO, Num: 31
PhoneType: 小米, Num: 9
cnt: 401
=====================================
统计中...
PhoneType: OPPO, Num: 31
PhoneType: 小米, Num: 9
PhoneType: 苹果, Num: 187
PhoneType: 三星, Num: 1
PhoneType: Vivo, Num: 20
PhoneType: 红米, Num: 13
PhoneType: 华为, Num: 46
PhoneType: 荣耀, Num: 14
PhoneType: 一加, Num: 4
PhoneType: 未知Android设备, Num: 77
PhoneType: 魅族, Num: 1
PhoneType: IQOO, Num: 2
cnt: 405
=====================================
统计中...
PhoneType: 红米, Num: 13
PhoneType: 一加, Num: 4
PhoneType: 华为, Num: 46
PhoneType: 荣耀, Num: 14
PhoneType: 魅族, Num: 1
PhoneType: IQOO, Num: 2
PhoneType: 未知Android设备, Num: 77
PhoneType: OPPO, Num: 31
PhoneType: 小米, Num: 9
PhoneType: 苹果, Num: 187
PhoneType: 三星, Num: 1
PhoneType: Vivo, Num: 22
cnt: 407
=====================================
统计中...
PhoneType: Vivo, Num: 22
PhoneType: 红米, Num: 13
PhoneType: 荣耀, Num: 15
PhoneType: 魅族, Num: 1
PhoneType: 三星, Num: 1
PhoneType: 华为, Num: 47
PhoneType: 一加, Num: 4
PhoneType: 未知Android设备, Num: 77
PhoneType: IQOO, Num: 2
PhoneType: OPPO, Num: 31
PhoneType: 小米, Num: 9
PhoneType: 苹果, Num: 189
cnt: 411
=====================================
统计中...
PhoneType: 红米, Num: 13
PhoneType: 荣耀, Num: 15
PhoneType: 魅族, Num: 1
PhoneType: 三星, Num: 1
PhoneType: 一加, Num: 4
PhoneType: 华为, Num: 47
PhoneType: 未知Android设备, Num: 77
PhoneType: IQOO, Num: 2
PhoneType: OPPO, Num: 32
PhoneType: 小米, Num: 9
PhoneType: 苹果, Num: 191
PhoneType: Vivo, Num: 22
cnt: 414
=====================================
统计中...
PhoneType: 三星, Num: 1
PhoneType: 华为, Num: 47
PhoneType: 一加, Num: 4
PhoneType: 未知Android设备, Num: 78
PhoneType: IQOO, Num: 2
PhoneType: OPPO, Num: 33
PhoneType: 小米, Num: 9
PhoneType: 苹果, Num: 193
PhoneType: Vivo, Num: 22
PhoneType: 红米, Num: 14
PhoneType: 荣耀, Num: 15
PhoneType: 魅族, Num: 1
cnt: 419
=====================================
统计中...
PhoneType: 华为, Num: 47
PhoneType: 一加, Num: 4
PhoneType: 未知Android设备, Num: 78
PhoneType: IQOO, Num: 2
PhoneType: OPPO, Num: 33
PhoneType: 小米, Num: 9
PhoneType: 苹果, Num: 196
PhoneType: Vivo, Num: 22
PhoneType: 红米, Num: 14
PhoneType: 荣耀, Num: 15
PhoneType: 魅族, Num: 1
PhoneType: 三星, Num: 1
cnt: 422
=====================================
统计中...
PhoneType: 华为, Num: 47
PhoneType: 一加, Num: 4
PhoneType: 未知Android设备, Num: 78
PhoneType: IQOO, Num: 2
PhoneType: OPPO, Num: 33
PhoneType: 小米, Num: 9
PhoneType: 苹果, Num: 198
PhoneType: Vivo, Num: 22
PhoneType: 红米, Num: 14
PhoneType: 荣耀, Num: 15
PhoneType: 魅族, Num: 1
PhoneType: 三星, Num: 1
cnt: 424
=====================================
统计中...
PhoneType: 三星, Num: 1
PhoneType: 华为, Num: 47
PhoneType: 一加, Num: 4
PhoneType: 未知Android设备, Num: 79
PhoneType: IQOO, Num: 2
PhoneType: OPPO, Num: 33
PhoneType: 小米, Num: 9
PhoneType: 苹果, Num: 201
PhoneType: Vivo, Num: 22
PhoneType: 红米, Num: 14
PhoneType: 荣耀, Num: 15
PhoneType: 魅族, Num: 1
cnt: 428
=====================================
统计中...
PhoneType: 华为, Num: 47
PhoneType: 一加, Num: 4
PhoneType: 未知Android设备, Num: 80
PhoneType: IQOO, Num: 2
PhoneType: OPPO, Num: 33
PhoneType: 小米, Num: 9
PhoneType: 苹果, Num: 203
PhoneType: Vivo, Num: 22
PhoneType: 红米, Num: 14
PhoneType: 荣耀, Num: 15
PhoneType: 魅族, Num: 1
PhoneType: 三星, Num: 1
cnt: 431
=====================================
统计中...
PhoneType: 荣耀, Num: 15
PhoneType: 魅族, Num: 1
PhoneType: 三星, Num: 1
PhoneType: 一加, Num: 4
PhoneType: 华为, Num: 47
PhoneType: IQOO, Num: 2
PhoneType: 未知Android设备, Num: 80
PhoneType: 小米, Num: 9
PhoneType: OPPO, Num: 33
PhoneType: 苹果, Num: 203
PhoneType: Vivo, Num: 22
PhoneType: 红米, Num: 14
cnt: 431
=====================================
统计中...
PhoneType: Vivo, Num: 23
PhoneType: 红米, Num: 15
PhoneType: 荣耀, Num: 16
PhoneType: 魅族, Num: 1
PhoneType: 三星, Num: 1
PhoneType: 一加, Num: 4
PhoneType: 华为, Num: 47
PhoneType: 未知Android设备, Num: 81
PhoneType: IQOO, Num: 2
PhoneType: OPPO, Num: 33
PhoneType: 小米, Num: 9
PhoneType: 苹果, Num: 207
cnt: 439
=====================================
统计中...
PhoneType: 华为, Num: 48
PhoneType: 一加, Num: 4
PhoneType: 未知Android设备, Num: 81
PhoneType: IQOO, Num: 2
PhoneType: OPPO, Num: 33
PhoneType: 小米, Num: 9
PhoneType: 苹果, Num: 211
PhoneType: Vivo, Num: 24
PhoneType: 红米, Num: 15
PhoneType: 荣耀, Num: 17
PhoneType: 魅族, Num: 1
PhoneType: 三星, Num: 1
cnt: 446
=====================================
统计中...
PhoneType: 红米, Num: 15
PhoneType: 荣耀, Num: 17
PhoneType: 魅族, Num: 1
PhoneType: 三星, Num: 1
PhoneType: 华为, Num: 49
PhoneType: 一加, Num: 4
PhoneType: 未知Android设备, Num: 81
PhoneType: IQOO, Num: 2
PhoneType: OPPO, Num: 33
PhoneType: 小米, Num: 10
PhoneType: 苹果, Num: 212
PhoneType: Vivo, Num: 25
cnt: 450
=====================================
统计中...
PhoneType: Vivo, Num: 25
PhoneType: 红米, Num: 15
PhoneType: 荣耀, Num: 17
PhoneType: 魅族, Num: 1
PhoneType: 三星, Num: 1
PhoneType: 华为, Num: 49
PhoneType: 一加, Num: 4
PhoneType: 未知Android设备, Num: 81
PhoneType: IQOO, Num: 2
PhoneType: OPPO, Num: 33
PhoneType: 小米, Num: 10
PhoneType: 苹果, Num: 213
cnt: 451
=====================================
统计中...
PhoneType: Vivo, Num: 25
PhoneType: 红米, Num: 15
PhoneType: 荣耀, Num: 17
PhoneType: 魅族, Num: 1
PhoneType: 三星, Num: 1
PhoneType: 华为, Num: 49
PhoneType: 一加, Num: 4
PhoneType: 未知Android设备, Num: 82
PhoneType: IQOO, Num: 2
PhoneType: OPPO, Num: 33
PhoneType: 小米, Num: 10
PhoneType: 苹果, Num: 216
cnt: 455
=====================================
统计中...
PhoneType: 未知Android设备, Num: 82
PhoneType: IQOO, Num: 2
PhoneType: OPPO, Num: 33
PhoneType: 小米, Num: 10
PhoneType: 苹果, Num: 217
PhoneType: Vivo, Num: 25
PhoneType: 红米, Num: 15
PhoneType: 荣耀, Num: 17
PhoneType: 魅族, Num: 1
PhoneType: 三星, Num: 1
PhoneType: 华为, Num: 49
PhoneType: 一加, Num: 4
cnt: 456
=====================================
统计中...
PhoneType: 荣耀, Num: 17
PhoneType: 魅族, Num: 1
PhoneType: 三星, Num: 2
PhoneType: 一加, Num: 4
PhoneType: 华为, Num: 49
PhoneType: 未知Android设备, Num: 83
PhoneType: IQOO, Num: 2
PhoneType: OPPO, Num: 35
PhoneType: 小米, Num: 10
PhoneType: 苹果, Num: 217
PhoneType: Vivo, Num: 25
PhoneType: 红米, Num: 15
cnt: 460
=====================================
统计中...
PhoneType: Vivo, Num: 25
PhoneType: 红米, Num: 15
PhoneType: 荣耀, Num: 17
PhoneType: 魅族, Num: 1
PhoneType: 三星, Num: 2
PhoneType: 华为, Num: 49
PhoneType: 一加, Num: 4
PhoneType: 未知Android设备, Num: 83
PhoneType: IQOO, Num: 2
PhoneType: OPPO, Num: 35
PhoneType: 小米, Num: 10
PhoneType: 苹果, Num: 220
cnt: 463
=====================================
统计中...
PhoneType: Vivo, Num: 25
PhoneType: 红米, Num: 15
PhoneType: 荣耀, Num: 17
PhoneType: 魅族, Num: 1
PhoneType: 三星, Num: 3
PhoneType: 华为, Num: 50
PhoneType: 一加, Num: 4
PhoneType: 未知Android设备, Num: 85
PhoneType: IQOO, Num: 2
PhoneType: OPPO, Num: 35
PhoneType: 小米, Num: 10
PhoneType: 苹果, Num: 222
cnt: 469
=====================================
统计中...
PhoneType: 三星, Num: 3
PhoneType: 华为, Num: 50
PhoneType: 一加, Num: 4
PhoneType: 未知Android设备, Num: 85
PhoneType: IQOO, Num: 2
PhoneType: OPPO, Num: 35
PhoneType: 小米, Num: 10
PhoneType: 苹果, Num: 222
PhoneType: Vivo, Num: 25
PhoneType: 红米, Num: 15
PhoneType: 荣耀, Num: 17
PhoneType: 魅族, Num: 1
cnt: 469
=====================================
统计中...
PhoneType: 魅族, Num: 1
PhoneType: 三星, Num: 3
PhoneType: 一加, Num: 4
PhoneType: 华为, Num: 51
PhoneType: 未知Android设备, Num: 88
PhoneType: IQOO, Num: 2
PhoneType: OPPO, Num: 36
PhoneType: 小米, Num: 11
PhoneType: 苹果, Num: 227
PhoneType: Vivo, Num: 26
PhoneType: 红米, Num: 15
PhoneType: 荣耀, Num: 17
cnt: 481
=====================================
统计中...
PhoneType: Vivo, Num: 28
PhoneType: 红米, Num: 15
PhoneType: 荣耀, Num: 18
PhoneType: 魅族, Num: 1
PhoneType: 三星, Num: 3
PhoneType: 一加, Num: 4
PhoneType: 华为, Num: 53
PhoneType: 未知Android设备, Num: 90
PhoneType: IQOO, Num: 2
PhoneType: OPPO, Num: 38
PhoneType: 小米, Num: 11
PhoneType: 苹果, Num: 228
cnt: 491
=====================================
统计中...
PhoneType: 苹果, Num: 234
PhoneType: Vivo, Num: 29
PhoneType: 红米, Num: 15
PhoneType: 荣耀, Num: 18
PhoneType: 魅族, Num: 1
PhoneType: 三星, Num: 3
PhoneType: 华为, Num: 54
PhoneType: 一加, Num: 4
PhoneType: 未知Android设备, Num: 91
PhoneType: IQOO, Num: 2
PhoneType: OPPO, Num: 40
PhoneType: 小米, Num: 11
cnt: 502
=====================================
统计中...
PhoneType: 魅族, Num: 1
PhoneType: 三星, Num: 3
PhoneType: 华为, Num: 54
PhoneType: 一加, Num: 4
PhoneType: 未知Android设备, Num: 92
PhoneType: IQOO, Num: 2
PhoneType: OPPO, Num: 40
PhoneType: 小米, Num: 11
PhoneType: 苹果, Num: 234
PhoneType: Vivo, Num: 29
PhoneType: 红米, Num: 16
PhoneType: 荣耀, Num: 18
cnt: 504
=====================================
统计中...
PhoneType: 未知Android设备, Num: 93
PhoneType: IQOO, Num: 2
PhoneType: OPPO, Num: 40
PhoneType: 小米, Num: 11
PhoneType: 苹果, Num: 236
PhoneType: Vivo, Num: 29
PhoneType: 红米, Num: 16
PhoneType: 荣耀, Num: 18
PhoneType: 魅族, Num: 1
PhoneType: 三星, Num: 3
PhoneType: 华为, Num: 55
PhoneType: 一加, Num: 4
cnt: 508
=====================================
统计中...
PhoneType: 魅族, Num: 1
PhoneType: 三星, Num: 3
PhoneType: 一加, Num: 4
PhoneType: 华为, Num: 55
PhoneType: 未知Android设备, Num: 94
PhoneType: IQOO, Num: 2
PhoneType: OPPO, Num: 40
PhoneType: 小米, Num: 11
PhoneType: 苹果, Num: 237
PhoneType: Vivo, Num: 29
PhoneType: 红米, Num: 16
PhoneType: 荣耀, Num: 18
cnt: 510
=====================================
统计中...
PhoneType: 苹果, Num: 238
PhoneType: Vivo, Num: 29
PhoneType: 红米, Num: 16
PhoneType: 荣耀, Num: 18
PhoneType: 魅族, Num: 1
PhoneType: 三星, Num: 3
PhoneType: 一加, Num: 5
PhoneType: 华为, Num: 55
PhoneType: IQOO, Num: 2
PhoneType: 未知Android设备, Num: 95
PhoneType: 小米, Num: 11
PhoneType: OPPO, Num: 40
cnt: 513
=====================================
统计中...
PhoneType: Vivo, Num: 29
PhoneType: 红米, Num: 16
PhoneType: 荣耀, Num: 19
PhoneType: 魅族, Num: 1
PhoneType: 三星, Num: 3
PhoneType: 华为, Num: 56
PhoneType: 一加, Num: 5
PhoneType: 未知Android设备, Num: 97
PhoneType: IQOO, Num: 2
PhoneType: OPPO, Num: 40
PhoneType: 小米, Num: 11
PhoneType: 苹果, Num: 241
cnt: 520
=====================================
统计中...
PhoneType: Vivo, Num: 29
PhoneType: 红米, Num: 16
PhoneType: 荣耀, Num: 19
PhoneType: 魅族, Num: 1
PhoneType: 三星, Num: 3
PhoneType: 华为, Num: 56
PhoneType: 一加, Num: 5
PhoneType: 未知Android设备, Num: 97
PhoneType: IQOO, Num: 2
PhoneType: OPPO, Num: 40
PhoneType: 小米, Num: 11
PhoneType: 苹果, Num: 243
cnt: 522
=====================================
统计中...
PhoneType: Vivo, Num: 29
PhoneType: 红米, Num: 16
PhoneType: 荣耀, Num: 19
PhoneType: 魅族, Num: 1
PhoneType: 三星, Num: 3
PhoneType: 一加, Num: 5
PhoneType: 华为, Num: 56
PhoneType: 未知Android设备, Num: 97
PhoneType: IQOO, Num: 2
PhoneType: OPPO, Num: 40
PhoneType: 小米, Num: 11
PhoneType: 苹果, Num: 244
cnt: 523
=====================================
统计中...
PhoneType: 红米, Num: 16
PhoneType: 荣耀, Num: 19
PhoneType: 魅族, Num: 1
PhoneType: 三星, Num: 3
PhoneType: 一加, Num: 5
PhoneType: 华为, Num: 56
PhoneType: 未知Android设备, Num: 97
PhoneType: IQOO, Num: 2
PhoneType: OPPO, Num: 40
PhoneType: 小米, Num: 11
PhoneType: 苹果, Num: 246
PhoneType: Vivo, Num: 29
cnt: 525
=====================================
统计中...
PhoneType: 一加, Num: 5
PhoneType: 华为, Num: 56
PhoneType: IQOO, Num: 2
PhoneType: 未知Android设备, Num: 97
PhoneType: 小米, Num: 11
PhoneType: OPPO, Num: 41
PhoneType: 苹果, Num: 247
PhoneType: Vivo, Num: 29
PhoneType: 红米, Num: 16
PhoneType: 荣耀, Num: 19
PhoneType: 魅族, Num: 1
PhoneType: 三星, Num: 3
cnt: 527
=====================================
统计中...
PhoneType: 三星, Num: 3
PhoneType: 一加, Num: 5
PhoneType: 华为, Num: 56
PhoneType: 未知Android设备, Num: 97
PhoneType: IQOO, Num: 2
PhoneType: OPPO, Num: 41
PhoneType: 小米, Num: 11
PhoneType: 苹果, Num: 247
PhoneType: Vivo, Num: 30
PhoneType: 红米, Num: 16
PhoneType: 荣耀, Num: 19
PhoneType: 魅族, Num: 1
cnt: 528
=====================================
统计中...
PhoneType: Vivo, Num: 30
PhoneType: 红米, Num: 16
PhoneType: 荣耀, Num: 19
PhoneType: 魅族, Num: 1
PhoneType: 三星, Num: 3
PhoneType: 华为, Num: 56
PhoneType: 一加, Num: 5
PhoneType: 未知Android设备, Num: 97
PhoneType: IQOO, Num: 2
PhoneType: OPPO, Num: 42
PhoneType: 小米, Num: 12
PhoneType: 苹果, Num: 249
cnt: 532
=====================================
统计中...
PhoneType: Vivo, Num: 30
PhoneType: 红米, Num: 16
PhoneType: 荣耀, Num: 20
PhoneType: 魅族, Num: 1
PhoneType: 三星, Num: 3
PhoneType: 华为, Num: 56
PhoneType: 一加, Num: 5
PhoneType: 未知Android设备, Num: 98
PhoneType: IQOO, Num: 2
PhoneType: OPPO, Num: 42
PhoneType: 小米, Num: 12
PhoneType: 苹果, Num: 250
cnt: 535
=====================================
统计中...
PhoneType: 华为, Num: 57
PhoneType: 一加, Num: 5
PhoneType: 未知Android设备, Num: 98
PhoneType: IQOO, Num: 3
PhoneType: OPPO, Num: 43
PhoneType: 小米, Num: 13
PhoneType: 苹果, Num: 251
PhoneType: Vivo, Num: 31
PhoneType: 红米, Num: 16
PhoneType: 荣耀, Num: 22
PhoneType: 魅族, Num: 1
PhoneType: 三星, Num: 3
cnt: 543
=====================================
统计中...
PhoneType: 魅族, Num: 1
PhoneType: 三星, Num: 3
PhoneType: 华为, Num: 59
PhoneType: 一加, Num: 5
PhoneType: 未知Android设备, Num: 99
PhoneType: IQOO, Num: 3
PhoneType: OPPO, Num: 43
PhoneType: 小米, Num: 13
PhoneType: 苹果, Num: 252
PhoneType: Vivo, Num: 32
PhoneType: 红米, Num: 16
PhoneType: 荣耀, Num: 22
cnt: 548
=====================================
统计中...
PhoneType: OPPO, Num: 43
PhoneType: 小米, Num: 13
PhoneType: 苹果, Num: 253
PhoneType: Vivo, Num: 32
PhoneType: 红米, Num: 16
PhoneType: 荣耀, Num: 22
PhoneType: 魅族, Num: 1
PhoneType: 三星, Num: 3
PhoneType: 华为, Num: 59
PhoneType: 一加, Num: 5
PhoneType: 未知Android设备, Num: 99
PhoneType: IQOO, Num: 3
cnt: 549
=====================================
统计中...
PhoneType: 三星, Num: 3
PhoneType: 华为, Num: 59
PhoneType: 一加, Num: 5
PhoneType: 未知Android设备, Num: 99
PhoneType: IQOO, Num: 3
PhoneType: OPPO, Num: 44
PhoneType: 小米, Num: 13
PhoneType: 苹果, Num: 255
PhoneType: Vivo, Num: 32
PhoneType: 红米, Num: 16
PhoneType: 荣耀, Num: 22
PhoneType: 魅族, Num: 1
cnt: 552
=====================================
统计中...
PhoneType: 苹果, Num: 256
PhoneType: Vivo, Num: 32
PhoneType: 红米, Num: 16
PhoneType: 荣耀, Num: 22
PhoneType: 魅族, Num: 1
PhoneType: 三星, Num: 3
PhoneType: 一加, Num: 5
PhoneType: 华为, Num: 59
PhoneType: 未知Android设备, Num: 100
PhoneType: IQOO, Num: 3
PhoneType: OPPO, Num: 44
PhoneType: 小米, Num: 13
cnt: 554
=====================================
统计中...
PhoneType: 荣耀, Num: 22
PhoneType: 魅族, Num: 1
PhoneType: 三星, Num: 3
PhoneType: 华为, Num: 60
PhoneType: 一加, Num: 5
PhoneType: 未知Android设备, Num: 101
PhoneType: IQOO, Num: 3
PhoneType: OPPO, Num: 44
PhoneType: 小米, Num: 13
PhoneType: 苹果, Num: 256
PhoneType: Vivo, Num: 32
PhoneType: 红米, Num: 16
cnt: 556
=====================================
统计中...
PhoneType: 华为, Num: 60
PhoneType: 一加, Num: 5
PhoneType: 未知Android设备, Num: 102
PhoneType: IQOO, Num: 4
PhoneType: OPPO, Num: 44
PhoneType: 小米, Num: 13
PhoneType: 苹果, Num: 256
PhoneType: Vivo, Num: 32
PhoneType: 红米, Num: 16
PhoneType: 荣耀, Num: 22
PhoneType: 魅族, Num: 1
PhoneType: 三星, Num: 3
cnt: 558
=====================================
统计中...
PhoneType: 华为, Num: 60
PhoneType: 一加, Num: 5
PhoneType: 未知Android设备, Num: 103
PhoneType: IQOO, Num: 4
PhoneType: OPPO, Num: 44
PhoneType: 小米, Num: 13
PhoneType: 苹果, Num: 257
PhoneType: Vivo, Num: 32
PhoneType: 红米, Num: 17
PhoneType: 荣耀, Num: 22
PhoneType: 魅族, Num: 1
PhoneType: 三星, Num: 3
cnt: 561
=====================================
统计中...
PhoneType: Vivo, Num: 32
PhoneType: 红米, Num: 17
PhoneType: 荣耀, Num: 22
PhoneType: 魅族, Num: 1
PhoneType: 三星, Num: 3
PhoneType: 华为, Num: 60
PhoneType: 一加, Num: 5
PhoneType: 未知Android设备, Num: 103
PhoneType: IQOO, Num: 5
PhoneType: OPPO, Num: 44
PhoneType: 小米, Num: 14
PhoneType: 苹果, Num: 261
cnt: 567
=====================================
统计中...
PhoneType: 魅族, Num: 1
PhoneType: 三星, Num: 3
PhoneType: 华为, Num: 61
PhoneType: 一加, Num: 5
PhoneType: 未知Android设备, Num: 104
PhoneType: IQOO, Num: 5
PhoneType: OPPO, Num: 44
PhoneType: 小米, Num: 14
PhoneType: 苹果, Num: 263
PhoneType: Vivo, Num: 32
PhoneType: 红米, Num: 17
PhoneType: 荣耀, Num: 22
cnt: 571
=====================================
统计中...
PhoneType: Vivo, Num: 32
PhoneType: 红米, Num: 18
PhoneType: 荣耀, Num: 23
PhoneType: 魅族, Num: 1
PhoneType: 三星, Num: 3
PhoneType: 华为, Num: 62
PhoneType: 一加, Num: 5
PhoneType: 未知Android设备, Num: 104
PhoneType: IQOO, Num: 5
PhoneType: OPPO, Num: 44
PhoneType: 小米, Num: 14
PhoneType: 苹果, Num: 266
cnt: 577
=====================================
统计中...
PhoneType: Vivo, Num: 32
PhoneType: 红米, Num: 18
PhoneType: 荣耀, Num: 24
PhoneType: 魅族, Num: 1
PhoneType: 三星, Num: 3
PhoneType: 华为, Num: 62
PhoneType: 一加, Num: 5
PhoneType: 未知Android设备, Num: 105
PhoneType: IQOO, Num: 5
PhoneType: OPPO, Num: 44
PhoneType: 小米, Num: 14
PhoneType: 苹果, Num: 266
cnt: 579
=====================================
统计中...
PhoneType: 荣耀, Num: 24
PhoneType: 魅族, Num: 1
PhoneType: 三星, Num: 3
PhoneType: 华为, Num: 62
PhoneType: 一加, Num: 5
PhoneType: 未知Android设备, Num: 106
PhoneType: IQOO, Num: 5
PhoneType: OPPO, Num: 44
PhoneType: 小米, Num: 15
PhoneType: 苹果, Num: 268
PhoneType: Vivo, Num: 32
PhoneType: 红米, Num: 18
cnt: 583
=====================================
统计中...
PhoneType: 苹果, Num: 269
PhoneType: Vivo, Num: 32
PhoneType: 红米, Num: 18
PhoneType: 荣耀, Num: 24
PhoneType: 魅族, Num: 1
PhoneType: 三星, Num: 3
PhoneType: 华为, Num: 62
PhoneType: 一加, Num: 5
PhoneType: 未知Android设备, Num: 106
PhoneType: IQOO, Num: 5
PhoneType: OPPO, Num: 44
PhoneType: 小米, Num: 15
cnt: 584
=====================================
统计中...
PhoneType: 三星, Num: 3
PhoneType: 华为, Num: 62
PhoneType: 一加, Num: 5
PhoneType: 未知Android设备, Num: 106
PhoneType: IQOO, Num: 5
PhoneType: OPPO, Num: 44
PhoneType: 小米, Num: 15
PhoneType: 苹果, Num: 271
PhoneType: Vivo, Num: 33
PhoneType: 红米, Num: 18
PhoneType: 荣耀, Num: 24
PhoneType: 魅族, Num: 1
cnt: 587
=====================================
统计中...
PhoneType: 华为, Num: 63
PhoneType: 一加, Num: 5
PhoneType: 未知Android设备, Num: 106
PhoneType: IQOO, Num: 5
PhoneType: OPPO, Num: 44
PhoneType: 小米, Num: 15
PhoneType: 苹果, Num: 273
PhoneType: Vivo, Num: 34
PhoneType: 红米, Num: 18
PhoneType: 荣耀, Num: 24
PhoneType: 魅族, Num: 1
PhoneType: 三星, Num: 3
cnt: 591
=====================================
统计中...
PhoneType: 华为, Num: 64
PhoneType: 一加, Num: 5
PhoneType: 未知Android设备, Num: 106
PhoneType: IQOO, Num: 5
PhoneType: OPPO, Num: 44
PhoneType: 小米, Num: 15
PhoneType: 苹果, Num: 274
PhoneType: Vivo, Num: 34
PhoneType: 红米, Num: 18
PhoneType: 荣耀, Num: 25
PhoneType: 魅族, Num: 1
PhoneType: 三星, Num: 3
cnt: 594
=====================================
统计中...
PhoneType: 三星, Num: 3
PhoneType: 华为, Num: 64
PhoneType: 一加, Num: 5
PhoneType: 未知Android设备, Num: 106
PhoneType: IQOO, Num: 5
PhoneType: OPPO, Num: 44
PhoneType: 小米, Num: 15
PhoneType: 苹果, Num: 277
PhoneType: Vivo, Num: 34
PhoneType: 红米, Num: 18
PhoneType: 荣耀, Num: 25
PhoneType: 魅族, Num: 1
cnt: 597
=====================================
统计中...
PhoneType: 华为, Num: 64
PhoneType: 一加, Num: 5
PhoneType: 未知Android设备, Num: 107
PhoneType: IQOO, Num: 5
PhoneType: OPPO, Num: 45
PhoneType: 小米, Num: 15
PhoneType: 苹果, Num: 280
PhoneType: Vivo, Num: 34
PhoneType: 红米, Num: 18
PhoneType: 荣耀, Num: 25
PhoneType: 魅族, Num: 1
PhoneType: 三星, Num: 3
cnt: 602
=====================================
统计中...
PhoneType: Vivo, Num: 34
PhoneType: 红米, Num: 18
PhoneType: 荣耀, Num: 25
PhoneType: 魅族, Num: 1
PhoneType: 三星, Num: 3
PhoneType: 华为, Num: 64
PhoneType: 一加, Num: 5
PhoneType: 未知Android设备, Num: 107
PhoneType: IQOO, Num: 5
PhoneType: OPPO, Num: 45
PhoneType: 小米, Num: 15
PhoneType: 苹果, Num: 282
cnt: 604
=====================================
统计中...
PhoneType: 华为, Num: 65
PhoneType: 一加, Num: 5
PhoneType: 未知Android设备, Num: 107
PhoneType: IQOO, Num: 5
PhoneType: OPPO, Num: 46
PhoneType: 小米, Num: 15
PhoneType: 苹果, Num: 284
PhoneType: Vivo, Num: 34
PhoneType: 红米, Num: 18
PhoneType: 荣耀, Num: 25
PhoneType: 魅族, Num: 1
PhoneType: 三星, Num: 3
cnt: 608
=====================================
统计中...
PhoneType: 华为, Num: 65
PhoneType: 一加, Num: 5
PhoneType: 未知Android设备, Num: 108
PhoneType: IQOO, Num: 5
PhoneType: OPPO, Num: 46
PhoneType: 小米, Num: 15
PhoneType: 苹果, Num: 286
PhoneType: Vivo, Num: 34
PhoneType: 红米, Num: 18
PhoneType: 荣耀, Num: 25
PhoneType: 魅族, Num: 1
PhoneType: 三星, Num: 3
cnt: 611
=====================================
统计中...
PhoneType: 苹果, Num: 287
PhoneType: Vivo, Num: 34
PhoneType: 红米, Num: 18
PhoneType: 荣耀, Num: 25
PhoneType: 魅族, Num: 1
PhoneType: 三星, Num: 3
PhoneType: 一加, Num: 5
PhoneType: 华为, Num: 67
PhoneType: IQOO, Num: 5
PhoneType: 未知Android设备, Num: 108
PhoneType: 小米, Num: 15
PhoneType: OPPO, Num: 46
cnt: 614
=====================================
统计中...
PhoneType: Vivo, Num: 34
PhoneType: 红米, Num: 19
PhoneType: 荣耀, Num: 25
PhoneType: 魅族, Num: 1
PhoneType: 三星, Num: 4
PhoneType: 华为, Num: 68
PhoneType: 一加, Num: 5
PhoneType: 未知Android设备, Num: 108
PhoneType: IQOO, Num: 5
PhoneType: OPPO, Num: 46
PhoneType: 小米, Num: 15
PhoneType: 苹果, Num: 287
cnt: 617
=====================================
统计中...
PhoneType: 三星, Num: 4
PhoneType: 华为, Num: 68
PhoneType: 一加, Num: 5
PhoneType: 未知Android设备, Num: 108
PhoneType: IQOO, Num: 5
PhoneType: OPPO, Num: 46
PhoneType: 小米, Num: 15
PhoneType: 苹果, Num: 289
PhoneType: Vivo, Num: 34
PhoneType: 红米, Num: 19
PhoneType: 荣耀, Num: 25
PhoneType: 魅族, Num: 1
cnt: 619
=====================================
统计中...
PhoneType: 荣耀, Num: 25
PhoneType: 魅族, Num: 1
PhoneType: 三星, Num: 4
PhoneType: 华为, Num: 68
PhoneType: 一加, Num: 5
PhoneType: 未知Android设备, Num: 108
PhoneType: IQOO, Num: 5
PhoneType: OPPO, Num: 46
PhoneType: 小米, Num: 15
PhoneType: 苹果, Num: 290
PhoneType: Vivo, Num: 34
PhoneType: 红米, Num: 19
cnt: 620
=====================================
统计中...
PhoneType: 苹果, Num: 291
PhoneType: Vivo, Num: 34
PhoneType: 红米, Num: 19
PhoneType: 荣耀, Num: 25
PhoneType: 魅族, Num: 1
PhoneType: 三星, Num: 4
PhoneType: 华为, Num: 68
PhoneType: 一加, Num: 5
PhoneType: 未知Android设备, Num: 108
PhoneType: IQOO, Num: 5
PhoneType: OPPO, Num: 46
PhoneType: 小米, Num: 15
cnt: 621
=====================================
统计中...
PhoneType: 苹果, Num: 291
PhoneType: Vivo, Num: 34
PhoneType: 红米, Num: 19
PhoneType: 荣耀, Num: 25
PhoneType: 魅族, Num: 1
PhoneType: 三星, Num: 4
PhoneType: 华为, Num: 68
PhoneType: 一加, Num: 5
PhoneType: 未知Android设备, Num: 109
PhoneType: IQOO, Num: 5
PhoneType: OPPO, Num: 46
PhoneType: 小米, Num: 15
cnt: 622
=====================================
统计中...
PhoneType: 未知Android设备, Num: 109
PhoneType: IQOO, Num: 5
PhoneType: OPPO, Num: 46
PhoneType: 小米, Num: 15
PhoneType: 苹果, Num: 293
PhoneType: Vivo, Num: 34
PhoneType: 红米, Num: 19
PhoneType: 荣耀, Num: 25
PhoneType: 魅族, Num: 1
PhoneType: 三星, Num: 4
PhoneType: 华为, Num: 68
PhoneType: 一加, Num: 5
cnt: 624
=====================================
统计中...
PhoneType: 华为, Num: 69
PhoneType: 一加, Num: 5
PhoneType: 未知Android设备, Num: 109
PhoneType: IQOO, Num: 5
PhoneType: OPPO, Num: 46
PhoneType: 小米, Num: 15
PhoneType: 苹果, Num: 294
PhoneType: Vivo, Num: 34
PhoneType: 红米, Num: 19
PhoneType: 荣耀, Num: 25
PhoneType: 魅族, Num: 1
PhoneType: 三星, Num: 4
cnt: 626
=====================================
统计中...
PhoneType: 华为, Num: 69
PhoneType: 一加, Num: 5
PhoneType: 未知Android设备, Num: 109
PhoneType: IQOO, Num: 5
PhoneType: OPPO, Num: 46
PhoneType: 小米, Num: 15
PhoneType: 苹果, Num: 297
PhoneType: Vivo, Num: 35
PhoneType: 红米, Num: 19
PhoneType: 荣耀, Num: 25
PhoneType: 魅族, Num: 1
PhoneType: 三星, Num: 4
cnt: 630
=====================================
统计中...
PhoneType: 魅族, Num: 1
PhoneType: 三星, Num: 4
PhoneType: 一加, Num: 5
PhoneType: 华为, Num: 70
PhoneType: 未知Android设备, Num: 110
PhoneType: IQOO, Num: 5
PhoneType: OPPO, Num: 46
PhoneType: 小米, Num: 15
PhoneType: 苹果, Num: 298
PhoneType: Vivo, Num: 35
PhoneType: 红米, Num: 19
PhoneType: 荣耀, Num: 25
cnt: 633
=====================================
统计中...
PhoneType: 魅族, Num: 1
PhoneType: 三星, Num: 4
PhoneType: 一加, Num: 5
PhoneType: 华为, Num: 71
PhoneType: 未知Android设备, Num: 110
PhoneType: IQOO, Num: 6
PhoneType: OPPO, Num: 46
PhoneType: 小米, Num: 15
PhoneType: 苹果, Num: 302
PhoneType: Vivo, Num: 35
PhoneType: 红米, Num: 19
PhoneType: 荣耀, Num: 25
cnt: 639
=====================================
统计中...
PhoneType: Vivo, Num: 35
PhoneType: 红米, Num: 19
PhoneType: 荣耀, Num: 25
PhoneType: 魅族, Num: 1
PhoneType: 三星, Num: 4
PhoneType: 华为, Num: 71
PhoneType: 一加, Num: 5
PhoneType: 未知Android设备, Num: 110
PhoneType: IQOO, Num: 6
PhoneType: OPPO, Num: 46
PhoneType: 小米, Num: 15
PhoneType: 苹果, Num: 306
cnt: 643
=====================================
统计中...
PhoneType: 三星, Num: 4
PhoneType: 华为, Num: 71
PhoneType: 一加, Num: 5
PhoneType: 未知Android设备, Num: 112
PhoneType: IQOO, Num: 6
PhoneType: OPPO, Num: 46
PhoneType: 小米, Num: 15
PhoneType: 苹果, Num: 308
PhoneType: Vivo, Num: 35
PhoneType: 红米, Num: 19
PhoneType: 荣耀, Num: 25
PhoneType: 魅族, Num: 1
cnt: 647
=====================================
统计中...
PhoneType: 三星, Num: 4
PhoneType: 华为, Num: 71
PhoneType: 一加, Num: 5
PhoneType: 未知Android设备, Num: 116
PhoneType: IQOO, Num: 6
PhoneType: OPPO, Num: 46
PhoneType: 小米, Num: 15
PhoneType: 苹果, Num: 308
PhoneType: Vivo, Num: 35
PhoneType: 红米, Num: 19
PhoneType: 荣耀, Num: 25
PhoneType: 魅族, Num: 1
cnt: 651
=====================================
统计中...
PhoneType: 红米, Num: 19
PhoneType: 荣耀, Num: 25
PhoneType: 魅族, Num: 1
PhoneType: 三星, Num: 4
PhoneType: 一加, Num: 5
PhoneType: 华为, Num: 71
PhoneType: 未知Android设备, Num: 116
PhoneType: IQOO, Num: 6
PhoneType: OPPO, Num: 46
PhoneType: 小米, Num: 15
PhoneType: 苹果, Num: 309
PhoneType: Vivo, Num: 35
cnt: 652
=====================================
统计中...
PhoneType: 苹果, Num: 310
PhoneType: Vivo, Num: 35
PhoneType: 红米, Num: 19
PhoneType: 荣耀, Num: 25
PhoneType: 魅族, Num: 1
PhoneType: 三星, Num: 4
PhoneType: 华为, Num: 71
PhoneType: 一加, Num: 5
PhoneType: 未知Android设备, Num: 116
PhoneType: IQOO, Num: 6
PhoneType: OPPO, Num: 46
PhoneType: 小米, Num: 15
cnt: 653
=====================================
统计中...
PhoneType: 华为, Num: 72
PhoneType: 一加, Num: 5
PhoneType: 未知Android设备, Num: 116
PhoneType: IQOO, Num: 6
PhoneType: OPPO, Num: 46
PhoneType: 小米, Num: 15
PhoneType: 苹果, Num: 311
PhoneType: Vivo, Num: 35
PhoneType: 红米, Num: 19
PhoneType: 荣耀, Num: 26
PhoneType: 魅族, Num: 1
PhoneType: 三星, Num: 4
cnt: 656
=====================================
统计中...
PhoneType: 华为, Num: 72
PhoneType: 一加, Num: 5
PhoneType: 未知Android设备, Num: 116
PhoneType: IQOO, Num: 6
PhoneType: OPPO, Num: 46
PhoneType: 小米, Num: 15
PhoneType: 苹果, Num: 314
PhoneType: Vivo, Num: 35
PhoneType: 红米, Num: 19
PhoneType: 荣耀, Num: 26
PhoneType: 魅族, Num: 1
PhoneType: 三星, Num: 4
cnt: 659
=====================================
统计中...
PhoneType: 未知Android设备, Num: 117
PhoneType: IQOO, Num: 6
PhoneType: OPPO, Num: 46
PhoneType: 小米, Num: 15
PhoneType: 苹果, Num: 315
PhoneType: Vivo, Num: 35
PhoneType: 红米, Num: 19
PhoneType: 荣耀, Num: 27
PhoneType: 魅族, Num: 1
PhoneType: 三星, Num: 4
PhoneType: 华为, Num: 72
PhoneType: 一加, Num: 5
cnt: 662
=====================================
统计中...
PhoneType: 小米, Num: 16
PhoneType: OPPO, Num: 46
PhoneType: 苹果, Num: 316
PhoneType: Vivo, Num: 35
PhoneType: 红米, Num: 19
PhoneType: 荣耀, Num: 27
PhoneType: 魅族, Num: 1
PhoneType: 三星, Num: 4
PhoneType: 一加, Num: 5
PhoneType: 华为, Num: 72
PhoneType: IQOO, Num: 6
PhoneType: 未知Android设备, Num: 117
cnt: 664
=====================================
统计中...
PhoneType: 华为, Num: 72
PhoneType: 一加, Num: 5
PhoneType: 未知Android设备, Num: 120
PhoneType: IQOO, Num: 6
PhoneType: OPPO, Num: 46
PhoneType: 小米, Num: 16
PhoneType: 苹果, Num: 322
PhoneType: Vivo, Num: 35
PhoneType: 红米, Num: 19
PhoneType: 荣耀, Num: 27
PhoneType: 魅族, Num: 1
PhoneType: 三星, Num: 4
cnt: 673
=====================================
统计中...
PhoneType: 华为, Num: 73
PhoneType: 一加, Num: 5
PhoneType: 未知Android设备, Num: 120
PhoneType: IQOO, Num: 6
PhoneType: OPPO, Num: 46
PhoneType: 小米, Num: 16
PhoneType: 苹果, Num: 322
PhoneType: Vivo, Num: 35
PhoneType: 红米, Num: 19
PhoneType: 荣耀, Num: 27
PhoneType: 魅族, Num: 1
PhoneType: 三星, Num: 4
cnt: 674
=====================================
统计中...
PhoneType: 魅族, Num: 1
PhoneType: 三星, Num: 4
PhoneType: 华为, Num: 73
PhoneType: 一加, Num: 5
PhoneType: 未知Android设备, Num: 120
PhoneType: IQOO, Num: 6
PhoneType: OPPO, Num: 46
PhoneType: 小米, Num: 16
PhoneType: 苹果, Num: 323
PhoneType: Vivo, Num: 35
PhoneType: 红米, Num: 19
PhoneType: 荣耀, Num: 27
cnt: 675
=====================================
统计中...
PhoneType: Vivo, Num: 35
PhoneType: 红米, Num: 19
PhoneType: 荣耀, Num: 27
PhoneType: 魅族, Num: 1
PhoneType: 三星, Num: 4
PhoneType: 华为, Num: 73
PhoneType: 一加, Num: 5
PhoneType: 未知Android设备, Num: 120
PhoneType: IQOO, Num: 6
PhoneType: OPPO, Num: 46
PhoneType: 小米, Num: 16
PhoneType: 苹果, Num: 323
cnt: 675
=====================================
统计中...
PhoneType: 三星, Num: 4
PhoneType: 一加, Num: 5
PhoneType: 华为, Num: 73
PhoneType: 未知Android设备, Num: 120
PhoneType: IQOO, Num: 6
PhoneType: OPPO, Num: 46
PhoneType: 小米, Num: 16
PhoneType: 苹果, Num: 323
PhoneType: Vivo, Num: 35
PhoneType: 红米, Num: 19
PhoneType: 荣耀, Num: 27
PhoneType: 魅族, Num: 1
cnt: 675
=====================================
统计中...
PhoneType: Vivo, Num: 35
PhoneType: 红米, Num: 19
PhoneType: 荣耀, Num: 28
PhoneType: 魅族, Num: 1
PhoneType: 三星, Num: 4
PhoneType: 一加, Num: 5
PhoneType: 华为, Num: 73
PhoneType: IQOO, Num: 6
PhoneType: 未知Android设备, Num: 121
PhoneType: 小米, Num: 16
PhoneType: OPPO, Num: 46
PhoneType: 苹果, Num: 324
cnt: 678
=====================================
统计中...
PhoneType: 一加, Num: 5
PhoneType: 华为, Num: 75
PhoneType: IQOO, Num: 6
PhoneType: 未知Android设备, Num: 121
PhoneType: 小米, Num: 16
PhoneType: OPPO, Num: 46
PhoneType: 苹果, Num: 324
PhoneType: Vivo, Num: 35
PhoneType: 红米, Num: 19
PhoneType: 荣耀, Num: 28
PhoneType: 魅族, Num: 1
PhoneType: 三星, Num: 4
cnt: 680
=====================================
统计中...
PhoneType: 苹果, Num: 324
PhoneType: Vivo, Num: 35
PhoneType: 红米, Num: 19
PhoneType: 荣耀, Num: 29
PhoneType: 魅族, Num: 1
PhoneType: 三星, Num: 4
PhoneType: 华为, Num: 75
PhoneType: 一加, Num: 5
PhoneType: 未知Android设备, Num: 121
PhoneType: IQOO, Num: 6
PhoneType: OPPO, Num: 46
PhoneType: 小米, Num: 16
cnt: 681
=====================================
统计中...
PhoneType: 华为, Num: 75
PhoneType: 一加, Num: 5
PhoneType: 未知Android设备, Num: 121
PhoneType: IQOO, Num: 6
PhoneType: OPPO, Num: 46
PhoneType: 小米, Num: 16
PhoneType: 苹果, Num: 325
PhoneType: Vivo, Num: 36
PhoneType: 红米, Num: 19
PhoneType: 荣耀, Num: 29
PhoneType: 魅族, Num: 1
PhoneType: 三星, Num: 4
cnt: 683
=====================================
统计中...
PhoneType: 未知Android设备, Num: 121
PhoneType: IQOO, Num: 6
PhoneType: OPPO, Num: 46
PhoneType: 小米, Num: 16
PhoneType: 苹果, Num: 327
PhoneType: Vivo, Num: 36
PhoneType: 红米, Num: 19
PhoneType: 荣耀, Num: 29
PhoneType: 魅族, Num: 1
PhoneType: 三星, Num: 4
PhoneType: 华为, Num: 75
PhoneType: 一加, Num: 5
cnt: 685
=====================================
统计中...
PhoneType: 华为, Num: 75
PhoneType: 一加, Num: 5
PhoneType: 未知Android设备, Num: 121
PhoneType: IQOO, Num: 6
PhoneType: OPPO, Num: 47
PhoneType: 小米, Num: 16
PhoneType: 苹果, Num: 328
PhoneType: Vivo, Num: 36
PhoneType: 红米, Num: 19
PhoneType: 荣耀, Num: 29
PhoneType: 魅族, Num: 1
PhoneType: 三星, Num: 4
cnt: 687
=====================================
统计中...
PhoneType: Vivo, Num: 36
PhoneType: 红米, Num: 19
PhoneType: 荣耀, Num: 29
PhoneType: 魅族, Num: 1
PhoneType: 三星, Num: 4
PhoneType: 一加, Num: 5
PhoneType: 华为, Num: 75
PhoneType: IQOO, Num: 6
PhoneType: 未知Android设备, Num: 121
PhoneType: 小米, Num: 16
PhoneType: OPPO, Num: 47
PhoneType: 苹果, Num: 328
cnt: 687
=====================================
统计中...
PhoneType: 未知Android设备, Num: 122
PhoneType: IQOO, Num: 6
PhoneType: OPPO, Num: 47
PhoneType: 小米, Num: 16
PhoneType: 苹果, Num: 329
PhoneType: Vivo, Num: 36
PhoneType: 红米, Num: 19
PhoneType: 荣耀, Num: 30
PhoneType: 魅族, Num: 1
PhoneType: 三星, Num: 5
PhoneType: 华为, Num: 75
PhoneType: 一加, Num: 5
cnt: 691
=====================================
统计中...
PhoneType: 荣耀, Num: 30
PhoneType: 魅族, Num: 1
PhoneType: 三星, Num: 5
PhoneType: 华为, Num: 75
PhoneType: 一加, Num: 5
PhoneType: 未知Android设备, Num: 122
PhoneType: IQOO, Num: 6
PhoneType: OPPO, Num: 47
PhoneType: 小米, Num: 16
PhoneType: 苹果, Num: 333
PhoneType: Vivo, Num: 36
PhoneType: 红米, Num: 19
cnt: 695
=====================================
统计中...
PhoneType: 三星, Num: 5
PhoneType: 华为, Num: 75
PhoneType: 一加, Num: 5
PhoneType: 未知Android设备, Num: 122
PhoneType: IQOO, Num: 6
PhoneType: OPPO, Num: 47
PhoneType: 小米, Num: 16
PhoneType: 苹果, Num: 335
PhoneType: Vivo, Num: 36
PhoneType: 红米, Num: 19
PhoneType: 荣耀, Num: 30
PhoneType: 魅族, Num: 1
cnt: 697
=====================================
统计中...
PhoneType: 红米, Num: 19
PhoneType: 荣耀, Num: 30
PhoneType: 魅族, Num: 1
PhoneType: 三星, Num: 5
PhoneType: 一加, Num: 5
PhoneType: 华为, Num: 75
PhoneType: IQOO, Num: 6
PhoneType: 未知Android设备, Num: 123
PhoneType: 小米, Num: 16
PhoneType: OPPO, Num: 47
PhoneType: 苹果, Num: 337
PhoneType: Vivo, Num: 36
cnt: 700
=====================================
统计中...
PhoneType: 华为, Num: 75
PhoneType: 一加, Num: 5
PhoneType: 未知Android设备, Num: 123
PhoneType: IQOO, Num: 6
PhoneType: OPPO, Num: 47
PhoneType: 小米, Num: 16
PhoneType: 苹果, Num: 338
PhoneType: Vivo, Num: 36
PhoneType: 红米, Num: 19
PhoneType: 荣耀, Num: 30
PhoneType: 魅族, Num: 1
PhoneType: 三星, Num: 5
cnt: 701
=====================================
统计中...
PhoneType: 三星, Num: 5
PhoneType: 一加, Num: 5
PhoneType: 华为, Num: 75
PhoneType: IQOO, Num: 6
PhoneType: 未知Android设备, Num: 123
PhoneType: 小米, Num: 16
PhoneType: OPPO, Num: 47
PhoneType: 苹果, Num: 341
PhoneType: Vivo, Num: 37
PhoneType: 红米, Num: 19
PhoneType: 荣耀, Num: 30
PhoneType: 魅族, Num: 1
cnt: 705
=====================================
统计中...
PhoneType: 荣耀, Num: 30
PhoneType: 魅族, Num: 1
PhoneType: 三星, Num: 5
PhoneType: 华为, Num: 75
PhoneType: 一加, Num: 6
PhoneType: 未知Android设备, Num: 123
PhoneType: IQOO, Num: 6
PhoneType: OPPO, Num: 47
PhoneType: 小米, Num: 16
PhoneType: 苹果, Num: 341
PhoneType: Vivo, Num: 37
PhoneType: 红米, Num: 19
cnt: 706
=====================================
统计中...
PhoneType: Vivo, Num: 37
PhoneType: 红米, Num: 19
PhoneType: 荣耀, Num: 31
PhoneType: 魅族, Num: 1
PhoneType: 三星, Num: 5
PhoneType: 华为, Num: 75
PhoneType: 一加, Num: 6
PhoneType: 未知Android设备, Num: 123
PhoneType: IQOO, Num: 6
PhoneType: OPPO, Num: 47
PhoneType: 小米, Num: 16
PhoneType: 苹果, Num: 341
cnt: 707
=====================================
统计中...
PhoneType: 三星, Num: 5
PhoneType: 华为, Num: 75
PhoneType: 一加, Num: 6
PhoneType: 未知Android设备, Num: 123
PhoneType: IQOO, Num: 6
PhoneType: OPPO, Num: 47
PhoneType: 小米, Num: 16
PhoneType: 苹果, Num: 343
PhoneType: Vivo, Num: 37
PhoneType: 红米, Num: 19
PhoneType: 荣耀, Num: 31
PhoneType: 魅族, Num: 1
cnt: 709
=====================================
统计中...
PhoneType: Vivo, Num: 37
PhoneType: 红米, Num: 19
PhoneType: 荣耀, Num: 31
PhoneType: 魅族, Num: 1
PhoneType: 三星, Num: 5
PhoneType: 一加, Num: 6
PhoneType: 华为, Num: 75
PhoneType: IQOO, Num: 6
PhoneType: 未知Android设备, Num: 123
PhoneType: 小米, Num: 16
PhoneType: OPPO, Num: 47
PhoneType: 苹果, Num: 344
cnt: 710
=====================================
统计中...
PhoneType: Vivo, Num: 38
PhoneType: 红米, Num: 19
PhoneType: 荣耀, Num: 31
PhoneType: 魅族, Num: 1
PhoneType: 三星, Num: 5
PhoneType: 华为, Num: 75
PhoneType: 一加, Num: 6
PhoneType: 未知Android设备, Num: 123
PhoneType: IQOO, Num: 6
PhoneType: OPPO, Num: 47
PhoneType: 小米, Num: 16
PhoneType: 苹果, Num: 346
cnt: 713
=====================================
统计中...
PhoneType: 荣耀, Num: 31
PhoneType: 魅族, Num: 1
PhoneType: 三星, Num: 5
PhoneType: 一加, Num: 6
PhoneType: 华为, Num: 75
PhoneType: IQOO, Num: 6
PhoneType: 未知Android设备, Num: 123
PhoneType: 小米, Num: 16
PhoneType: OPPO, Num: 47
PhoneType: 苹果, Num: 346
PhoneType: Vivo, Num: 38
PhoneType: 红米, Num: 19
cnt: 713
=====================================
统计中...
PhoneType: OPPO, Num: 47
PhoneType: 小米, Num: 16
PhoneType: 苹果, Num: 347
PhoneType: Vivo, Num: 38
PhoneType: 红米, Num: 19
PhoneType: 荣耀, Num: 31
PhoneType: 魅族, Num: 1
PhoneType: 三星, Num: 5
PhoneType: 华为, Num: 75
PhoneType: 一加, Num: 6
PhoneType: 未知Android设备, Num: 123
PhoneType: IQOO, Num: 6
cnt: 714
=====================================
统计中...
PhoneType: Vivo, Num: 38
PhoneType: 红米, Num: 19
PhoneType: 荣耀, Num: 31
PhoneType: 魅族, Num: 1
PhoneType: 三星, Num: 5
PhoneType: 华为, Num: 77
PhoneType: 一加, Num: 6
PhoneType: 未知Android设备, Num: 123
PhoneType: IQOO, Num: 6
PhoneType: OPPO, Num: 47
PhoneType: 小米, Num: 16
PhoneType: 苹果, Num: 347
cnt: 716
=====================================
统计中...
PhoneType: OPPO, Num: 47
PhoneType: 小米, Num: 16
PhoneType: 苹果, Num: 347
PhoneType: Vivo, Num: 39
PhoneType: 红米, Num: 19
PhoneType: 荣耀, Num: 31
PhoneType: 魅族, Num: 1
PhoneType: 三星, Num: 5
PhoneType: 华为, Num: 77
PhoneType: 一加, Num: 6
PhoneType: 未知Android设备, Num: 123
PhoneType: IQOO, Num: 6
cnt: 717
=====================================
统计中...
PhoneType: 华为, Num: 77
PhoneType: 一加, Num: 6
PhoneType: 未知Android设备, Num: 124
PhoneType: IQOO, Num: 6
PhoneType: OPPO, Num: 47
PhoneType: 小米, Num: 16
PhoneType: 苹果, Num: 349
PhoneType: Vivo, Num: 39
PhoneType: 红米, Num: 20
PhoneType: 荣耀, Num: 31
PhoneType: 魅族, Num: 1
PhoneType: 三星, Num: 5
cnt: 721
=====================================
统计中...
PhoneType: 三星, Num: 5
PhoneType: 华为, Num: 77
PhoneType: 一加, Num: 6
PhoneType: 未知Android设备, Num: 124
PhoneType: IQOO, Num: 6
PhoneType: OPPO, Num: 47
PhoneType: 小米, Num: 16
PhoneType: 苹果, Num: 350
PhoneType: Vivo, Num: 39
PhoneType: 红米, Num: 20
PhoneType: 荣耀, Num: 31
PhoneType: 魅族, Num: 1
cnt: 722
=====================================
统计中...
PhoneType: Vivo, Num: 39
PhoneType: 红米, Num: 20
PhoneType: 荣耀, Num: 31
PhoneType: 魅族, Num: 1
PhoneType: 三星, Num: 5
PhoneType: 华为, Num: 77
PhoneType: 一加, Num: 6
PhoneType: 未知Android设备, Num: 124
PhoneType: IQOO, Num: 6
PhoneType: OPPO, Num: 47
PhoneType: 小米, Num: 16
PhoneType: 苹果, Num: 351
cnt: 723
=====================================
统计中...
PhoneType: 三星, Num: 5
PhoneType: 华为, Num: 77
PhoneType: 一加, Num: 6
PhoneType: 未知Android设备, Num: 124
PhoneType: IQOO, Num: 6
PhoneType: OPPO, Num: 47
PhoneType: 小米, Num: 16
PhoneType: 苹果, Num: 351
PhoneType: Vivo, Num: 39
PhoneType: 红米, Num: 20
PhoneType: 荣耀, Num: 31
PhoneType: 魅族, Num: 1
cnt: 723
=====================================
统计中...
PhoneType: 未知Android设备, Num: 124
PhoneType: IQOO, Num: 7
PhoneType: OPPO, Num: 47
PhoneType: 小米, Num: 16
PhoneType: 苹果, Num: 354
PhoneType: Vivo, Num: 39
PhoneType: 红米, Num: 20
PhoneType: 荣耀, Num: 31
PhoneType: 魅族, Num: 1
PhoneType: 三星, Num: 5
PhoneType: 一加, Num: 6
PhoneType: 华为, Num: 78
cnt: 728
=====================================
统计中...
PhoneType: 未知Android设备, Num: 124
PhoneType: IQOO, Num: 7
PhoneType: OPPO, Num: 47
PhoneType: 小米, Num: 16
PhoneType: 苹果, Num: 354
PhoneType: Vivo, Num: 39
PhoneType: 红米, Num: 20
PhoneType: 荣耀, Num: 31
PhoneType: 魅族, Num: 1
PhoneType: 三星, Num: 5
PhoneType: 华为, Num: 80
PhoneType: 一加, Num: 7
cnt: 731
=====================================
统计中...
PhoneType: Vivo, Num: 39
PhoneType: 红米, Num: 20
PhoneType: 荣耀, Num: 31
PhoneType: 魅族, Num: 1
PhoneType: 三星, Num: 5
PhoneType: 华为, Num: 80
PhoneType: 一加, Num: 7
PhoneType: 未知Android设备, Num: 125
PhoneType: IQOO, Num: 7
PhoneType: OPPO, Num: 47
PhoneType: 小米, Num: 16
PhoneType: 苹果, Num: 355
cnt: 733
=====================================
统计中...
PhoneType: 未知Android设备, Num: 127
PhoneType: IQOO, Num: 7
PhoneType: OPPO, Num: 47
PhoneType: 小米, Num: 16
PhoneType: 苹果, Num: 356
PhoneType: Vivo, Num: 39
PhoneType: 红米, Num: 20
PhoneType: 荣耀, Num: 31
PhoneType: 魅族, Num: 1
PhoneType: 三星, Num: 5
PhoneType: 华为, Num: 80
PhoneType: 一加, Num: 7
cnt: 736
=====================================
统计中...
PhoneType: Vivo, Num: 39
PhoneType: 红米, Num: 20
PhoneType: 荣耀, Num: 31
PhoneType: 魅族, Num: 1
PhoneType: 三星, Num: 5
PhoneType: 华为, Num: 80
PhoneType: 一加, Num: 7
PhoneType: 未知Android设备, Num: 128
PhoneType: IQOO, Num: 7
PhoneType: OPPO, Num: 48
PhoneType: 小米, Num: 16
PhoneType: 苹果, Num: 358
cnt: 740
=====================================
统计中...
PhoneType: 三星, Num: 5
PhoneType: 一加, Num: 7
PhoneType: 华为, Num: 81
PhoneType: 未知Android设备, Num: 128
PhoneType: IQOO, Num: 7
PhoneType: OPPO, Num: 48
PhoneType: 小米, Num: 16
PhoneType: 苹果, Num: 358
PhoneType: Vivo, Num: 39
PhoneType: 红米, Num: 20
PhoneType: 荣耀, Num: 31
PhoneType: 魅族, Num: 1
cnt: 741
=====================================
统计中...
PhoneType: 华为, Num: 81
PhoneType: 一加, Num: 7
PhoneType: 未知Android设备, Num: 129
PhoneType: IQOO, Num: 7
PhoneType: OPPO, Num: 48
PhoneType: 小米, Num: 16
PhoneType: 苹果, Num: 360
PhoneType: Vivo, Num: 40
PhoneType: 红米, Num: 20
PhoneType: 荣耀, Num: 31
PhoneType: 魅族, Num: 1
PhoneType: 三星, Num: 5
cnt: 745
=====================================
统计中...
PhoneType: 一加, Num: 7
PhoneType: 华为, Num: 81
PhoneType: 未知Android设备, Num: 130
PhoneType: IQOO, Num: 7
PhoneType: OPPO, Num: 49
PhoneType: 小米, Num: 16
PhoneType: 苹果, Num: 360
PhoneType: Vivo, Num: 42
PhoneType: 红米, Num: 20
PhoneType: 荣耀, Num: 31
PhoneType: 魅族, Num: 1
PhoneType: 三星, Num: 5
cnt: 749
=====================================
统计中...
PhoneType: Vivo, Num: 42
PhoneType: 红米, Num: 20
PhoneType: 荣耀, Num: 33
PhoneType: 魅族, Num: 1
PhoneType: 三星, Num: 5
PhoneType: 华为, Num: 82
PhoneType: 一加, Num: 7
PhoneType: 未知Android设备, Num: 130
PhoneType: IQOO, Num: 7
PhoneType: OPPO, Num: 49
PhoneType: 小米, Num: 16
PhoneType: 苹果, Num: 362
cnt: 754
=====================================
统计中...
PhoneType: 未知Android设备, Num: 130
PhoneType: IQOO, Num: 7
PhoneType: OPPO, Num: 49
PhoneType: 小米, Num: 16
PhoneType: 苹果, Num: 363
PhoneType: Vivo, Num: 42
PhoneType: 红米, Num: 20
PhoneType: 荣耀, Num: 34
PhoneType: 魅族, Num: 1
PhoneType: 三星, Num: 5
PhoneType: 华为, Num: 83
PhoneType: 一加, Num: 7
cnt: 757
=====================================
统计中...
PhoneType: 华为, Num: 83
PhoneType: 一加, Num: 7
PhoneType: 未知Android设备, Num: 131
PhoneType: IQOO, Num: 7
PhoneType: OPPO, Num: 49
PhoneType: 小米, Num: 16
PhoneType: 苹果, Num: 364
PhoneType: Vivo, Num: 42
PhoneType: 红米, Num: 20
PhoneType: 荣耀, Num: 34
PhoneType: 魅族, Num: 1
PhoneType: 三星, Num: 5
cnt: 759
=====================================
统计中...
PhoneType: 三星, Num: 5
PhoneType: 华为, Num: 83
PhoneType: 一加, Num: 7
PhoneType: 未知Android设备, Num: 131
PhoneType: IQOO, Num: 7
PhoneType: OPPO, Num: 50
PhoneType: 小米, Num: 16
PhoneType: 苹果, Num: 366
PhoneType: Vivo, Num: 42
PhoneType: 红米, Num: 20
PhoneType: 荣耀, Num: 34
PhoneType: 魅族, Num: 1
cnt: 762
=====================================
统计中...
PhoneType: 三星, Num: 5
PhoneType: 华为, Num: 83
PhoneType: 一加, Num: 7
PhoneType: 未知Android设备, Num: 131
PhoneType: IQOO, Num: 7
PhoneType: OPPO, Num: 50
PhoneType: 小米, Num: 16
PhoneType: 苹果, Num: 369
PhoneType: Vivo, Num: 42
PhoneType: 红米, Num: 20
PhoneType: 荣耀, Num: 34
PhoneType: 魅族, Num: 1
cnt: 765
=====================================
统计中...
PhoneType: 华为, Num: 83
PhoneType: 一加, Num: 7
PhoneType: 未知Android设备, Num: 131
PhoneType: IQOO, Num: 7
PhoneType: OPPO, Num: 50
PhoneType: 小米, Num: 16
PhoneType: 苹果, Num: 369
PhoneType: Vivo, Num: 43
PhoneType: 红米, Num: 20
PhoneType: 荣耀, Num: 35
PhoneType: 魅族, Num: 1
PhoneType: 三星, Num: 5
cnt: 767
=====================================
统计中...
PhoneType: 华为, Num: 83
PhoneType: 一加, Num: 7
PhoneType: 未知Android设备, Num: 131
PhoneType: IQOO, Num: 7
PhoneType: OPPO, Num: 50
PhoneType: 小米, Num: 16
PhoneType: 苹果, Num: 369
PhoneType: Vivo, Num: 43
PhoneType: 红米, Num: 20
PhoneType: 荣耀, Num: 35
PhoneType: 魅族, Num: 1
PhoneType: 三星, Num: 5
cnt: 767
=====================================
统计中...
PhoneType: 荣耀, Num: 35
PhoneType: 魅族, Num: 1
PhoneType: 三星, Num: 5
PhoneType: 一加, Num: 7
PhoneType: 华为, Num: 83
PhoneType: IQOO, Num: 7
PhoneType: 未知Android设备, Num: 131
PhoneType: 小米, Num: 16
PhoneType: OPPO, Num: 51
PhoneType: 苹果, Num: 369
PhoneType: Vivo, Num: 43
PhoneType: 红米, Num: 20
cnt: 768
=====================================
统计中...
PhoneType: 华为, Num: 84
PhoneType: 一加, Num: 7
PhoneType: 未知Android设备, Num: 131
PhoneType: IQOO, Num: 7
PhoneType: OPPO, Num: 51
PhoneType: 小米, Num: 16
PhoneType: 苹果, Num: 372
PhoneType: Vivo, Num: 43
PhoneType: 红米, Num: 20
PhoneType: 荣耀, Num: 35
PhoneType: 魅族, Num: 1
PhoneType: 三星, Num: 5
cnt: 772
=====================================
统计中...
PhoneType: 魅族, Num: 1
PhoneType: 三星, Num: 5
PhoneType: 华为, Num: 87
PhoneType: 一加, Num: 7
PhoneType: 未知Android设备, Num: 133
PhoneType: IQOO, Num: 7
PhoneType: OPPO, Num: 51
PhoneType: 小米, Num: 16
PhoneType: 苹果, Num: 374
PhoneType: Vivo, Num: 43
PhoneType: 红米, Num: 20
PhoneType: 荣耀, Num: 35
cnt: 779
=====================================
统计中...
PhoneType: 三星, Num: 5
PhoneType: 一加, Num: 7
PhoneType: 华为, Num: 87
PhoneType: IQOO, Num: 7
PhoneType: 未知Android设备, Num: 133
PhoneType: 小米, Num: 16
PhoneType: OPPO, Num: 51
PhoneType: 苹果, Num: 375
PhoneType: Vivo, Num: 43
PhoneType: 红米, Num: 20
PhoneType: 荣耀, Num: 35
PhoneType: 魅族, Num: 1
cnt: 780
=====================================
统计中...
PhoneType: 三星, Num: 5
PhoneType: 华为, Num: 87
PhoneType: 一加, Num: 7
PhoneType: 未知Android设备, Num: 134
PhoneType: IQOO, Num: 7
PhoneType: OPPO, Num: 51
PhoneType: 小米, Num: 16
PhoneType: 苹果, Num: 377
PhoneType: Vivo, Num: 43
PhoneType: 红米, Num: 20
PhoneType: 荣耀, Num: 35
PhoneType: 魅族, Num: 1
cnt: 783
=====================================
统计中...
PhoneType: 红米, Num: 20
PhoneType: 荣耀, Num: 35
PhoneType: 魅族, Num: 1
PhoneType: 三星, Num: 5
PhoneType: 一加, Num: 7
PhoneType: 华为, Num: 87
PhoneType: IQOO, Num: 7
PhoneType: 未知Android设备, Num: 134
PhoneType: 小米, Num: 16
PhoneType: OPPO, Num: 51
PhoneType: 苹果, Num: 378
PhoneType: Vivo, Num: 43
cnt: 784
=====================================
统计中...
PhoneType: 一加, Num: 7
PhoneType: 华为, Num: 87
PhoneType: IQOO, Num: 7
PhoneType: 未知Android设备, Num: 134
PhoneType: 小米, Num: 16
PhoneType: OPPO, Num: 51
PhoneType: 苹果, Num: 381
PhoneType: Vivo, Num: 43
PhoneType: 红米, Num: 20
PhoneType: 荣耀, Num: 35
PhoneType: 魅族, Num: 1
PhoneType: 三星, Num: 5
cnt: 787
=====================================
统计中...
PhoneType: 华为, Num: 87
PhoneType: 一加, Num: 7
PhoneType: 未知Android设备, Num: 137
PhoneType: IQOO, Num: 7
PhoneType: OPPO, Num: 52
PhoneType: 小米, Num: 16
PhoneType: 苹果, Num: 383
PhoneType: Vivo, Num: 43
PhoneType: 红米, Num: 20
PhoneType: 荣耀, Num: 35
PhoneType: 魅族, Num: 1
PhoneType: 三星, Num: 5
cnt: 793
=====================================
统计中...
PhoneType: 一加, Num: 7
PhoneType: 华为, Num: 88
PhoneType: 未知Android设备, Num: 137
PhoneType: IQOO, Num: 7
PhoneType: OPPO, Num: 53
PhoneType: 小米, Num: 16
PhoneType: 苹果, Num: 384
PhoneType: Vivo, Num: 44
PhoneType: 红米, Num: 20
PhoneType: 荣耀, Num: 36
PhoneType: 魅族, Num: 1
PhoneType: 三星, Num: 5
cnt: 798
=====================================
统计中...
PhoneType: 未知Android设备, Num: 138
PhoneType: IQOO, Num: 8
PhoneType: OPPO, Num: 53
PhoneType: 小米, Num: 16
PhoneType: 苹果, Num: 389
PhoneType: Vivo, Num: 45
PhoneType: 红米, Num: 22
PhoneType: 荣耀, Num: 36
PhoneType: 魅族, Num: 1
PhoneType: 三星, Num: 5
PhoneType: 华为, Num: 88
PhoneType: 一加, Num: 7
cnt: 808
=====================================
统计中...
PhoneType: 三星, Num: 5
PhoneType: 华为, Num: 89
PhoneType: 一加, Num: 7
PhoneType: 未知Android设备, Num: 140
PhoneType: IQOO, Num: 10
PhoneType: OPPO, Num: 53
PhoneType: 小米, Num: 16
PhoneType: 苹果, Num: 390
PhoneType: Vivo, Num: 47
PhoneType: 红米, Num: 22
PhoneType: 荣耀, Num: 37
PhoneType: 魅族, Num: 1
cnt: 817
=====================================
统计中...
PhoneType: 魅族, Num: 1
PhoneType: 三星, Num: 5
PhoneType: 一加, Num: 7
PhoneType: 华为, Num: 90
PhoneType: 未知Android设备, Num: 140
PhoneType: IQOO, Num: 10
PhoneType: OPPO, Num: 53
PhoneType: 小米, Num: 16
PhoneType: 苹果, Num: 394
PhoneType: Vivo, Num: 47
PhoneType: 红米, Num: 22
PhoneType: 荣耀, Num: 37
cnt: 822
=====================================
统计中...
PhoneType: 苹果, Num: 397
PhoneType: Vivo, Num: 47
PhoneType: 红米, Num: 22
PhoneType: 荣耀, Num: 38
PhoneType: 魅族, Num: 1
PhoneType: 三星, Num: 5
PhoneType: 一加, Num: 7
PhoneType: 华为, Num: 90
PhoneType: IQOO, Num: 10
PhoneType: 未知Android设备, Num: 140
PhoneType: 小米, Num: 16
PhoneType: OPPO, Num: 53
cnt: 826
=====================================
统计中...
PhoneType: Vivo, Num: 47
PhoneType: 红米, Num: 22
PhoneType: 荣耀, Num: 38
PhoneType: 魅族, Num: 1
PhoneType: 三星, Num: 5
PhoneType: 华为, Num: 90
PhoneType: 一加, Num: 7
PhoneType: 未知Android设备, Num: 140
PhoneType: IQOO, Num: 10
PhoneType: OPPO, Num: 53
PhoneType: 小米, Num: 17
PhoneType: 苹果, Num: 399
cnt: 829
=====================================
统计中...
PhoneType: 华为, Num: 90
PhoneType: 一加, Num: 7
PhoneType: 未知Android设备, Num: 141
PhoneType: IQOO, Num: 10
PhoneType: OPPO, Num: 53
PhoneType: 小米, Num: 18
PhoneType: 苹果, Num: 403
PhoneType: Vivo, Num: 47
PhoneType: 红米, Num: 23
PhoneType: 荣耀, Num: 38
PhoneType: 魅族, Num: 1
PhoneType: 三星, Num: 5
cnt: 836
=====================================
统计中...
PhoneType: OPPO, Num: 54
PhoneType: 小米, Num: 18
PhoneType: 苹果, Num: 406
PhoneType: Vivo, Num: 47
PhoneType: 红米, Num: 24
PhoneType: 荣耀, Num: 38
PhoneType: 魅族, Num: 1
PhoneType: 三星, Num: 5
PhoneType: 华为, Num: 92
PhoneType: 一加, Num: 7
PhoneType: 未知Android设备, Num: 141
PhoneType: IQOO, Num: 10
cnt: 843
=====================================
统计中...
PhoneType: 一加, Num: 7
PhoneType: 华为, Num: 92
PhoneType: 未知Android设备, Num: 142
PhoneType: IQOO, Num: 10
PhoneType: OPPO, Num: 54
PhoneType: 小米, Num: 18
PhoneType: 苹果, Num: 407
PhoneType: Vivo, Num: 47
PhoneType: 红米, Num: 25
PhoneType: 荣耀, Num: 38
PhoneType: 魅族, Num: 1
PhoneType: 三星, Num: 5
cnt: 846
=====================================
统计中...
PhoneType: 三星, Num: 5
PhoneType: 华为, Num: 94
PhoneType: 一加, Num: 7
PhoneType: 未知Android设备, Num: 143
PhoneType: IQOO, Num: 10
PhoneType: OPPO, Num: 54
PhoneType: 小米, Num: 18
PhoneType: 苹果, Num: 409
PhoneType: Vivo, Num: 47
PhoneType: 红米, Num: 25
PhoneType: 荣耀, Num: 38
PhoneType: 魅族, Num: 1
cnt: 851
=====================================
统计中...
PhoneType: 魅族, Num: 1
PhoneType: 三星, Num: 5
PhoneType: 华为, Num: 94
PhoneType: 一加, Num: 7
PhoneType: 未知Android设备, Num: 144
PhoneType: IQOO, Num: 10
PhoneType: OPPO, Num: 55
PhoneType: 小米, Num: 18
PhoneType: 苹果, Num: 410
PhoneType: Vivo, Num: 47
PhoneType: 红米, Num: 25
PhoneType: 荣耀, Num: 39
cnt: 855
=====================================
统计中...
PhoneType: Vivo, Num: 47
PhoneType: 红米, Num: 25
PhoneType: 荣耀, Num: 39
PhoneType: 魅族, Num: 1
PhoneType: 三星, Num: 5
PhoneType: 华为, Num: 97
PhoneType: 一加, Num: 7
PhoneType: 未知Android设备, Num: 144
PhoneType: IQOO, Num: 10
PhoneType: OPPO, Num: 55
PhoneType: 小米, Num: 18
PhoneType: 苹果, Num: 413
cnt: 861
=====================================
统计中...
PhoneType: 华为, Num: 97
PhoneType: 一加, Num: 7
PhoneType: 未知Android设备, Num: 144
PhoneType: IQOO, Num: 10
PhoneType: OPPO, Num: 55
PhoneType: 小米, Num: 18
PhoneType: 苹果, Num: 413
PhoneType: Vivo, Num: 47
PhoneType: 红米, Num: 25
PhoneType: 荣耀, Num: 39
PhoneType: 魅族, Num: 1
PhoneType: 三星, Num: 5
cnt: 861
=====================================
统计中...
PhoneType: 荣耀, Num: 39
PhoneType: 魅族, Num: 1
PhoneType: 三星, Num: 5
PhoneType: 华为, Num: 97
PhoneType: 一加, Num: 7
PhoneType: 未知Android设备, Num: 145
PhoneType: IQOO, Num: 10
PhoneType: OPPO, Num: 55
PhoneType: 小米, Num: 19
PhoneType: 苹果, Num: 416
PhoneType: Vivo, Num: 47
PhoneType: 红米, Num: 26
cnt: 867
=====================================
统计中...
PhoneType: 一加, Num: 7
PhoneType: 华为, Num: 97
PhoneType: IQOO, Num: 10
PhoneType: 未知Android设备, Num: 146
PhoneType: 小米, Num: 19
PhoneType: OPPO, Num: 55
PhoneType: 苹果, Num: 416
PhoneType: Vivo, Num: 47
PhoneType: 红米, Num: 26
PhoneType: 荣耀, Num: 39
PhoneType: 魅族, Num: 1
PhoneType: 三星, Num: 5
cnt: 868
=====================================
统计中...
PhoneType: 三星, Num: 5
PhoneType: 华为, Num: 97
PhoneType: 一加, Num: 7
PhoneType: 未知Android设备, Num: 146
PhoneType: IQOO, Num: 10
PhoneType: OPPO, Num: 55
PhoneType: 小米, Num: 19
PhoneType: 苹果, Num: 416
PhoneType: Vivo, Num: 47
PhoneType: 红米, Num: 26
PhoneType: 荣耀, Num: 39
PhoneType: 魅族, Num: 1
cnt: 868
=====================================
统计中...
PhoneType: 一加, Num: 7
PhoneType: 华为, Num: 98
PhoneType: IQOO, Num: 10
PhoneType: 未知Android设备, Num: 146
PhoneType: 小米, Num: 19
PhoneType: OPPO, Num: 55
PhoneType: 苹果, Num: 419
PhoneType: Vivo, Num: 48
PhoneType: 红米, Num: 26
PhoneType: 荣耀, Num: 39
PhoneType: 魅族, Num: 1
PhoneType: 三星, Num: 5
cnt: 873
=====================================
统计中...
PhoneType: 荣耀, Num: 39
PhoneType: 魅族, Num: 1
PhoneType: 三星, Num: 6
PhoneType: 华为, Num: 99
PhoneType: 一加, Num: 7
PhoneType: 未知Android设备, Num: 146
PhoneType: IQOO, Num: 11
PhoneType: OPPO, Num: 56
PhoneType: 小米, Num: 19
PhoneType: 苹果, Num: 421
PhoneType: Vivo, Num: 48
PhoneType: 红米, Num: 26
cnt: 879
=====================================
统计中...
PhoneType: 荣耀, Num: 39
PhoneType: 魅族, Num: 1
PhoneType: 三星, Num: 6
PhoneType: 华为, Num: 100
PhoneType: 一加, Num: 7
PhoneType: 未知Android设备, Num: 147
PhoneType: IQOO, Num: 11
PhoneType: OPPO, Num: 57
PhoneType: 小米, Num: 19
PhoneType: 苹果, Num: 424
PhoneType: Vivo, Num: 48
PhoneType: 红米, Num: 26
cnt: 885
=====================================
统计中...
PhoneType: 三星, Num: 6
PhoneType: 华为, Num: 100
PhoneType: 一加, Num: 7
PhoneType: 未知Android设备, Num: 148
PhoneType: IQOO, Num: 12
PhoneType: OPPO, Num: 57
PhoneType: 小米, Num: 19
PhoneType: 苹果, Num: 426
PhoneType: Vivo, Num: 49
PhoneType: 红米, Num: 26
PhoneType: 荣耀, Num: 39
PhoneType: 魅族, Num: 1
cnt: 890
=====================================
统计中...
PhoneType: 未知Android设备, Num: 148
PhoneType: IQOO, Num: 12
PhoneType: OPPO, Num: 57
PhoneType: 小米, Num: 19
PhoneType: 苹果, Num: 429
PhoneType: Vivo, Num: 49
PhoneType: 红米, Num: 26
PhoneType: 荣耀, Num: 39
PhoneType: 魅族, Num: 1
PhoneType: 三星, Num: 6
PhoneType: 一加, Num: 7
PhoneType: 华为, Num: 102
cnt: 895
=====================================
统计中...
PhoneType: Vivo, Num: 51
PhoneType: 红米, Num: 27
PhoneType: 荣耀, Num: 39
PhoneType: 魅族, Num: 1
PhoneType: 三星, Num: 6
PhoneType: 一加, Num: 7
PhoneType: 华为, Num: 102
PhoneType: 未知Android设备, Num: 148
PhoneType: IQOO, Num: 12
PhoneType: OPPO, Num: 58
PhoneType: 小米, Num: 19
PhoneType: 苹果, Num: 429
cnt: 899
=====================================
统计中...
PhoneType: 三星, Num: 6
PhoneType: 华为, Num: 103
PhoneType: 一加, Num: 7
PhoneType: 未知Android设备, Num: 148
PhoneType: IQOO, Num: 12
PhoneType: OPPO, Num: 59
PhoneType: 小米, Num: 19
PhoneType: 苹果, Num: 430
PhoneType: Vivo, Num: 51
PhoneType: 红米, Num: 27
PhoneType: 荣耀, Num: 39
PhoneType: 魅族, Num: 1
cnt: 902
=====================================
统计中...
PhoneType: 一加, Num: 7
PhoneType: 华为, Num: 103
PhoneType: IQOO, Num: 12
PhoneType: 未知Android设备, Num: 149
PhoneType: 小米, Num: 19
PhoneType: OPPO, Num: 59
PhoneType: 苹果, Num: 434
PhoneType: Vivo, Num: 51
PhoneType: 红米, Num: 27
PhoneType: 荣耀, Num: 39
PhoneType: 魅族, Num: 1
PhoneType: 三星, Num: 6
cnt: 907
=====================================
统计中...
PhoneType: 华为, Num: 104
PhoneType: 一加, Num: 8
PhoneType: 未知Android设备, Num: 149
PhoneType: IQOO, Num: 12
PhoneType: OPPO, Num: 60
PhoneType: 小米, Num: 19
PhoneType: 苹果, Num: 437
PhoneType: Vivo, Num: 52
PhoneType: 红米, Num: 27
PhoneType: 荣耀, Num: 39
PhoneType: 魅族, Num: 1
PhoneType: 三星, Num: 6
cnt: 914
=====================================
统计中...
PhoneType: Vivo, Num: 52
PhoneType: 红米, Num: 27
PhoneType: 荣耀, Num: 39
PhoneType: 魅族, Num: 1
PhoneType: 三星, Num: 6
PhoneType: 华为, Num: 105
PhoneType: 一加, Num: 8
PhoneType: 未知Android设备, Num: 150
PhoneType: IQOO, Num: 12
PhoneType: OPPO, Num: 60
PhoneType: 小米, Num: 19
PhoneType: 苹果, Num: 438
cnt: 917
=====================================
统计中...
PhoneType: OPPO, Num: 60
PhoneType: 小米, Num: 19
PhoneType: 苹果, Num: 440
PhoneType: 真我, Num: 1
PhoneType: Vivo, Num: 52
PhoneType: 红米, Num: 27
PhoneType: 荣耀, Num: 39
PhoneType: 魅族, Num: 1
PhoneType: 三星, Num: 6
PhoneType: 华为, Num: 105
PhoneType: 一加, Num: 8
PhoneType: 未知Android设备, Num: 151
PhoneType: IQOO, Num: 13
cnt: 922
=====================================
统计中...
PhoneType: OPPO, Num: 60
PhoneType: 小米, Num: 19
PhoneType: 苹果, Num: 441
PhoneType: 真我, Num: 1
PhoneType: Vivo, Num: 53
PhoneType: 红米, Num: 27
PhoneType: 荣耀, Num: 39
PhoneType: 魅族, Num: 1
PhoneType: 三星, Num: 6
PhoneType: 华为, Num: 106
PhoneType: 一加, Num: 8
PhoneType: 未知Android设备, Num: 151
PhoneType: IQOO, Num: 13
cnt: 925
=====================================
统计中...
PhoneType: 三星, Num: 6
PhoneType: 华为, Num: 107
PhoneType: 一加, Num: 8
PhoneType: 未知Android设备, Num: 151
PhoneType: IQOO, Num: 13
PhoneType: OPPO, Num: 60
PhoneType: 小米, Num: 19
PhoneType: 苹果, Num: 443
PhoneType: 真我, Num: 1
PhoneType: Vivo, Num: 53
PhoneType: 红米, Num: 27
PhoneType: 荣耀, Num: 40
PhoneType: 魅族, Num: 1
cnt: 929
=====================================
统计中...
PhoneType: OPPO, Num: 60
PhoneType: 小米, Num: 19
PhoneType: 苹果, Num: 445
PhoneType: 真我, Num: 1
PhoneType: Vivo, Num: 53
PhoneType: 红米, Num: 27
PhoneType: 荣耀, Num: 40
PhoneType: 魅族, Num: 1
PhoneType: 三星, Num: 6
PhoneType: 华为, Num: 108
PhoneType: 一加, Num: 8
PhoneType: 未知Android设备, Num: 151
PhoneType: IQOO, Num: 13
cnt: 932
=====================================
统计中...
PhoneType: Vivo, Num: 53
PhoneType: 红米, Num: 27
PhoneType: 荣耀, Num: 41
PhoneType: 魅族, Num: 1
PhoneType: 三星, Num: 6
PhoneType: 华为, Num: 109
PhoneType: 一加, Num: 8
PhoneType: 未知Android设备, Num: 152
PhoneType: IQOO, Num: 13
PhoneType: OPPO, Num: 60
PhoneType: 小米, Num: 19
PhoneType: 苹果, Num: 446
PhoneType: 真我, Num: 1
cnt: 936
=====================================
统计中...
PhoneType: 华为, Num: 110
PhoneType: 一加, Num: 8
PhoneType: 未知Android设备, Num: 152
PhoneType: IQOO, Num: 13
PhoneType: OPPO, Num: 60
PhoneType: 小米, Num: 19
PhoneType: 苹果, Num: 448
PhoneType: 真我, Num: 1
PhoneType: Vivo, Num: 53
PhoneType: 红米, Num: 27
PhoneType: 荣耀, Num: 41
PhoneType: 魅族, Num: 1
PhoneType: 三星, Num: 6
cnt: 939
=====================================
统计中...
PhoneType: 三星, Num: 6
PhoneType: 华为, Num: 111
PhoneType: 一加, Num: 8
PhoneType: 未知Android设备, Num: 152
PhoneType: IQOO, Num: 13
PhoneType: OPPO, Num: 61
PhoneType: 小米, Num: 20
PhoneType: 苹果, Num: 450
PhoneType: 真我, Num: 1
PhoneType: Vivo, Num: 53
PhoneType: 红米, Num: 27
PhoneType: 荣耀, Num: 41
PhoneType: 魅族, Num: 1
cnt: 944
=====================================
统计中...
PhoneType: 一加, Num: 8
PhoneType: 华为, Num: 112
PhoneType: 未知Android设备, Num: 152
PhoneType: IQOO, Num: 13
PhoneType: OPPO, Num: 62
PhoneType: 小米, Num: 20
PhoneType: 苹果, Num: 451
PhoneType: 真我, Num: 1
PhoneType: Vivo, Num: 54
PhoneType: 红米, Num: 27
PhoneType: 荣耀, Num: 41
PhoneType: 魅族, Num: 1
PhoneType: 三星, Num: 6
cnt: 948
=====================================
统计中...
PhoneType: 一加, Num: 8
PhoneType: 华为, Num: 112
PhoneType: IQOO, Num: 13
PhoneType: 未知Android设备, Num: 152
PhoneType: 小米, Num: 20
PhoneType: OPPO, Num: 63
PhoneType: 苹果, Num: 453
PhoneType: 真我, Num: 2
PhoneType: Vivo, Num: 54
PhoneType: 红米, Num: 27
PhoneType: 荣耀, Num: 41
PhoneType: 魅族, Num: 1
PhoneType: 三星, Num: 7
cnt: 953
=====================================
统计中...
PhoneType: 华为, Num: 113
PhoneType: 一加, Num: 8
PhoneType: 未知Android设备, Num: 152
PhoneType: IQOO, Num: 13
PhoneType: OPPO, Num: 63
PhoneType: 小米, Num: 21
PhoneType: 苹果, Num: 454
PhoneType: 真我, Num: 2
PhoneType: Vivo, Num: 56
PhoneType: 红米, Num: 27
PhoneType: 荣耀, Num: 41
PhoneType: 魅族, Num: 1
PhoneType: 三星, Num: 7
cnt: 958
=====================================
统计中...
PhoneType: 三星, Num: 7
PhoneType: 华为, Num: 117
PhoneType: 一加, Num: 8
PhoneType: 未知Android设备, Num: 153
PhoneType: IQOO, Num: 13
PhoneType: OPPO, Num: 63
PhoneType: 小米, Num: 22
PhoneType: 苹果, Num: 455
PhoneType: 真我, Num: 2
PhoneType: Vivo, Num: 56
PhoneType: 红米, Num: 27
PhoneType: 荣耀, Num: 41
PhoneType: 魅族, Num: 1
cnt: 965
=====================================
统计中...
PhoneType: 红米, Num: 27
PhoneType: 荣耀, Num: 43
PhoneType: 魅族, Num: 1
PhoneType: 三星, Num: 7
PhoneType: 华为, Num: 119
PhoneType: 一加, Num: 8
PhoneType: 未知Android设备, Num: 154
PhoneType: IQOO, Num: 13
PhoneType: OPPO, Num: 63
PhoneType: 小米, Num: 22
PhoneType: 苹果, Num: 458
PhoneType: 真我, Num: 2
PhoneType: Vivo, Num: 56
cnt: 973
=====================================
统计中...
PhoneType: 红米, Num: 27
PhoneType: 荣耀, Num: 43
PhoneType: 魅族, Num: 1
PhoneType: 三星, Num: 7
PhoneType: 华为, Num: 119
PhoneType: 一加, Num: 8
PhoneType: 未知Android设备, Num: 154
PhoneType: IQOO, Num: 13
PhoneType: OPPO, Num: 63
PhoneType: 小米, Num: 22
PhoneType: 苹果, Num: 460
PhoneType: 真我, Num: 2
PhoneType: Vivo, Num: 57
cnt: 976
=====================================
统计中...
PhoneType: 魅族, Num: 1
PhoneType: 三星, Num: 7
PhoneType: 华为, Num: 119
PhoneType: 一加, Num: 8
PhoneType: 未知Android设备, Num: 154
PhoneType: IQOO, Num: 13
PhoneType: OPPO, Num: 63
PhoneType: 小米, Num: 22
PhoneType: 苹果, Num: 462
PhoneType: 真我, Num: 2
PhoneType: Vivo, Num: 57
PhoneType: 红米, Num: 27
PhoneType: 荣耀, Num: 43
cnt: 978
=====================================
统计中...
PhoneType: 一加, Num: 8
PhoneType: 华为, Num: 119
PhoneType: 未知Android设备, Num: 155
PhoneType: IQOO, Num: 13
PhoneType: OPPO, Num: 63
PhoneType: 小米, Num: 22
PhoneType: 苹果, Num: 467
PhoneType: 真我, Num: 3
PhoneType: Vivo, Num: 57
PhoneType: 红米, Num: 27
PhoneType: 荣耀, Num: 44
PhoneType: 魅族, Num: 1
PhoneType: 三星, Num: 7
cnt: 986
=====================================
统计中...
PhoneType: 华为, Num: 119
PhoneType: 一加, Num: 8
PhoneType: 未知Android设备, Num: 157
PhoneType: IQOO, Num: 13
PhoneType: OPPO, Num: 63
PhoneType: 小米, Num: 22
PhoneType: 苹果, Num: 472
PhoneType: 真我, Num: 3
PhoneType: Vivo, Num: 58
PhoneType: 红米, Num: 27
PhoneType: 荣耀, Num: 44
PhoneType: 魅族, Num: 1
PhoneType: 三星, Num: 7
cnt: 994
=====================================
统计中...
PhoneType: 华为, Num: 119
PhoneType: 一加, Num: 8
PhoneType: 未知Android设备, Num: 158
PhoneType: IQOO, Num: 13
PhoneType: OPPO, Num: 65
PhoneType: 小米, Num: 22
PhoneType: 苹果, Num: 476
PhoneType: 真我, Num: 3
PhoneType: Vivo, Num: 58
PhoneType: 红米, Num: 27
PhoneType: 荣耀, Num: 45
PhoneType: 魅族, Num: 1
PhoneType: 三星, Num: 7
cnt: 1002
=====================================
统计中...
==========================最终统计结果：未知机型============================
PhoneType: , Num: 97
PhoneType: <a target="_blank" href="https://t.sina.com.cn" rel="nofollow">微博视频号</a>, Num: 9
PhoneType: WARNING: No blog found, Num: 8
PhoneType: 废话小天才, Num: 3
PhoneType: 熬夜小能手, Num: 2
PhoneType: CP粉磕糖日常, Num: 2
PhoneType: 所愿皆成真, Num: 2
PhoneType: 被窝, Num: 2
PhoneType: 拖延症的一天, Num: 2
PhoneType: 微博品牌活动, Num: 2
PhoneType: 搜狗高速浏览器, Num: 2
PhoneType: 奇文的被窝, Num: 1
PhoneType: 会员特权专用, Num: 1
PhoneType: 冬天的第一场雪, Num: 1
PhoneType: 宋雨琦所愿皆成真, Num: 1
PhoneType: 我和雨琦的被窝, Num: 1
PhoneType: 宋雨琦的被窝, Num: 1
PhoneType: 和小洁年“赴”一年, Num: 1
PhoneType: 笨宝为你写的情诗, Num: 1
PhoneType: 生日动态, Num: 1
PhoneType: 拒绝内卷打工人, Num: 1
PhoneType: 湖中小螃蟹, Num: 1
PhoneType: 6d的小宇宙, Num: 1
PhoneType: Fox & Bees, Num: 1
PhoneType: 皮皮时光机, Num: 1
PhoneType: 星鑫的所愿皆成真, Num: 1
PhoneType: 熊猫守护者, Num: 1
PhoneType: 我推所愿皆成真, Num: 1
PhoneType: 为你写的情诗, Num: 1
PhoneType: 陈楚生陆虎所愿皆成真, Num: 1
PhoneType: 微博仅供参考, Num: 1
PhoneType: 白色冬天的第一場雪, Num: 1
PhoneType: 尊嘟超爱你, Num: 1
PhoneType: min8所愿皆成真, Num: 1
PhoneType: iPad mini, Num: 1
PhoneType: 一“琦”拉开幸运的帷幕, Num: 1
PhoneType: 微博网页版, Num: 1
PhoneType: O.o快乐星球永久居民, Num: 1
PhoneType: <a target="_blank" href="https://app.weibo.com/t/feed/4Yg0bL" rel="nofollow">麦芒客户端</a>, Num: 1
PhoneType: 开心售卖机, Num: 1
PhoneType: 预售版春天, Num: 1
PhoneType: ๑小熊牌盐汽水, Num: 1
PhoneType: 小狗爱心发射biubiu, Num: 1
PhoneType: 吃瓜积极分子, Num: 1
PhoneType: 宋雨琦尊嘟超爱你, Num: 1
PhoneType: 微博轻享版, Num: 1
PhoneType: 🐳今日营业日记, Num: 1
PhoneType: iPad客户端, Num: 1
PhoneType: ✨💫所愿皆成真, Num: 1
PhoneType: ⸝⸝ ᳐冬天的第一場雪, Num: 1
PhoneType: 遇见白鹿在冬天的第一场雪, Num: 1
PhoneType: TNT✨1123甜甜的Bling星, Num: 1
PhoneType: 快乐星球永久居民, Num: 1
PhoneType: 金珍妮的微博bb机, Num: 1
PhoneType: 泡泡机, Num: 1
PhoneType: Joe的网络邻居, Num: 1
PhoneType: 宋星星尊嘟超爱你, Num: 1
PhoneType: 出发到新的自由, Num: 1
PhoneType: 小杀所愿皆成真, Num: 1
PhoneType: 曲奇饼干尊嘟超爱你, Num: 1
PhoneType: 白鹿所愿皆成真, Num: 1
PhoneType: 兔兔所愿皆成真, Num: 1
PhoneType: 🐹🦌所愿皆成真, Num: 1
PhoneType: 낌농의被窝, Num: 1
==========================最终统计结果：已知机型============================
PhoneType: 苹果, Num: 476
PhoneType: 未知Android设备, Num: 158
PhoneType: 华为, Num: 119
PhoneType: OPPO, Num: 65
PhoneType: Vivo, Num: 58
PhoneType: 荣耀, Num: 45
PhoneType: 红米, Num: 27
PhoneType: 小米, Num: 22
PhoneType: IQOO, Num: 13
PhoneType: 一加, Num: 8
PhoneType: 三星, Num: 7
PhoneType: 真我, Num: 3
PhoneType: 魅族, Num: 1
