统计中...
PhoneType: 三星, Num: 1
PhoneType: 荣耀, Num: 1
PhoneType: 苹果, Num: 5
PhoneType: 未知Android设备, Num: 10
PhoneType: IQOO, Num: 1
PhoneType: 华为, Num: 1
cnt: 19
=====================================
统计中...
PhoneType: 荣耀, Num: 1
PhoneType: 未知Android设备, Num: 16
PhoneType: IQOO, Num: 1
PhoneType: OPPO, Num: 1
PhoneType: 苹果, Num: 9
PhoneType: 华为, Num: 6
PhoneType: 三星, Num: 2
cnt: 36
=====================================
统计中...
PhoneType: 红米, Num: 1
PhoneType: 苹果, Num: 11
PhoneType: 华为, Num: 8
PhoneType: 三星, Num: 2
PhoneType: 荣耀, Num: 2
PhoneType: 未知Android设备, Num: 20
PhoneType: OPPO, Num: 3
PhoneType: 小米, Num: 3
PhoneType: 一加, Num: 1
PhoneType: IQOO, Num: 2
cnt: 53
=====================================
统计中...
PhoneType: 未知Android设备, Num: 22
PhoneType: OPPO, Num: 4
PhoneType: 小米, Num: 6
PhoneType: 一加, Num: 1
PhoneType: 荣耀, Num: 2
PhoneType: IQOO, Num: 3
PhoneType: 华为, Num: 12
PhoneType: 三星, Num: 2
PhoneType: 红米, Num: 1
PhoneType: 苹果, Num: 15
PhoneType: Vivo, Num: 2
cnt: 70
=====================================
统计中...
PhoneType: 荣耀, Num: 3
PhoneType: 未知Android设备, Num: 23
PhoneType: OPPO, Num: 5
PhoneType: 小米, Num: 6
PhoneType: 一加, Num: 1
PhoneType: IQOO, Num: 4
PhoneType: 红米, Num: 3
PhoneType: 苹果, Num: 22
PhoneType: 华为, Num: 17
PhoneType: 三星, Num: 2
PhoneType: Vivo, Num: 3
cnt: 89
=====================================
统计中...
PhoneType: IQOO, Num: 4
PhoneType: 红米, Num: 5
PhoneType: 苹果, Num: 26
PhoneType: 华为, Num: 20
PhoneType: 三星, Num: 2
PhoneType: Vivo, Num: 3
PhoneType: 荣耀, Num: 4
PhoneType: 未知Android设备, Num: 26
PhoneType: OPPO, Num: 6
PhoneType: 小米, Num: 7
PhoneType: 一加, Num: 1
cnt: 104
=====================================
统计中...
PhoneType: IQOO, Num: 6
PhoneType: 三星, Num: 2
PhoneType: 红米, Num: 7
PhoneType: 苹果, Num: 26
PhoneType: 华为, Num: 22
PhoneType: Vivo, Num: 3
PhoneType: OPPO, Num: 8
PhoneType: 小米, Num: 7
PhoneType: 一加, Num: 2
PhoneType: 荣耀, Num: 7
PhoneType: 未知Android设备, Num: 28
cnt: 118
=====================================
统计中...
PhoneType: 华为, Num: 25
PhoneType: 三星, Num: 2
PhoneType: 红米, Num: 7
PhoneType: 苹果, Num: 29
PhoneType: Vivo, Num: 4
PhoneType: 未知Android设备, Num: 31
PhoneType: OPPO, Num: 9
PhoneType: 小米, Num: 8
PhoneType: 一加, Num: 2
PhoneType: 荣耀, Num: 7
PhoneType: IQOO, Num: 7
cnt: 131
=====================================
统计中...
PhoneType: IQOO, Num: 7
PhoneType: 红米, Num: 8
PhoneType: 苹果, Num: 30
PhoneType: 华为, Num: 31
PhoneType: 三星, Num: 3
PhoneType: Vivo, Num: 6
PhoneType: 荣耀, Num: 9
PhoneType: 未知Android设备, Num: 31
PhoneType: OPPO, Num: 11
PhoneType: 小米, Num: 8
PhoneType: 一加, Num: 3
cnt: 147
=====================================
统计中...
PhoneType: 未知Android设备, Num: 32
PhoneType: OPPO, Num: 11
PhoneType: 小米, Num: 8
PhoneType: 一加, Num: 3
PhoneType: 荣耀, Num: 10
PhoneType: 真我, Num: 2
PhoneType: IQOO, Num: 7
PhoneType: 华为, Num: 34
PhoneType: 三星, Num: 3
PhoneType: 红米, Num: 9
PhoneType: 苹果, Num: 36
PhoneType: Vivo, Num: 7
cnt: 162
=====================================
统计中...
PhoneType: 荣耀, Num: 11
PhoneType: 未知Android设备, Num: 34
PhoneType: OPPO, Num: 11
PhoneType: 小米, Num: 9
PhoneType: 一加, Num: 4
PhoneType: IQOO, Num: 9
PhoneType: 真我, Num: 2
PhoneType: 苹果, Num: 41
PhoneType: 华为, Num: 37
PhoneType: 三星, Num: 3
PhoneType: 红米, Num: 11
PhoneType: Vivo, Num: 7
cnt: 179
=====================================
统计中...
PhoneType: 红米, Num: 14
PhoneType: 苹果, Num: 51
PhoneType: 华为, Num: 37
PhoneType: 三星, Num: 3
PhoneType: Vivo, Num: 7
PhoneType: 一加, Num: 4
PhoneType: 荣耀, Num: 11
PhoneType: 未知Android设备, Num: 36
PhoneType: OPPO, Num: 11
PhoneType: 小米, Num: 9
PhoneType: IQOO, Num: 10
PhoneType: 真我, Num: 2
cnt: 195
=====================================
统计中...
PhoneType: 三星, Num: 3
PhoneType: 红米, Num: 14
PhoneType: 苹果, Num: 56
PhoneType: 华为, Num: 37
PhoneType: Vivo, Num: 8
PhoneType: OPPO, Num: 11
PhoneType: 小米, Num: 9
PhoneType: 一加, Num: 4
PhoneType: 荣耀, Num: 11
PhoneType: 未知Android设备, Num: 39
PhoneType: 真我, Num: 2
PhoneType: IQOO, Num: 11
cnt: 205
=====================================
统计中...
PhoneType: IQOO, Num: 13
PhoneType: 真我, Num: 2
PhoneType: 红米, Num: 14
PhoneType: 苹果, Num: 58
PhoneType: 华为, Num: 38
PhoneType: 三星, Num: 3
PhoneType: Vivo, Num: 9
PhoneType: 一加, Num: 4
PhoneType: 荣耀, Num: 15
PhoneType: 未知Android设备, Num: 40
PhoneType: OPPO, Num: 11
PhoneType: 小米, Num: 9
cnt: 216
=====================================
统计中...
PhoneType: 真我, Num: 2
PhoneType: IQOO, Num: 13
PhoneType: 华为, Num: 42
PhoneType: 三星, Num: 3
PhoneType: 红米, Num: 16
PhoneType: 苹果, Num: 62
PhoneType: Vivo, Num: 9
PhoneType: 未知Android设备, Num: 42
PhoneType: OPPO, Num: 11
PhoneType: 小米, Num: 11
PhoneType: 一加, Num: 4
PhoneType: 荣耀, Num: 19
cnt: 234
=====================================
统计中...
PhoneType: 真我, Num: 2
PhoneType: 红米, Num: 17
PhoneType: Vivo, Num: 9
PhoneType: 华为, Num: 42
PhoneType: 三星, Num: 4
PhoneType: 荣耀, Num: 19
PhoneType: 小米, Num: 11
PhoneType: IQOO, Num: 14
PhoneType: 苹果, Num: 72
PhoneType: 未知Android设备, Num: 43
PhoneType: OPPO, Num: 12
PhoneType: 一加, Num: 4
cnt: 249
=====================================
统计中...
PhoneType: 未知Android设备, Num: 45
PhoneType: OPPO, Num: 12
PhoneType: 一加, Num: 4
PhoneType: 真我, Num: 2
PhoneType: 红米, Num: 19
PhoneType: Vivo, Num: 9
PhoneType: 华为, Num: 44
PhoneType: 三星, Num: 4
PhoneType: 荣耀, Num: 21
PhoneType: 小米, Num: 11
PhoneType: IQOO, Num: 14
PhoneType: 苹果, Num: 81
cnt: 266
=====================================
统计中...
PhoneType: 荣耀, Num: 21
PhoneType: 小米, Num: 12
PhoneType: IQOO, Num: 14
PhoneType: 苹果, Num: 85
PhoneType: 未知Android设备, Num: 50
PhoneType: OPPO, Num: 13
PhoneType: 一加, Num: 4
PhoneType: 真我, Num: 2
PhoneType: 华为, Num: 45
PhoneType: 三星, Num: 5
PhoneType: 红米, Num: 21
PhoneType: Vivo, Num: 9
cnt: 281
=====================================
统计中...
PhoneType: IQOO, Num: 16
PhoneType: 苹果, Num: 89
PhoneType: 未知Android设备, Num: 51
PhoneType: OPPO, Num: 14
PhoneType: 一加, Num: 4
PhoneType: 真我, Num: 2
PhoneType: 红米, Num: 22
PhoneType: Vivo, Num: 9
PhoneType: 华为, Num: 49
PhoneType: 三星, Num: 6
PhoneType: 荣耀, Num: 22
PhoneType: 小米, Num: 12
cnt: 296
=====================================
统计中...
PhoneType: IQOO, Num: 17
PhoneType: 苹果, Num: 93
PhoneType: 一加, Num: 4
PhoneType: 未知Android设备, Num: 53
PhoneType: OPPO, Num: 15
PhoneType: 真我, Num: 2
PhoneType: 红米, Num: 23
PhoneType: Vivo, Num: 10
PhoneType: 华为, Num: 51
PhoneType: 三星, Num: 7
PhoneType: 荣耀, Num: 22
PhoneType: 小米, Num: 12
cnt: 309
=====================================
统计中...
PhoneType: 真我, Num: 2
PhoneType: 红米, Num: 24
PhoneType: Vivo, Num: 11
PhoneType: 华为, Num: 52
PhoneType: 三星, Num: 7
PhoneType: 荣耀, Num: 24
PhoneType: 小米, Num: 14
PhoneType: IQOO, Num: 18
PhoneType: 苹果, Num: 98
PhoneType: 未知Android设备, Num: 55
PhoneType: OPPO, Num: 17
PhoneType: 一加, Num: 4
cnt: 326
=====================================
统计中...
PhoneType: 真我, Num: 2
PhoneType: 红米, Num: 25
PhoneType: Vivo, Num: 11
PhoneType: 华为, Num: 57
PhoneType: 三星, Num: 7
PhoneType: 荣耀, Num: 24
PhoneType: 小米, Num: 16
PhoneType: IQOO, Num: 20
PhoneType: 苹果, Num: 103
PhoneType: 未知Android设备, Num: 55
PhoneType: OPPO, Num: 17
PhoneType: 一加, Num: 4
cnt: 341
=====================================
统计中...
PhoneType: IQOO, Num: 20
PhoneType: 苹果, Num: 108
PhoneType: 未知Android设备, Num: 56
PhoneType: OPPO, Num: 18
PhoneType: 一加, Num: 4
PhoneType: 真我, Num: 2
PhoneType: 红米, Num: 25
PhoneType: Vivo, Num: 14
PhoneType: 华为, Num: 60
PhoneType: 三星, Num: 7
PhoneType: 荣耀, Num: 26
PhoneType: 小米, Num: 16
cnt: 356
=====================================
统计中...
PhoneType: 三星, Num: 7
PhoneType: 红米, Num: 29
PhoneType: Vivo, Num: 15
PhoneType: 华为, Num: 61
PhoneType: 小米, Num: 18
PhoneType: 荣耀, Num: 27
PhoneType: IQOO, Num: 21
PhoneType: 苹果, Num: 110
PhoneType: OPPO, Num: 19
PhoneType: 一加, Num: 4
PhoneType: 未知Android设备, Num: 57
PhoneType: 真我, Num: 3
cnt: 371
=====================================
统计中...
PhoneType: 荣耀, Num: 28
PhoneType: 小米, Num: 18
PhoneType: IQOO, Num: 21
PhoneType: 苹果, Num: 114
PhoneType: 未知Android设备, Num: 61
PhoneType: OPPO, Num: 19
PhoneType: 一加, Num: 5
PhoneType: 真我, Num: 3
PhoneType: 华为, Num: 63
PhoneType: 三星, Num: 8
PhoneType: 红米, Num: 30
PhoneType: Vivo, Num: 17
cnt: 387
=====================================
统计中...
PhoneType: 真我, Num: 3
PhoneType: 红米, Num: 30
PhoneType: Vivo, Num: 18
PhoneType: 华为, Num: 68
PhoneType: 三星, Num: 9
PhoneType: 荣耀, Num: 29
PhoneType: 小米, Num: 18
PhoneType: IQOO, Num: 23
PhoneType: 苹果, Num: 117
PhoneType: 未知Android设备, Num: 63
PhoneType: OPPO, Num: 20
PhoneType: 一加, Num: 6
cnt: 404
=====================================
统计中...
PhoneType: 一加, Num: 7
PhoneType: 未知Android设备, Num: 64
PhoneType: OPPO, Num: 22
PhoneType: 真我, Num: 3
PhoneType: 红米, Num: 31
PhoneType: Vivo, Num: 20
PhoneType: 华为, Num: 70
PhoneType: 三星, Num: 9
PhoneType: 荣耀, Num: 29
PhoneType: 小米, Num: 19
PhoneType: IQOO, Num: 24
PhoneType: 苹果, Num: 120
cnt: 418
=====================================
统计中...
PhoneType: 未知Android设备, Num: 71
PhoneType: OPPO, Num: 22
PhoneType: 一加, Num: 7
PhoneType: 真我, Num: 3
PhoneType: 红米, Num: 32
PhoneType: Vivo, Num: 21
PhoneType: 华为, Num: 73
PhoneType: 三星, Num: 9
PhoneType: 荣耀, Num: 29
PhoneType: 小米, Num: 20
PhoneType: IQOO, Num: 24
PhoneType: 苹果, Num: 123
cnt: 434
=====================================
统计中...
PhoneType: 华为, Num: 74
PhoneType: 三星, Num: 9
PhoneType: 红米, Num: 32
PhoneType: Vivo, Num: 21
PhoneType: 荣耀, Num: 29
PhoneType: 小米, Num: 22
PhoneType: IQOO, Num: 25
PhoneType: 苹果, Num: 126
PhoneType: 未知Android设备, Num: 73
PhoneType: OPPO, Num: 22
PhoneType: 一加, Num: 7
PhoneType: 真我, Num: 3
cnt: 443
=====================================
统计中...
PhoneType: 苹果, Num: 126
PhoneType: 未知Android设备, Num: 78
PhoneType: OPPO, Num: 22
PhoneType: 一加, Num: 9
PhoneType: 真我, Num: 4
PhoneType: 华为, Num: 75
PhoneType: 三星, Num: 9
PhoneType: 红米, Num: 33
PhoneType: Vivo, Num: 23
PhoneType: 荣耀, Num: 30
PhoneType: 小米, Num: 23
PhoneType: IQOO, Num: 25
cnt: 457
=====================================
统计中...
PhoneType: 未知Android设备, Num: 78
PhoneType: OPPO, Num: 22
PhoneType: 一加, Num: 9
PhoneType: 真我, Num: 4
PhoneType: 华为, Num: 82
PhoneType: 三星, Num: 9
PhoneType: 红米, Num: 35
PhoneType: Vivo, Num: 25
PhoneType: 荣耀, Num: 31
PhoneType: 小米, Num: 23
PhoneType: IQOO, Num: 25
PhoneType: 苹果, Num: 128
cnt: 471
=====================================
统计中...
PhoneType: 未知Android设备, Num: 79
PhoneType: OPPO, Num: 24
PhoneType: 一加, Num: 10
PhoneType: 真我, Num: 4
PhoneType: 华为, Num: 82
PhoneType: 三星, Num: 11
PhoneType: 红米, Num: 36
PhoneType: Vivo, Num: 26
PhoneType: 荣耀, Num: 31
PhoneType: 小米, Num: 23
PhoneType: IQOO, Num: 25
PhoneType: 苹果, Num: 133
cnt: 484
=====================================
统计中...
PhoneType: 未知Android设备, Num: 81
PhoneType: OPPO, Num: 24
PhoneType: 一加, Num: 10
PhoneType: 真我, Num: 4
PhoneType: Vivo, Num: 26
PhoneType: 华为, Num: 86
PhoneType: 三星, Num: 11
PhoneType: 红米, Num: 40
PhoneType: 荣耀, Num: 31
PhoneType: 小米, Num: 23
PhoneType: IQOO, Num: 25
PhoneType: 苹果, Num: 138
cnt: 499
=====================================
统计中...
PhoneType: 未知Android设备, Num: 88
PhoneType: OPPO, Num: 25
PhoneType: 一加, Num: 10
PhoneType: 真我, Num: 4
PhoneType: 华为, Num: 89
PhoneType: 三星, Num: 11
PhoneType: 红米, Num: 40
PhoneType: Vivo, Num: 26
PhoneType: 荣耀, Num: 31
PhoneType: 小米, Num: 23
PhoneType: IQOO, Num: 25
PhoneType: 苹果, Num: 141
cnt: 513
=====================================
统计中...
PhoneType: 真我, Num: 4
PhoneType: 红米, Num: 41
PhoneType: Vivo, Num: 26
PhoneType: 华为, Num: 90
PhoneType: 三星, Num: 11
PhoneType: 荣耀, Num: 31
PhoneType: 小米, Num: 24
PhoneType: IQOO, Num: 25
PhoneType: 苹果, Num: 144
PhoneType: 一加, Num: 10
PhoneType: 未知Android设备, Num: 98
PhoneType: OPPO, Num: 25
cnt: 529
=====================================
统计中...
PhoneType: 一加, Num: 10
PhoneType: 未知Android设备, Num: 99
PhoneType: OPPO, Num: 26
PhoneType: 真我, Num: 4
PhoneType: 红米, Num: 43
PhoneType: Vivo, Num: 27
PhoneType: 华为, Num: 91
PhoneType: 三星, Num: 11
PhoneType: 荣耀, Num: 32
PhoneType: 小米, Num: 24
PhoneType: IQOO, Num: 25
PhoneType: 苹果, Num: 146
cnt: 538
=====================================
统计中...
PhoneType: 荣耀, Num: 32
PhoneType: 小米, Num: 24
PhoneType: IQOO, Num: 26
PhoneType: 苹果, Num: 153
PhoneType: 未知Android设备, Num: 100
PhoneType: OPPO, Num: 26
PhoneType: 一加, Num: 10
PhoneType: 真我, Num: 4
PhoneType: 华为, Num: 94
PhoneType: 三星, Num: 11
PhoneType: 红米, Num: 44
PhoneType: Vivo, Num: 28
cnt: 552
=====================================
统计中...
PhoneType: 三星, Num: 11
PhoneType: 红米, Num: 45
PhoneType: Vivo, Num: 28
PhoneType: 华为, Num: 95
PhoneType: 小米, Num: 24
PhoneType: 荣耀, Num: 32
PhoneType: IQOO, Num: 28
PhoneType: 苹果, Num: 155
PhoneType: OPPO, Num: 26
PhoneType: 一加, Num: 11
PhoneType: 未知Android设备, Num: 106
PhoneType: 真我, Num: 4
cnt: 565
=====================================
统计中...
PhoneType: 华为, Num: 98
PhoneType: 三星, Num: 11
PhoneType: 红米, Num: 45
PhoneType: Vivo, Num: 29
PhoneType: 荣耀, Num: 32
PhoneType: 小米, Num: 24
PhoneType: IQOO, Num: 28
PhoneType: 苹果, Num: 156
PhoneType: 未知Android设备, Num: 115
PhoneType: OPPO, Num: 26
PhoneType: 一加, Num: 12
PhoneType: 真我, Num: 4
cnt: 580
=====================================
统计中...
PhoneType: 苹果, Num: 160
PhoneType: 未知Android设备, Num: 117
PhoneType: OPPO, Num: 27
PhoneType: 一加, Num: 12
PhoneType: 真我, Num: 4
PhoneType: Vivo, Num: 29
PhoneType: 华为, Num: 98
PhoneType: 三星, Num: 11
PhoneType: 红米, Num: 46
PhoneType: 荣耀, Num: 32
PhoneType: 小米, Num: 26
PhoneType: IQOO, Num: 28
cnt: 590
=====================================
统计中...
PhoneType: 真我, Num: 5
PhoneType: 红米, Num: 46
PhoneType: Vivo, Num: 32
PhoneType: 华为, Num: 99
PhoneType: 三星, Num: 11
PhoneType: 荣耀, Num: 33
PhoneType: 小米, Num: 26
PhoneType: IQOO, Num: 28
PhoneType: 苹果, Num: 165
PhoneType: 未知Android设备, Num: 120
PhoneType: OPPO, Num: 27
PhoneType: 一加, Num: 12
cnt: 604
=====================================
统计中...
PhoneType: IQOO, Num: 28
PhoneType: 苹果, Num: 169
PhoneType: 未知Android设备, Num: 122
PhoneType: OPPO, Num: 28
PhoneType: 一加, Num: 12
PhoneType: 真我, Num: 5
PhoneType: 红米, Num: 46
PhoneType: Vivo, Num: 32
PhoneType: 华为, Num: 102
PhoneType: 三星, Num: 11
PhoneType: 荣耀, Num: 34
PhoneType: 小米, Num: 28
cnt: 617
=====================================
统计中...
PhoneType: 红米, Num: 46
PhoneType: Vivo, Num: 34
PhoneType: 华为, Num: 103
PhoneType: 三星, Num: 11
PhoneType: 荣耀, Num: 34
PhoneType: 小米, Num: 29
PhoneType: IQOO, Num: 28
PhoneType: 苹果, Num: 173
PhoneType: 未知Android设备, Num: 123
PhoneType: OPPO, Num: 29
PhoneType: 一加, Num: 12
PhoneType: 真我, Num: 5
cnt: 627
=====================================
统计中...
PhoneType: 真我, Num: 5
PhoneType: Vivo, Num: 35
PhoneType: 华为, Num: 105
PhoneType: 三星, Num: 11
PhoneType: 红米, Num: 47
PhoneType: 荣耀, Num: 34
PhoneType: 小米, Num: 29
PhoneType: IQOO, Num: 28
PhoneType: 苹果, Num: 180
PhoneType: 未知Android设备, Num: 126
PhoneType: OPPO, Num: 30
PhoneType: 一加, Num: 12
cnt: 642
=====================================
统计中...
PhoneType: IQOO, Num: 28
PhoneType: 苹果, Num: 184
PhoneType: 未知Android设备, Num: 128
PhoneType: OPPO, Num: 30
PhoneType: 一加, Num: 13
PhoneType: 真我, Num: 5
PhoneType: 华为, Num: 108
PhoneType: 三星, Num: 11
PhoneType: 红米, Num: 50
PhoneType: Vivo, Num: 35
PhoneType: 荣耀, Num: 35
PhoneType: 小米, Num: 29
cnt: 656
=====================================
统计中...
PhoneType: 华为, Num: 110
PhoneType: 三星, Num: 11
PhoneType: 红米, Num: 51
PhoneType: Vivo, Num: 36
PhoneType: 荣耀, Num: 35
PhoneType: 小米, Num: 29
PhoneType: IQOO, Num: 28
PhoneType: 苹果, Num: 190
PhoneType: 未知Android设备, Num: 128
PhoneType: OPPO, Num: 31
PhoneType: 一加, Num: 13
PhoneType: 真我, Num: 5
cnt: 667
=====================================
统计中...
PhoneType: 苹果, Num: 192
PhoneType: 未知Android设备, Num: 129
PhoneType: OPPO, Num: 31
PhoneType: 一加, Num: 14
PhoneType: 真我, Num: 6
PhoneType: 华为, Num: 112
PhoneType: 三星, Num: 11
PhoneType: 红米, Num: 54
PhoneType: Vivo, Num: 36
PhoneType: 荣耀, Num: 38
PhoneType: 小米, Num: 29
PhoneType: IQOO, Num: 28
cnt: 680
=====================================
统计中...
PhoneType: 真我, Num: 6
PhoneType: 三星, Num: 11
PhoneType: 红米, Num: 56
PhoneType: Vivo, Num: 38
PhoneType: 华为, Num: 114
PhoneType: 小米, Num: 29
PhoneType: 荣耀, Num: 39
PhoneType: IQOO, Num: 28
PhoneType: 苹果, Num: 195
PhoneType: OPPO, Num: 33
PhoneType: 一加, Num: 15
PhoneType: 未知Android设备, Num: 129
cnt: 693
=====================================
统计中...
PhoneType: 真我, Num: 6
PhoneType: 红米, Num: 57
PhoneType: Vivo, Num: 38
PhoneType: 华为, Num: 115
PhoneType: 三星, Num: 11
PhoneType: 荣耀, Num: 39
PhoneType: 小米, Num: 29
PhoneType: IQOO, Num: 28
PhoneType: 苹果, Num: 199
PhoneType: 未知Android设备, Num: 130
PhoneType: OPPO, Num: 34
PhoneType: 一加, Num: 17
cnt: 703
=====================================
统计中...
PhoneType: 华为, Num: 116
PhoneType: 三星, Num: 11
PhoneType: 红米, Num: 58
PhoneType: Vivo, Num: 39
PhoneType: 荣耀, Num: 40
PhoneType: 小米, Num: 29
PhoneType: IQOO, Num: 29
PhoneType: 苹果, Num: 201
PhoneType: 未知Android设备, Num: 137
PhoneType: OPPO, Num: 34
PhoneType: 一加, Num: 18
PhoneType: 真我, Num: 6
cnt: 718
=====================================
统计中...
PhoneType: 苹果, Num: 204
PhoneType: 未知Android设备, Num: 139
PhoneType: OPPO, Num: 35
PhoneType: 一加, Num: 18
PhoneType: 真我, Num: 6
PhoneType: 红米, Num: 59
PhoneType: Vivo, Num: 39
PhoneType: 华为, Num: 118
PhoneType: 三星, Num: 11
PhoneType: 魅族, Num: 1
PhoneType: 荣耀, Num: 40
PhoneType: 小米, Num: 29
PhoneType: IQOO, Num: 30
cnt: 729
=====================================
统计中...
PhoneType: 真我, Num: 6
PhoneType: Vivo, Num: 40
PhoneType: 华为, Num: 120
PhoneType: 三星, Num: 11
PhoneType: 红米, Num: 60
PhoneType: 魅族, Num: 1
PhoneType: 荣耀, Num: 41
PhoneType: 小米, Num: 29
PhoneType: IQOO, Num: 30
PhoneType: 苹果, Num: 210
PhoneType: 未知Android设备, Num: 140
PhoneType: OPPO, Num: 35
PhoneType: 一加, Num: 20
cnt: 743
=====================================
统计中...
PhoneType: IQOO, Num: 30
PhoneType: 苹果, Num: 214
PhoneType: 未知Android设备, Num: 146
PhoneType: OPPO, Num: 35
PhoneType: 一加, Num: 20
PhoneType: 真我, Num: 6
PhoneType: 华为, Num: 121
PhoneType: 三星, Num: 11
PhoneType: 红米, Num: 60
PhoneType: Vivo, Num: 40
PhoneType: 魅族, Num: 1
PhoneType: 荣耀, Num: 41
PhoneType: 小米, Num: 29
cnt: 754
=====================================
统计中...
PhoneType: 小米, Num: 29
PhoneType: 荣耀, Num: 41
PhoneType: IQOO, Num: 30
PhoneType: 苹果, Num: 219
PhoneType: OPPO, Num: 35
PhoneType: 一加, Num: 20
PhoneType: 未知Android设备, Num: 147
PhoneType: 真我, Num: 6
PhoneType: 三星, Num: 11
PhoneType: 红米, Num: 63
PhoneType: Vivo, Num: 40
PhoneType: 华为, Num: 122
PhoneType: 魅族, Num: 1
cnt: 764
=====================================
统计中...
PhoneType: IQOO, Num: 30
PhoneType: 苹果, Num: 226
PhoneType: 未知Android设备, Num: 148
PhoneType: OPPO, Num: 36
PhoneType: 一加, Num: 20
PhoneType: 真我, Num: 6
PhoneType: 华为, Num: 126
PhoneType: 三星, Num: 11
PhoneType: 红米, Num: 65
PhoneType: Vivo, Num: 40
PhoneType: 魅族, Num: 1
PhoneType: 荣耀, Num: 42
PhoneType: 小米, Num: 29
cnt: 780
=====================================
统计中...
PhoneType: 真我, Num: 6
PhoneType: 华为, Num: 128
PhoneType: 三星, Num: 11
PhoneType: 红米, Num: 66
PhoneType: Vivo, Num: 40
PhoneType: 魅族, Num: 1
PhoneType: 荣耀, Num: 43
PhoneType: 小米, Num: 29
PhoneType: IQOO, Num: 30
PhoneType: 苹果, Num: 229
PhoneType: 未知Android设备, Num: 150
PhoneType: OPPO, Num: 36
PhoneType: 一加, Num: 20
cnt: 789
=====================================
统计中...
PhoneType: 荣耀, Num: 44
PhoneType: 小米, Num: 29
PhoneType: IQOO, Num: 30
PhoneType: 苹果, Num: 234
PhoneType: 未知Android设备, Num: 153
PhoneType: OPPO, Num: 36
PhoneType: 一加, Num: 20
PhoneType: 真我, Num: 6
PhoneType: 红米, Num: 66
PhoneType: Vivo, Num: 40
PhoneType: 华为, Num: 130
PhoneType: 三星, Num: 11
PhoneType: 魅族, Num: 1
cnt: 800
=====================================
统计中...
PhoneType: 苹果, Num: 239
PhoneType: 未知Android设备, Num: 154
PhoneType: OPPO, Num: 36
PhoneType: 一加, Num: 20
PhoneType: 真我, Num: 6
PhoneType: 华为, Num: 131
PhoneType: 三星, Num: 11
PhoneType: 红米, Num: 68
PhoneType: Vivo, Num: 43
PhoneType: 魅族, Num: 1
PhoneType: 荣耀, Num: 44
PhoneType: 小米, Num: 29
PhoneType: IQOO, Num: 30
cnt: 812
=====================================
统计中...
PhoneType: IQOO, Num: 30
PhoneType: 苹果, Num: 242
PhoneType: 未知Android设备, Num: 155
PhoneType: OPPO, Num: 39
PhoneType: 一加, Num: 20
PhoneType: 真我, Num: 6
PhoneType: 华为, Num: 133
PhoneType: 三星, Num: 11
PhoneType: 红米, Num: 69
PhoneType: Vivo, Num: 43
PhoneType: 魅族, Num: 1
PhoneType: 荣耀, Num: 45
PhoneType: 小米, Num: 30
cnt: 824
=====================================
统计中...
PhoneType: IQOO, Num: 30
PhoneType: 苹果, Num: 247
PhoneType: 未知Android设备, Num: 155
PhoneType: OPPO, Num: 40
PhoneType: 一加, Num: 20
PhoneType: 真我, Num: 6
PhoneType: 华为, Num: 135
PhoneType: 三星, Num: 11
PhoneType: 红米, Num: 70
PhoneType: Vivo, Num: 44
PhoneType: 魅族, Num: 1
PhoneType: 荣耀, Num: 46
PhoneType: 小米, Num: 30
cnt: 835
=====================================
统计中...
PhoneType: 苹果, Num: 251
PhoneType: 未知Android设备, Num: 156
PhoneType: OPPO, Num: 41
PhoneType: 一加, Num: 20
PhoneType: 真我, Num: 7
PhoneType: 红米, Num: 73
PhoneType: Vivo, Num: 45
PhoneType: 华为, Num: 138
PhoneType: 三星, Num: 11
PhoneType: 魅族, Num: 1
PhoneType: 荣耀, Num: 46
PhoneType: 小米, Num: 30
PhoneType: IQOO, Num: 30
cnt: 849
=====================================
统计中...
PhoneType: 华为, Num: 138
PhoneType: 三星, Num: 11
PhoneType: 红米, Num: 73
PhoneType: Vivo, Num: 46
PhoneType: 魅族, Num: 1
PhoneType: 荣耀, Num: 46
PhoneType: 小米, Num: 30
PhoneType: IQOO, Num: 30
PhoneType: 苹果, Num: 253
PhoneType: 未知Android设备, Num: 158
PhoneType: OPPO, Num: 42
PhoneType: 一加, Num: 20
PhoneType: 真我, Num: 7
cnt: 855
=====================================
统计中...
PhoneType: 苹果, Num: 254
PhoneType: OPPO, Num: 42
PhoneType: 一加, Num: 20
PhoneType: 未知Android设备, Num: 159
PhoneType: 真我, Num: 7
PhoneType: 三星, Num: 11
PhoneType: 红米, Num: 73
PhoneType: Vivo, Num: 46
PhoneType: 华为, Num: 141
PhoneType: 魅族, Num: 1
PhoneType: 小米, Num: 31
PhoneType: 荣耀, Num: 47
PhoneType: IQOO, Num: 31
cnt: 863
=====================================
统计中...
PhoneType: 苹果, Num: 258
PhoneType: 未知Android设备, Num: 161
PhoneType: OPPO, Num: 43
PhoneType: 一加, Num: 20
PhoneType: 真我, Num: 7
PhoneType: 红米, Num: 75
PhoneType: Vivo, Num: 48
PhoneType: 华为, Num: 143
PhoneType: 三星, Num: 11
PhoneType: 魅族, Num: 1
PhoneType: 荣耀, Num: 47
PhoneType: 小米, Num: 31
PhoneType: IQOO, Num: 31
cnt: 876
=====================================
统计中...
PhoneType: 未知Android设备, Num: 161
PhoneType: OPPO, Num: 43
PhoneType: 一加, Num: 20
PhoneType: 真我, Num: 7
PhoneType: Vivo, Num: 48
PhoneType: 华为, Num: 143
PhoneType: 三星, Num: 11
PhoneType: 红米, Num: 75
PhoneType: 魅族, Num: 1
PhoneType: 荣耀, Num: 47
PhoneType: 小米, Num: 31
PhoneType: IQOO, Num: 31
PhoneType: 苹果, Num: 258
cnt: 876
=====================================
统计中...
PhoneType: 苹果, Num: 261
PhoneType: 未知Android设备, Num: 162
PhoneType: OPPO, Num: 43
PhoneType: 一加, Num: 20
PhoneType: 真我, Num: 7
PhoneType: 红米, Num: 76
PhoneType: Vivo, Num: 49
PhoneType: 华为, Num: 143
PhoneType: 三星, Num: 11
PhoneType: 魅族, Num: 1
PhoneType: 荣耀, Num: 49
PhoneType: 小米, Num: 33
PhoneType: IQOO, Num: 31
cnt: 886
=====================================
统计中...
PhoneType: 三星, Num: 11
PhoneType: 红米, Num: 76
PhoneType: Vivo, Num: 53
PhoneType: 华为, Num: 145
PhoneType: 魅族, Num: 1
PhoneType: 小米, Num: 35
PhoneType: 荣耀, Num: 50
PhoneType: IQOO, Num: 31
PhoneType: 苹果, Num: 262
PhoneType: OPPO, Num: 44
PhoneType: 一加, Num: 21
PhoneType: 未知Android设备, Num: 163
PhoneType: 真我, Num: 7
cnt: 899
=====================================
统计中...
PhoneType: 未知Android设备, Num: 163
PhoneType: OPPO, Num: 44
PhoneType: 一加, Num: 21
PhoneType: 真我, Num: 7
PhoneType: Vivo, Num: 55
PhoneType: 华为, Num: 146
PhoneType: 三星, Num: 11
PhoneType: 红米, Num: 76
PhoneType: 魅族, Num: 1
PhoneType: 荣耀, Num: 50
PhoneType: 小米, Num: 37
PhoneType: IQOO, Num: 33
PhoneType: 苹果, Num: 266
cnt: 910
=====================================
统计中...
PhoneType: 真我, Num: 7
PhoneType: 红米, Num: 77
PhoneType: Vivo, Num: 56
PhoneType: 华为, Num: 148
PhoneType: 三星, Num: 11
PhoneType: 魅族, Num: 1
PhoneType: 荣耀, Num: 50
PhoneType: 小米, Num: 38
PhoneType: IQOO, Num: 34
PhoneType: 苹果, Num: 270
PhoneType: 未知Android设备, Num: 164
PhoneType: OPPO, Num: 45
PhoneType: 一加, Num: 21
cnt: 922
=====================================
统计中...
PhoneType: 苹果, Num: 272
PhoneType: 一加, Num: 21
PhoneType: 未知Android设备, Num: 165
PhoneType: OPPO, Num: 46
PhoneType: 真我, Num: 7
PhoneType: 红米, Num: 78
PhoneType: Vivo, Num: 57
PhoneType: 华为, Num: 152
PhoneType: 三星, Num: 11
PhoneType: 魅族, Num: 1
PhoneType: 荣耀, Num: 50
PhoneType: 小米, Num: 38
PhoneType: IQOO, Num: 35
cnt: 933
=====================================
统计中...
PhoneType: 红米, Num: 79
PhoneType: Vivo, Num: 57
PhoneType: 华为, Num: 155
PhoneType: 三星, Num: 11
PhoneType: 魅族, Num: 1
PhoneType: 荣耀, Num: 50
PhoneType: 小米, Num: 38
PhoneType: IQOO, Num: 38
PhoneType: 苹果, Num: 276
PhoneType: 一加, Num: 21
PhoneType: 未知Android设备, Num: 165
PhoneType: OPPO, Num: 47
PhoneType: 真我, Num: 7
cnt: 945
=====================================
统计中...
PhoneType: 真我, Num: 7
PhoneType: 红米, Num: 80
PhoneType: Vivo, Num: 57
PhoneType: 华为, Num: 158
PhoneType: 三星, Num: 11
PhoneType: 魅族, Num: 1
PhoneType: 荣耀, Num: 51
PhoneType: 小米, Num: 38
PhoneType: IQOO, Num: 38
PhoneType: 苹果, Num: 279
PhoneType: 未知Android设备, Num: 167
PhoneType: OPPO, Num: 49
PhoneType: 一加, Num: 21
cnt: 957
=====================================
统计中...
PhoneType: 苹果, Num: 283
PhoneType: 未知Android设备, Num: 170
PhoneType: OPPO, Num: 50
PhoneType: 一加, Num: 21
PhoneType: 真我, Num: 7
PhoneType: 华为, Num: 160
PhoneType: 三星, Num: 11
PhoneType: 红米, Num: 81
PhoneType: Vivo, Num: 57
PhoneType: 魅族, Num: 1
PhoneType: 荣耀, Num: 51
PhoneType: 小米, Num: 40
PhoneType: IQOO, Num: 38
cnt: 970
=====================================
统计中...
PhoneType: 真我, Num: 7
PhoneType: 红米, Num: 82
PhoneType: Vivo, Num: 58
PhoneType: 华为, Num: 162
PhoneType: 三星, Num: 11
PhoneType: 魅族, Num: 1
PhoneType: 荣耀, Num: 51
PhoneType: 小米, Num: 41
PhoneType: IQOO, Num: 39
PhoneType: 苹果, Num: 285
PhoneType: 未知Android设备, Num: 171
PhoneType: OPPO, Num: 50
PhoneType: 一加, Num: 22
cnt: 980
=====================================
统计中...
PhoneType: IQOO, Num: 39
PhoneType: 苹果, Num: 285
PhoneType: 未知Android设备, Num: 171
PhoneType: OPPO, Num: 50
PhoneType: 一加, Num: 22
PhoneType: 真我, Num: 7
PhoneType: 红米, Num: 82
PhoneType: Vivo, Num: 58
PhoneType: 华为, Num: 162
PhoneType: 三星, Num: 11
PhoneType: 魅族, Num: 1
PhoneType: 荣耀, Num: 51
PhoneType: 小米, Num: 41
cnt: 980
=====================================
统计中...
PhoneType: 真我, Num: 7
PhoneType: 华为, Num: 163
PhoneType: 三星, Num: 11
PhoneType: 红米, Num: 85
PhoneType: Vivo, Num: 58
PhoneType: 魅族, Num: 1
PhoneType: 荣耀, Num: 53
PhoneType: 小米, Num: 41
PhoneType: IQOO, Num: 39
PhoneType: 苹果, Num: 288
PhoneType: 未知Android设备, Num: 173
PhoneType: OPPO, Num: 50
PhoneType: 一加, Num: 22
cnt: 991
=====================================
统计中...
PhoneType: 未知Android设备, Num: 175
PhoneType: OPPO, Num: 50
PhoneType: 一加, Num: 22
PhoneType: 真我, Num: 7
PhoneType: 华为, Num: 164
PhoneType: 三星, Num: 11
PhoneType: 红米, Num: 85
PhoneType: Vivo, Num: 59
PhoneType: 魅族, Num: 1
PhoneType: 荣耀, Num: 54
PhoneType: 小米, Num: 43
PhoneType: IQOO, Num: 39
PhoneType: 苹果, Num: 295
cnt: 1005
=====================================
统计中...
==========================最终统计结果：未知机型============================
PhoneType: 不显示, Num: 69
PhoneType: 微博轻享版, Num: 25
PhoneType: WARNING: No blog found, Num: 7
PhoneType: 微博网页版, Num: 5
PhoneType: 微博游戏, Num: 2
PhoneType: 冬天的第一场雪, Num: 2
PhoneType: <a target="_blank" href="https://t.sina.com.cn" rel="nofollow">微博视频号</a>, Num: 2
PhoneType: iPad air, Num: 2
PhoneType: 微博极速版, Num: 2
PhoneType: <a target="_blank" href="https://app.weibo.com/t/feed/6pepp8" rel="nofollow">黑鲨4S</a>, Num: 1
PhoneType: 与贤真的星辰大海, Num: 1
PhoneType: iPad Pro, Num: 1
PhoneType: 月球, Num: 1
PhoneType: 守护珠泫的骑士, Num: 1
PhoneType: 为你写的情诗, Num: 1
PhoneType: 云顾缠绵的被窝, Num: 1
PhoneType: 生日动态, Num: 1
PhoneType: N&A假日出逃企划, Num: 1
PhoneType: 高明的ISTP, Num: 1
PhoneType: 迷宫底层干饭人, Num: 1
PhoneType: 和小洁年“赴”一年, Num: 1
PhoneType: 大耳狗的肉桂卷, Num: 1
PhoneType: 超话, Num: 1
PhoneType: 微博手机版, Num: 1
PhoneType: 被贫穷限制的我, Num: 1
PhoneType: 不会延毕的moon, Num: 1
PhoneType: CP粉磕糖日常, Num: 1
PhoneType: 魔法猫咪所愿皆成真, Num: 1
PhoneType: 微博 HTML5 版, Num: 1
PhoneType: <a target="_blank" href="https://app.weibo.com/t/feed/49e7UK" rel="nofollow">麦芒 8</a>, Num: 1
PhoneType: <a target="_blank" href="https://app.weibo.com/t/feed/41dXEB" rel="nofollow">Note 9</a>, Num: 1
PhoneType: 网易云音乐, Num: 1
PhoneType: <a target="_blank" href="https://app.weibo.com/t/feed/3MaD4x" rel="nofollow">Turbo 3 哈利·波特版</a>, Num: 1
PhoneType: 微博仅供参考, Num: 1
PhoneType: 所愿皆成真, Num: 1
PhoneType: 小熊牌盐汽水, Num: 1
PhoneType: 檀健次的海底世界, Num: 1
==========================最终统计结果：已知机型============================
PhoneType: 苹果, Num: 295
PhoneType: 未知Android设备, Num: 175
PhoneType: 华为, Num: 164
PhoneType: 红米, Num: 85
PhoneType: Vivo, Num: 59
PhoneType: 荣耀, Num: 54
PhoneType: OPPO, Num: 50
PhoneType: 小米, Num: 43
PhoneType: IQOO, Num: 39
PhoneType: 一加, Num: 22
PhoneType: 三星, Num: 11
PhoneType: 真我, Num: 7
PhoneType: 魅族, Num: 1
