统计中...
PhoneType: 苹果, Num: 9
PhoneType: OPPO, Num: 1
PhoneType: 小米, Num: 1
PhoneType: 一加, Num: 1
PhoneType: 荣耀, Num: 3
PhoneType: 三星, Num: 1
PhoneType: 华为, Num: 1
cnt: 17
=====================================
统计中...
PhoneType: 三星, Num: 2
PhoneType: 华为, Num: 3
PhoneType: 红米, Num: 1
PhoneType: 荣耀, Num: 3
PhoneType: 一加, Num: 1
PhoneType: Vivo, Num: 3
PhoneType: 苹果, Num: 16
PhoneType: OPPO, Num: 2
PhoneType: 小米, Num: 2
cnt: 33
=====================================
统计中...
PhoneType: Vivo, Num: 3
PhoneType: OPPO, Num: 2
PhoneType: 一加, Num: 1
PhoneType: 华为, Num: 3
PhoneType: 红米, Num: 2
PhoneType: 荣耀, Num: 3
PhoneType: 苹果, Num: 28
PhoneType: 小米, Num: 3
PhoneType: 三星, Num: 3
cnt: 48
=====================================
统计中...
PhoneType: 苹果, Num: 35
PhoneType: 小米, Num: 5
PhoneType: 三星, Num: 3
PhoneType: 未知Android设备, Num: 1
PhoneType: IQOO, Num: 1
PhoneType: OPPO, Num: 2
PhoneType: 一加, Num: 1
PhoneType: Vivo, Num: 3
PhoneType: 红米, Num: 3
PhoneType: 荣耀, Num: 4
PhoneType: 华为, Num: 3
cnt: 61
=====================================
统计中...
PhoneType: OPPO, Num: 2
PhoneType: 一加, Num: 2
PhoneType: Vivo, Num: 3
PhoneType: IQOO, Num: 1
PhoneType: 荣耀, Num: 4
PhoneType: 华为, Num: 3
PhoneType: 红米, Num: 3
PhoneType: 苹果, Num: 41
PhoneType: 小米, Num: 8
PhoneType: 三星, Num: 3
PhoneType: 未知Android设备, Num: 1
cnt: 71
=====================================
统计中...
PhoneType: 未知Android设备, Num: 1
PhoneType: 三星, Num: 3
PhoneType: Vivo, Num: 3
PhoneType: IQOO, Num: 1
PhoneType: OPPO, Num: 4
PhoneType: 一加, Num: 2
PhoneType: 华为, Num: 4
PhoneType: 红米, Num: 4
PhoneType: 荣耀, Num: 4
PhoneType: 苹果, Num: 50
PhoneType: 小米, Num: 8
cnt: 84
=====================================
统计中...
PhoneType: 华为, Num: 6
PhoneType: 红米, Num: 4
PhoneType: 荣耀, Num: 6
PhoneType: 小米, Num: 9
PhoneType: 苹果, Num: 53
PhoneType: 三星, Num: 4
PhoneType: 未知Android设备, Num: 2
PhoneType: 一加, Num: 2
PhoneType: Vivo, Num: 3
PhoneType: IQOO, Num: 3
PhoneType: OPPO, Num: 4
cnt: 96
=====================================
统计中...
PhoneType: 荣耀, Num: 7
PhoneType: 华为, Num: 7
PhoneType: 红米, Num: 5
PhoneType: 苹果, Num: 58
PhoneType: 小米, Num: 12
PhoneType: 三星, Num: 5
PhoneType: 未知Android设备, Num: 2
PhoneType: OPPO, Num: 4
PhoneType: 一加, Num: 3
PhoneType: Vivo, Num: 3
PhoneType: IQOO, Num: 3
cnt: 109
=====================================
统计中...
PhoneType: 荣耀, Num: 8
PhoneType: 华为, Num: 10
PhoneType: 红米, Num: 5
PhoneType: 苹果, Num: 69
PhoneType: 小米, Num: 12
PhoneType: 三星, Num: 5
PhoneType: 未知Android设备, Num: 2
PhoneType: OPPO, Num: 4
PhoneType: 一加, Num: 3
PhoneType: Vivo, Num: 3
PhoneType: IQOO, Num: 3
cnt: 124
=====================================
统计中...
PhoneType: 华为, Num: 14
PhoneType: 红米, Num: 5
PhoneType: 荣耀, Num: 10
PhoneType: 小米, Num: 13
PhoneType: 苹果, Num: 79
PhoneType: 三星, Num: 5
PhoneType: 未知Android设备, Num: 2
PhoneType: 一加, Num: 4
PhoneType: Vivo, Num: 3
PhoneType: IQOO, Num: 3
PhoneType: OPPO, Num: 4
cnt: 142
=====================================
统计中...
PhoneType: 三星, Num: 5
PhoneType: 未知Android设备, Num: 3
PhoneType: IQOO, Num: 4
PhoneType: OPPO, Num: 4
PhoneType: 一加, Num: 4
PhoneType: Vivo, Num: 3
PhoneType: 红米, Num: 5
PhoneType: 荣耀, Num: 11
PhoneType: 华为, Num: 15
PhoneType: 苹果, Num: 86
PhoneType: 小米, Num: 13
cnt: 153
=====================================
统计中...
PhoneType: 苹果, Num: 93
PhoneType: 小米, Num: 14
PhoneType: 三星, Num: 6
PhoneType: 未知Android设备, Num: 3
PhoneType: IQOO, Num: 4
PhoneType: OPPO, Num: 5
PhoneType: 一加, Num: 4
PhoneType: Vivo, Num: 3
PhoneType: 红米, Num: 5
PhoneType: 荣耀, Num: 13
PhoneType: 华为, Num: 16
cnt: 166
=====================================
统计中...
PhoneType: OPPO, Num: 5
PhoneType: 一加, Num: 4
PhoneType: Vivo, Num: 3
PhoneType: IQOO, Num: 4
PhoneType: 荣耀, Num: 15
PhoneType: 华为, Num: 19
PhoneType: 红米, Num: 6
PhoneType: 苹果, Num: 98
PhoneType: 小米, Num: 14
PhoneType: 三星, Num: 6
PhoneType: 未知Android设备, Num: 3
cnt: 177
=====================================
统计中...
PhoneType: 三星, Num: 6
PhoneType: 未知Android设备, Num: 3
PhoneType: 一加, Num: 4
PhoneType: Vivo, Num: 3
PhoneType: IQOO, Num: 4
PhoneType: OPPO, Num: 5
PhoneType: 华为, Num: 19
PhoneType: 红米, Num: 7
PhoneType: 荣耀, Num: 16
PhoneType: 小米, Num: 16
PhoneType: 苹果, Num: 105
cnt: 188
=====================================
统计中...
PhoneType: 苹果, Num: 115
PhoneType: 小米, Num: 17
PhoneType: 三星, Num: 6
PhoneType: 未知Android设备, Num: 3
PhoneType: OPPO, Num: 6
PhoneType: 一加, Num: 4
PhoneType: Vivo, Num: 3
PhoneType: IQOO, Num: 4
PhoneType: 荣耀, Num: 17
PhoneType: 华为, Num: 20
PhoneType: 红米, Num: 8
cnt: 203
=====================================
统计中...
PhoneType: 苹果, Num: 122
PhoneType: 小米, Num: 17
PhoneType: 未知Android设备, Num: 4
PhoneType: 三星, Num: 6
PhoneType: Vivo, Num: 3
PhoneType: IQOO, Num: 4
PhoneType: OPPO, Num: 9
PhoneType: 一加, Num: 5
PhoneType: 华为, Num: 21
PhoneType: 红米, Num: 8
PhoneType: 荣耀, Num: 18
cnt: 217
=====================================
统计中...
PhoneType: 苹果, Num: 132
PhoneType: 小米, Num: 18
PhoneType: 未知Android设备, Num: 4
PhoneType: 三星, Num: 6
PhoneType: Vivo, Num: 3
PhoneType: IQOO, Num: 4
PhoneType: OPPO, Num: 9
PhoneType: 一加, Num: 6
PhoneType: 华为, Num: 23
PhoneType: 红米, Num: 8
PhoneType: 荣耀, Num: 19
cnt: 232
=====================================
统计中...
PhoneType: 苹果, Num: 138
PhoneType: 小米, Num: 19
PhoneType: 三星, Num: 6
PhoneType: 未知Android设备, Num: 5
PhoneType: OPPO, Num: 10
PhoneType: 一加, Num: 6
PhoneType: Vivo, Num: 4
PhoneType: IQOO, Num: 4
PhoneType: 荣耀, Num: 20
PhoneType: 华为, Num: 23
PhoneType: 红米, Num: 9
cnt: 244
=====================================
统计中...
PhoneType: 苹果, Num: 144
PhoneType: 小米, Num: 23
PhoneType: 三星, Num: 6
PhoneType: 未知Android设备, Num: 5
PhoneType: OPPO, Num: 10
PhoneType: 一加, Num: 6
PhoneType: Vivo, Num: 4
PhoneType: IQOO, Num: 4
PhoneType: 荣耀, Num: 22
PhoneType: 华为, Num: 24
PhoneType: 红米, Num: 9
cnt: 257
=====================================
统计中...
PhoneType: 小米, Num: 26
PhoneType: 苹果, Num: 148
PhoneType: 三星, Num: 7
PhoneType: 未知Android设备, Num: 6
PhoneType: 一加, Num: 6
PhoneType: Vivo, Num: 4
PhoneType: IQOO, Num: 5
PhoneType: OPPO, Num: 10
PhoneType: 华为, Num: 27
PhoneType: 红米, Num: 10
PhoneType: 荣耀, Num: 23
cnt: 272
=====================================
统计中...
PhoneType: 荣耀, Num: 24
PhoneType: 华为, Num: 29
PhoneType: 红米, Num: 10
PhoneType: 苹果, Num: 158
PhoneType: 小米, Num: 27
PhoneType: 真我, Num: 1
PhoneType: 三星, Num: 7
PhoneType: 未知Android设备, Num: 6
PhoneType: OPPO, Num: 11
PhoneType: 一加, Num: 6
PhoneType: Vivo, Num: 5
PhoneType: IQOO, Num: 5
cnt: 289
=====================================
统计中...
PhoneType: 真我, Num: 1
PhoneType: 三星, Num: 7
PhoneType: 未知Android设备, Num: 6
PhoneType: IQOO, Num: 5
PhoneType: OPPO, Num: 11
PhoneType: 一加, Num: 6
PhoneType: Vivo, Num: 5
PhoneType: 红米, Num: 10
PhoneType: 荣耀, Num: 24
PhoneType: 华为, Num: 29
PhoneType: 苹果, Num: 158
PhoneType: 小米, Num: 27
cnt: 289
=====================================
统计中...
PhoneType: Vivo, Num: 5
PhoneType: IQOO, Num: 6
PhoneType: 华为, Num: 32
PhoneType: 红米, Num: 11
PhoneType: 苹果, Num: 165
PhoneType: 真我, Num: 1
PhoneType: 三星, Num: 7
PhoneType: 未知Android设备, Num: 6
PhoneType: OPPO, Num: 12
PhoneType: 一加, Num: 6
PhoneType: 荣耀, Num: 25
PhoneType: 小米, Num: 29
cnt: 305
=====================================
统计中...
PhoneType: Vivo, Num: 5
PhoneType: IQOO, Num: 6
PhoneType: 华为, Num: 36
PhoneType: 红米, Num: 11
PhoneType: 苹果, Num: 169
PhoneType: 真我, Num: 1
PhoneType: 三星, Num: 7
PhoneType: 未知Android设备, Num: 8
PhoneType: OPPO, Num: 13
PhoneType: 一加, Num: 6
PhoneType: 荣耀, Num: 28
PhoneType: 小米, Num: 30
cnt: 320
=====================================
统计中...
PhoneType: Vivo, Num: 6
PhoneType: IQOO, Num: 6
PhoneType: 华为, Num: 41
PhoneType: 红米, Num: 12
PhoneType: 苹果, Num: 174
PhoneType: 真我, Num: 1
PhoneType: 三星, Num: 7
PhoneType: 未知Android设备, Num: 10
PhoneType: OPPO, Num: 13
PhoneType: 一加, Num: 6
PhoneType: 荣耀, Num: 28
PhoneType: 小米, Num: 33
cnt: 337
=====================================
统计中...
PhoneType: 真我, Num: 1
PhoneType: 三星, Num: 8
PhoneType: 未知Android设备, Num: 10
PhoneType: OPPO, Num: 13
PhoneType: 一加, Num: 6
PhoneType: 荣耀, Num: 29
PhoneType: 小米, Num: 33
PhoneType: Vivo, Num: 6
PhoneType: IQOO, Num: 6
PhoneType: 华为, Num: 43
PhoneType: 红米, Num: 13
PhoneType: 苹果, Num: 180
cnt: 348
=====================================
统计中...
PhoneType: 小米, Num: 34
PhoneType: Vivo, Num: 7
PhoneType: IQOO, Num: 6
PhoneType: 华为, Num: 47
PhoneType: 红米, Num: 13
PhoneType: 苹果, Num: 183
PhoneType: 真我, Num: 2
PhoneType: 三星, Num: 9
PhoneType: 未知Android设备, Num: 12
PhoneType: OPPO, Num: 13
PhoneType: 一加, Num: 7
PhoneType: 荣耀, Num: 29
cnt: 362
=====================================
统计中...
PhoneType: 苹果, Num: 188
PhoneType: 真我, Num: 2
PhoneType: 三星, Num: 9
PhoneType: 未知Android设备, Num: 12
PhoneType: OPPO, Num: 14
PhoneType: 一加, Num: 9
PhoneType: 荣耀, Num: 29
PhoneType: 小米, Num: 34
PhoneType: Vivo, Num: 7
PhoneType: IQOO, Num: 6
PhoneType: 华为, Num: 48
PhoneType: 红米, Num: 13
cnt: 371
=====================================
统计中...
PhoneType: 小米, Num: 34
PhoneType: Vivo, Num: 7
PhoneType: IQOO, Num: 6
PhoneType: 华为, Num: 52
PhoneType: 红米, Num: 13
PhoneType: 苹果, Num: 196
PhoneType: 三星, Num: 9
PhoneType: 未知Android设备, Num: 12
PhoneType: 真我, Num: 2
PhoneType: OPPO, Num: 14
PhoneType: 一加, Num: 9
PhoneType: 荣耀, Num: 29
cnt: 383
=====================================
统计中...
PhoneType: 荣耀, Num: 30
PhoneType: 小米, Num: 35
PhoneType: Vivo, Num: 7
PhoneType: IQOO, Num: 6
PhoneType: 华为, Num: 54
PhoneType: 红米, Num: 13
PhoneType: 苹果, Num: 199
PhoneType: 三星, Num: 10
PhoneType: 未知Android设备, Num: 12
PhoneType: 真我, Num: 2
PhoneType: OPPO, Num: 16
PhoneType: 一加, Num: 9
cnt: 393
=====================================
统计中...
PhoneType: OPPO, Num: 17
PhoneType: 一加, Num: 9
PhoneType: 荣耀, Num: 32
PhoneType: 小米, Num: 38
PhoneType: Vivo, Num: 7
PhoneType: IQOO, Num: 7
PhoneType: 华为, Num: 54
PhoneType: 红米, Num: 14
PhoneType: 苹果, Num: 205
PhoneType: 真我, Num: 2
PhoneType: 三星, Num: 10
PhoneType: 未知Android设备, Num: 12
cnt: 407
=====================================
统计中...
PhoneType: 三星, Num: 10
PhoneType: 未知Android设备, Num: 12
PhoneType: 真我, Num: 2
PhoneType: 魅族, Num: 1
PhoneType: 一加, Num: 9
PhoneType: OPPO, Num: 17
PhoneType: 荣耀, Num: 32
PhoneType: 小米, Num: 39
PhoneType: IQOO, Num: 7
PhoneType: Vivo, Num: 8
PhoneType: 红米, Num: 14
PhoneType: 华为, Num: 54
PhoneType: 苹果, Num: 207
cnt: 412
=====================================
统计中...
PhoneType: 红米, Num: 15
PhoneType: 华为, Num: 57
PhoneType: 苹果, Num: 215
PhoneType: 三星, Num: 10
PhoneType: 未知Android设备, Num: 13
PhoneType: 真我, Num: 2
PhoneType: 魅族, Num: 1
PhoneType: 一加, Num: 11
PhoneType: OPPO, Num: 17
PhoneType: 荣耀, Num: 32
PhoneType: 小米, Num: 39
PhoneType: IQOO, Num: 7
PhoneType: Vivo, Num: 8
cnt: 427
=====================================
统计中...
PhoneType: 三星, Num: 10
PhoneType: 未知Android设备, Num: 13
PhoneType: 真我, Num: 2
PhoneType: 魅族, Num: 1
PhoneType: OPPO, Num: 18
PhoneType: 一加, Num: 12
PhoneType: 荣耀, Num: 33
PhoneType: 小米, Num: 40
PhoneType: Vivo, Num: 8
PhoneType: IQOO, Num: 8
PhoneType: 华为, Num: 58
PhoneType: 红米, Num: 15
PhoneType: 苹果, Num: 219
cnt: 437
=====================================
统计中...
PhoneType: 荣耀, Num: 35
PhoneType: 小米, Num: 40
PhoneType: IQOO, Num: 9
PhoneType: 努比亚, Num: 1
PhoneType: Vivo, Num: 8
PhoneType: 红米, Num: 15
PhoneType: 华为, Num: 62
PhoneType: 苹果, Num: 221
PhoneType: 三星, Num: 10
PhoneType: 未知Android设备, Num: 13
PhoneType: 真我, Num: 2
PhoneType: 魅族, Num: 1
PhoneType: 一加, Num: 12
PhoneType: OPPO, Num: 19
cnt: 448
=====================================
统计中...
PhoneType: Vivo, Num: 8
PhoneType: IQOO, Num: 9
PhoneType: 努比亚, Num: 1
PhoneType: 华为, Num: 63
PhoneType: 红米, Num: 15
PhoneType: 苹果, Num: 222
PhoneType: 三星, Num: 10
PhoneType: 未知Android设备, Num: 13
PhoneType: 真我, Num: 2
PhoneType: 魅族, Num: 1
PhoneType: OPPO, Num: 19
PhoneType: 一加, Num: 12
PhoneType: 荣耀, Num: 35
PhoneType: 小米, Num: 40
cnt: 450
=====================================
统计中...
PhoneType: 华为, Num: 64
PhoneType: 红米, Num: 16
PhoneType: 苹果, Num: 224
PhoneType: 三星, Num: 10
PhoneType: 未知Android设备, Num: 13
PhoneType: 真我, Num: 2
PhoneType: 魅族, Num: 1
PhoneType: OPPO, Num: 19
PhoneType: 一加, Num: 13
PhoneType: 荣耀, Num: 35
PhoneType: 小米, Num: 40
PhoneType: Vivo, Num: 8
PhoneType: IQOO, Num: 10
PhoneType: 努比亚, Num: 1
cnt: 456
=====================================
统计中...
PhoneType: OPPO, Num: 19
PhoneType: 一加, Num: 14
PhoneType: 荣耀, Num: 35
PhoneType: 小米, Num: 40
PhoneType: 努比亚, Num: 1
PhoneType: Vivo, Num: 8
PhoneType: IQOO, Num: 11
PhoneType: 华为, Num: 66
PhoneType: 红米, Num: 16
PhoneType: 苹果, Num: 231
PhoneType: 真我, Num: 2
PhoneType: 魅族, Num: 1
PhoneType: 三星, Num: 10
PhoneType: 未知Android设备, Num: 13
cnt: 467
=====================================
统计中...
PhoneType: OPPO, Num: 19
PhoneType: 一加, Num: 14
PhoneType: 荣耀, Num: 37
PhoneType: 小米, Num: 40
PhoneType: 努比亚, Num: 1
PhoneType: Vivo, Num: 8
PhoneType: IQOO, Num: 11
PhoneType: 华为, Num: 67
PhoneType: 红米, Num: 18
PhoneType: 苹果, Num: 236
PhoneType: 真我, Num: 2
PhoneType: 魅族, Num: 1
PhoneType: 三星, Num: 11
PhoneType: 未知Android设备, Num: 13
cnt: 478
=====================================
统计中...
PhoneType: 努比亚, Num: 1
PhoneType: Vivo, Num: 8
PhoneType: IQOO, Num: 11
PhoneType: 华为, Num: 72
PhoneType: 红米, Num: 18
PhoneType: 苹果, Num: 242
PhoneType: 真我, Num: 2
PhoneType: 魅族, Num: 1
PhoneType: 三星, Num: 11
PhoneType: 未知Android设备, Num: 15
PhoneType: OPPO, Num: 19
PhoneType: 一加, Num: 14
PhoneType: 荣耀, Num: 38
PhoneType: 小米, Num: 44
cnt: 496
=====================================
统计中...
PhoneType: 小米, Num: 46
PhoneType: 努比亚, Num: 1
PhoneType: Vivo, Num: 8
PhoneType: IQOO, Num: 12
PhoneType: 华为, Num: 73
PhoneType: 红米, Num: 18
PhoneType: 苹果, Num: 250
PhoneType: 真我, Num: 2
PhoneType: 魅族, Num: 1
PhoneType: 三星, Num: 13
PhoneType: 未知Android设备, Num: 17
PhoneType: OPPO, Num: 19
PhoneType: 一加, Num: 14
PhoneType: 荣耀, Num: 40
cnt: 514
=====================================
统计中...
PhoneType: 荣耀, Num: 40
PhoneType: 小米, Num: 46
PhoneType: Vivo, Num: 8
PhoneType: IQOO, Num: 12
PhoneType: 努比亚, Num: 1
PhoneType: 华为, Num: 74
PhoneType: 红米, Num: 18
PhoneType: 苹果, Num: 252
PhoneType: 三星, Num: 13
PhoneType: 未知Android设备, Num: 17
PhoneType: 真我, Num: 2
PhoneType: 魅族, Num: 1
PhoneType: OPPO, Num: 20
PhoneType: 一加, Num: 14
cnt: 518
=====================================
统计中...
PhoneType: 华为, Num: 76
PhoneType: 红米, Num: 18
PhoneType: 苹果, Num: 254
PhoneType: 三星, Num: 13
PhoneType: 未知Android设备, Num: 17
PhoneType: 真我, Num: 2
PhoneType: 魅族, Num: 1
PhoneType: OPPO, Num: 20
PhoneType: 一加, Num: 15
PhoneType: 荣耀, Num: 40
PhoneType: 小米, Num: 48
PhoneType: Vivo, Num: 8
PhoneType: IQOO, Num: 12
PhoneType: 努比亚, Num: 1
cnt: 525
=====================================
统计中...
PhoneType: 努比亚, Num: 1
PhoneType: Vivo, Num: 8
PhoneType: IQOO, Num: 12
PhoneType: 华为, Num: 77
PhoneType: 红米, Num: 18
PhoneType: 苹果, Num: 258
PhoneType: 真我, Num: 2
PhoneType: 魅族, Num: 1
PhoneType: 三星, Num: 13
PhoneType: 未知Android设备, Num: 17
PhoneType: OPPO, Num: 20
PhoneType: 一加, Num: 15
PhoneType: 荣耀, Num: 43
PhoneType: 小米, Num: 48
cnt: 533
=====================================
统计中...
PhoneType: 真我, Num: 2
PhoneType: 魅族, Num: 1
PhoneType: 三星, Num: 13
PhoneType: 未知Android设备, Num: 17
PhoneType: OPPO, Num: 20
PhoneType: 一加, Num: 15
PhoneType: 荣耀, Num: 43
PhoneType: 小米, Num: 49
PhoneType: 努比亚, Num: 1
PhoneType: Vivo, Num: 8
PhoneType: IQOO, Num: 12
PhoneType: 华为, Num: 78
PhoneType: 红米, Num: 19
PhoneType: 苹果, Num: 267
cnt: 545
=====================================
统计中...
PhoneType: 苹果, Num: 270
PhoneType: 真我, Num: 3
PhoneType: 魅族, Num: 1
PhoneType: 三星, Num: 14
PhoneType: 未知Android设备, Num: 17
PhoneType: OPPO, Num: 20
PhoneType: 一加, Num: 15
PhoneType: 荣耀, Num: 44
PhoneType: 小米, Num: 50
PhoneType: 努比亚, Num: 1
PhoneType: Vivo, Num: 9
PhoneType: IQOO, Num: 12
PhoneType: 华为, Num: 80
PhoneType: 红米, Num: 20
cnt: 556
=====================================
统计中...
PhoneType: 小米, Num: 50
PhoneType: Vivo, Num: 9
PhoneType: IQOO, Num: 12
PhoneType: 努比亚, Num: 1
PhoneType: 华为, Num: 82
PhoneType: 红米, Num: 21
PhoneType: 苹果, Num: 277
PhoneType: 三星, Num: 14
PhoneType: 未知Android设备, Num: 17
PhoneType: 真我, Num: 4
PhoneType: 魅族, Num: 1
PhoneType: OPPO, Num: 20
PhoneType: 一加, Num: 15
PhoneType: 荣耀, Num: 45
cnt: 568
=====================================
统计中...
PhoneType: 荣耀, Num: 45
PhoneType: 小米, Num: 51
PhoneType: Vivo, Num: 10
PhoneType: IQOO, Num: 12
PhoneType: 努比亚, Num: 1
PhoneType: 华为, Num: 86
PhoneType: 红米, Num: 21
PhoneType: 苹果, Num: 285
PhoneType: 三星, Num: 14
PhoneType: 未知Android设备, Num: 17
PhoneType: 真我, Num: 4
PhoneType: 魅族, Num: 1
PhoneType: OPPO, Num: 20
PhoneType: 一加, Num: 15
cnt: 582
=====================================
统计中...
PhoneType: 努比亚, Num: 1
PhoneType: Vivo, Num: 10
PhoneType: IQOO, Num: 12
PhoneType: 华为, Num: 88
PhoneType: 红米, Num: 22
PhoneType: 苹果, Num: 288
PhoneType: 真我, Num: 4
PhoneType: 魅族, Num: 1
PhoneType: 三星, Num: 14
PhoneType: 未知Android设备, Num: 17
PhoneType: OPPO, Num: 21
PhoneType: 一加, Num: 16
PhoneType: 荣耀, Num: 46
PhoneType: 小米, Num: 51
cnt: 591
=====================================
统计中...
PhoneType: 华为, Num: 89
PhoneType: 红米, Num: 22
PhoneType: 苹果, Num: 293
PhoneType: 真我, Num: 4
PhoneType: 魅族, Num: 1
PhoneType: 三星, Num: 14
PhoneType: 未知Android设备, Num: 17
PhoneType: OPPO, Num: 21
PhoneType: 一加, Num: 16
PhoneType: 荣耀, Num: 46
PhoneType: 小米, Num: 52
PhoneType: 努比亚, Num: 1
PhoneType: Vivo, Num: 10
PhoneType: IQOO, Num: 12
cnt: 598
=====================================
统计中...
PhoneType: 三星, Num: 14
PhoneType: 未知Android设备, Num: 17
PhoneType: 真我, Num: 4
PhoneType: 魅族, Num: 1
PhoneType: OPPO, Num: 21
PhoneType: 一加, Num: 16
PhoneType: 荣耀, Num: 46
PhoneType: 小米, Num: 54
PhoneType: Vivo, Num: 10
PhoneType: IQOO, Num: 13
PhoneType: 努比亚, Num: 1
PhoneType: 华为, Num: 90
PhoneType: 红米, Num: 24
PhoneType: 苹果, Num: 301
cnt: 612
=====================================
统计中...
PhoneType: 华为, Num: 90
PhoneType: 红米, Num: 25
PhoneType: 苹果, Num: 304
PhoneType: 真我, Num: 4
PhoneType: 魅族, Num: 1
PhoneType: 三星, Num: 14
PhoneType: 未知Android设备, Num: 17
PhoneType: OPPO, Num: 22
PhoneType: 一加, Num: 16
PhoneType: 荣耀, Num: 47
PhoneType: 小米, Num: 55
PhoneType: 努比亚, Num: 1
PhoneType: Vivo, Num: 11
PhoneType: IQOO, Num: 13
cnt: 620
=====================================
统计中...
PhoneType: 小米, Num: 56
PhoneType: Vivo, Num: 12
PhoneType: IQOO, Num: 13
PhoneType: 努比亚, Num: 1
PhoneType: 华为, Num: 93
PhoneType: 红米, Num: 27
PhoneType: 苹果, Num: 310
PhoneType: 真我, Num: 4
PhoneType: 魅族, Num: 1
PhoneType: 三星, Num: 14
PhoneType: 未知Android设备, Num: 17
PhoneType: OPPO, Num: 22
PhoneType: 一加, Num: 16
PhoneType: 荣耀, Num: 47
cnt: 633
=====================================
统计中...
PhoneType: 未知Android设备, Num: 17
PhoneType: 真我, Num: 4
PhoneType: 魅族, Num: 1
PhoneType: 三星, Num: 14
PhoneType: OPPO, Num: 22
PhoneType: 一加, Num: 16
PhoneType: 荣耀, Num: 47
PhoneType: 小米, Num: 56
PhoneType: 努比亚, Num: 1
PhoneType: Vivo, Num: 13
PhoneType: IQOO, Num: 14
PhoneType: 红米, Num: 28
PhoneType: 华为, Num: 95
PhoneType: 苹果, Num: 316
cnt: 644
=====================================
统计中...
PhoneType: OPPO, Num: 22
PhoneType: 一加, Num: 16
PhoneType: 荣耀, Num: 47
PhoneType: 小米, Num: 57
PhoneType: Vivo, Num: 13
PhoneType: IQOO, Num: 14
PhoneType: 努比亚, Num: 1
PhoneType: 华为, Num: 95
PhoneType: 红米, Num: 28
PhoneType: 苹果, Num: 318
PhoneType: 三星, Num: 14
PhoneType: 未知Android设备, Num: 17
PhoneType: 真我, Num: 4
PhoneType: 魅族, Num: 1
cnt: 647
=====================================
统计中...
PhoneType: 努比亚, Num: 1
PhoneType: Vivo, Num: 13
PhoneType: IQOO, Num: 14
PhoneType: 华为, Num: 95
PhoneType: 红米, Num: 30
PhoneType: 苹果, Num: 327
PhoneType: 真我, Num: 4
PhoneType: 魅族, Num: 1
PhoneType: 三星, Num: 14
PhoneType: 未知Android设备, Num: 18
PhoneType: OPPO, Num: 23
PhoneType: 一加, Num: 16
PhoneType: 荣耀, Num: 47
PhoneType: 小米, Num: 58
cnt: 661
=====================================
统计中...
PhoneType: Vivo, Num: 13
PhoneType: IQOO, Num: 15
PhoneType: 努比亚, Num: 1
PhoneType: 华为, Num: 98
PhoneType: 红米, Num: 31
PhoneType: 苹果, Num: 334
PhoneType: 真我, Num: 4
PhoneType: 魅族, Num: 1
PhoneType: 三星, Num: 14
PhoneType: 未知Android设备, Num: 20
PhoneType: OPPO, Num: 25
PhoneType: 一加, Num: 16
PhoneType: 荣耀, Num: 47
PhoneType: 小米, Num: 58
cnt: 677
=====================================
统计中...
PhoneType: Vivo, Num: 13
PhoneType: IQOO, Num: 15
PhoneType: 努比亚, Num: 1
PhoneType: 华为, Num: 100
PhoneType: 红米, Num: 32
PhoneType: 苹果, Num: 337
PhoneType: 三星, Num: 14
PhoneType: 未知Android设备, Num: 22
PhoneType: 真我, Num: 4
PhoneType: 魅族, Num: 1
PhoneType: OPPO, Num: 25
PhoneType: 一加, Num: 16
PhoneType: 荣耀, Num: 48
PhoneType: 小米, Num: 59
cnt: 687
=====================================
统计中...
PhoneType: OPPO, Num: 27
PhoneType: 一加, Num: 16
PhoneType: 荣耀, Num: 48
PhoneType: 小米, Num: 60
PhoneType: 努比亚, Num: 1
PhoneType: Vivo, Num: 13
PhoneType: IQOO, Num: 16
PhoneType: 华为, Num: 102
PhoneType: 红米, Num: 32
PhoneType: 苹果, Num: 341
PhoneType: 真我, Num: 5
PhoneType: 魅族, Num: 1
PhoneType: 三星, Num: 14
PhoneType: 未知Android设备, Num: 23
cnt: 699
=====================================
统计中...
PhoneType: 苹果, Num: 347
PhoneType: 三星, Num: 14
PhoneType: 未知Android设备, Num: 24
PhoneType: 真我, Num: 5
PhoneType: 魅族, Num: 1
PhoneType: OPPO, Num: 27
PhoneType: 一加, Num: 17
PhoneType: 荣耀, Num: 49
PhoneType: 小米, Num: 61
PhoneType: Vivo, Num: 13
PhoneType: IQOO, Num: 17
PhoneType: 努比亚, Num: 1
PhoneType: 华为, Num: 104
PhoneType: 红米, Num: 32
cnt: 712
=====================================
统计中...
PhoneType: 华为, Num: 105
PhoneType: 红米, Num: 34
PhoneType: 苹果, Num: 354
PhoneType: 三星, Num: 15
PhoneType: 未知Android设备, Num: 25
PhoneType: 真我, Num: 5
PhoneType: 魅族, Num: 1
PhoneType: OPPO, Num: 27
PhoneType: 一加, Num: 17
PhoneType: 荣耀, Num: 49
PhoneType: 小米, Num: 61
PhoneType: Vivo, Num: 13
PhoneType: IQOO, Num: 18
PhoneType: 努比亚, Num: 1
cnt: 725
=====================================
统计中...
PhoneType: 荣耀, Num: 49
PhoneType: 小米, Num: 61
PhoneType: Vivo, Num: 14
PhoneType: IQOO, Num: 19
PhoneType: 努比亚, Num: 1
PhoneType: 华为, Num: 109
PhoneType: 红米, Num: 34
PhoneType: 苹果, Num: 358
PhoneType: 三星, Num: 15
PhoneType: 未知Android设备, Num: 26
PhoneType: 真我, Num: 5
PhoneType: 魅族, Num: 1
PhoneType: OPPO, Num: 27
PhoneType: 一加, Num: 17
cnt: 736
=====================================
统计中...
PhoneType: OPPO, Num: 27
PhoneType: 一加, Num: 18
PhoneType: 荣耀, Num: 49
PhoneType: 小米, Num: 62
PhoneType: Vivo, Num: 14
PhoneType: IQOO, Num: 19
PhoneType: 努比亚, Num: 1
PhoneType: 华为, Num: 110
PhoneType: 红米, Num: 36
PhoneType: 苹果, Num: 361
PhoneType: 真我, Num: 5
PhoneType: 魅族, Num: 1
PhoneType: 三星, Num: 15
PhoneType: 未知Android设备, Num: 26
cnt: 744
=====================================
统计中...
PhoneType: 荣耀, Num: 50
PhoneType: 小米, Num: 62
PhoneType: 努比亚, Num: 1
PhoneType: Vivo, Num: 15
PhoneType: IQOO, Num: 20
PhoneType: 华为, Num: 112
PhoneType: 红米, Num: 36
PhoneType: 苹果, Num: 363
PhoneType: 真我, Num: 5
PhoneType: 魅族, Num: 1
PhoneType: 三星, Num: 15
PhoneType: 未知Android设备, Num: 27
PhoneType: OPPO, Num: 27
PhoneType: 一加, Num: 18
cnt: 752
=====================================
统计中...
PhoneType: 苹果, Num: 365
PhoneType: 未知Android设备, Num: 27
PhoneType: 真我, Num: 5
PhoneType: 魅族, Num: 1
PhoneType: 三星, Num: 15
PhoneType: OPPO, Num: 27
PhoneType: 一加, Num: 18
PhoneType: 荣耀, Num: 50
PhoneType: 小米, Num: 62
PhoneType: 努比亚, Num: 1
PhoneType: Vivo, Num: 15
PhoneType: IQOO, Num: 20
PhoneType: 红米, Num: 36
PhoneType: 华为, Num: 112
cnt: 754
=====================================
统计中...
PhoneType: 未知Android设备, Num: 27
PhoneType: 真我, Num: 5
PhoneType: 魅族, Num: 1
PhoneType: 三星, Num: 15
PhoneType: OPPO, Num: 28
PhoneType: 一加, Num: 19
PhoneType: 荣耀, Num: 51
PhoneType: 小米, Num: 64
PhoneType: 努比亚, Num: 1
PhoneType: Vivo, Num: 16
PhoneType: IQOO, Num: 20
PhoneType: 红米, Num: 36
PhoneType: 华为, Num: 114
PhoneType: 苹果, Num: 368
cnt: 765
=====================================
统计中...
PhoneType: 华为, Num: 115
PhoneType: 红米, Num: 37
PhoneType: 苹果, Num: 376
PhoneType: 真我, Num: 6
PhoneType: 魅族, Num: 1
PhoneType: 三星, Num: 15
PhoneType: 未知Android设备, Num: 29
PhoneType: OPPO, Num: 28
PhoneType: 一加, Num: 20
PhoneType: 荣耀, Num: 51
PhoneType: 小米, Num: 64
PhoneType: 努比亚, Num: 1
PhoneType: Vivo, Num: 16
PhoneType: IQOO, Num: 20
cnt: 779
=====================================
统计中...
PhoneType: Vivo, Num: 18
PhoneType: IQOO, Num: 20
PhoneType: 努比亚, Num: 1
PhoneType: 华为, Num: 116
PhoneType: 红米, Num: 37
PhoneType: 苹果, Num: 381
PhoneType: 三星, Num: 15
PhoneType: 未知Android设备, Num: 29
PhoneType: 真我, Num: 6
PhoneType: 魅族, Num: 1
PhoneType: OPPO, Num: 28
PhoneType: 一加, Num: 21
PhoneType: 荣耀, Num: 52
PhoneType: 小米, Num: 64
cnt: 789
=====================================
统计中...
PhoneType: 华为, Num: 118
PhoneType: 红米, Num: 37
PhoneType: 苹果, Num: 387
PhoneType: 真我, Num: 6
PhoneType: 魅族, Num: 1
PhoneType: 三星, Num: 16
PhoneType: 未知Android设备, Num: 30
PhoneType: OPPO, Num: 28
PhoneType: 一加, Num: 21
PhoneType: 荣耀, Num: 53
PhoneType: 小米, Num: 64
PhoneType: 努比亚, Num: 1
PhoneType: Vivo, Num: 19
PhoneType: IQOO, Num: 20
cnt: 801
=====================================
统计中...
PhoneType: 荣耀, Num: 55
PhoneType: 小米, Num: 65
PhoneType: 努比亚, Num: 1
PhoneType: Vivo, Num: 19
PhoneType: IQOO, Num: 21
PhoneType: 红米, Num: 37
PhoneType: 华为, Num: 120
PhoneType: 苹果, Num: 395
PhoneType: 未知Android设备, Num: 30
PhoneType: 真我, Num: 6
PhoneType: 魅族, Num: 1
PhoneType: 三星, Num: 16
PhoneType: OPPO, Num: 28
PhoneType: 一加, Num: 21
cnt: 815
=====================================
统计中...
PhoneType: 华为, Num: 122
PhoneType: 红米, Num: 38
PhoneType: 苹果, Num: 401
PhoneType: 真我, Num: 6
PhoneType: 魅族, Num: 1
PhoneType: 三星, Num: 17
PhoneType: 未知Android设备, Num: 31
PhoneType: OPPO, Num: 29
PhoneType: 一加, Num: 22
PhoneType: 荣耀, Num: 55
PhoneType: 小米, Num: 66
PhoneType: Vivo, Num: 19
PhoneType: IQOO, Num: 21
PhoneType: 努比亚, Num: 1
cnt: 829
=====================================
统计中...
PhoneType: 华为, Num: 124
PhoneType: 红米, Num: 39
PhoneType: 苹果, Num: 403
PhoneType: 三星, Num: 17
PhoneType: 未知Android设备, Num: 31
PhoneType: 真我, Num: 6
PhoneType: 魅族, Num: 1
PhoneType: OPPO, Num: 30
PhoneType: 一加, Num: 22
PhoneType: 荣耀, Num: 57
PhoneType: 小米, Num: 67
PhoneType: Vivo, Num: 21
PhoneType: IQOO, Num: 21
PhoneType: 努比亚, Num: 1
cnt: 840
=====================================
统计中...
PhoneType: 小米, Num: 67
PhoneType: Vivo, Num: 23
PhoneType: IQOO, Num: 21
PhoneType: 努比亚, Num: 1
PhoneType: 华为, Num: 128
PhoneType: 红米, Num: 39
PhoneType: 苹果, Num: 405
PhoneType: 魅族, Num: 1
PhoneType: 三星, Num: 17
PhoneType: 未知Android设备, Num: 31
PhoneType: 真我, Num: 6
PhoneType: OPPO, Num: 30
PhoneType: 一加, Num: 22
PhoneType: 荣耀, Num: 58
cnt: 849
=====================================
统计中...
PhoneType: 小米, Num: 68
PhoneType: Vivo, Num: 23
PhoneType: IQOO, Num: 21
PhoneType: 努比亚, Num: 1
PhoneType: 华为, Num: 130
PhoneType: 红米, Num: 40
PhoneType: 苹果, Num: 411
PhoneType: 魅族, Num: 1
PhoneType: 三星, Num: 17
PhoneType: 未知Android设备, Num: 33
PhoneType: 真我, Num: 6
PhoneType: OPPO, Num: 30
PhoneType: 一加, Num: 22
PhoneType: 荣耀, Num: 58
cnt: 861
=====================================
统计中...
PhoneType: 荣耀, Num: 59
PhoneType: 小米, Num: 69
PhoneType: 努比亚, Num: 1
PhoneType: Vivo, Num: 23
PhoneType: IQOO, Num: 21
PhoneType: 红米, Num: 41
PhoneType: 华为, Num: 133
PhoneType: 苹果, Num: 415
PhoneType: 未知Android设备, Num: 33
PhoneType: 真我, Num: 6
PhoneType: 魅族, Num: 1
PhoneType: 三星, Num: 18
PhoneType: OPPO, Num: 30
PhoneType: 一加, Num: 23
cnt: 873
=====================================
统计中...
PhoneType: 荣耀, Num: 59
PhoneType: 小米, Num: 71
PhoneType: 中兴, Num: 1
PhoneType: 努比亚, Num: 1
PhoneType: Vivo, Num: 23
PhoneType: IQOO, Num: 21
PhoneType: 红米, Num: 43
PhoneType: 华为, Num: 135
PhoneType: 苹果, Num: 421
PhoneType: 未知Android设备, Num: 34
PhoneType: 真我, Num: 6
PhoneType: 魅族, Num: 1
PhoneType: 三星, Num: 18
PhoneType: OPPO, Num: 30
PhoneType: 一加, Num: 23
cnt: 887
=====================================
统计中...
PhoneType: 苹果, Num: 430
PhoneType: 三星, Num: 19
PhoneType: 未知Android设备, Num: 34
PhoneType: 真我, Num: 6
PhoneType: 魅族, Num: 1
PhoneType: OPPO, Num: 30
PhoneType: 一加, Num: 23
PhoneType: 荣耀, Num: 59
PhoneType: 小米, Num: 71
PhoneType: 中兴, Num: 1
PhoneType: Vivo, Num: 23
PhoneType: IQOO, Num: 21
PhoneType: 努比亚, Num: 1
PhoneType: 华为, Num: 136
PhoneType: 红米, Num: 43
cnt: 898
=====================================
统计中...
PhoneType: 一加, Num: 24
PhoneType: OPPO, Num: 30
PhoneType: 荣耀, Num: 59
PhoneType: 小米, Num: 72
PhoneType: 中兴, Num: 1
PhoneType: IQOO, Num: 21
PhoneType: 努比亚, Num: 1
PhoneType: Vivo, Num: 23
PhoneType: 红米, Num: 43
PhoneType: 华为, Num: 137
PhoneType: 苹果, Num: 434
PhoneType: 三星, Num: 20
PhoneType: 未知Android设备, Num: 36
PhoneType: 真我, Num: 6
PhoneType: 魅族, Num: 1
cnt: 908
=====================================
统计中...
PhoneType: 小米, Num: 73
PhoneType: 中兴, Num: 1
PhoneType: Vivo, Num: 24
PhoneType: IQOO, Num: 21
PhoneType: 努比亚, Num: 1
PhoneType: 华为, Num: 137
PhoneType: 红米, Num: 43
PhoneType: 苹果, Num: 438
PhoneType: 三星, Num: 20
PhoneType: 未知Android设备, Num: 36
PhoneType: 真我, Num: 6
PhoneType: 魅族, Num: 1
PhoneType: OPPO, Num: 30
PhoneType: 一加, Num: 24
PhoneType: 荣耀, Num: 60
cnt: 915
=====================================
统计中...
PhoneType: 小米, Num: 74
PhoneType: 中兴, Num: 1
PhoneType: Vivo, Num: 24
PhoneType: IQOO, Num: 21
PhoneType: 努比亚, Num: 1
PhoneType: 华为, Num: 137
PhoneType: 红米, Num: 43
PhoneType: 苹果, Num: 443
PhoneType: 三星, Num: 20
PhoneType: 未知Android设备, Num: 37
PhoneType: 真我, Num: 7
PhoneType: 魅族, Num: 1
PhoneType: OPPO, Num: 30
PhoneType: 一加, Num: 24
PhoneType: 荣耀, Num: 61
cnt: 924
=====================================
统计中...
PhoneType: 努比亚, Num: 1
PhoneType: Vivo, Num: 24
PhoneType: IQOO, Num: 22
PhoneType: 红米, Num: 43
PhoneType: 华为, Num: 138
PhoneType: 苹果, Num: 446
PhoneType: 未知Android设备, Num: 37
PhoneType: 真我, Num: 7
PhoneType: 魅族, Num: 1
PhoneType: 三星, Num: 20
PhoneType: OPPO, Num: 30
PhoneType: 一加, Num: 24
PhoneType: 荣耀, Num: 62
PhoneType: 小米, Num: 75
PhoneType: 中兴, Num: 1
cnt: 931
=====================================
统计中...
PhoneType: 华为, Num: 139
PhoneType: 红米, Num: 44
PhoneType: 苹果, Num: 451
PhoneType: 三星, Num: 20
PhoneType: 未知Android设备, Num: 37
PhoneType: 真我, Num: 7
PhoneType: 魅族, Num: 1
PhoneType: OPPO, Num: 30
PhoneType: 一加, Num: 24
PhoneType: 荣耀, Num: 64
PhoneType: 小米, Num: 75
PhoneType: 中兴, Num: 1
PhoneType: Vivo, Num: 24
PhoneType: IQOO, Num: 22
PhoneType: 努比亚, Num: 1
cnt: 940
=====================================
统计中...
PhoneType: Vivo, Num: 24
PhoneType: IQOO, Num: 22
PhoneType: 努比亚, Num: 1
PhoneType: 华为, Num: 140
PhoneType: 红米, Num: 46
PhoneType: 苹果, Num: 455
PhoneType: 三星, Num: 20
PhoneType: 未知Android设备, Num: 37
PhoneType: 真我, Num: 7
PhoneType: 魅族, Num: 1
PhoneType: OPPO, Num: 30
PhoneType: 一加, Num: 24
PhoneType: 荣耀, Num: 64
PhoneType: 小米, Num: 75
PhoneType: 中兴, Num: 1
cnt: 947
=====================================
统计中...
PhoneType: OPPO, Num: 30
PhoneType: 一加, Num: 24
PhoneType: 荣耀, Num: 65
PhoneType: 小米, Num: 75
PhoneType: 中兴, Num: 1
PhoneType: 努比亚, Num: 1
PhoneType: Vivo, Num: 24
PhoneType: IQOO, Num: 23
PhoneType: 红米, Num: 46
PhoneType: 华为, Num: 147
PhoneType: 苹果, Num: 462
PhoneType: 未知Android设备, Num: 37
PhoneType: 真我, Num: 7
PhoneType: 魅族, Num: 1
PhoneType: 三星, Num: 20
cnt: 963
=====================================
统计中...
PhoneType: 小米, Num: 76
PhoneType: 中兴, Num: 1
PhoneType: 努比亚, Num: 1
PhoneType: Vivo, Num: 24
PhoneType: IQOO, Num: 24
PhoneType: 华为, Num: 148
PhoneType: 红米, Num: 46
PhoneType: 苹果, Num: 466
PhoneType: 真我, Num: 7
PhoneType: 魅族, Num: 2
PhoneType: 三星, Num: 20
PhoneType: 未知Android设备, Num: 37
PhoneType: OPPO, Num: 31
PhoneType: 一加, Num: 24
PhoneType: 荣耀, Num: 68
cnt: 975
=====================================
统计中...
PhoneType: 一加, Num: 24
PhoneType: OPPO, Num: 31
PhoneType: 荣耀, Num: 69
PhoneType: 小米, Num: 77
PhoneType: 中兴, Num: 1
PhoneType: IQOO, Num: 24
PhoneType: 努比亚, Num: 1
PhoneType: Vivo, Num: 26
PhoneType: 红米, Num: 47
PhoneType: 华为, Num: 150
PhoneType: 苹果, Num: 471
PhoneType: 三星, Num: 20
PhoneType: 未知Android设备, Num: 37
PhoneType: 真我, Num: 8
PhoneType: 魅族, Num: 2
cnt: 988
=====================================
统计中...
PhoneType: 小米, Num: 77
PhoneType: 中兴, Num: 1
PhoneType: 努比亚, Num: 1
PhoneType: Vivo, Num: 27
PhoneType: IQOO, Num: 24
PhoneType: 红米, Num: 48
PhoneType: 华为, Num: 151
PhoneType: 苹果, Num: 477
PhoneType: 未知Android设备, Num: 37
PhoneType: 真我, Num: 8
PhoneType: 魅族, Num: 2
PhoneType: 三星, Num: 20
PhoneType: OPPO, Num: 31
PhoneType: 一加, Num: 24
PhoneType: 荣耀, Num: 69
cnt: 997
=====================================
统计中...
PhoneType: 小米, Num: 78
PhoneType: 中兴, Num: 1
PhoneType: 努比亚, Num: 1
PhoneType: Vivo, Num: 28
PhoneType: IQOO, Num: 24
PhoneType: 华为, Num: 155
PhoneType: 红米, Num: 51
PhoneType: 苹果, Num: 481
PhoneType: 真我, Num: 8
PhoneType: 魅族, Num: 2
PhoneType: 三星, Num: 20
PhoneType: 未知Android设备, Num: 37
PhoneType: OPPO, Num: 31
PhoneType: 一加, Num: 24
PhoneType: 荣耀, Num: 70
cnt: 1011
=====================================
统计中...
==========================最终统计结果：未知机型============================
PhoneType: WARNING: No blog found, Num: 43
PhoneType: 生日动态, Num: 16
PhoneType: 微博轻享版, Num: 14
PhoneType: , Num: 12
PhoneType: 微博网页版, Num: 9
PhoneType: 微博品牌活动, Num: 7
PhoneType: <a target="_blank" href="https://t.sina.com.cn" rel="nofollow">微博视频号</a>, Num: 5
PhoneType: 微博极速版, Num: 3
PhoneType: 日常记录, Num: 3
PhoneType: 微博 HTML5 版, Num: 3
PhoneType: <a target="_blank" href="https://app.weibo.com/t/feed/cmt5C" rel="nofollow">Note 9 Pro 一亿像素</a>, Num: 2
PhoneType: 微博体育, Num: 2
PhoneType: <a target="_blank" href="https://app.weibo.com/t/feed/QkJIP" rel="nofollow">Find X5 Pro 天玑版</a>, Num: 1
PhoneType: 微博直播平台, Num: 1
PhoneType: 微博会员中心, Num: 1
PhoneType: 势力榜, Num: 1
PhoneType: <a target="_blank" href="https://app.weibo.com/t/feed/5dtGzh" rel="nofollow">Flyme</a>, Num: 1
PhoneType: <a target="_blank" href="https://app.weibo.com/t/feed/5PnOAe" rel="nofollow">坚果 R2</a>, Num: 1
PhoneType: UC浏览器, Num: 1
PhoneType: 渔场, Num: 1
PhoneType: NZONE 50 Pro, Num: 1
PhoneType: <a target="_blank" href="https://app.weibo.com/t/feed/652xhk" rel="nofollow">K30S 至尊纪念版</a>, Num: 1
PhoneType: 投票, Num: 1
PhoneType: <a target="_blank" href="https://app.weibo.com/t/feed/58mCj0" rel="nofollow">联想Z6 Pro·一录精彩</a>, Num: 1
==========================最终统计结果：已知机型============================
PhoneType: 苹果, Num: 481
PhoneType: 华为, Num: 155
PhoneType: 小米, Num: 78
PhoneType: 荣耀, Num: 70
PhoneType: 红米, Num: 51
PhoneType: 未知Android设备, Num: 37
PhoneType: OPPO, Num: 31
PhoneType: Vivo, Num: 28
PhoneType: IQOO, Num: 24
PhoneType: 一加, Num: 24
PhoneType: 三星, Num: 20
PhoneType: 真我, Num: 8
PhoneType: 魅族, Num: 2
PhoneType: 中兴, Num: 1
PhoneType: 努比亚, Num: 1
