统计中...
PhoneType: 华为, Num: 3
PhoneType: OPPO, Num: 1
PhoneType: 一加, Num: 1
PhoneType: Vivo, Num: 1
PhoneType: 苹果, Num: 6
PhoneType: 红米, Num: 1
PhoneType: 小米, Num: 2
PhoneType: 未知Android设备, Num: 1
cnt: 16
=====================================
统计中...
PhoneType: 未知Android设备, Num: 1
PhoneType: Vivo, Num: 2
PhoneType: 苹果, Num: 11
PhoneType: 红米, Num: 3
PhoneType: 小米, Num: 4
PhoneType: 荣耀, Num: 1
PhoneType: 华为, Num: 5
PhoneType: OPPO, Num: 4
PhoneType: 一加, Num: 1
cnt: 32
=====================================
统计中...
PhoneType: 华为, Num: 9
PhoneType: OPPO, Num: 5
PhoneType: 一加, Num: 1
PhoneType: 荣耀, Num: 1
PhoneType: 苹果, Num: 19
PhoneType: 红米, Num: 3
PhoneType: 小米, Num: 6
PhoneType: 未知Android设备, Num: 1
PhoneType: IQOO, Num: 1
PhoneType: Vivo, Num: 3
cnt: 49
=====================================
统计中...
PhoneType: 华为, Num: 12
PhoneType: OPPO, Num: 7
PhoneType: 一加, Num: 1
PhoneType: 荣耀, Num: 1
PhoneType: 苹果, Num: 26
PhoneType: 红米, Num: 4
PhoneType: 小米, Num: 6
PhoneType: 未知Android设备, Num: 2
PhoneType: IQOO, Num: 2
PhoneType: Vivo, Num: 5
cnt: 66
=====================================
统计中...
PhoneType: Vivo, Num: 6
PhoneType: 苹果, Num: 33
PhoneType: 红米, Num: 4
PhoneType: 小米, Num: 6
PhoneType: 未知Android设备, Num: 4
PhoneType: IQOO, Num: 2
PhoneType: 华为, Num: 15
PhoneType: OPPO, Num: 7
PhoneType: 一加, Num: 1
PhoneType: 荣耀, Num: 3
cnt: 81
=====================================
统计中...
PhoneType: Vivo, Num: 6
PhoneType: 苹果, Num: 38
PhoneType: 红米, Num: 4
PhoneType: 小米, Num: 6
PhoneType: 未知Android设备, Num: 4
PhoneType: IQOO, Num: 2
PhoneType: 华为, Num: 18
PhoneType: OPPO, Num: 8
PhoneType: 一加, Num: 1
PhoneType: 荣耀, Num: 3
cnt: 90
=====================================
统计中...
PhoneType: 苹果, Num: 42
PhoneType: 华为, Num: 21
PhoneType: OPPO, Num: 9
PhoneType: 一加, Num: 1
PhoneType: 未知Android设备, Num: 5
PhoneType: IQOO, Num: 3
PhoneType: Vivo, Num: 6
PhoneType: 红米, Num: 5
PhoneType: 小米, Num: 7
PhoneType: 荣耀, Num: 4
PhoneType: 三星, Num: 1
cnt: 104
=====================================
统计中...
PhoneType: 华为, Num: 22
PhoneType: OPPO, Num: 10
PhoneType: 一加, Num: 1
PhoneType: IQOO, Num: 3
PhoneType: Vivo, Num: 6
PhoneType: 红米, Num: 7
PhoneType: 小米, Num: 7
PhoneType: 未知Android设备, Num: 5
PhoneType: 荣耀, Num: 4
PhoneType: 三星, Num: 1
PhoneType: 苹果, Num: 47
cnt: 113
=====================================
统计中...
PhoneType: 小米, Num: 8
PhoneType: 未知Android设备, Num: 5
PhoneType: IQOO, Num: 3
PhoneType: Vivo, Num: 7
PhoneType: 红米, Num: 7
PhoneType: 三星, Num: 1
PhoneType: 荣耀, Num: 4
PhoneType: 苹果, Num: 53
PhoneType: 一加, Num: 1
PhoneType: 华为, Num: 25
PhoneType: OPPO, Num: 10
cnt: 124
=====================================
统计中...
PhoneType: Vivo, Num: 7
PhoneType: 红米, Num: 8
PhoneType: 小米, Num: 8
PhoneType: 未知Android设备, Num: 6
PhoneType: IQOO, Num: 4
PhoneType: 荣耀, Num: 4
PhoneType: 三星, Num: 1
PhoneType: 苹果, Num: 58
PhoneType: 华为, Num: 28
PhoneType: OPPO, Num: 10
PhoneType: 一加, Num: 1
cnt: 135
=====================================
统计中...
PhoneType: 华为, Num: 28
PhoneType: OPPO, Num: 11
PhoneType: 一加, Num: 1
PhoneType: Vivo, Num: 7
PhoneType: 红米, Num: 9
PhoneType: 小米, Num: 9
PhoneType: 未知Android设备, Num: 8
PhoneType: IQOO, Num: 4
PhoneType: 荣耀, Num: 4
PhoneType: 三星, Num: 1
PhoneType: 苹果, Num: 61
cnt: 143
=====================================
统计中...
PhoneType: 华为, Num: 29
PhoneType: OPPO, Num: 11
PhoneType: 一加, Num: 1
PhoneType: Vivo, Num: 8
PhoneType: 红米, Num: 10
PhoneType: 小米, Num: 11
PhoneType: 未知Android设备, Num: 8
PhoneType: IQOO, Num: 4
PhoneType: 荣耀, Num: 5
PhoneType: 三星, Num: 1
PhoneType: 苹果, Num: 63
cnt: 151
=====================================
统计中...
PhoneType: 苹果, Num: 70
PhoneType: 一加, Num: 1
PhoneType: 华为, Num: 31
PhoneType: OPPO, Num: 11
PhoneType: 小米, Num: 11
PhoneType: 未知Android设备, Num: 9
PhoneType: IQOO, Num: 4
PhoneType: Vivo, Num: 9
PhoneType: 红米, Num: 10
PhoneType: 三星, Num: 1
PhoneType: 荣耀, Num: 5
cnt: 162
=====================================
统计中...
PhoneType: 华为, Num: 33
PhoneType: OPPO, Num: 12
PhoneType: 一加, Num: 1
PhoneType: 未知Android设备, Num: 11
PhoneType: IQOO, Num: 4
PhoneType: Vivo, Num: 9
PhoneType: 红米, Num: 11
PhoneType: 小米, Num: 11
PhoneType: 荣耀, Num: 5
PhoneType: 三星, Num: 1
PhoneType: 苹果, Num: 73
cnt: 171
=====================================
统计中...
PhoneType: OPPO, Num: 13
PhoneType: 一加, Num: 2
PhoneType: 华为, Num: 37
PhoneType: 红米, Num: 11
PhoneType: 小米, Num: 13
PhoneType: 未知Android设备, Num: 11
PhoneType: IQOO, Num: 4
PhoneType: Vivo, Num: 9
PhoneType: 荣耀, Num: 5
PhoneType: 三星, Num: 1
PhoneType: 苹果, Num: 80
cnt: 186
=====================================
统计中...
PhoneType: 未知Android设备, Num: 11
PhoneType: IQOO, Num: 4
PhoneType: Vivo, Num: 10
PhoneType: 红米, Num: 13
PhoneType: 小米, Num: 14
PhoneType: 荣耀, Num: 5
PhoneType: 三星, Num: 1
PhoneType: 苹果, Num: 81
PhoneType: 华为, Num: 40
PhoneType: OPPO, Num: 15
PhoneType: 一加, Num: 3
cnt: 197
=====================================
统计中...
PhoneType: Vivo, Num: 10
PhoneType: 红米, Num: 13
PhoneType: 小米, Num: 14
PhoneType: 未知Android设备, Num: 11
PhoneType: IQOO, Num: 4
PhoneType: 荣耀, Num: 5
PhoneType: 三星, Num: 1
PhoneType: 苹果, Num: 90
PhoneType: 华为, Num: 45
PhoneType: OPPO, Num: 15
PhoneType: 一加, Num: 3
cnt: 211
=====================================
统计中...
PhoneType: 华为, Num: 46
PhoneType: OPPO, Num: 15
PhoneType: 一加, Num: 3
PhoneType: Vivo, Num: 10
PhoneType: 红米, Num: 13
PhoneType: 小米, Num: 15
PhoneType: 未知Android设备, Num: 12
PhoneType: IQOO, Num: 5
PhoneType: 荣耀, Num: 6
PhoneType: 三星, Num: 1
PhoneType: 苹果, Num: 94
cnt: 220
=====================================
统计中...
PhoneType: 小米, Num: 15
PhoneType: 未知Android设备, Num: 12
PhoneType: IQOO, Num: 5
PhoneType: Vivo, Num: 11
PhoneType: 红米, Num: 14
PhoneType: 三星, Num: 1
PhoneType: 荣耀, Num: 6
PhoneType: 苹果, Num: 98
PhoneType: 一加, Num: 3
PhoneType: 华为, Num: 46
PhoneType: OPPO, Num: 17
cnt: 228
=====================================
统计中...
PhoneType: 华为, Num: 49
PhoneType: OPPO, Num: 18
PhoneType: 一加, Num: 3
PhoneType: 未知Android设备, Num: 12
PhoneType: IQOO, Num: 5
PhoneType: Vivo, Num: 12
PhoneType: 红米, Num: 14
PhoneType: 小米, Num: 16
PhoneType: 魅族, Num: 1
PhoneType: 荣耀, Num: 6
PhoneType: 三星, Num: 1
PhoneType: 苹果, Num: 101
cnt: 238
=====================================
统计中...
PhoneType: 苹果, Num: 106
PhoneType: 华为, Num: 51
PhoneType: OPPO, Num: 18
PhoneType: 一加, Num: 3
PhoneType: Vivo, Num: 15
PhoneType: 红米, Num: 15
PhoneType: 小米, Num: 17
PhoneType: 未知Android设备, Num: 13
PhoneType: IQOO, Num: 6
PhoneType: 荣耀, Num: 6
PhoneType: 三星, Num: 1
PhoneType: 魅族, Num: 1
cnt: 252
=====================================
统计中...
PhoneType: 苹果, Num: 111
PhoneType: 华为, Num: 51
PhoneType: OPPO, Num: 20
PhoneType: 一加, Num: 3
PhoneType: Vivo, Num: 17
PhoneType: 红米, Num: 15
PhoneType: 小米, Num: 18
PhoneType: 未知Android设备, Num: 13
PhoneType: IQOO, Num: 7
PhoneType: 荣耀, Num: 8
PhoneType: 三星, Num: 1
PhoneType: 魅族, Num: 1
cnt: 265
=====================================
统计中...
PhoneType: 华为, Num: 54
PhoneType: OPPO, Num: 21
PhoneType: 一加, Num: 3
PhoneType: 未知Android设备, Num: 14
PhoneType: IQOO, Num: 8
PhoneType: Vivo, Num: 18
PhoneType: 红米, Num: 15
PhoneType: 小米, Num: 19
PhoneType: 魅族, Num: 1
PhoneType: 荣耀, Num: 9
PhoneType: 三星, Num: 1
PhoneType: 苹果, Num: 116
cnt: 279
=====================================
统计中...
PhoneType: 一加, Num: 3
PhoneType: 华为, Num: 55
PhoneType: OPPO, Num: 22
PhoneType: 小米, Num: 19
PhoneType: 未知Android设备, Num: 16
PhoneType: IQOO, Num: 10
PhoneType: Vivo, Num: 18
PhoneType: 红米, Num: 15
PhoneType: 三星, Num: 1
PhoneType: 魅族, Num: 1
PhoneType: 荣耀, Num: 9
PhoneType: 苹果, Num: 120
cnt: 289
=====================================
统计中...
PhoneType: 苹果, Num: 124
PhoneType: 华为, Num: 56
PhoneType: OPPO, Num: 23
PhoneType: 一加, Num: 3
PhoneType: Vivo, Num: 19
PhoneType: 红米, Num: 15
PhoneType: 小米, Num: 20
PhoneType: 未知Android设备, Num: 16
PhoneType: IQOO, Num: 10
PhoneType: 荣耀, Num: 9
PhoneType: 三星, Num: 1
PhoneType: 魅族, Num: 1
cnt: 297
=====================================
统计中...
PhoneType: 苹果, Num: 131
PhoneType: OPPO, Num: 23
PhoneType: 一加, Num: 4
PhoneType: 华为, Num: 58
PhoneType: 红米, Num: 16
PhoneType: 小米, Num: 20
PhoneType: 未知Android设备, Num: 18
PhoneType: IQOO, Num: 10
PhoneType: Vivo, Num: 19
PhoneType: 荣耀, Num: 9
PhoneType: 三星, Num: 1
PhoneType: 魅族, Num: 1
cnt: 310
=====================================
统计中...
PhoneType: 苹果, Num: 136
PhoneType: OPPO, Num: 23
PhoneType: 一加, Num: 4
PhoneType: 华为, Num: 62
PhoneType: 红米, Num: 17
PhoneType: 小米, Num: 21
PhoneType: 未知Android设备, Num: 18
PhoneType: IQOO, Num: 10
PhoneType: Vivo, Num: 19
PhoneType: 荣耀, Num: 9
PhoneType: 三星, Num: 1
PhoneType: 魅族, Num: 1
cnt: 321
=====================================
统计中...
PhoneType: 小米, Num: 22
PhoneType: 未知Android设备, Num: 19
PhoneType: IQOO, Num: 11
PhoneType: Vivo, Num: 20
PhoneType: 红米, Num: 17
PhoneType: 三星, Num: 1
PhoneType: 魅族, Num: 1
PhoneType: 荣耀, Num: 9
PhoneType: 苹果, Num: 141
PhoneType: 一加, Num: 4
PhoneType: 华为, Num: 66
PhoneType: OPPO, Num: 23
cnt: 334
=====================================
统计中...
PhoneType: 一加, Num: 4
PhoneType: 华为, Num: 69
PhoneType: OPPO, Num: 26
PhoneType: 小米, Num: 24
PhoneType: 未知Android设备, Num: 19
PhoneType: IQOO, Num: 11
PhoneType: Vivo, Num: 20
PhoneType: 红米, Num: 17
PhoneType: 三星, Num: 2
PhoneType: 魅族, Num: 1
PhoneType: 荣耀, Num: 9
PhoneType: 苹果, Num: 147
cnt: 349
=====================================
统计中...
PhoneType: 荣耀, Num: 9
PhoneType: 三星, Num: 2
PhoneType: 魅族, Num: 1
PhoneType: 苹果, Num: 156
PhoneType: 华为, Num: 69
PhoneType: OPPO, Num: 26
PhoneType: 一加, Num: 4
PhoneType: Vivo, Num: 20
PhoneType: 红米, Num: 17
PhoneType: 小米, Num: 25
PhoneType: 未知Android设备, Num: 22
PhoneType: IQOO, Num: 11
cnt: 362
=====================================
统计中...
PhoneType: 红米, Num: 17
PhoneType: 小米, Num: 25
PhoneType: 未知Android设备, Num: 23
PhoneType: IQOO, Num: 11
PhoneType: Vivo, Num: 20
PhoneType: 荣耀, Num: 9
PhoneType: 三星, Num: 2
PhoneType: 魅族, Num: 1
PhoneType: 苹果, Num: 159
PhoneType: OPPO, Num: 27
PhoneType: 一加, Num: 4
PhoneType: 华为, Num: 74
cnt: 372
=====================================
统计中...
PhoneType: 未知Android设备, Num: 23
PhoneType: IQOO, Num: 11
PhoneType: Vivo, Num: 21
PhoneType: 红米, Num: 17
PhoneType: 小米, Num: 25
PhoneType: 魅族, Num: 1
PhoneType: 荣耀, Num: 10
PhoneType: 三星, Num: 2
PhoneType: 苹果, Num: 165
PhoneType: 华为, Num: 74
PhoneType: OPPO, Num: 27
PhoneType: 一加, Num: 4
cnt: 380
=====================================
统计中...
PhoneType: Vivo, Num: 21
PhoneType: 红米, Num: 18
PhoneType: 小米, Num: 25
PhoneType: 未知Android设备, Num: 25
PhoneType: IQOO, Num: 11
PhoneType: 荣耀, Num: 11
PhoneType: 三星, Num: 2
PhoneType: 魅族, Num: 1
PhoneType: 苹果, Num: 168
PhoneType: 华为, Num: 75
PhoneType: OPPO, Num: 27
PhoneType: 一加, Num: 4
cnt: 388
=====================================
统计中...
PhoneType: 荣耀, Num: 11
PhoneType: 三星, Num: 2
PhoneType: 魅族, Num: 1
PhoneType: 苹果, Num: 173
PhoneType: OPPO, Num: 27
PhoneType: 一加, Num: 4
PhoneType: 华为, Num: 77
PhoneType: 红米, Num: 19
PhoneType: 小米, Num: 25
PhoneType: 未知Android设备, Num: 26
PhoneType: IQOO, Num: 11
PhoneType: Vivo, Num: 22
cnt: 398
=====================================
统计中...
PhoneType: 苹果, Num: 178
PhoneType: 一加, Num: 4
PhoneType: 华为, Num: 81
PhoneType: OPPO, Num: 27
PhoneType: 小米, Num: 25
PhoneType: 未知Android设备, Num: 29
PhoneType: IQOO, Num: 11
PhoneType: Vivo, Num: 22
PhoneType: 红米, Num: 22
PhoneType: 三星, Num: 3
PhoneType: 魅族, Num: 1
PhoneType: 荣耀, Num: 11
cnt: 414
=====================================
统计中...
PhoneType: 荣耀, Num: 11
PhoneType: 三星, Num: 3
PhoneType: 魅族, Num: 1
PhoneType: 苹果, Num: 187
PhoneType: 华为, Num: 84
PhoneType: OPPO, Num: 31
PhoneType: 一加, Num: 4
PhoneType: Vivo, Num: 22
PhoneType: 红米, Num: 22
PhoneType: 小米, Num: 25
PhoneType: 未知Android设备, Num: 29
PhoneType: IQOO, Num: 12
cnt: 431
=====================================
统计中...
PhoneType: 苹果, Num: 193
PhoneType: 华为, Num: 85
PhoneType: OPPO, Num: 31
PhoneType: 一加, Num: 5
PhoneType: Vivo, Num: 23
PhoneType: 红米, Num: 23
PhoneType: 小米, Num: 25
PhoneType: 未知Android设备, Num: 29
PhoneType: IQOO, Num: 13
PhoneType: 荣耀, Num: 12
PhoneType: 三星, Num: 3
PhoneType: 魅族, Num: 1
cnt: 443
=====================================
统计中...
PhoneType: 红米, Num: 24
PhoneType: 小米, Num: 27
PhoneType: 未知Android设备, Num: 30
PhoneType: 荣耀, Num: 12
PhoneType: 一加, Num: 5
PhoneType: Vivo, Num: 23
PhoneType: IQOO, Num: 13
PhoneType: 三星, Num: 3
PhoneType: 魅族, Num: 1
PhoneType: 苹果, Num: 197
PhoneType: 华为, Num: 88
PhoneType: OPPO, Num: 32
cnt: 455
=====================================
统计中...
PhoneType: 一加, Num: 5
PhoneType: IQOO, Num: 14
PhoneType: Vivo, Num: 24
PhoneType: 三星, Num: 3
PhoneType: 魅族, Num: 1
PhoneType: 真我, Num: 1
PhoneType: 苹果, Num: 200
PhoneType: OPPO, Num: 32
PhoneType: 华为, Num: 88
PhoneType: 小米, Num: 27
PhoneType: 未知Android设备, Num: 30
PhoneType: 红米, Num: 24
PhoneType: 荣耀, Num: 12
cnt: 461
=====================================
统计中...
PhoneType: 一加, Num: 5
PhoneType: Vivo, Num: 24
PhoneType: IQOO, Num: 14
PhoneType: 三星, Num: 4
PhoneType: 魅族, Num: 1
PhoneType: 苹果, Num: 207
PhoneType: 真我, Num: 1
PhoneType: 华为, Num: 92
PhoneType: OPPO, Num: 33
PhoneType: 红米, Num: 24
PhoneType: 小米, Num: 28
PhoneType: 未知Android设备, Num: 32
PhoneType: 荣耀, Num: 12
cnt: 477
=====================================
统计中...
PhoneType: 一加, Num: 5
PhoneType: Vivo, Num: 24
PhoneType: IQOO, Num: 14
PhoneType: 三星, Num: 4
PhoneType: 魅族, Num: 1
PhoneType: 真我, Num: 1
PhoneType: 苹果, Num: 220
PhoneType: 华为, Num: 93
PhoneType: OPPO, Num: 33
PhoneType: 红米, Num: 25
PhoneType: 小米, Num: 28
PhoneType: 未知Android设备, Num: 32
PhoneType: 荣耀, Num: 12
cnt: 492
=====================================
统计中...
PhoneType: 苹果, Num: 230
PhoneType: 真我, Num: 1
PhoneType: 华为, Num: 95
PhoneType: OPPO, Num: 33
PhoneType: 红米, Num: 25
PhoneType: 小米, Num: 28
PhoneType: 未知Android设备, Num: 32
PhoneType: 荣耀, Num: 12
PhoneType: 一加, Num: 5
PhoneType: Vivo, Num: 24
PhoneType: IQOO, Num: 15
PhoneType: 三星, Num: 4
PhoneType: 魅族, Num: 1
cnt: 505
=====================================
统计中...
PhoneType: 一加, Num: 5
PhoneType: Vivo, Num: 25
PhoneType: IQOO, Num: 16
PhoneType: 三星, Num: 4
PhoneType: 魅族, Num: 1
PhoneType: 苹果, Num: 237
PhoneType: 真我, Num: 1
PhoneType: 华为, Num: 96
PhoneType: OPPO, Num: 34
PhoneType: 红米, Num: 25
PhoneType: 小米, Num: 28
PhoneType: 未知Android设备, Num: 33
PhoneType: 荣耀, Num: 12
cnt: 517
=====================================
统计中...
PhoneType: 小米, Num: 29
PhoneType: 未知Android设备, Num: 33
PhoneType: 红米, Num: 25
PhoneType: 荣耀, Num: 12
PhoneType: 一加, Num: 5
PhoneType: IQOO, Num: 16
PhoneType: Vivo, Num: 25
PhoneType: 三星, Num: 4
PhoneType: 魅族, Num: 1
PhoneType: 真我, Num: 1
PhoneType: 苹果, Num: 244
PhoneType: OPPO, Num: 35
PhoneType: 华为, Num: 99
cnt: 529
=====================================
统计中...
PhoneType: 华为, Num: 100
PhoneType: OPPO, Num: 35
PhoneType: 红米, Num: 25
PhoneType: 小米, Num: 31
PhoneType: 未知Android设备, Num: 33
PhoneType: 荣耀, Num: 13
PhoneType: 一加, Num: 6
PhoneType: Vivo, Num: 25
PhoneType: IQOO, Num: 17
PhoneType: 三星, Num: 4
PhoneType: 魅族, Num: 1
PhoneType: 苹果, Num: 250
PhoneType: 真我, Num: 1
cnt: 541
=====================================
统计中...
PhoneType: 三星, Num: 4
PhoneType: 魅族, Num: 1
PhoneType: 苹果, Num: 259
PhoneType: 真我, Num: 1
PhoneType: 华为, Num: 101
PhoneType: OPPO, Num: 36
PhoneType: 红米, Num: 26
PhoneType: 小米, Num: 31
PhoneType: 未知Android设备, Num: 33
PhoneType: 荣耀, Num: 13
PhoneType: 一加, Num: 6
PhoneType: Vivo, Num: 25
PhoneType: IQOO, Num: 17
cnt: 553
=====================================
统计中...
PhoneType: 一加, Num: 6
PhoneType: Vivo, Num: 25
PhoneType: IQOO, Num: 17
PhoneType: 三星, Num: 4
PhoneType: 魅族, Num: 1
PhoneType: 真我, Num: 1
PhoneType: 苹果, Num: 267
PhoneType: 华为, Num: 103
PhoneType: OPPO, Num: 37
PhoneType: 红米, Num: 26
PhoneType: 小米, Num: 32
PhoneType: 未知Android设备, Num: 33
PhoneType: 荣耀, Num: 14
cnt: 566
=====================================
统计中...
PhoneType: 小米, Num: 33
PhoneType: 未知Android设备, Num: 33
PhoneType: 红米, Num: 27
PhoneType: 荣耀, Num: 14
PhoneType: 一加, Num: 6
PhoneType: IQOO, Num: 17
PhoneType: Vivo, Num: 26
PhoneType: 三星, Num: 4
PhoneType: 魅族, Num: 1
PhoneType: 真我, Num: 1
PhoneType: 苹果, Num: 274
PhoneType: OPPO, Num: 37
PhoneType: 华为, Num: 105
cnt: 578
=====================================
统计中...
PhoneType: 一加, Num: 6
PhoneType: Vivo, Num: 27
PhoneType: IQOO, Num: 17
PhoneType: 三星, Num: 4
PhoneType: 魅族, Num: 1
PhoneType: 苹果, Num: 282
PhoneType: 真我, Num: 1
PhoneType: 华为, Num: 107
PhoneType: OPPO, Num: 39
PhoneType: 红米, Num: 27
PhoneType: 小米, Num: 33
PhoneType: 未知Android设备, Num: 35
PhoneType: 荣耀, Num: 14
cnt: 593
=====================================
统计中...
PhoneType: 小米, Num: 34
PhoneType: 未知Android设备, Num: 35
PhoneType: 红米, Num: 27
PhoneType: 荣耀, Num: 14
PhoneType: 一加, Num: 6
PhoneType: IQOO, Num: 17
PhoneType: Vivo, Num: 28
PhoneType: 三星, Num: 4
PhoneType: 魅族, Num: 1
PhoneType: 真我, Num: 1
PhoneType: 苹果, Num: 289
PhoneType: OPPO, Num: 39
PhoneType: 华为, Num: 109
cnt: 604
=====================================
统计中...
PhoneType: 荣耀, Num: 14
PhoneType: 一加, Num: 6
PhoneType: Vivo, Num: 28
PhoneType: IQOO, Num: 17
PhoneType: 魅族, Num: 1
PhoneType: 三星, Num: 4
PhoneType: 真我, Num: 1
PhoneType: 苹果, Num: 297
PhoneType: 华为, Num: 109
PhoneType: OPPO, Num: 39
PhoneType: 红米, Num: 27
PhoneType: 小米, Num: 34
PhoneType: 未知Android设备, Num: 35
cnt: 612
=====================================
统计中...
PhoneType: 真我, Num: 1
PhoneType: 苹果, Num: 307
PhoneType: 华为, Num: 109
PhoneType: OPPO, Num: 39
PhoneType: 红米, Num: 27
PhoneType: 小米, Num: 34
PhoneType: 未知Android设备, Num: 35
PhoneType: 荣耀, Num: 14
PhoneType: 一加, Num: 6
PhoneType: Vivo, Num: 28
PhoneType: IQOO, Num: 17
PhoneType: 三星, Num: 4
PhoneType: 魅族, Num: 1
cnt: 622
=====================================
统计中...
PhoneType: 苹果, Num: 312
PhoneType: 真我, Num: 1
PhoneType: 华为, Num: 112
PhoneType: OPPO, Num: 39
PhoneType: 红米, Num: 27
PhoneType: 小米, Num: 37
PhoneType: 未知Android设备, Num: 35
PhoneType: 荣耀, Num: 15
PhoneType: 一加, Num: 6
PhoneType: Vivo, Num: 28
PhoneType: IQOO, Num: 17
PhoneType: 三星, Num: 4
PhoneType: 魅族, Num: 1
cnt: 634
=====================================
统计中...
PhoneType: IQOO, Num: 17
PhoneType: Vivo, Num: 28
PhoneType: 三星, Num: 4
PhoneType: 魅族, Num: 1
PhoneType: 真我, Num: 1
PhoneType: 苹果, Num: 315
PhoneType: OPPO, Num: 39
PhoneType: 华为, Num: 114
PhoneType: 小米, Num: 37
PhoneType: 未知Android设备, Num: 35
PhoneType: 红米, Num: 27
PhoneType: 荣耀, Num: 15
PhoneType: 一加, Num: 6
cnt: 639
=====================================
统计中...
PhoneType: 一加, Num: 6
PhoneType: Vivo, Num: 29
PhoneType: IQOO, Num: 17
PhoneType: 三星, Num: 4
PhoneType: 魅族, Num: 1
PhoneType: 苹果, Num: 322
PhoneType: 真我, Num: 1
PhoneType: 华为, Num: 114
PhoneType: OPPO, Num: 39
PhoneType: 红米, Num: 27
PhoneType: 小米, Num: 37
PhoneType: 未知Android设备, Num: 35
PhoneType: 荣耀, Num: 15
cnt: 647
=====================================
统计中...
PhoneType: 一加, Num: 6
PhoneType: Vivo, Num: 29
PhoneType: IQOO, Num: 17
PhoneType: 三星, Num: 4
PhoneType: 魅族, Num: 1
PhoneType: 苹果, Num: 324
PhoneType: 真我, Num: 1
PhoneType: 华为, Num: 117
PhoneType: OPPO, Num: 40
PhoneType: 红米, Num: 27
PhoneType: 小米, Num: 37
PhoneType: 未知Android设备, Num: 35
PhoneType: 荣耀, Num: 15
cnt: 653
=====================================
统计中...
PhoneType: 一加, Num: 6
PhoneType: Vivo, Num: 29
PhoneType: IQOO, Num: 17
PhoneType: 魅族, Num: 1
PhoneType: 三星, Num: 4
PhoneType: 真我, Num: 1
PhoneType: 苹果, Num: 332
PhoneType: 华为, Num: 118
PhoneType: OPPO, Num: 40
PhoneType: 红米, Num: 27
PhoneType: 小米, Num: 37
PhoneType: 未知Android设备, Num: 35
PhoneType: 荣耀, Num: 15
cnt: 662
=====================================
统计中...
PhoneType: 一加, Num: 6
PhoneType: Vivo, Num: 29
PhoneType: IQOO, Num: 17
PhoneType: 三星, Num: 4
PhoneType: 魅族, Num: 1
PhoneType: 苹果, Num: 340
PhoneType: 真我, Num: 1
PhoneType: 华为, Num: 118
PhoneType: OPPO, Num: 41
PhoneType: 红米, Num: 28
PhoneType: 小米, Num: 38
PhoneType: 未知Android设备, Num: 35
PhoneType: 荣耀, Num: 15
cnt: 673
=====================================
统计中...
PhoneType: 三星, Num: 4
PhoneType: 魅族, Num: 1
PhoneType: 真我, Num: 1
PhoneType: 苹果, Num: 346
PhoneType: OPPO, Num: 43
PhoneType: 华为, Num: 118
PhoneType: 小米, Num: 38
PhoneType: 未知Android设备, Num: 36
PhoneType: 红米, Num: 28
PhoneType: 荣耀, Num: 17
PhoneType: 一加, Num: 6
PhoneType: IQOO, Num: 17
PhoneType: Vivo, Num: 30
cnt: 685
=====================================
统计中...
PhoneType: 苹果, Num: 359
PhoneType: 真我, Num: 1
PhoneType: 华为, Num: 118
PhoneType: OPPO, Num: 43
PhoneType: 红米, Num: 28
PhoneType: 小米, Num: 38
PhoneType: 未知Android设备, Num: 36
PhoneType: 荣耀, Num: 17
PhoneType: 一加, Num: 6
PhoneType: Vivo, Num: 30
PhoneType: IQOO, Num: 17
PhoneType: 三星, Num: 4
PhoneType: 魅族, Num: 1
cnt: 698
=====================================
统计中...
PhoneType: 真我, Num: 1
PhoneType: 苹果, Num: 367
PhoneType: OPPO, Num: 43
PhoneType: 华为, Num: 118
PhoneType: 小米, Num: 38
PhoneType: 未知Android设备, Num: 36
PhoneType: 红米, Num: 28
PhoneType: 荣耀, Num: 17
PhoneType: 一加, Num: 6
PhoneType: IQOO, Num: 17
PhoneType: Vivo, Num: 30
PhoneType: 三星, Num: 4
PhoneType: 魅族, Num: 1
cnt: 706
=====================================
统计中...
PhoneType: 华为, Num: 120
PhoneType: OPPO, Num: 44
PhoneType: 红米, Num: 28
PhoneType: 小米, Num: 38
PhoneType: 未知Android设备, Num: 36
PhoneType: 荣耀, Num: 17
PhoneType: 一加, Num: 7
PhoneType: Vivo, Num: 30
PhoneType: IQOO, Num: 17
PhoneType: 三星, Num: 4
PhoneType: 魅族, Num: 1
PhoneType: 苹果, Num: 374
PhoneType: 真我, Num: 1
cnt: 717
=====================================
统计中...
PhoneType: 荣耀, Num: 17
PhoneType: 一加, Num: 8
PhoneType: Vivo, Num: 30
PhoneType: IQOO, Num: 17
PhoneType: 三星, Num: 4
PhoneType: 魅族, Num: 1
PhoneType: 苹果, Num: 378
PhoneType: 真我, Num: 1
PhoneType: 华为, Num: 123
PhoneType: OPPO, Num: 44
PhoneType: 红米, Num: 28
PhoneType: 小米, Num: 38
PhoneType: 未知Android设备, Num: 36
cnt: 725
=====================================
统计中...
PhoneType: 一加, Num: 8
PhoneType: Vivo, Num: 30
PhoneType: IQOO, Num: 17
PhoneType: 三星, Num: 4
PhoneType: 魅族, Num: 1
PhoneType: 苹果, Num: 381
PhoneType: 真我, Num: 1
PhoneType: 华为, Num: 124
PhoneType: OPPO, Num: 44
PhoneType: 红米, Num: 28
PhoneType: 小米, Num: 38
PhoneType: 未知Android设备, Num: 36
PhoneType: 荣耀, Num: 18
cnt: 730
=====================================
统计中...
PhoneType: Vivo, Num: 31
PhoneType: IQOO, Num: 17
PhoneType: 三星, Num: 4
PhoneType: 魅族, Num: 1
PhoneType: 真我, Num: 1
PhoneType: 苹果, Num: 388
PhoneType: 华为, Num: 126
PhoneType: OPPO, Num: 44
PhoneType: 红米, Num: 28
PhoneType: 小米, Num: 39
PhoneType: 未知Android设备, Num: 36
PhoneType: 荣耀, Num: 19
PhoneType: 一加, Num: 8
cnt: 742
=====================================
统计中...
PhoneType: 小米, Num: 39
PhoneType: 未知Android设备, Num: 38
PhoneType: 红米, Num: 28
PhoneType: 荣耀, Num: 19
PhoneType: 一加, Num: 8
PhoneType: IQOO, Num: 17
PhoneType: Vivo, Num: 31
PhoneType: 三星, Num: 4
PhoneType: 魅族, Num: 1
PhoneType: 真我, Num: 1
PhoneType: 苹果, Num: 398
PhoneType: OPPO, Num: 44
PhoneType: 华为, Num: 127
cnt: 755
=====================================
统计中...
PhoneType: 红米, Num: 28
PhoneType: 小米, Num: 40
PhoneType: 未知Android设备, Num: 40
PhoneType: 荣耀, Num: 19
PhoneType: 一加, Num: 8
PhoneType: Vivo, Num: 31
PhoneType: IQOO, Num: 17
PhoneType: 魅族, Num: 1
PhoneType: 三星, Num: 4
PhoneType: 真我, Num: 1
PhoneType: 苹果, Num: 406
PhoneType: 华为, Num: 129
PhoneType: OPPO, Num: 44
cnt: 768
=====================================
统计中...
PhoneType: 华为, Num: 133
PhoneType: OPPO, Num: 44
PhoneType: 红米, Num: 29
PhoneType: 小米, Num: 41
PhoneType: 未知Android设备, Num: 40
PhoneType: 荣耀, Num: 19
PhoneType: 一加, Num: 8
PhoneType: Vivo, Num: 31
PhoneType: IQOO, Num: 17
PhoneType: 三星, Num: 5
PhoneType: 魅族, Num: 1
PhoneType: 苹果, Num: 412
PhoneType: 真我, Num: 1
cnt: 781
=====================================
统计中...
PhoneType: 华为, Num: 134
PhoneType: OPPO, Num: 44
PhoneType: 未知Android设备, Num: 42
PhoneType: 红米, Num: 29
PhoneType: 小米, Num: 43
PhoneType: 荣耀, Num: 19
PhoneType: 一加, Num: 8
PhoneType: Vivo, Num: 31
PhoneType: IQOO, Num: 17
PhoneType: 魅族, Num: 1
PhoneType: 三星, Num: 5
PhoneType: 真我, Num: 1
PhoneType: 苹果, Num: 418
cnt: 792
=====================================
统计中...
PhoneType: 真我, Num: 1
PhoneType: 苹果, Num: 424
PhoneType: OPPO, Num: 45
PhoneType: 华为, Num: 138
PhoneType: 小米, Num: 43
PhoneType: 未知Android设备, Num: 42
PhoneType: 红米, Num: 30
PhoneType: 荣耀, Num: 21
PhoneType: 一加, Num: 8
PhoneType: IQOO, Num: 17
PhoneType: Vivo, Num: 31
PhoneType: 三星, Num: 5
PhoneType: 魅族, Num: 1
cnt: 806
=====================================
统计中...
PhoneType: Vivo, Num: 33
PhoneType: IQOO, Num: 17
PhoneType: 魅族, Num: 1
PhoneType: 三星, Num: 5
PhoneType: 真我, Num: 1
PhoneType: 苹果, Num: 428
PhoneType: 华为, Num: 141
PhoneType: OPPO, Num: 48
PhoneType: 未知Android设备, Num: 42
PhoneType: 红米, Num: 31
PhoneType: 小米, Num: 43
PhoneType: 荣耀, Num: 22
PhoneType: 一加, Num: 8
cnt: 820
=====================================
统计中...
PhoneType: 真我, Num: 1
PhoneType: 苹果, Num: 432
PhoneType: 华为, Num: 142
PhoneType: OPPO, Num: 49
PhoneType: 红米, Num: 31
PhoneType: 小米, Num: 46
PhoneType: 未知Android设备, Num: 44
PhoneType: 荣耀, Num: 23
PhoneType: 一加, Num: 8
PhoneType: Vivo, Num: 34
PhoneType: IQOO, Num: 17
PhoneType: 三星, Num: 5
PhoneType: 魅族, Num: 1
cnt: 833
=====================================
统计中...
PhoneType: IQOO, Num: 17
PhoneType: Vivo, Num: 34
PhoneType: 三星, Num: 5
PhoneType: 魅族, Num: 1
PhoneType: 真我, Num: 1
PhoneType: 苹果, Num: 438
PhoneType: OPPO, Num: 50
PhoneType: 华为, Num: 145
PhoneType: 小米, Num: 48
PhoneType: 未知Android设备, Num: 44
PhoneType: 红米, Num: 33
PhoneType: 荣耀, Num: 25
PhoneType: 一加, Num: 8
cnt: 849
=====================================
统计中...
PhoneType: IQOO, Num: 17
PhoneType: Vivo, Num: 35
PhoneType: 三星, Num: 5
PhoneType: 魅族, Num: 1
PhoneType: 真我, Num: 1
PhoneType: 苹果, Num: 443
PhoneType: OPPO, Num: 50
PhoneType: 华为, Num: 146
PhoneType: 小米, Num: 48
PhoneType: 未知Android设备, Num: 46
PhoneType: 红米, Num: 33
PhoneType: 荣耀, Num: 25
PhoneType: 一加, Num: 9
cnt: 859
=====================================
统计中...
PhoneType: 荣耀, Num: 25
PhoneType: 一加, Num: 9
PhoneType: Vivo, Num: 35
PhoneType: IQOO, Num: 17
PhoneType: 魅族, Num: 1
PhoneType: 三星, Num: 6
PhoneType: 真我, Num: 2
PhoneType: 苹果, Num: 448
PhoneType: 华为, Num: 148
PhoneType: OPPO, Num: 50
PhoneType: 未知Android设备, Num: 46
PhoneType: 红米, Num: 33
PhoneType: 小米, Num: 49
cnt: 869
=====================================
统计中...
PhoneType: 荣耀, Num: 25
PhoneType: 一加, Num: 9
PhoneType: Vivo, Num: 35
PhoneType: IQOO, Num: 17
PhoneType: 三星, Num: 6
PhoneType: 魅族, Num: 1
PhoneType: 苹果, Num: 461
PhoneType: 真我, Num: 2
PhoneType: 华为, Num: 149
PhoneType: OPPO, Num: 50
PhoneType: 红米, Num: 33
PhoneType: 小米, Num: 49
PhoneType: 未知Android设备, Num: 46
cnt: 883
=====================================
统计中...
PhoneType: 苹果, Num: 467
PhoneType: 真我, Num: 3
PhoneType: 华为, Num: 150
PhoneType: OPPO, Num: 50
PhoneType: 红米, Num: 34
PhoneType: 小米, Num: 49
PhoneType: 未知Android设备, Num: 47
PhoneType: 荣耀, Num: 26
PhoneType: 一加, Num: 9
PhoneType: Vivo, Num: 36
PhoneType: IQOO, Num: 17
PhoneType: 三星, Num: 6
PhoneType: 魅族, Num: 1
cnt: 895
=====================================
统计中...
PhoneType: 三星, Num: 7
PhoneType: 魅族, Num: 1
PhoneType: 苹果, Num: 471
PhoneType: 真我, Num: 3
PhoneType: 华为, Num: 150
PhoneType: OPPO, Num: 52
PhoneType: 红米, Num: 34
PhoneType: 小米, Num: 49
PhoneType: 未知Android设备, Num: 47
PhoneType: 荣耀, Num: 27
PhoneType: 一加, Num: 9
PhoneType: Vivo, Num: 36
PhoneType: IQOO, Num: 18
cnt: 904
=====================================
统计中...
PhoneType: 一加, Num: 9
PhoneType: Vivo, Num: 36
PhoneType: IQOO, Num: 18
PhoneType: 三星, Num: 7
PhoneType: 魅族, Num: 1
PhoneType: 苹果, Num: 474
PhoneType: 真我, Num: 3
PhoneType: 华为, Num: 151
PhoneType: OPPO, Num: 53
PhoneType: 红米, Num: 34
PhoneType: 小米, Num: 52
PhoneType: 未知Android设备, Num: 47
PhoneType: 荣耀, Num: 30
cnt: 915
=====================================
统计中...
PhoneType: 红米, Num: 34
PhoneType: 小米, Num: 52
PhoneType: 未知Android设备, Num: 47
PhoneType: 荣耀, Num: 30
PhoneType: 一加, Num: 9
PhoneType: Vivo, Num: 36
PhoneType: IQOO, Num: 18
PhoneType: 三星, Num: 7
PhoneType: 魅族, Num: 1
PhoneType: 苹果, Num: 484
PhoneType: 真我, Num: 3
PhoneType: 华为, Num: 151
PhoneType: OPPO, Num: 53
cnt: 925
=====================================
统计中...
PhoneType: 三星, Num: 7
PhoneType: 魅族, Num: 1
PhoneType: 苹果, Num: 494
PhoneType: 真我, Num: 3
PhoneType: 华为, Num: 151
PhoneType: OPPO, Num: 53
PhoneType: 红米, Num: 34
PhoneType: 小米, Num: 52
PhoneType: 未知Android设备, Num: 47
PhoneType: 荣耀, Num: 30
PhoneType: 一加, Num: 9
PhoneType: Vivo, Num: 36
PhoneType: IQOO, Num: 18
cnt: 935
=====================================
统计中...
PhoneType: 荣耀, Num: 30
PhoneType: 一加, Num: 9
PhoneType: IQOO, Num: 18
PhoneType: Vivo, Num: 36
PhoneType: 三星, Num: 7
PhoneType: 魅族, Num: 1
PhoneType: 真我, Num: 3
PhoneType: 苹果, Num: 500
PhoneType: OPPO, Num: 53
PhoneType: 华为, Num: 151
PhoneType: 小米, Num: 52
PhoneType: 未知Android设备, Num: 47
PhoneType: 红米, Num: 34
cnt: 941
=====================================
统计中...
PhoneType: 红米, Num: 34
PhoneType: 小米, Num: 53
PhoneType: 未知Android设备, Num: 47
PhoneType: 荣耀, Num: 30
PhoneType: 一加, Num: 9
PhoneType: Vivo, Num: 37
PhoneType: IQOO, Num: 18
PhoneType: 三星, Num: 7
PhoneType: 魅族, Num: 1
PhoneType: 苹果, Num: 511
PhoneType: 真我, Num: 3
PhoneType: 华为, Num: 151
PhoneType: OPPO, Num: 53
cnt: 954
=====================================
统计中...
PhoneType: 三星, Num: 7
PhoneType: 魅族, Num: 1
PhoneType: 真我, Num: 3
PhoneType: 苹果, Num: 517
PhoneType: OPPO, Num: 53
PhoneType: 华为, Num: 152
PhoneType: 小米, Num: 53
PhoneType: 未知Android设备, Num: 47
PhoneType: 红米, Num: 36
PhoneType: 荣耀, Num: 32
PhoneType: 一加, Num: 9
PhoneType: IQOO, Num: 18
PhoneType: Vivo, Num: 37
cnt: 965
=====================================
统计中...
PhoneType: 一加, Num: 9
PhoneType: Vivo, Num: 38
PhoneType: IQOO, Num: 18
PhoneType: 三星, Num: 7
PhoneType: 魅族, Num: 1
PhoneType: 苹果, Num: 524
PhoneType: 真我, Num: 3
PhoneType: 华为, Num: 153
PhoneType: OPPO, Num: 53
PhoneType: 红米, Num: 37
PhoneType: 小米, Num: 53
PhoneType: 未知Android设备, Num: 47
PhoneType: 荣耀, Num: 33
cnt: 976
=====================================
统计中...
PhoneType: 三星, Num: 7
PhoneType: 魅族, Num: 1
PhoneType: 苹果, Num: 529
PhoneType: 真我, Num: 3
PhoneType: 华为, Num: 155
PhoneType: OPPO, Num: 54
PhoneType: 红米, Num: 38
PhoneType: 小米, Num: 53
PhoneType: 未知Android设备, Num: 47
PhoneType: 荣耀, Num: 33
PhoneType: 一加, Num: 9
PhoneType: Vivo, Num: 38
PhoneType: IQOO, Num: 19
cnt: 986
=====================================
统计中...
PhoneType: 华为, Num: 155
PhoneType: OPPO, Num: 54
PhoneType: 红米, Num: 38
PhoneType: 小米, Num: 53
PhoneType: 未知Android设备, Num: 47
PhoneType: 荣耀, Num: 33
PhoneType: 一加, Num: 9
PhoneType: Vivo, Num: 40
PhoneType: IQOO, Num: 19
PhoneType: 三星, Num: 7
PhoneType: 魅族, Num: 1
PhoneType: 苹果, Num: 531
PhoneType: 真我, Num: 3
cnt: 990
=====================================
统计中...
PhoneType: 华为, Num: 156
PhoneType: OPPO, Num: 55
PhoneType: 红米, Num: 38
PhoneType: 小米, Num: 54
PhoneType: 未知Android设备, Num: 47
PhoneType: 荣耀, Num: 33
PhoneType: 一加, Num: 9
PhoneType: Vivo, Num: 40
PhoneType: IQOO, Num: 20
PhoneType: 魅族, Num: 1
PhoneType: 三星, Num: 7
PhoneType: 真我, Num: 3
PhoneType: 苹果, Num: 536
cnt: 999
=====================================
统计中...
PhoneType: 红米, Num: 38
PhoneType: 小米, Num: 56
PhoneType: 未知Android设备, Num: 48
PhoneType: 荣耀, Num: 33
PhoneType: 一加, Num: 9
PhoneType: Vivo, Num: 43
PhoneType: IQOO, Num: 20
PhoneType: 三星, Num: 7
PhoneType: 魅族, Num: 1
PhoneType: 苹果, Num: 538
PhoneType: 真我, Num: 3
PhoneType: 华为, Num: 161
PhoneType: OPPO, Num: 55
cnt: 1012
=====================================
统计中...
PhoneType: 华为, Num: 162
PhoneType: OPPO, Num: 55
PhoneType: 红米, Num: 38
PhoneType: 小米, Num: 56
PhoneType: 未知Android设备, Num: 48
PhoneType: 荣耀, Num: 33
PhoneType: 一加, Num: 9
PhoneType: Vivo, Num: 43
PhoneType: IQOO, Num: 20
PhoneType: 三星, Num: 7
PhoneType: 魅族, Num: 1
PhoneType: 苹果, Num: 547
PhoneType: 真我, Num: 3
cnt: 1022
=====================================
统计中...
PhoneType: IQOO, Num: 20
PhoneType: Vivo, Num: 43
PhoneType: 三星, Num: 7
PhoneType: 魅族, Num: 1
PhoneType: 真我, Num: 3
PhoneType: 苹果, Num: 554
PhoneType: OPPO, Num: 55
PhoneType: 华为, Num: 162
PhoneType: 小米, Num: 56
PhoneType: 未知Android设备, Num: 48
PhoneType: 红米, Num: 38
PhoneType: 荣耀, Num: 33
PhoneType: 一加, Num: 9
cnt: 1029
=====================================
统计中...
PhoneType: 红米, Num: 39
PhoneType: 小米, Num: 56
PhoneType: 未知Android设备, Num: 48
PhoneType: 荣耀, Num: 33
PhoneType: 一加, Num: 9
PhoneType: Vivo, Num: 45
PhoneType: IQOO, Num: 20
PhoneType: 三星, Num: 7
PhoneType: 魅族, Num: 1
PhoneType: 真我, Num: 3
PhoneType: 苹果, Num: 562
PhoneType: 华为, Num: 164
PhoneType: OPPO, Num: 55
cnt: 1042
=====================================
统计中...
PhoneType: Vivo, Num: 47
PhoneType: IQOO, Num: 20
PhoneType: 三星, Num: 7
PhoneType: 魅族, Num: 2
PhoneType: 真我, Num: 3
PhoneType: 苹果, Num: 563
PhoneType: 华为, Num: 165
PhoneType: OPPO, Num: 56
PhoneType: 红米, Num: 41
PhoneType: 小米, Num: 57
PhoneType: 未知Android设备, Num: 48
PhoneType: 荣耀, Num: 34
PhoneType: 一加, Num: 9
cnt: 1052
=====================================
统计中...
PhoneType: 华为, Num: 168
PhoneType: OPPO, Num: 57
PhoneType: 红米, Num: 43
PhoneType: 小米, Num: 58
PhoneType: 未知Android设备, Num: 48
PhoneType: 荣耀, Num: 37
PhoneType: 一加, Num: 9
PhoneType: Vivo, Num: 47
PhoneType: IQOO, Num: 20
PhoneType: 魅族, Num: 2
PhoneType: 三星, Num: 7
PhoneType: 真我, Num: 3
PhoneType: 苹果, Num: 565
cnt: 1064
=====================================
统计中...
PhoneType: 三星, Num: 7
PhoneType: 魅族, Num: 2
PhoneType: 苹果, Num: 573
PhoneType: 真我, Num: 3
PhoneType: 华为, Num: 169
PhoneType: OPPO, Num: 57
PhoneType: 红米, Num: 43
PhoneType: 小米, Num: 59
PhoneType: 未知Android设备, Num: 48
PhoneType: 荣耀, Num: 40
PhoneType: 一加, Num: 10
PhoneType: Vivo, Num: 47
PhoneType: IQOO, Num: 20
cnt: 1078
=====================================
统计中...
PhoneType: 一加, Num: 11
PhoneType: Vivo, Num: 48
PhoneType: IQOO, Num: 20
PhoneType: 魅族, Num: 2
PhoneType: 三星, Num: 7
PhoneType: 真我, Num: 3
PhoneType: 苹果, Num: 579
PhoneType: 华为, Num: 171
PhoneType: OPPO, Num: 57
PhoneType: 红米, Num: 43
PhoneType: 小米, Num: 60
PhoneType: 未知Android设备, Num: 48
PhoneType: 荣耀, Num: 40
cnt: 1089
=====================================
统计中...
PhoneType: 华为, Num: 172
PhoneType: OPPO, Num: 58
PhoneType: 红米, Num: 43
PhoneType: 小米, Num: 60
PhoneType: 未知Android设备, Num: 48
PhoneType: 荣耀, Num: 41
PhoneType: 一加, Num: 11
PhoneType: Vivo, Num: 48
PhoneType: IQOO, Num: 20
PhoneType: 魅族, Num: 2
PhoneType: 三星, Num: 7
PhoneType: 真我, Num: 3
PhoneType: 苹果, Num: 587
cnt: 1100
=====================================
统计中...
PhoneType: 红米, Num: 43
PhoneType: 小米, Num: 60
PhoneType: 未知Android设备, Num: 48
PhoneType: 荣耀, Num: 41
PhoneType: 一加, Num: 12
PhoneType: Vivo, Num: 48
PhoneType: IQOO, Num: 20
PhoneType: 魅族, Num: 2
PhoneType: 三星, Num: 7
PhoneType: 真我, Num: 3
PhoneType: 苹果, Num: 592
PhoneType: 华为, Num: 173
PhoneType: OPPO, Num: 58
cnt: 1107
=====================================
统计中...
PhoneType: 魅族, Num: 2
PhoneType: 三星, Num: 7
PhoneType: 真我, Num: 3
PhoneType: 苹果, Num: 596
PhoneType: 华为, Num: 174
PhoneType: OPPO, Num: 62
PhoneType: 未知Android设备, Num: 48
PhoneType: 红米, Num: 44
PhoneType: 小米, Num: 61
PhoneType: 荣耀, Num: 41
PhoneType: 一加, Num: 12
PhoneType: Vivo, Num: 48
PhoneType: IQOO, Num: 20
cnt: 1118
=====================================
统计中...
PhoneType: 魅族, Num: 2
PhoneType: 三星, Num: 7
PhoneType: 真我, Num: 3
PhoneType: 苹果, Num: 602
PhoneType: 华为, Num: 174
PhoneType: OPPO, Num: 62
PhoneType: 红米, Num: 45
PhoneType: 小米, Num: 62
PhoneType: 未知Android设备, Num: 49
PhoneType: 荣耀, Num: 43
PhoneType: 一加, Num: 12
PhoneType: Vivo, Num: 49
PhoneType: IQOO, Num: 20
cnt: 1130
=====================================
统计中...
PhoneType: 荣耀, Num: 44
PhoneType: 一加, Num: 12
PhoneType: Vivo, Num: 50
PhoneType: IQOO, Num: 20
PhoneType: 三星, Num: 7
PhoneType: 魅族, Num: 2
PhoneType: 真我, Num: 3
PhoneType: 苹果, Num: 608
PhoneType: 华为, Num: 177
PhoneType: OPPO, Num: 63
PhoneType: 红米, Num: 45
PhoneType: 小米, Num: 64
PhoneType: 未知Android设备, Num: 50
cnt: 1145
=====================================
统计中...
PhoneType: 魅族, Num: 2
PhoneType: 三星, Num: 7
PhoneType: 真我, Num: 3
PhoneType: 苹果, Num: 615
PhoneType: 华为, Num: 178
PhoneType: OPPO, Num: 64
PhoneType: 红米, Num: 46
PhoneType: 小米, Num: 65
PhoneType: 未知Android设备, Num: 51
PhoneType: 荣耀, Num: 44
PhoneType: 一加, Num: 12
PhoneType: Vivo, Num: 51
PhoneType: IQOO, Num: 20
cnt: 1158
=====================================
统计中...
PhoneType: 苹果, Num: 620
PhoneType: 真我, Num: 3
PhoneType: 华为, Num: 179
PhoneType: OPPO, Num: 65
PhoneType: 红米, Num: 46
PhoneType: 小米, Num: 65
PhoneType: 未知Android设备, Num: 51
PhoneType: 荣耀, Num: 45
PhoneType: 一加, Num: 12
PhoneType: Vivo, Num: 54
PhoneType: IQOO, Num: 20
PhoneType: 三星, Num: 7
PhoneType: 魅族, Num: 2
cnt: 1169
=====================================
统计中...
PhoneType: 一加, Num: 12
PhoneType: Vivo, Num: 55
PhoneType: IQOO, Num: 20
PhoneType: 三星, Num: 7
PhoneType: 魅族, Num: 2
PhoneType: 苹果, Num: 622
PhoneType: 真我, Num: 4
PhoneType: 华为, Num: 179
PhoneType: OPPO, Num: 65
PhoneType: 红米, Num: 46
PhoneType: 小米, Num: 67
PhoneType: 未知Android设备, Num: 52
PhoneType: 荣耀, Num: 46
cnt: 1177
=====================================
统计中...
PhoneType: 荣耀, Num: 46
PhoneType: 一加, Num: 12
PhoneType: Vivo, Num: 56
PhoneType: IQOO, Num: 20
PhoneType: 三星, Num: 7
PhoneType: 魅族, Num: 2
PhoneType: 苹果, Num: 625
PhoneType: 真我, Num: 4
PhoneType: 华为, Num: 180
PhoneType: OPPO, Num: 68
PhoneType: 红米, Num: 46
PhoneType: 小米, Num: 67
PhoneType: 未知Android设备, Num: 52
cnt: 1185
=====================================
统计中...
PhoneType: 一加, Num: 12
PhoneType: Vivo, Num: 56
PhoneType: IQOO, Num: 20
PhoneType: 三星, Num: 7
PhoneType: 魅族, Num: 2
PhoneType: 苹果, Num: 630
PhoneType: 真我, Num: 4
PhoneType: 华为, Num: 183
PhoneType: OPPO, Num: 68
PhoneType: 红米, Num: 46
PhoneType: 小米, Num: 67
PhoneType: 未知Android设备, Num: 53
PhoneType: 荣耀, Num: 46
cnt: 1194
=====================================
统计中...
PhoneType: 红米, Num: 46
PhoneType: 小米, Num: 68
PhoneType: 未知Android设备, Num: 54
PhoneType: 荣耀, Num: 48
PhoneType: 一加, Num: 12
PhoneType: Vivo, Num: 56
PhoneType: IQOO, Num: 20
PhoneType: 三星, Num: 7
PhoneType: 魅族, Num: 2
PhoneType: 真我, Num: 4
PhoneType: 苹果, Num: 634
PhoneType: 华为, Num: 185
PhoneType: OPPO, Num: 68
cnt: 1204
=====================================
统计中...
PhoneType: 一加, Num: 12
PhoneType: Vivo, Num: 56
PhoneType: IQOO, Num: 20
PhoneType: 三星, Num: 7
PhoneType: 魅族, Num: 2
PhoneType: 真我, Num: 4
PhoneType: 苹果, Num: 645
PhoneType: 华为, Num: 186
PhoneType: OPPO, Num: 69
PhoneType: 红米, Num: 46
PhoneType: 小米, Num: 68
PhoneType: 未知Android设备, Num: 55
PhoneType: 荣耀, Num: 48
cnt: 1218
=====================================
统计中...
PhoneType: 荣耀, Num: 49
PhoneType: 一加, Num: 12
PhoneType: Vivo, Num: 56
PhoneType: IQOO, Num: 20
PhoneType: 三星, Num: 7
PhoneType: 魅族, Num: 2
PhoneType: 真我, Num: 4
PhoneType: 苹果, Num: 647
PhoneType: 华为, Num: 190
PhoneType: OPPO, Num: 69
PhoneType: 红米, Num: 46
PhoneType: 小米, Num: 69
PhoneType: 未知Android设备, Num: 55
cnt: 1226
=====================================
统计中...
PhoneType: 荣耀, Num: 49
PhoneType: 一加, Num: 12
PhoneType: Vivo, Num: 56
PhoneType: IQOO, Num: 20
PhoneType: 三星, Num: 7
PhoneType: 魅族, Num: 2
PhoneType: 苹果, Num: 656
PhoneType: 真我, Num: 4
PhoneType: 华为, Num: 191
PhoneType: OPPO, Num: 69
PhoneType: 红米, Num: 47
PhoneType: 小米, Num: 71
PhoneType: 未知Android设备, Num: 55
cnt: 1239
=====================================
统计中...
PhoneType: IQOO, Num: 21
PhoneType: Vivo, Num: 57
PhoneType: 三星, Num: 7
PhoneType: 魅族, Num: 2
PhoneType: 真我, Num: 4
PhoneType: 苹果, Num: 659
PhoneType: OPPO, Num: 69
PhoneType: 华为, Num: 194
PhoneType: 小米, Num: 71
PhoneType: 未知Android设备, Num: 55
PhoneType: 红米, Num: 48
PhoneType: 荣耀, Num: 50
PhoneType: 一加, Num: 12
cnt: 1249
=====================================
统计中...
PhoneType: 红米, Num: 48
PhoneType: 小米, Num: 71
PhoneType: 未知Android设备, Num: 55
PhoneType: 荣耀, Num: 51
PhoneType: 一加, Num: 12
PhoneType: Vivo, Num: 58
PhoneType: IQOO, Num: 22
PhoneType: 三星, Num: 8
PhoneType: 魅族, Num: 2
PhoneType: 苹果, Num: 661
PhoneType: 真我, Num: 4
PhoneType: 华为, Num: 196
PhoneType: OPPO, Num: 70
cnt: 1258
=====================================
统计中...
PhoneType: 一加, Num: 12
PhoneType: Vivo, Num: 58
PhoneType: IQOO, Num: 23
PhoneType: 三星, Num: 8
PhoneType: 魅族, Num: 2
PhoneType: 苹果, Num: 665
PhoneType: 真我, Num: 4
PhoneType: 华为, Num: 198
PhoneType: OPPO, Num: 70
PhoneType: 红米, Num: 49
PhoneType: 小米, Num: 72
PhoneType: 未知Android设备, Num: 56
PhoneType: 荣耀, Num: 52
cnt: 1269
=====================================
统计中...
PhoneType: 一加, Num: 13
PhoneType: Vivo, Num: 58
PhoneType: IQOO, Num: 23
PhoneType: 三星, Num: 8
PhoneType: 魅族, Num: 2
PhoneType: 苹果, Num: 671
PhoneType: 真我, Num: 4
PhoneType: 华为, Num: 199
PhoneType: OPPO, Num: 71
PhoneType: 红米, Num: 49
PhoneType: 小米, Num: 73
PhoneType: 未知Android设备, Num: 58
PhoneType: 荣耀, Num: 52
cnt: 1281
=====================================
统计中...
PhoneType: 小米, Num: 75
PhoneType: 未知Android设备, Num: 58
PhoneType: 红米, Num: 49
PhoneType: 荣耀, Num: 52
PhoneType: 一加, Num: 13
PhoneType: IQOO, Num: 24
PhoneType: Vivo, Num: 58
PhoneType: 三星, Num: 8
PhoneType: 魅族, Num: 2
PhoneType: 真我, Num: 4
PhoneType: 苹果, Num: 674
PhoneType: OPPO, Num: 72
PhoneType: 华为, Num: 200
cnt: 1289
=====================================
统计中...
PhoneType: 一加, Num: 13
PhoneType: IQOO, Num: 24
PhoneType: Vivo, Num: 58
PhoneType: 三星, Num: 8
PhoneType: 魅族, Num: 2
PhoneType: 真我, Num: 5
PhoneType: 苹果, Num: 680
PhoneType: OPPO, Num: 73
PhoneType: 华为, Num: 201
PhoneType: 小米, Num: 75
PhoneType: 未知Android设备, Num: 58
PhoneType: 红米, Num: 49
PhoneType: 荣耀, Num: 53
cnt: 1299
=====================================
统计中...
PhoneType: 苹果, Num: 683
PhoneType: 真我, Num: 5
PhoneType: 华为, Num: 202
PhoneType: OPPO, Num: 74
PhoneType: 红米, Num: 49
PhoneType: 小米, Num: 75
PhoneType: 未知Android设备, Num: 58
PhoneType: 荣耀, Num: 54
PhoneType: 一加, Num: 13
PhoneType: Vivo, Num: 62
PhoneType: IQOO, Num: 25
PhoneType: 三星, Num: 8
PhoneType: 魅族, Num: 2
cnt: 1310
=====================================
统计中...
PhoneType: 三星, Num: 8
PhoneType: 魅族, Num: 2
PhoneType: 苹果, Num: 689
PhoneType: 真我, Num: 5
PhoneType: 华为, Num: 204
PhoneType: OPPO, Num: 74
PhoneType: 红米, Num: 49
PhoneType: 小米, Num: 75
PhoneType: 未知Android设备, Num: 58
PhoneType: 荣耀, Num: 54
PhoneType: 一加, Num: 13
PhoneType: Vivo, Num: 64
PhoneType: IQOO, Num: 25
cnt: 1320
=====================================
统计中...
PhoneType: 一加, Num: 13
PhoneType: Vivo, Num: 64
PhoneType: IQOO, Num: 25
PhoneType: 三星, Num: 8
PhoneType: 魅族, Num: 2
PhoneType: 苹果, Num: 692
PhoneType: 真我, Num: 5
PhoneType: 华为, Num: 205
PhoneType: OPPO, Num: 75
PhoneType: 红米, Num: 49
PhoneType: 小米, Num: 75
PhoneType: 未知Android设备, Num: 60
PhoneType: 荣耀, Num: 54
cnt: 1327
=====================================
统计中...
PhoneType: 荣耀, Num: 55
PhoneType: 一加, Num: 13
PhoneType: Vivo, Num: 64
PhoneType: IQOO, Num: 25
PhoneType: 魅族, Num: 2
PhoneType: 三星, Num: 8
PhoneType: 真我, Num: 5
PhoneType: 苹果, Num: 695
PhoneType: 华为, Num: 207
PhoneType: OPPO, Num: 76
PhoneType: 未知Android设备, Num: 60
PhoneType: 红米, Num: 50
PhoneType: 小米, Num: 75
cnt: 1335
=====================================
统计中...
PhoneType: Vivo, Num: 66
PhoneType: IQOO, Num: 25
PhoneType: 魅族, Num: 2
PhoneType: 三星, Num: 8
PhoneType: 真我, Num: 5
PhoneType: 苹果, Num: 698
PhoneType: 华为, Num: 207
PhoneType: OPPO, Num: 77
PhoneType: 红米, Num: 50
PhoneType: 小米, Num: 76
PhoneType: 未知Android设备, Num: 60
PhoneType: 荣耀, Num: 55
PhoneType: 一加, Num: 13
cnt: 1342
=====================================
统计中...
PhoneType: 一加, Num: 13
PhoneType: Vivo, Num: 67
PhoneType: IQOO, Num: 26
PhoneType: 三星, Num: 8
PhoneType: 魅族, Num: 2
PhoneType: 真我, Num: 5
PhoneType: 苹果, Num: 705
PhoneType: 华为, Num: 209
PhoneType: OPPO, Num: 78
PhoneType: 红米, Num: 52
PhoneType: 小米, Num: 76
PhoneType: 未知Android设备, Num: 60
PhoneType: 荣耀, Num: 55
cnt: 1356
=====================================
统计中...
PhoneType: 一加, Num: 13
PhoneType: Vivo, Num: 67
PhoneType: IQOO, Num: 26
PhoneType: 魅族, Num: 2
PhoneType: 三星, Num: 8
PhoneType: 真我, Num: 5
PhoneType: 苹果, Num: 708
PhoneType: 华为, Num: 209
PhoneType: OPPO, Num: 78
PhoneType: 未知Android设备, Num: 61
PhoneType: 红米, Num: 54
PhoneType: 小米, Num: 76
PhoneType: 荣耀, Num: 56
cnt: 1363
=====================================
统计中...
PhoneType: 真我, Num: 5
PhoneType: 苹果, Num: 710
PhoneType: 华为, Num: 210
PhoneType: OPPO, Num: 78
PhoneType: 红米, Num: 54
PhoneType: 小米, Num: 76
PhoneType: 未知Android设备, Num: 61
PhoneType: 荣耀, Num: 56
PhoneType: 一加, Num: 14
PhoneType: Vivo, Num: 68
PhoneType: IQOO, Num: 26
PhoneType: 三星, Num: 8
PhoneType: 魅族, Num: 2
cnt: 1368
=====================================
统计中...
PhoneType: 红米, Num: 54
PhoneType: 小米, Num: 76
PhoneType: 未知Android设备, Num: 62
PhoneType: 荣耀, Num: 57
PhoneType: 一加, Num: 15
PhoneType: Vivo, Num: 70
PhoneType: IQOO, Num: 26
PhoneType: 三星, Num: 8
PhoneType: 魅族, Num: 2
PhoneType: 苹果, Num: 711
PhoneType: 真我, Num: 5
PhoneType: 华为, Num: 213
PhoneType: OPPO, Num: 78
cnt: 1377
=====================================
统计中...
PhoneType: 一加, Num: 15
PhoneType: Vivo, Num: 71
PhoneType: IQOO, Num: 26
PhoneType: 三星, Num: 8
PhoneType: 魅族, Num: 2
PhoneType: 苹果, Num: 717
PhoneType: 真我, Num: 5
PhoneType: 华为, Num: 217
PhoneType: OPPO, Num: 78
PhoneType: 红米, Num: 54
PhoneType: 小米, Num: 76
PhoneType: 未知Android设备, Num: 63
PhoneType: 荣耀, Num: 57
cnt: 1389
=====================================
统计中...
PhoneType: 真我, Num: 5
PhoneType: 苹果, Num: 724
PhoneType: 华为, Num: 217
PhoneType: OPPO, Num: 78
PhoneType: 未知Android设备, Num: 64
PhoneType: 红米, Num: 54
PhoneType: 小米, Num: 76
PhoneType: 荣耀, Num: 59
PhoneType: 一加, Num: 16
PhoneType: Vivo, Num: 71
PhoneType: IQOO, Num: 27
PhoneType: 魅族, Num: 2
PhoneType: 三星, Num: 8
cnt: 1401
=====================================
统计中...
PhoneType: 真我, Num: 5
PhoneType: 苹果, Num: 728
PhoneType: OPPO, Num: 80
PhoneType: 华为, Num: 222
PhoneType: 小米, Num: 76
PhoneType: 未知Android设备, Num: 65
PhoneType: 红米, Num: 54
PhoneType: 荣耀, Num: 61
PhoneType: 一加, Num: 16
PhoneType: IQOO, Num: 28
PhoneType: Vivo, Num: 71
PhoneType: 三星, Num: 8
PhoneType: 魅族, Num: 2
cnt: 1416
=====================================
统计中...
PhoneType: 魅族, Num: 2
PhoneType: 三星, Num: 9
PhoneType: 真我, Num: 5
PhoneType: 苹果, Num: 733
PhoneType: 华为, Num: 223
PhoneType: OPPO, Num: 81
PhoneType: 红米, Num: 54
PhoneType: 小米, Num: 76
PhoneType: 未知Android设备, Num: 66
PhoneType: 荣耀, Num: 61
PhoneType: 一加, Num: 16
PhoneType: Vivo, Num: 71
PhoneType: IQOO, Num: 28
cnt: 1425
=====================================
统计中...
PhoneType: 苹果, Num: 736
PhoneType: 真我, Num: 5
PhoneType: 华为, Num: 224
PhoneType: OPPO, Num: 82
PhoneType: 红米, Num: 54
PhoneType: 小米, Num: 77
PhoneType: 未知Android设备, Num: 66
PhoneType: 荣耀, Num: 61
PhoneType: 一加, Num: 16
PhoneType: Vivo, Num: 71
PhoneType: IQOO, Num: 28
PhoneType: 三星, Num: 9
PhoneType: 魅族, Num: 2
cnt: 1431
=====================================
统计中...
PhoneType: Vivo, Num: 72
PhoneType: IQOO, Num: 28
PhoneType: 三星, Num: 9
PhoneType: 魅族, Num: 2
PhoneType: 苹果, Num: 741
PhoneType: 真我, Num: 5
PhoneType: 华为, Num: 226
PhoneType: OPPO, Num: 83
PhoneType: 红米, Num: 54
PhoneType: 小米, Num: 78
PhoneType: 未知Android设备, Num: 66
PhoneType: 荣耀, Num: 61
PhoneType: 一加, Num: 16
cnt: 1441
=====================================
统计中...
PhoneType: 华为, Num: 228
PhoneType: OPPO, Num: 84
PhoneType: 红米, Num: 54
PhoneType: 小米, Num: 78
PhoneType: 未知Android设备, Num: 66
PhoneType: 荣耀, Num: 61
PhoneType: 一加, Num: 16
PhoneType: Vivo, Num: 72
PhoneType: IQOO, Num: 28
PhoneType: 三星, Num: 9
PhoneType: 魅族, Num: 2
PhoneType: 苹果, Num: 743
PhoneType: 真我, Num: 5
cnt: 1446
=====================================
统计中...
PhoneType: 三星, Num: 9
PhoneType: 魅族, Num: 2
PhoneType: 苹果, Num: 749
PhoneType: 真我, Num: 6
PhoneType: 华为, Num: 230
PhoneType: OPPO, Num: 86
PhoneType: 红米, Num: 54
PhoneType: 小米, Num: 78
PhoneType: 未知Android设备, Num: 66
PhoneType: 荣耀, Num: 61
PhoneType: 一加, Num: 16
PhoneType: Vivo, Num: 72
PhoneType: IQOO, Num: 28
cnt: 1457
=====================================
统计中...
PhoneType: 三星, Num: 9
PhoneType: 魅族, Num: 2
PhoneType: 真我, Num: 6
PhoneType: 苹果, Num: 756
PhoneType: OPPO, Num: 87
PhoneType: 华为, Num: 230
PhoneType: 小米, Num: 80
PhoneType: 未知Android设备, Num: 66
PhoneType: 红米, Num: 55
PhoneType: 荣耀, Num: 62
PhoneType: 一加, Num: 16
PhoneType: IQOO, Num: 28
PhoneType: Vivo, Num: 72
cnt: 1469
=====================================
统计中...
PhoneType: 一加, Num: 17
PhoneType: Vivo, Num: 73
PhoneType: IQOO, Num: 29
PhoneType: 魅族, Num: 2
PhoneType: 三星, Num: 9
PhoneType: 真我, Num: 6
PhoneType: 苹果, Num: 760
PhoneType: 华为, Num: 230
PhoneType: OPPO, Num: 87
PhoneType: 未知Android设备, Num: 66
PhoneType: 红米, Num: 56
PhoneType: 小米, Num: 82
PhoneType: 荣耀, Num: 63
cnt: 1480
=====================================
统计中...
PhoneType: 一加, Num: 17
PhoneType: Vivo, Num: 73
PhoneType: IQOO, Num: 30
PhoneType: 三星, Num: 9
PhoneType: 魅族, Num: 2
PhoneType: 苹果, Num: 764
PhoneType: 真我, Num: 6
PhoneType: 华为, Num: 231
PhoneType: OPPO, Num: 87
PhoneType: 红米, Num: 56
PhoneType: 小米, Num: 82
PhoneType: 未知Android设备, Num: 66
PhoneType: 荣耀, Num: 63
cnt: 1486
=====================================
统计中...
PhoneType: 真我, Num: 6
PhoneType: 苹果, Num: 768
PhoneType: 华为, Num: 231
PhoneType: OPPO, Num: 89
PhoneType: 红米, Num: 57
PhoneType: 小米, Num: 82
PhoneType: 未知Android设备, Num: 67
PhoneType: 荣耀, Num: 63
PhoneType: 一加, Num: 17
PhoneType: Vivo, Num: 73
PhoneType: IQOO, Num: 30
PhoneType: 三星, Num: 9
PhoneType: 魅族, Num: 2
cnt: 1494
=====================================
统计中...
PhoneType: Vivo, Num: 74
PhoneType: IQOO, Num: 30
PhoneType: 三星, Num: 9
PhoneType: 魅族, Num: 2
PhoneType: 真我, Num: 6
PhoneType: 苹果, Num: 775
PhoneType: 华为, Num: 232
PhoneType: OPPO, Num: 90
PhoneType: 红米, Num: 57
PhoneType: 小米, Num: 83
PhoneType: 未知Android设备, Num: 69
PhoneType: 荣耀, Num: 64
PhoneType: 一加, Num: 17
cnt: 1508
=====================================
统计中...
PhoneType: 一加, Num: 17
PhoneType: Vivo, Num: 75
PhoneType: IQOO, Num: 30
PhoneType: 三星, Num: 9
PhoneType: 魅族, Num: 2
PhoneType: 真我, Num: 6
PhoneType: 苹果, Num: 778
PhoneType: 华为, Num: 233
PhoneType: OPPO, Num: 90
PhoneType: 红米, Num: 58
PhoneType: 小米, Num: 83
PhoneType: 未知Android设备, Num: 72
PhoneType: 荣耀, Num: 64
cnt: 1517
=====================================
统计中...
PhoneType: 一加, Num: 17
PhoneType: Vivo, Num: 76
PhoneType: IQOO, Num: 30
PhoneType: 三星, Num: 9
PhoneType: 魅族, Num: 2
PhoneType: 苹果, Num: 783
PhoneType: 真我, Num: 6
PhoneType: 华为, Num: 235
PhoneType: OPPO, Num: 92
PhoneType: 红米, Num: 58
PhoneType: 小米, Num: 83
PhoneType: 未知Android设备, Num: 72
PhoneType: 荣耀, Num: 65
cnt: 1528
=====================================
统计中...
PhoneType: 荣耀, Num: 65
PhoneType: 一加, Num: 17
PhoneType: Vivo, Num: 76
PhoneType: IQOO, Num: 31
PhoneType: 三星, Num: 9
PhoneType: 魅族, Num: 2
PhoneType: 苹果, Num: 786
PhoneType: 真我, Num: 6
PhoneType: 华为, Num: 238
PhoneType: OPPO, Num: 94
PhoneType: 红米, Num: 58
PhoneType: 小米, Num: 83
PhoneType: 未知Android设备, Num: 72
cnt: 1537
=====================================
统计中...
PhoneType: 苹果, Num: 791
PhoneType: 真我, Num: 6
PhoneType: 华为, Num: 238
PhoneType: OPPO, Num: 94
PhoneType: 红米, Num: 59
PhoneType: 小米, Num: 83
PhoneType: 未知Android设备, Num: 72
PhoneType: 荣耀, Num: 65
PhoneType: 一加, Num: 17
PhoneType: Vivo, Num: 76
PhoneType: IQOO, Num: 31
PhoneType: 三星, Num: 9
PhoneType: 魅族, Num: 2
cnt: 1543
=====================================
统计中...
PhoneType: 一加, Num: 18
PhoneType: Vivo, Num: 77
PhoneType: IQOO, Num: 31
PhoneType: 三星, Num: 9
PhoneType: 魅族, Num: 2
PhoneType: 苹果, Num: 793
PhoneType: 真我, Num: 6
PhoneType: 华为, Num: 239
PhoneType: OPPO, Num: 94
PhoneType: 红米, Num: 59
PhoneType: 小米, Num: 83
PhoneType: 未知Android设备, Num: 74
PhoneType: 荣耀, Num: 66
cnt: 1551
=====================================
统计中...
PhoneType: 未知Android设备, Num: 74
PhoneType: 红米, Num: 59
PhoneType: 小米, Num: 83
PhoneType: 荣耀, Num: 67
PhoneType: 一加, Num: 18
PhoneType: Vivo, Num: 78
PhoneType: IQOO, Num: 31
PhoneType: 魅族, Num: 2
PhoneType: 三星, Num: 9
PhoneType: 真我, Num: 6
PhoneType: 苹果, Num: 802
PhoneType: 华为, Num: 241
PhoneType: OPPO, Num: 94
cnt: 1564
=====================================
统计中...
PhoneType: 荣耀, Num: 68
PhoneType: 一加, Num: 18
PhoneType: Vivo, Num: 79
PhoneType: IQOO, Num: 31
PhoneType: 三星, Num: 9
PhoneType: 魅族, Num: 2
PhoneType: 苹果, Num: 809
PhoneType: 真我, Num: 7
PhoneType: 华为, Num: 241
PhoneType: OPPO, Num: 94
PhoneType: 红米, Num: 60
PhoneType: 小米, Num: 84
PhoneType: 未知Android设备, Num: 74
cnt: 1576
=====================================
统计中...
PhoneType: IQOO, Num: 31
PhoneType: Vivo, Num: 80
PhoneType: 三星, Num: 9
PhoneType: 魅族, Num: 2
PhoneType: 真我, Num: 7
PhoneType: 苹果, Num: 811
PhoneType: OPPO, Num: 94
PhoneType: 华为, Num: 241
PhoneType: 小米, Num: 86
PhoneType: 未知Android设备, Num: 75
PhoneType: 红米, Num: 60
PhoneType: 荣耀, Num: 68
PhoneType: 一加, Num: 18
cnt: 1582
=====================================
统计中...
PhoneType: 一加, Num: 18
PhoneType: Vivo, Num: 80
PhoneType: IQOO, Num: 33
PhoneType: 魅族, Num: 2
PhoneType: 三星, Num: 9
PhoneType: 真我, Num: 7
PhoneType: 苹果, Num: 816
PhoneType: 华为, Num: 241
PhoneType: OPPO, Num: 94
PhoneType: 未知Android设备, Num: 76
PhoneType: 红米, Num: 62
PhoneType: 小米, Num: 86
PhoneType: 荣耀, Num: 68
cnt: 1592
=====================================
统计中...
PhoneType: 华为, Num: 243
PhoneType: OPPO, Num: 94
PhoneType: 红米, Num: 63
PhoneType: 小米, Num: 86
PhoneType: 未知Android设备, Num: 78
PhoneType: 荣耀, Num: 68
PhoneType: 一加, Num: 18
PhoneType: Vivo, Num: 81
PhoneType: IQOO, Num: 33
PhoneType: 三星, Num: 9
PhoneType: 魅族, Num: 2
PhoneType: 苹果, Num: 822
PhoneType: 真我, Num: 7
cnt: 1604
=====================================
统计中...
PhoneType: 一加, Num: 18
PhoneType: Vivo, Num: 81
PhoneType: IQOO, Num: 34
PhoneType: 魅族, Num: 2
PhoneType: 三星, Num: 9
PhoneType: 真我, Num: 7
PhoneType: 苹果, Num: 833
PhoneType: 华为, Num: 246
PhoneType: OPPO, Num: 94
PhoneType: 红米, Num: 63
PhoneType: 小米, Num: 86
PhoneType: 未知Android设备, Num: 78
PhoneType: 荣耀, Num: 70
cnt: 1621
=====================================
统计中...
PhoneType: Vivo, Num: 83
PhoneType: IQOO, Num: 34
PhoneType: 魅族, Num: 2
PhoneType: 三星, Num: 9
PhoneType: 真我, Num: 8
PhoneType: 苹果, Num: 840
PhoneType: 华为, Num: 247
PhoneType: OPPO, Num: 95
PhoneType: 未知Android设备, Num: 78
PhoneType: 红米, Num: 63
PhoneType: 小米, Num: 86
PhoneType: 荣耀, Num: 70
PhoneType: 一加, Num: 18
cnt: 1633
=====================================
统计中...
PhoneType: 三星, Num: 9
PhoneType: 魅族, Num: 2
PhoneType: 苹果, Num: 847
PhoneType: 真我, Num: 9
PhoneType: 华为, Num: 250
PhoneType: OPPO, Num: 95
PhoneType: 红米, Num: 63
PhoneType: 小米, Num: 86
PhoneType: 未知Android设备, Num: 78
PhoneType: 荣耀, Num: 70
PhoneType: 一加, Num: 19
PhoneType: Vivo, Num: 83
PhoneType: IQOO, Num: 35
cnt: 1646
=====================================
统计中...
PhoneType: 荣耀, Num: 71
PhoneType: 一加, Num: 19
PhoneType: Vivo, Num: 86
PhoneType: IQOO, Num: 35
PhoneType: 魅族, Num: 2
PhoneType: 三星, Num: 9
PhoneType: 真我, Num: 9
PhoneType: 苹果, Num: 850
PhoneType: 华为, Num: 252
PhoneType: OPPO, Num: 96
PhoneType: 未知Android设备, Num: 79
PhoneType: 红米, Num: 63
PhoneType: 小米, Num: 86
cnt: 1657
=====================================
统计中...
PhoneType: 魅族, Num: 2
PhoneType: 三星, Num: 9
PhoneType: 真我, Num: 10
PhoneType: 苹果, Num: 855
PhoneType: 华为, Num: 254
PhoneType: OPPO, Num: 96
PhoneType: 未知Android设备, Num: 79
PhoneType: 红米, Num: 64
PhoneType: 小米, Num: 87
PhoneType: 荣耀, Num: 72
PhoneType: 一加, Num: 19
PhoneType: Vivo, Num: 86
PhoneType: IQOO, Num: 35
cnt: 1668
=====================================
统计中...
PhoneType: 荣耀, Num: 72
PhoneType: 一加, Num: 19
PhoneType: Vivo, Num: 87
PhoneType: IQOO, Num: 35
PhoneType: 魅族, Num: 2
PhoneType: 三星, Num: 9
PhoneType: 真我, Num: 10
PhoneType: 苹果, Num: 861
PhoneType: 华为, Num: 256
PhoneType: OPPO, Num: 97
PhoneType: 红米, Num: 64
PhoneType: 小米, Num: 88
PhoneType: 未知Android设备, Num: 80
cnt: 1680
=====================================
统计中...
PhoneType: 一加, Num: 19
PhoneType: Vivo, Num: 87
PhoneType: IQOO, Num: 35
PhoneType: 魅族, Num: 2
PhoneType: 三星, Num: 9
PhoneType: 真我, Num: 10
PhoneType: 苹果, Num: 866
PhoneType: 华为, Num: 258
PhoneType: OPPO, Num: 98
PhoneType: 未知Android设备, Num: 81
PhoneType: 红米, Num: 64
PhoneType: 小米, Num: 90
PhoneType: 荣耀, Num: 72
cnt: 1691
=====================================
统计中...
PhoneType: 一加, Num: 20
PhoneType: Vivo, Num: 87
PhoneType: IQOO, Num: 35
PhoneType: 魅族, Num: 2
PhoneType: 三星, Num: 9
PhoneType: 真我, Num: 10
PhoneType: 苹果, Num: 869
PhoneType: 华为, Num: 258
PhoneType: OPPO, Num: 100
PhoneType: 未知Android设备, Num: 82
PhoneType: 红米, Num: 64
PhoneType: 小米, Num: 90
PhoneType: 荣耀, Num: 72
cnt: 1698
=====================================
统计中...
PhoneType: 华为, Num: 260
PhoneType: OPPO, Num: 100
PhoneType: 红米, Num: 64
PhoneType: 小米, Num: 92
PhoneType: 未知Android设备, Num: 82
PhoneType: 荣耀, Num: 73
PhoneType: 一加, Num: 20
PhoneType: Vivo, Num: 87
PhoneType: IQOO, Num: 35
PhoneType: 三星, Num: 9
PhoneType: 魅族, Num: 2
PhoneType: 苹果, Num: 873
PhoneType: 真我, Num: 10
cnt: 1707
=====================================
统计中...
PhoneType: Vivo, Num: 87
PhoneType: IQOO, Num: 35
PhoneType: 三星, Num: 9
PhoneType: 魅族, Num: 2
PhoneType: 苹果, Num: 880
PhoneType: 真我, Num: 10
PhoneType: 华为, Num: 260
PhoneType: OPPO, Num: 100
PhoneType: 红米, Num: 64
PhoneType: 小米, Num: 92
PhoneType: 未知Android设备, Num: 84
PhoneType: 荣耀, Num: 73
PhoneType: 一加, Num: 21
cnt: 1717
=====================================
统计中...
PhoneType: Vivo, Num: 89
PhoneType: IQOO, Num: 35
PhoneType: 三星, Num: 9
PhoneType: 魅族, Num: 2
PhoneType: 苹果, Num: 886
PhoneType: 真我, Num: 10
PhoneType: 华为, Num: 260
PhoneType: OPPO, Num: 101
PhoneType: 红米, Num: 64
PhoneType: 小米, Num: 92
PhoneType: 未知Android设备, Num: 85
PhoneType: 荣耀, Num: 74
PhoneType: 一加, Num: 21
cnt: 1728
=====================================
统计中...
PhoneType: 华为, Num: 261
PhoneType: OPPO, Num: 102
PhoneType: 红米, Num: 64
PhoneType: 小米, Num: 92
PhoneType: 未知Android设备, Num: 85
PhoneType: 荣耀, Num: 74
PhoneType: 一加, Num: 22
PhoneType: Vivo, Num: 89
PhoneType: IQOO, Num: 35
PhoneType: 魅族, Num: 2
PhoneType: 三星, Num: 9
PhoneType: 真我, Num: 10
PhoneType: 苹果, Num: 889
cnt: 1734
=====================================
统计中...
PhoneType: 荣耀, Num: 75
PhoneType: 一加, Num: 22
PhoneType: Vivo, Num: 90
PhoneType: IQOO, Num: 35
PhoneType: 魅族, Num: 2
PhoneType: 三星, Num: 9
PhoneType: 真我, Num: 10
PhoneType: 苹果, Num: 893
PhoneType: 华为, Num: 265
PhoneType: OPPO, Num: 103
PhoneType: 红米, Num: 64
PhoneType: 小米, Num: 92
PhoneType: 未知Android设备, Num: 85
cnt: 1745
=====================================
统计中...
PhoneType: 华为, Num: 268
PhoneType: OPPO, Num: 103
PhoneType: 红米, Num: 64
PhoneType: 小米, Num: 94
PhoneType: 未知Android设备, Num: 85
PhoneType: 荣耀, Num: 76
PhoneType: 一加, Num: 22
PhoneType: Vivo, Num: 90
PhoneType: IQOO, Num: 35
PhoneType: 三星, Num: 9
PhoneType: 魅族, Num: 2
PhoneType: 苹果, Num: 898
PhoneType: 真我, Num: 10
cnt: 1756
=====================================
统计中...
PhoneType: 一加, Num: 22
PhoneType: Vivo, Num: 90
PhoneType: IQOO, Num: 35
PhoneType: 三星, Num: 9
PhoneType: 魅族, Num: 2
PhoneType: 苹果, Num: 909
PhoneType: 真我, Num: 10
PhoneType: 华为, Num: 268
PhoneType: OPPO, Num: 103
PhoneType: 红米, Num: 64
PhoneType: 小米, Num: 94
PhoneType: 未知Android设备, Num: 85
PhoneType: 荣耀, Num: 76
cnt: 1767
=====================================
统计中...
PhoneType: 真我, Num: 10
PhoneType: 苹果, Num: 915
PhoneType: OPPO, Num: 103
PhoneType: 华为, Num: 268
PhoneType: 小米, Num: 94
PhoneType: 未知Android设备, Num: 85
PhoneType: 红米, Num: 64
PhoneType: 荣耀, Num: 77
PhoneType: 一加, Num: 22
PhoneType: IQOO, Num: 35
PhoneType: Vivo, Num: 90
PhoneType: 三星, Num: 9
PhoneType: 魅族, Num: 2
cnt: 1774
=====================================
统计中...
PhoneType: Vivo, Num: 90
PhoneType: IQOO, Num: 36
PhoneType: 三星, Num: 9
PhoneType: 魅族, Num: 2
PhoneType: 苹果, Num: 918
PhoneType: 真我, Num: 10
PhoneType: 华为, Num: 270
PhoneType: OPPO, Num: 103
PhoneType: 红米, Num: 66
PhoneType: 小米, Num: 96
PhoneType: 未知Android设备, Num: 85
PhoneType: 荣耀, Num: 79
PhoneType: 一加, Num: 22
cnt: 1786
=====================================
统计中...
PhoneType: Vivo, Num: 90
PhoneType: IQOO, Num: 38
PhoneType: 三星, Num: 9
PhoneType: 魅族, Num: 2
PhoneType: 苹果, Num: 920
PhoneType: 真我, Num: 10
PhoneType: 华为, Num: 275
PhoneType: OPPO, Num: 103
PhoneType: 红米, Num: 67
PhoneType: 小米, Num: 97
PhoneType: 未知Android设备, Num: 85
PhoneType: 荣耀, Num: 81
PhoneType: 一加, Num: 22
cnt: 1799
=====================================
统计中...
PhoneType: 红米, Num: 68
PhoneType: 小米, Num: 98
PhoneType: 未知Android设备, Num: 85
PhoneType: 荣耀, Num: 82
PhoneType: 一加, Num: 23
PhoneType: Vivo, Num: 90
PhoneType: IQOO, Num: 38
PhoneType: 三星, Num: 9
PhoneType: 魅族, Num: 2
PhoneType: 苹果, Num: 923
PhoneType: 真我, Num: 10
PhoneType: 华为, Num: 277
PhoneType: OPPO, Num: 105
cnt: 1810
=====================================
统计中...
PhoneType: Vivo, Num: 90
PhoneType: IQOO, Num: 38
PhoneType: 三星, Num: 9
PhoneType: 魅族, Num: 3
PhoneType: 苹果, Num: 928
PhoneType: 真我, Num: 10
PhoneType: 华为, Num: 279
PhoneType: OPPO, Num: 105
PhoneType: 红米, Num: 68
PhoneType: 小米, Num: 98
PhoneType: 未知Android设备, Num: 86
PhoneType: 荣耀, Num: 82
PhoneType: 一加, Num: 23
cnt: 1819
=====================================
统计中...
PhoneType: 真我, Num: 10
PhoneType: 苹果, Num: 932
PhoneType: 华为, Num: 280
PhoneType: OPPO, Num: 105
PhoneType: 红米, Num: 68
PhoneType: 小米, Num: 98
PhoneType: 未知Android设备, Num: 87
PhoneType: 荣耀, Num: 83
PhoneType: 一加, Num: 23
PhoneType: Vivo, Num: 90
PhoneType: IQOO, Num: 39
PhoneType: 魅族, Num: 3
PhoneType: 三星, Num: 9
cnt: 1827
=====================================
统计中...
PhoneType: 华为, Num: 281
PhoneType: OPPO, Num: 105
PhoneType: 红米, Num: 69
PhoneType: 小米, Num: 98
PhoneType: 未知Android设备, Num: 87
PhoneType: 荣耀, Num: 83
PhoneType: 一加, Num: 24
PhoneType: Vivo, Num: 90
PhoneType: IQOO, Num: 39
PhoneType: 三星, Num: 9
PhoneType: 魅族, Num: 3
PhoneType: 苹果, Num: 936
PhoneType: 真我, Num: 10
cnt: 1834
=====================================
统计中...
PhoneType: 魅族, Num: 3
PhoneType: 三星, Num: 9
PhoneType: 真我, Num: 10
PhoneType: 苹果, Num: 943
PhoneType: 华为, Num: 281
PhoneType: OPPO, Num: 105
PhoneType: 红米, Num: 69
PhoneType: 小米, Num: 98
PhoneType: 未知Android设备, Num: 87
PhoneType: 荣耀, Num: 83
PhoneType: 一加, Num: 24
PhoneType: Vivo, Num: 90
PhoneType: IQOO, Num: 39
cnt: 1841
=====================================
统计中...
PhoneType: 华为, Num: 284
PhoneType: OPPO, Num: 107
PhoneType: 红米, Num: 69
PhoneType: 小米, Num: 99
PhoneType: 未知Android设备, Num: 88
PhoneType: 荣耀, Num: 83
PhoneType: 一加, Num: 24
PhoneType: Vivo, Num: 90
PhoneType: IQOO, Num: 40
PhoneType: 三星, Num: 9
PhoneType: 魅族, Num: 3
PhoneType: 真我, Num: 10
PhoneType: 苹果, Num: 949
cnt: 1855
=====================================
统计中...
PhoneType: 荣耀, Num: 85
PhoneType: 一加, Num: 24
PhoneType: Vivo, Num: 90
PhoneType: IQOO, Num: 40
PhoneType: 魅族, Num: 3
PhoneType: 三星, Num: 9
PhoneType: 真我, Num: 10
PhoneType: 苹果, Num: 954
PhoneType: 华为, Num: 285
PhoneType: OPPO, Num: 108
PhoneType: 未知Android设备, Num: 88
PhoneType: 红米, Num: 69
PhoneType: 小米, Num: 100
cnt: 1865
=====================================
统计中...
PhoneType: 三星, Num: 9
PhoneType: 魅族, Num: 3
PhoneType: 真我, Num: 10
PhoneType: 苹果, Num: 957
PhoneType: OPPO, Num: 108
PhoneType: 华为, Num: 288
PhoneType: 小米, Num: 101
PhoneType: 未知Android设备, Num: 88
PhoneType: 红米, Num: 69
PhoneType: 荣耀, Num: 85
PhoneType: 一加, Num: 24
PhoneType: IQOO, Num: 40
PhoneType: Vivo, Num: 91
cnt: 1873
=====================================
统计中...
PhoneType: 苹果, Num: 960
PhoneType: 真我, Num: 10
PhoneType: 华为, Num: 291
PhoneType: OPPO, Num: 108
PhoneType: 红米, Num: 69
PhoneType: 小米, Num: 101
PhoneType: 未知Android设备, Num: 88
PhoneType: 荣耀, Num: 86
PhoneType: 一加, Num: 24
PhoneType: Vivo, Num: 92
PhoneType: IQOO, Num: 40
PhoneType: 三星, Num: 9
PhoneType: 魅族, Num: 3
cnt: 1881
=====================================
统计中...
PhoneType: 华为, Num: 292
PhoneType: OPPO, Num: 109
PhoneType: 红米, Num: 69
PhoneType: 小米, Num: 101
PhoneType: 未知Android设备, Num: 88
PhoneType: 荣耀, Num: 87
PhoneType: 一加, Num: 24
PhoneType: Vivo, Num: 93
PhoneType: IQOO, Num: 40
PhoneType: 三星, Num: 9
PhoneType: 魅族, Num: 3
PhoneType: 苹果, Num: 962
PhoneType: 真我, Num: 10
cnt: 1887
=====================================
统计中...
PhoneType: 三星, Num: 9
PhoneType: 魅族, Num: 3
PhoneType: 苹果, Num: 967
PhoneType: 真我, Num: 10
PhoneType: 华为, Num: 293
PhoneType: OPPO, Num: 109
PhoneType: 红米, Num: 70
PhoneType: 小米, Num: 101
PhoneType: 未知Android设备, Num: 89
PhoneType: 荣耀, Num: 87
PhoneType: 一加, Num: 24
PhoneType: Vivo, Num: 94
PhoneType: IQOO, Num: 41
cnt: 1897
=====================================
统计中...
PhoneType: 荣耀, Num: 88
PhoneType: 一加, Num: 25
PhoneType: Vivo, Num: 94
PhoneType: IQOO, Num: 41
PhoneType: 三星, Num: 9
PhoneType: 魅族, Num: 3
PhoneType: 真我, Num: 10
PhoneType: 苹果, Num: 973
PhoneType: 华为, Num: 295
PhoneType: OPPO, Num: 111
PhoneType: 红米, Num: 70
PhoneType: 小米, Num: 102
PhoneType: 未知Android设备, Num: 89
cnt: 1910
=====================================
统计中...
PhoneType: Vivo, Num: 94
PhoneType: IQOO, Num: 41
PhoneType: 魅族, Num: 3
PhoneType: 三星, Num: 9
PhoneType: 真我, Num: 10
PhoneType: 苹果, Num: 979
PhoneType: 华为, Num: 296
PhoneType: OPPO, Num: 112
PhoneType: 红米, Num: 70
PhoneType: 小米, Num: 102
PhoneType: 未知Android设备, Num: 89
PhoneType: 荣耀, Num: 88
PhoneType: 一加, Num: 25
cnt: 1918
=====================================
统计中...
PhoneType: Vivo, Num: 95
PhoneType: IQOO, Num: 41
PhoneType: 三星, Num: 9
PhoneType: 魅族, Num: 3
PhoneType: 苹果, Num: 984
PhoneType: OPPO, Num: 112
PhoneType: 红米, Num: 70
PhoneType: 荣耀, Num: 88
PhoneType: 一加, Num: 25
PhoneType: 真我, Num: 10
PhoneType: 华为, Num: 297
PhoneType: 小米, Num: 102
PhoneType: 未知Android设备, Num: 90
cnt: 1926
=====================================
统计中...
PhoneType: Vivo, Num: 96
PhoneType: IQOO, Num: 41
PhoneType: 魅族, Num: 3
PhoneType: 三星, Num: 9
PhoneType: 苹果, Num: 987
PhoneType: OPPO, Num: 112
PhoneType: 红米, Num: 71
PhoneType: 荣耀, Num: 88
PhoneType: 一加, Num: 26
PhoneType: 真我, Num: 10
PhoneType: 华为, Num: 297
PhoneType: 小米, Num: 102
PhoneType: 未知Android设备, Num: 90
cnt: 1932
=====================================
统计中...
PhoneType: 华为, Num: 298
PhoneType: 小米, Num: 103
PhoneType: 未知Android设备, Num: 90
PhoneType: Vivo, Num: 96
PhoneType: IQOO, Num: 41
PhoneType: 三星, Num: 9
PhoneType: 魅族, Num: 4
PhoneType: 苹果, Num: 991
PhoneType: OPPO, Num: 112
PhoneType: 红米, Num: 72
PhoneType: 荣耀, Num: 88
PhoneType: 一加, Num: 26
PhoneType: 真我, Num: 10
cnt: 1940
=====================================
统计中...
PhoneType: 荣耀, Num: 88
PhoneType: 一加, Num: 26
PhoneType: 真我, Num: 10
PhoneType: 华为, Num: 299
PhoneType: 小米, Num: 103
PhoneType: 未知Android设备, Num: 90
PhoneType: Vivo, Num: 96
PhoneType: IQOO, Num: 41
PhoneType: 三星, Num: 9
PhoneType: 魅族, Num: 4
PhoneType: 苹果, Num: 994
PhoneType: OPPO, Num: 112
PhoneType: 红米, Num: 74
cnt: 1946
=====================================
统计中...
PhoneType: 小米, Num: 104
PhoneType: 未知Android设备, Num: 91
PhoneType: Vivo, Num: 96
PhoneType: IQOO, Num: 41
PhoneType: 三星, Num: 10
PhoneType: 魅族, Num: 4
PhoneType: 苹果, Num: 998
PhoneType: OPPO, Num: 113
PhoneType: 红米, Num: 74
PhoneType: 荣耀, Num: 90
PhoneType: 一加, Num: 26
PhoneType: 真我, Num: 10
PhoneType: 华为, Num: 300
cnt: 1957
=====================================
统计中...
PhoneType: Vivo, Num: 99
PhoneType: IQOO, Num: 41
PhoneType: 三星, Num: 10
PhoneType: 魅族, Num: 4
PhoneType: 苹果, Num: 1002
PhoneType: OPPO, Num: 113
PhoneType: 红米, Num: 74
PhoneType: 荣耀, Num: 90
PhoneType: 一加, Num: 27
PhoneType: 真我, Num: 10
PhoneType: 华为, Num: 302
PhoneType: 小米, Num: 105
PhoneType: 未知Android设备, Num: 91
cnt: 1968
=====================================
统计中...
PhoneType: 苹果, Num: 1011
PhoneType: OPPO, Num: 113
PhoneType: 红米, Num: 74
PhoneType: 荣耀, Num: 91
PhoneType: 一加, Num: 27
PhoneType: 真我, Num: 10
PhoneType: 华为, Num: 303
PhoneType: 小米, Num: 106
PhoneType: 未知Android设备, Num: 91
PhoneType: Vivo, Num: 99
PhoneType: IQOO, Num: 41
PhoneType: 三星, Num: 10
PhoneType: 魅族, Num: 4
cnt: 1980
=====================================
统计中...
PhoneType: 未知Android设备, Num: 91
PhoneType: 小米, Num: 107
PhoneType: IQOO, Num: 42
PhoneType: Vivo, Num: 100
PhoneType: 三星, Num: 10
PhoneType: 魅族, Num: 4
PhoneType: 苹果, Num: 1015
PhoneType: OPPO, Num: 115
PhoneType: 红米, Num: 74
PhoneType: 荣耀, Num: 92
PhoneType: 一加, Num: 27
PhoneType: 真我, Num: 10
PhoneType: 华为, Num: 304
cnt: 1991
=====================================
统计中...
PhoneType: Vivo, Num: 101
PhoneType: IQOO, Num: 43
PhoneType: 三星, Num: 10
PhoneType: 魅族, Num: 4
PhoneType: 苹果, Num: 1023
PhoneType: OPPO, Num: 115
PhoneType: 红米, Num: 74
PhoneType: 荣耀, Num: 93
PhoneType: 一加, Num: 27
PhoneType: 真我, Num: 10
PhoneType: 华为, Num: 307
PhoneType: 小米, Num: 107
PhoneType: 未知Android设备, Num: 92
cnt: 2006
=====================================
统计中...
==========================最终统计结果：未知机型============================
PhoneType: , Num: 63
PhoneType: WARNING: No blog found, Num: 54
PhoneType: 微博轻享版, Num: 20
PhoneType: 生日动态, Num: 14
PhoneType: 微博品牌活动, Num: 7
PhoneType: iPad air, Num: 4
PhoneType: 所愿皆成真, Num: 4
PhoneType: 会员特权专用, Num: 3
PhoneType: <a target="_blank" href="https://t.sina.com.cn" rel="nofollow">微博视频号</a>, Num: 3
PhoneType: 微博直播平台, Num: 2
PhoneType: 日常记录, Num: 2
PhoneType: 微博网页版, Num: 2
PhoneType: 好心情制造机, Num: 1
PhoneType: 冬天的第一场雪, Num: 1
PhoneType: 被吓跑的年兽, Num: 1
PhoneType: 超爱任嘉伦的嘉人, Num: 1
PhoneType: 老王老李所愿皆成真, Num: 1
PhoneType: 月球, Num: 1
PhoneType: 粉丝红包, Num: 1
PhoneType: 废话小天才, Num: 1
PhoneType: 哼哼茶的被窝, Num: 1
PhoneType: <a target="_blank" href="https://app.weibo.com/t/feed/47D5Lr" rel="nofollow">快充长续航魅蓝 Note5</a>, Num: 1
PhoneType: 微博积分, Num: 1
PhoneType: 🥰微博bb机, Num: 1
PhoneType: iPad客户端, Num: 1
PhoneType: 快乐星球永久居民, Num: 1
PhoneType: 小蓝的心动瞬间, Num: 1
PhoneType: <a target="_blank" href="https://app.weibo.com/t/feed/4hD9FL" rel="nofollow">NEX 3S 5G</a>, Num: 1
PhoneType: <a target="_blank" href="https://app.weibo.com/t/feed/6lxOmf" rel="nofollow">K30 至尊纪念版</a>, Num: 1
PhoneType: 新微博直播互动, Num: 1
PhoneType: <a target="_blank" href="https://app.weibo.com/t/feed/cmt5C" rel="nofollow">Note 9 Pro 一亿像素</a>, Num: 1
PhoneType: 绿植领养, Num: 1
PhoneType: 微博 weibo.com, Num: 1
PhoneType: <a target="_blank" href="https://app.weibo.com/t/feed/4GAjzn" rel="nofollow">Note 10 Pro</a>, Num: 1
PhoneType: 答题挑战赛, Num: 1
PhoneType: 微博小程序, Num: 1
PhoneType: 互动集卡, Num: 1
PhoneType: <a target="_blank" href="https://app.weibo.com/t/feed/5PnOAe" rel="nofollow">坚果 R2</a>, Num: 1
PhoneType: 微博极速版, Num: 1
PhoneType: <a target="_blank" href="https://app.weibo.com/t/feed/58ox1R" rel="nofollow">Note 12 Pro 极速版</a>, Num: 1
==========================最终统计结果：已知机型============================
PhoneType: 苹果, Num: 1023
PhoneType: 华为, Num: 307
PhoneType: OPPO, Num: 115
PhoneType: 小米, Num: 107
PhoneType: Vivo, Num: 101
PhoneType: 荣耀, Num: 93
PhoneType: 未知Android设备, Num: 92
PhoneType: 红米, Num: 74
PhoneType: IQOO, Num: 43
PhoneType: 一加, Num: 27
PhoneType: 三星, Num: 10
PhoneType: 真我, Num: 10
PhoneType: 魅族, Num: 4
