统计中...
PhoneType: 红米, Num: 1
PhoneType: 苹果, Num: 10
PhoneType: 华为, Num: 2
PhoneType: 未知Android设备, Num: 1
PhoneType: 荣耀, Num: 2
PhoneType: IQOO, Num: 1
cnt: 17
=====================================
统计中...
PhoneType: 未知Android设备, Num: 1
PhoneType: 荣耀, Num: 4
PhoneType: 红米, Num: 2
PhoneType: 小米, Num: 1
PhoneType: 一加, Num: 1
PhoneType: 苹果, Num: 17
PhoneType: 华为, Num: 5
PhoneType: IQOO, Num: 1
PhoneType: OPPO, Num: 2
cnt: 34
=====================================
统计中...
PhoneType: 未知Android设备, Num: 1
PhoneType: 荣耀, Num: 7
PhoneType: 红米, Num: 3
PhoneType: 小米, Num: 3
PhoneType: 一加, Num: 1
PhoneType: 苹果, Num: 24
PhoneType: 华为, Num: 8
PhoneType: IQOO, Num: 1
PhoneType: OPPO, Num: 2
cnt: 50
=====================================
统计中...
PhoneType: 苹果, Num: 28
PhoneType: 华为, Num: 13
PhoneType: 荣耀, Num: 10
PhoneType: 红米, Num: 3
PhoneType: 一加, Num: 1
PhoneType: IQOO, Num: 1
PhoneType: OPPO, Num: 2
PhoneType: 未知Android设备, Num: 1
PhoneType: 小米, Num: 4
cnt: 63
=====================================
统计中...
PhoneType: Vivo, Num: 1
PhoneType: 未知Android设备, Num: 2
PhoneType: 小米, Num: 6
PhoneType: 苹果, Num: 35
PhoneType: 华为, Num: 16
PhoneType: 荣耀, Num: 11
PhoneType: 红米, Num: 3
PhoneType: 一加, Num: 1
PhoneType: IQOO, Num: 1
PhoneType: OPPO, Num: 3
cnt: 79
=====================================
统计中...
PhoneType: 小米, Num: 6
PhoneType: Vivo, Num: 1
PhoneType: 未知Android设备, Num: 2
PhoneType: 华为, Num: 18
PhoneType: 苹果, Num: 41
PhoneType: 红米, Num: 3
PhoneType: 一加, Num: 1
PhoneType: 荣耀, Num: 11
PhoneType: OPPO, Num: 4
PhoneType: IQOO, Num: 5
cnt: 92
=====================================
统计中...
PhoneType: 苹果, Num: 45
PhoneType: 华为, Num: 18
PhoneType: 荣耀, Num: 11
PhoneType: 红米, Num: 3
PhoneType: 一加, Num: 1
PhoneType: IQOO, Num: 5
PhoneType: OPPO, Num: 4
PhoneType: 未知Android设备, Num: 2
PhoneType: 小米, Num: 6
PhoneType: Vivo, Num: 1
cnt: 96
=====================================
统计中...
PhoneType: Vivo, Num: 2
PhoneType: 未知Android设备, Num: 3
PhoneType: 小米, Num: 7
PhoneType: 苹果, Num: 50
PhoneType: 华为, Num: 18
PhoneType: 荣耀, Num: 11
PhoneType: 红米, Num: 5
PhoneType: 一加, Num: 1
PhoneType: IQOO, Num: 5
PhoneType: OPPO, Num: 6
cnt: 108
=====================================
统计中...
PhoneType: 荣耀, Num: 12
PhoneType: 红米, Num: 5
PhoneType: 一加, Num: 1
PhoneType: IQOO, Num: 6
PhoneType: OPPO, Num: 7
PhoneType: 未知Android设备, Num: 3
PhoneType: 小米, Num: 7
PhoneType: Vivo, Num: 3
PhoneType: 苹果, Num: 55
PhoneType: 华为, Num: 18
cnt: 117
=====================================
统计中...
PhoneType: 荣耀, Num: 12
PhoneType: 红米, Num: 5
PhoneType: 一加, Num: 2
PhoneType: IQOO, Num: 8
PhoneType: OPPO, Num: 9
PhoneType: 未知Android设备, Num: 3
PhoneType: 小米, Num: 7
PhoneType: Vivo, Num: 3
PhoneType: 苹果, Num: 60
PhoneType: 华为, Num: 25
cnt: 134
=====================================
统计中...
PhoneType: IQOO, Num: 8
PhoneType: OPPO, Num: 9
PhoneType: 三星, Num: 1
PhoneType: Vivo, Num: 4
PhoneType: 未知Android设备, Num: 4
PhoneType: 小米, Num: 7
PhoneType: 苹果, Num: 61
PhoneType: 华为, Num: 30
PhoneType: 荣耀, Num: 13
PhoneType: 红米, Num: 7
PhoneType: 一加, Num: 5
cnt: 149
=====================================
统计中...
PhoneType: 未知Android设备, Num: 4
PhoneType: 小米, Num: 8
PhoneType: Vivo, Num: 6
PhoneType: 苹果, Num: 66
PhoneType: 华为, Num: 33
PhoneType: 荣耀, Num: 13
PhoneType: 红米, Num: 10
PhoneType: 一加, Num: 5
PhoneType: IQOO, Num: 9
PhoneType: OPPO, Num: 9
PhoneType: 三星, Num: 1
PhoneType: 魅族, Num: 1
cnt: 165
=====================================
统计中...
PhoneType: IQOO, Num: 9
PhoneType: OPPO, Num: 11
PhoneType: 三星, Num: 1
PhoneType: 魅族, Num: 1
PhoneType: 未知Android设备, Num: 4
PhoneType: 小米, Num: 10
PhoneType: Vivo, Num: 7
PhoneType: 苹果, Num: 74
PhoneType: 华为, Num: 36
PhoneType: 荣耀, Num: 13
PhoneType: 红米, Num: 11
PhoneType: 一加, Num: 5
cnt: 182
=====================================
统计中...
PhoneType: 苹果, Num: 78
PhoneType: 华为, Num: 41
PhoneType: 荣耀, Num: 13
PhoneType: 红米, Num: 12
PhoneType: 一加, Num: 5
PhoneType: IQOO, Num: 9
PhoneType: OPPO, Num: 11
PhoneType: 三星, Num: 1
PhoneType: 魅族, Num: 1
PhoneType: Vivo, Num: 7
PhoneType: 未知Android设备, Num: 4
PhoneType: 小米, Num: 13
cnt: 195
=====================================
统计中...
PhoneType: Vivo, Num: 8
PhoneType: 未知Android设备, Num: 4
PhoneType: 小米, Num: 14
PhoneType: 苹果, Num: 79
PhoneType: 华为, Num: 42
PhoneType: 荣耀, Num: 14
PhoneType: 红米, Num: 12
PhoneType: 一加, Num: 5
PhoneType: 魅族, Num: 1
PhoneType: IQOO, Num: 9
PhoneType: OPPO, Num: 12
PhoneType: 三星, Num: 1
cnt: 201
=====================================
统计中...
PhoneType: IQOO, Num: 9
PhoneType: OPPO, Num: 13
PhoneType: 三星, Num: 1
PhoneType: 魅族, Num: 1
PhoneType: 未知Android设备, Num: 4
PhoneType: 小米, Num: 15
PhoneType: Vivo, Num: 10
PhoneType: 苹果, Num: 84
PhoneType: 华为, Num: 42
PhoneType: 荣耀, Num: 14
PhoneType: 红米, Num: 14
PhoneType: 一加, Num: 5
cnt: 212
=====================================
统计中...
PhoneType: IQOO, Num: 9
PhoneType: OPPO, Num: 13
PhoneType: 三星, Num: 1
PhoneType: 魅族, Num: 2
PhoneType: Vivo, Num: 13
PhoneType: 未知Android设备, Num: 5
PhoneType: 小米, Num: 16
PhoneType: 苹果, Num: 85
PhoneType: 华为, Num: 45
PhoneType: 荣耀, Num: 15
PhoneType: 红米, Num: 14
PhoneType: 一加, Num: 5
cnt: 223
=====================================
统计中...
PhoneType: Vivo, Num: 15
PhoneType: 未知Android设备, Num: 5
PhoneType: 小米, Num: 16
PhoneType: 苹果, Num: 92
PhoneType: 华为, Num: 47
PhoneType: 荣耀, Num: 15
PhoneType: 红米, Num: 14
PhoneType: 一加, Num: 5
PhoneType: IQOO, Num: 9
PhoneType: OPPO, Num: 13
PhoneType: 三星, Num: 1
PhoneType: 魅族, Num: 2
cnt: 234
=====================================
统计中...
PhoneType: 一加, Num: 6
PhoneType: 荣耀, Num: 17
PhoneType: 红米, Num: 14
PhoneType: 三星, Num: 1
PhoneType: 魅族, Num: 2
PhoneType: IQOO, Num: 10
PhoneType: OPPO, Num: 13
PhoneType: Vivo, Num: 15
PhoneType: 未知Android设备, Num: 5
PhoneType: 小米, Num: 16
PhoneType: 苹果, Num: 97
PhoneType: 华为, Num: 48
cnt: 244
=====================================
统计中...
PhoneType: 荣耀, Num: 17
PhoneType: 红米, Num: 15
PhoneType: 一加, Num: 7
PhoneType: IQOO, Num: 12
PhoneType: OPPO, Num: 15
PhoneType: 三星, Num: 1
PhoneType: 魅族, Num: 2
PhoneType: 未知Android设备, Num: 5
PhoneType: 小米, Num: 16
PhoneType: Vivo, Num: 15
PhoneType: 苹果, Num: 102
PhoneType: 华为, Num: 52
cnt: 259
=====================================
统计中...
PhoneType: 华为, Num: 53
PhoneType: 苹果, Num: 104
PhoneType: 红米, Num: 16
PhoneType: 一加, Num: 7
PhoneType: 荣耀, Num: 18
PhoneType: OPPO, Num: 18
PhoneType: 三星, Num: 1
PhoneType: 魅族, Num: 2
PhoneType: IQOO, Num: 13
PhoneType: 小米, Num: 18
PhoneType: Vivo, Num: 15
PhoneType: 未知Android设备, Num: 6
cnt: 271
=====================================
统计中...
PhoneType: 小米, Num: 21
PhoneType: 华为, Num: 53
PhoneType: 苹果, Num: 108
PhoneType: 红米, Num: 16
PhoneType: 真我, Num: 1
PhoneType: 荣耀, Num: 18
PhoneType: 三星, Num: 1
PhoneType: 魅族, Num: 2
PhoneType: IQOO, Num: 13
PhoneType: Vivo, Num: 15
PhoneType: 未知Android设备, Num: 7
PhoneType: 一加, Num: 7
PhoneType: OPPO, Num: 18
cnt: 280
=====================================
统计中...
PhoneType: 一加, Num: 8
PhoneType: OPPO, Num: 18
PhoneType: 小米, Num: 22
PhoneType: 苹果, Num: 110
PhoneType: 华为, Num: 53
PhoneType: 荣耀, Num: 19
PhoneType: 红米, Num: 17
PhoneType: 真我, Num: 1
PhoneType: IQOO, Num: 13
PhoneType: 三星, Num: 1
PhoneType: 魅族, Num: 2
PhoneType: 未知Android设备, Num: 7
PhoneType: Vivo, Num: 15
cnt: 286
=====================================
统计中...
PhoneType: 荣耀, Num: 19
PhoneType: 红米, Num: 18
PhoneType: 真我, Num: 1
PhoneType: IQOO, Num: 14
PhoneType: 三星, Num: 1
PhoneType: 魅族, Num: 3
PhoneType: 未知Android设备, Num: 8
PhoneType: Vivo, Num: 16
PhoneType: 一加, Num: 10
PhoneType: OPPO, Num: 18
PhoneType: 小米, Num: 23
PhoneType: 苹果, Num: 115
PhoneType: 华为, Num: 55
cnt: 301
=====================================
统计中...
PhoneType: 一加, Num: 10
PhoneType: OPPO, Num: 19
PhoneType: 小米, Num: 23
PhoneType: 苹果, Num: 123
PhoneType: 华为, Num: 56
PhoneType: 荣耀, Num: 21
PhoneType: 红米, Num: 19
PhoneType: 真我, Num: 2
PhoneType: IQOO, Num: 15
PhoneType: 三星, Num: 1
PhoneType: 魅族, Num: 3
PhoneType: 未知Android设备, Num: 8
PhoneType: Vivo, Num: 16
cnt: 316
=====================================
统计中...
PhoneType: 小米, Num: 24
PhoneType: 苹果, Num: 131
PhoneType: 华为, Num: 58
PhoneType: 真我, Num: 2
PhoneType: 荣耀, Num: 21
PhoneType: 红米, Num: 19
PhoneType: 魅族, Num: 4
PhoneType: IQOO, Num: 16
PhoneType: 三星, Num: 1
PhoneType: Vivo, Num: 16
PhoneType: 未知Android设备, Num: 8
PhoneType: 一加, Num: 10
PhoneType: OPPO, Num: 21
cnt: 331
=====================================
统计中...
PhoneType: 一加, Num: 11
PhoneType: OPPO, Num: 24
PhoneType: 小米, Num: 24
PhoneType: 苹果, Num: 139
PhoneType: 华为, Num: 59
PhoneType: 真我, Num: 2
PhoneType: 荣耀, Num: 21
PhoneType: 红米, Num: 20
PhoneType: 魅族, Num: 4
PhoneType: IQOO, Num: 16
PhoneType: 三星, Num: 1
PhoneType: Vivo, Num: 16
PhoneType: 未知Android设备, Num: 9
cnt: 346
=====================================
统计中...
PhoneType: 荣耀, Num: 23
PhoneType: 红米, Num: 20
PhoneType: 真我, Num: 2
PhoneType: IQOO, Num: 17
PhoneType: 三星, Num: 1
PhoneType: 魅族, Num: 4
PhoneType: 未知Android设备, Num: 9
PhoneType: Vivo, Num: 18
PhoneType: 一加, Num: 12
PhoneType: OPPO, Num: 26
PhoneType: 小米, Num: 24
PhoneType: 苹果, Num: 143
PhoneType: 华为, Num: 61
cnt: 360
=====================================
统计中...
PhoneType: 红米, Num: 20
PhoneType: 真我, Num: 2
PhoneType: 荣耀, Num: 24
PhoneType: 三星, Num: 1
PhoneType: 魅族, Num: 4
PhoneType: IQOO, Num: 17
PhoneType: Vivo, Num: 19
PhoneType: 未知Android设备, Num: 10
PhoneType: 一加, Num: 13
PhoneType: OPPO, Num: 27
PhoneType: 小米, Num: 24
PhoneType: 华为, Num: 62
PhoneType: 苹果, Num: 148
cnt: 371
=====================================
统计中...
PhoneType: 荣耀, Num: 24
PhoneType: 红米, Num: 23
PhoneType: 真我, Num: 2
PhoneType: IQOO, Num: 17
PhoneType: 三星, Num: 1
PhoneType: 魅族, Num: 4
PhoneType: 未知Android设备, Num: 12
PhoneType: Vivo, Num: 21
PhoneType: 一加, Num: 13
PhoneType: OPPO, Num: 27
PhoneType: 小米, Num: 24
PhoneType: 苹果, Num: 155
PhoneType: 华为, Num: 64
cnt: 387
=====================================
统计中...
PhoneType: 一加, Num: 13
PhoneType: OPPO, Num: 29
PhoneType: 小米, Num: 24
PhoneType: 苹果, Num: 158
PhoneType: 华为, Num: 66
PhoneType: 真我, Num: 2
PhoneType: 荣耀, Num: 25
PhoneType: 红米, Num: 26
PhoneType: 魅族, Num: 4
PhoneType: IQOO, Num: 18
PhoneType: 三星, Num: 1
PhoneType: Vivo, Num: 21
PhoneType: 未知Android设备, Num: 13
cnt: 400
=====================================
统计中...
PhoneType: 小米, Num: 26
PhoneType: 苹果, Num: 163
PhoneType: 华为, Num: 67
PhoneType: 真我, Num: 2
PhoneType: 荣耀, Num: 27
PhoneType: 红米, Num: 26
PhoneType: 三星, Num: 1
PhoneType: 魅族, Num: 4
PhoneType: IQOO, Num: 18
PhoneType: Vivo, Num: 21
PhoneType: 未知Android设备, Num: 14
PhoneType: 一加, Num: 13
PhoneType: OPPO, Num: 29
cnt: 411
=====================================
统计中...
PhoneType: OPPO, Num: 30
PhoneType: 小米, Num: 26
PhoneType: 苹果, Num: 171
PhoneType: 华为, Num: 68
PhoneType: 荣耀, Num: 27
PhoneType: 红米, Num: 26
PhoneType: 真我, Num: 3
PhoneType: IQOO, Num: 18
PhoneType: 三星, Num: 1
PhoneType: 魅族, Num: 4
PhoneType: 未知Android设备, Num: 15
PhoneType: Vivo, Num: 21
PhoneType: 一加, Num: 14
cnt: 424
=====================================
统计中...
PhoneType: IQOO, Num: 19
PhoneType: 三星, Num: 1
PhoneType: 魅族, Num: 4
PhoneType: 未知Android设备, Num: 15
PhoneType: Vivo, Num: 21
PhoneType: 一加, Num: 15
PhoneType: OPPO, Num: 30
PhoneType: 小米, Num: 26
PhoneType: 苹果, Num: 177
PhoneType: 华为, Num: 69
PhoneType: 荣耀, Num: 27
PhoneType: 红米, Num: 27
PhoneType: 真我, Num: 3
cnt: 434
=====================================
统计中...
PhoneType: 一加, Num: 15
PhoneType: OPPO, Num: 32
PhoneType: 小米, Num: 27
PhoneType: 苹果, Num: 178
PhoneType: 华为, Num: 70
PhoneType: 真我, Num: 3
PhoneType: 荣耀, Num: 28
PhoneType: 红米, Num: 28
PhoneType: 三星, Num: 1
PhoneType: 魅族, Num: 4
PhoneType: IQOO, Num: 19
PhoneType: Vivo, Num: 21
PhoneType: 未知Android设备, Num: 17
cnt: 443
=====================================
统计中...
PhoneType: 一加, Num: 15
PhoneType: OPPO, Num: 33
PhoneType: 小米, Num: 28
PhoneType: 苹果, Num: 184
PhoneType: 华为, Num: 70
PhoneType: 荣耀, Num: 29
PhoneType: 红米, Num: 28
PhoneType: 真我, Num: 3
PhoneType: IQOO, Num: 21
PhoneType: 三星, Num: 1
PhoneType: 魅族, Num: 4
PhoneType: 未知Android设备, Num: 17
PhoneType: Vivo, Num: 21
cnt: 454
=====================================
统计中...
PhoneType: OPPO, Num: 33
PhoneType: 小米, Num: 28
PhoneType: 苹果, Num: 193
PhoneType: 华为, Num: 71
PhoneType: 荣耀, Num: 29
PhoneType: 红米, Num: 28
PhoneType: 真我, Num: 3
PhoneType: IQOO, Num: 21
PhoneType: 三星, Num: 1
PhoneType: 魅族, Num: 4
PhoneType: 未知Android设备, Num: 17
PhoneType: Vivo, Num: 22
PhoneType: 一加, Num: 15
cnt: 465
=====================================
统计中...
PhoneType: 未知Android设备, Num: 17
PhoneType: Vivo, Num: 22
PhoneType: 一加, Num: 16
PhoneType: OPPO, Num: 34
PhoneType: 小米, Num: 29
PhoneType: 苹果, Num: 199
PhoneType: 华为, Num: 73
PhoneType: 荣耀, Num: 29
PhoneType: 红米, Num: 28
PhoneType: 真我, Num: 3
PhoneType: IQOO, Num: 21
PhoneType: 三星, Num: 1
PhoneType: 魅族, Num: 4
cnt: 476
=====================================
统计中...
PhoneType: 小米, Num: 29
PhoneType: 华为, Num: 73
PhoneType: 苹果, Num: 199
PhoneType: 红米, Num: 28
PhoneType: 真我, Num: 3
PhoneType: 荣耀, Num: 29
PhoneType: 三星, Num: 1
PhoneType: 魅族, Num: 4
PhoneType: IQOO, Num: 21
PhoneType: Vivo, Num: 22
PhoneType: 未知Android设备, Num: 17
PhoneType: 一加, Num: 16
PhoneType: OPPO, Num: 34
cnt: 476
=====================================
统计中...
PhoneType: 小米, Num: 31
PhoneType: 苹果, Num: 202
PhoneType: 华为, Num: 75
PhoneType: 真我, Num: 3
PhoneType: 荣耀, Num: 29
PhoneType: 红米, Num: 30
PhoneType: 三星, Num: 1
PhoneType: 魅族, Num: 4
PhoneType: IQOO, Num: 23
PhoneType: Vivo, Num: 23
PhoneType: 未知Android设备, Num: 19
PhoneType: 一加, Num: 17
PhoneType: OPPO, Num: 34
cnt: 491
=====================================
统计中...
PhoneType: 小米, Num: 31
PhoneType: 苹果, Num: 204
PhoneType: 华为, Num: 75
PhoneType: 荣耀, Num: 29
PhoneType: 红米, Num: 31
PhoneType: 真我, Num: 5
PhoneType: IQOO, Num: 24
PhoneType: 三星, Num: 1
PhoneType: 魅族, Num: 4
PhoneType: 未知Android设备, Num: 20
PhoneType: Vivo, Num: 25
PhoneType: 一加, Num: 17
PhoneType: OPPO, Num: 36
cnt: 502
=====================================
统计中...
PhoneType: 荣耀, Num: 31
PhoneType: 红米, Num: 31
PhoneType: 真我, Num: 5
PhoneType: IQOO, Num: 24
PhoneType: 三星, Num: 1
PhoneType: 魅族, Num: 4
PhoneType: 未知Android设备, Num: 20
PhoneType: Vivo, Num: 27
PhoneType: 一加, Num: 17
PhoneType: OPPO, Num: 37
PhoneType: 小米, Num: 32
PhoneType: 苹果, Num: 208
PhoneType: 华为, Num: 76
cnt: 513
=====================================
统计中...
PhoneType: 未知Android设备, Num: 20
PhoneType: Vivo, Num: 28
PhoneType: 一加, Num: 17
PhoneType: OPPO, Num: 39
PhoneType: 小米, Num: 32
PhoneType: 苹果, Num: 214
PhoneType: 华为, Num: 78
PhoneType: 荣耀, Num: 31
PhoneType: 红米, Num: 31
PhoneType: 真我, Num: 5
PhoneType: IQOO, Num: 24
PhoneType: 三星, Num: 1
PhoneType: 魅族, Num: 4
cnt: 524
=====================================
统计中...
PhoneType: OPPO, Num: 40
PhoneType: 小米, Num: 32
PhoneType: 苹果, Num: 221
PhoneType: 华为, Num: 78
PhoneType: 荣耀, Num: 31
PhoneType: 红米, Num: 32
PhoneType: 真我, Num: 5
PhoneType: IQOO, Num: 24
PhoneType: 三星, Num: 1
PhoneType: 魅族, Num: 4
PhoneType: 未知Android设备, Num: 20
PhoneType: Vivo, Num: 28
PhoneType: 一加, Num: 17
cnt: 533
=====================================
统计中...
PhoneType: 小米, Num: 33
PhoneType: 苹果, Num: 223
PhoneType: 华为, Num: 79
PhoneType: 荣耀, Num: 32
PhoneType: 红米, Num: 34
PhoneType: 真我, Num: 5
PhoneType: IQOO, Num: 24
PhoneType: 三星, Num: 1
PhoneType: 魅族, Num: 4
PhoneType: 未知Android设备, Num: 20
PhoneType: Vivo, Num: 30
PhoneType: 一加, Num: 17
PhoneType: OPPO, Num: 41
cnt: 543
=====================================
统计中...
PhoneType: 一加, Num: 17
PhoneType: OPPO, Num: 42
PhoneType: 小米, Num: 34
PhoneType: 苹果, Num: 227
PhoneType: 华为, Num: 82
PhoneType: 荣耀, Num: 33
PhoneType: 红米, Num: 35
PhoneType: 真我, Num: 5
PhoneType: IQOO, Num: 24
PhoneType: 三星, Num: 1
PhoneType: 魅族, Num: 4
PhoneType: 未知Android设备, Num: 20
PhoneType: Vivo, Num: 30
cnt: 554
=====================================
统计中...
PhoneType: 苹果, Num: 230
PhoneType: 华为, Num: 83
PhoneType: 荣耀, Num: 34
PhoneType: 红米, Num: 36
PhoneType: 真我, Num: 5
PhoneType: IQOO, Num: 24
PhoneType: 三星, Num: 1
PhoneType: 魅族, Num: 4
PhoneType: 未知Android设备, Num: 20
PhoneType: Vivo, Num: 30
PhoneType: 一加, Num: 18
PhoneType: OPPO, Num: 42
PhoneType: 小米, Num: 35
cnt: 562
=====================================
统计中...
PhoneType: 苹果, Num: 236
PhoneType: 华为, Num: 84
PhoneType: 荣耀, Num: 34
PhoneType: 红米, Num: 36
PhoneType: 真我, Num: 5
PhoneType: IQOO, Num: 24
PhoneType: 三星, Num: 1
PhoneType: 魅族, Num: 4
PhoneType: 未知Android设备, Num: 21
PhoneType: Vivo, Num: 30
PhoneType: 一加, Num: 18
PhoneType: OPPO, Num: 43
PhoneType: 小米, Num: 35
cnt: 571
=====================================
统计中...
PhoneType: 小米, Num: 35
PhoneType: 苹果, Num: 239
PhoneType: 华为, Num: 85
PhoneType: 真我, Num: 6
PhoneType: 荣耀, Num: 34
PhoneType: 红米, Num: 36
PhoneType: 三星, Num: 1
PhoneType: 魅族, Num: 4
PhoneType: IQOO, Num: 24
PhoneType: Vivo, Num: 30
PhoneType: 未知Android设备, Num: 21
PhoneType: 一加, Num: 18
PhoneType: OPPO, Num: 44
cnt: 577
=====================================
统计中...
PhoneType: 苹果, Num: 244
PhoneType: 华为, Num: 87
PhoneType: 真我, Num: 6
PhoneType: 荣耀, Num: 34
PhoneType: 红米, Num: 36
PhoneType: 魅族, Num: 4
PhoneType: IQOO, Num: 24
PhoneType: 三星, Num: 1
PhoneType: Vivo, Num: 30
PhoneType: 未知Android设备, Num: 22
PhoneType: 一加, Num: 18
PhoneType: OPPO, Num: 44
PhoneType: 小米, Num: 35
cnt: 585
=====================================
统计中...
PhoneType: OPPO, Num: 45
PhoneType: 小米, Num: 35
PhoneType: 华为, Num: 88
PhoneType: 苹果, Num: 251
PhoneType: 红米, Num: 36
PhoneType: 真我, Num: 6
PhoneType: 荣耀, Num: 34
PhoneType: 三星, Num: 1
PhoneType: 魅族, Num: 4
PhoneType: IQOO, Num: 24
PhoneType: Vivo, Num: 31
PhoneType: 未知Android设备, Num: 22
PhoneType: 一加, Num: 18
cnt: 595
=====================================
统计中...
PhoneType: OPPO, Num: 45
PhoneType: 小米, Num: 36
PhoneType: 苹果, Num: 257
PhoneType: 华为, Num: 90
PhoneType: 荣耀, Num: 34
PhoneType: 红米, Num: 37
PhoneType: 真我, Num: 7
PhoneType: IQOO, Num: 25
PhoneType: 三星, Num: 1
PhoneType: 魅族, Num: 4
PhoneType: 未知Android设备, Num: 22
PhoneType: Vivo, Num: 33
PhoneType: 一加, Num: 18
cnt: 609
=====================================
统计中...
PhoneType: 荣耀, Num: 34
PhoneType: 红米, Num: 37
PhoneType: 真我, Num: 8
PhoneType: IQOO, Num: 25
PhoneType: 三星, Num: 1
PhoneType: 魅族, Num: 4
PhoneType: 未知Android设备, Num: 23
PhoneType: Vivo, Num: 34
PhoneType: 一加, Num: 19
PhoneType: OPPO, Num: 45
PhoneType: 小米, Num: 38
PhoneType: 苹果, Num: 258
PhoneType: 华为, Num: 93
cnt: 619
=====================================
统计中...
PhoneType: 一加, Num: 19
PhoneType: OPPO, Num: 46
PhoneType: 小米, Num: 38
PhoneType: 苹果, Num: 259
PhoneType: 华为, Num: 95
PhoneType: 真我, Num: 8
PhoneType: 荣耀, Num: 35
PhoneType: 红米, Num: 38
PhoneType: 魅族, Num: 4
PhoneType: IQOO, Num: 25
PhoneType: 三星, Num: 1
PhoneType: Vivo, Num: 37
PhoneType: 未知Android设备, Num: 23
cnt: 628
=====================================
统计中...
PhoneType: 小米, Num: 38
PhoneType: 苹果, Num: 262
PhoneType: 华为, Num: 97
PhoneType: 荣耀, Num: 35
PhoneType: 红米, Num: 38
PhoneType: 真我, Num: 8
PhoneType: IQOO, Num: 26
PhoneType: 三星, Num: 1
PhoneType: 魅族, Num: 4
PhoneType: 未知Android设备, Num: 23
PhoneType: Vivo, Num: 37
PhoneType: 一加, Num: 19
PhoneType: OPPO, Num: 47
cnt: 635
=====================================
统计中...
PhoneType: OPPO, Num: 47
PhoneType: 小米, Num: 38
PhoneType: 苹果, Num: 269
PhoneType: 华为, Num: 97
PhoneType: 荣耀, Num: 35
PhoneType: 红米, Num: 38
PhoneType: 真我, Num: 8
PhoneType: IQOO, Num: 26
PhoneType: 三星, Num: 1
PhoneType: 魅族, Num: 4
PhoneType: 未知Android设备, Num: 27
PhoneType: Vivo, Num: 37
PhoneType: 一加, Num: 19
cnt: 646
=====================================
统计中...
PhoneType: 小米, Num: 38
PhoneType: 苹果, Num: 271
PhoneType: 华为, Num: 97
PhoneType: 荣耀, Num: 36
PhoneType: 红米, Num: 40
PhoneType: 真我, Num: 8
PhoneType: IQOO, Num: 26
PhoneType: 三星, Num: 1
PhoneType: 魅族, Num: 4
PhoneType: 未知Android设备, Num: 28
PhoneType: Vivo, Num: 39
PhoneType: 一加, Num: 19
PhoneType: OPPO, Num: 51
cnt: 658
=====================================
统计中...
PhoneType: Vivo, Num: 41
PhoneType: 未知Android设备, Num: 28
PhoneType: 一加, Num: 19
PhoneType: OPPO, Num: 51
PhoneType: 小米, Num: 38
PhoneType: 华为, Num: 97
PhoneType: 苹果, Num: 275
PhoneType: 红米, Num: 41
PhoneType: 真我, Num: 8
PhoneType: 荣耀, Num: 36
PhoneType: 三星, Num: 1
PhoneType: 魅族, Num: 4
PhoneType: IQOO, Num: 29
cnt: 668
=====================================
统计中...
PhoneType: OPPO, Num: 51
PhoneType: 小米, Num: 38
PhoneType: 苹果, Num: 277
PhoneType: 华为, Num: 98
PhoneType: 荣耀, Num: 36
PhoneType: 红米, Num: 43
PhoneType: 真我, Num: 8
PhoneType: IQOO, Num: 30
PhoneType: 三星, Num: 1
PhoneType: 魅族, Num: 4
PhoneType: 未知Android设备, Num: 28
PhoneType: Vivo, Num: 42
PhoneType: 一加, Num: 19
cnt: 675
=====================================
统计中...
PhoneType: IQOO, Num: 30
PhoneType: 三星, Num: 1
PhoneType: 魅族, Num: 4
PhoneType: 未知Android设备, Num: 28
PhoneType: Vivo, Num: 44
PhoneType: 一加, Num: 19
PhoneType: OPPO, Num: 52
PhoneType: 小米, Num: 39
PhoneType: 苹果, Num: 280
PhoneType: 华为, Num: 101
PhoneType: 荣耀, Num: 36
PhoneType: 红米, Num: 43
PhoneType: 真我, Num: 8
cnt: 685
=====================================
统计中...
PhoneType: 荣耀, Num: 36
PhoneType: 红米, Num: 43
PhoneType: 真我, Num: 8
PhoneType: IQOO, Num: 30
PhoneType: 三星, Num: 1
PhoneType: 魅族, Num: 4
PhoneType: 未知Android设备, Num: 28
PhoneType: Vivo, Num: 44
PhoneType: 一加, Num: 19
PhoneType: OPPO, Num: 52
PhoneType: 小米, Num: 39
PhoneType: 苹果, Num: 281
PhoneType: 华为, Num: 102
cnt: 687
=====================================
统计中...
PhoneType: OPPO, Num: 52
PhoneType: 小米, Num: 39
PhoneType: 苹果, Num: 282
PhoneType: 华为, Num: 102
PhoneType: 荣耀, Num: 37
PhoneType: 红米, Num: 43
PhoneType: 真我, Num: 8
PhoneType: IQOO, Num: 30
PhoneType: 三星, Num: 1
PhoneType: 魅族, Num: 4
PhoneType: 未知Android设备, Num: 28
PhoneType: Vivo, Num: 44
PhoneType: 一加, Num: 19
cnt: 689
=====================================
统计中...
PhoneType: 一加, Num: 19
PhoneType: OPPO, Num: 52
PhoneType: 小米, Num: 42
PhoneType: 苹果, Num: 285
PhoneType: 华为, Num: 104
PhoneType: 荣耀, Num: 39
PhoneType: 红米, Num: 45
PhoneType: 真我, Num: 8
PhoneType: IQOO, Num: 30
PhoneType: 三星, Num: 1
PhoneType: 魅族, Num: 4
PhoneType: 未知Android设备, Num: 29
PhoneType: Vivo, Num: 45
cnt: 703
=====================================
统计中...
PhoneType: OPPO, Num: 53
PhoneType: 小米, Num: 43
PhoneType: 苹果, Num: 291
PhoneType: 华为, Num: 104
PhoneType: 真我, Num: 8
PhoneType: 荣耀, Num: 40
PhoneType: 红米, Num: 45
PhoneType: 魅族, Num: 4
PhoneType: IQOO, Num: 30
PhoneType: 三星, Num: 1
PhoneType: Vivo, Num: 46
PhoneType: 未知Android设备, Num: 29
PhoneType: 一加, Num: 19
cnt: 713
=====================================
统计中...
PhoneType: 三星, Num: 1
PhoneType: 魅族, Num: 4
PhoneType: IQOO, Num: 31
PhoneType: Vivo, Num: 47
PhoneType: 未知Android设备, Num: 29
PhoneType: 一加, Num: 19
PhoneType: OPPO, Num: 53
PhoneType: 小米, Num: 43
PhoneType: 苹果, Num: 292
PhoneType: 华为, Num: 104
PhoneType: 真我, Num: 8
PhoneType: 荣耀, Num: 40
PhoneType: 红米, Num: 45
cnt: 716
=====================================
统计中...
PhoneType: 未知Android设备, Num: 29
PhoneType: Vivo, Num: 47
PhoneType: 一加, Num: 19
PhoneType: OPPO, Num: 53
PhoneType: 小米, Num: 43
PhoneType: 苹果, Num: 296
PhoneType: 华为, Num: 105
PhoneType: 荣耀, Num: 41
PhoneType: 红米, Num: 46
PhoneType: 真我, Num: 8
PhoneType: IQOO, Num: 31
PhoneType: 三星, Num: 1
PhoneType: 魅族, Num: 4
cnt: 723
=====================================
统计中...
PhoneType: 一加, Num: 19
PhoneType: OPPO, Num: 54
PhoneType: 小米, Num: 43
PhoneType: 苹果, Num: 298
PhoneType: 华为, Num: 106
PhoneType: 荣耀, Num: 41
PhoneType: 红米, Num: 47
PhoneType: 真我, Num: 8
PhoneType: IQOO, Num: 31
PhoneType: 三星, Num: 1
PhoneType: 魅族, Num: 4
PhoneType: 未知Android设备, Num: 29
PhoneType: Vivo, Num: 47
cnt: 728
=====================================
统计中...
PhoneType: 苹果, Num: 303
PhoneType: 华为, Num: 107
PhoneType: 荣耀, Num: 42
PhoneType: 红米, Num: 47
PhoneType: 真我, Num: 8
PhoneType: IQOO, Num: 31
PhoneType: 三星, Num: 1
PhoneType: 魅族, Num: 4
PhoneType: 未知Android设备, Num: 29
PhoneType: Vivo, Num: 47
PhoneType: 一加, Num: 20
PhoneType: OPPO, Num: 58
PhoneType: 小米, Num: 44
cnt: 741
=====================================
统计中...
PhoneType: 一加, Num: 20
PhoneType: OPPO, Num: 58
PhoneType: 小米, Num: 44
PhoneType: 苹果, Num: 303
PhoneType: 华为, Num: 107
PhoneType: 荣耀, Num: 43
PhoneType: 红米, Num: 48
PhoneType: 真我, Num: 8
PhoneType: IQOO, Num: 31
PhoneType: 三星, Num: 1
PhoneType: 魅族, Num: 4
PhoneType: 未知Android设备, Num: 29
PhoneType: Vivo, Num: 47
cnt: 743
=====================================
统计中...
PhoneType: 一加, Num: 20
PhoneType: OPPO, Num: 61
PhoneType: 小米, Num: 45
PhoneType: 苹果, Num: 306
PhoneType: 华为, Num: 109
PhoneType: 荣耀, Num: 44
PhoneType: 红米, Num: 48
PhoneType: 真我, Num: 9
PhoneType: IQOO, Num: 31
PhoneType: 三星, Num: 1
PhoneType: 魅族, Num: 4
PhoneType: 未知Android设备, Num: 30
PhoneType: Vivo, Num: 48
cnt: 756
=====================================
统计中...
PhoneType: 一加, Num: 20
PhoneType: OPPO, Num: 61
PhoneType: 小米, Num: 45
PhoneType: 苹果, Num: 307
PhoneType: 华为, Num: 110
PhoneType: 荣耀, Num: 45
PhoneType: 红米, Num: 48
PhoneType: 真我, Num: 9
PhoneType: IQOO, Num: 31
PhoneType: 三星, Num: 1
PhoneType: 魅族, Num: 4
PhoneType: 未知Android设备, Num: 30
PhoneType: Vivo, Num: 48
cnt: 759
=====================================
统计中...
PhoneType: 一加, Num: 21
PhoneType: OPPO, Num: 61
PhoneType: 小米, Num: 45
PhoneType: 苹果, Num: 312
PhoneType: 华为, Num: 112
PhoneType: 真我, Num: 9
PhoneType: 荣耀, Num: 46
PhoneType: 红米, Num: 48
PhoneType: 魅族, Num: 4
PhoneType: IQOO, Num: 31
PhoneType: 三星, Num: 1
PhoneType: Vivo, Num: 48
PhoneType: 未知Android设备, Num: 30
cnt: 768
=====================================
统计中...
PhoneType: 三星, Num: 1
PhoneType: 魅族, Num: 4
PhoneType: IQOO, Num: 31
PhoneType: Vivo, Num: 48
PhoneType: 未知Android设备, Num: 31
PhoneType: 一加, Num: 21
PhoneType: OPPO, Num: 61
PhoneType: 小米, Num: 45
PhoneType: 华为, Num: 112
PhoneType: 苹果, Num: 317
PhoneType: 红米, Num: 48
PhoneType: 真我, Num: 9
PhoneType: 荣耀, Num: 46
cnt: 774
=====================================
统计中...
PhoneType: OPPO, Num: 61
PhoneType: 小米, Num: 46
PhoneType: 苹果, Num: 319
PhoneType: 华为, Num: 112
PhoneType: 荣耀, Num: 47
PhoneType: 红米, Num: 48
PhoneType: 真我, Num: 9
PhoneType: IQOO, Num: 33
PhoneType: 三星, Num: 1
PhoneType: 魅族, Num: 4
PhoneType: 未知Android设备, Num: 31
PhoneType: Vivo, Num: 48
PhoneType: 一加, Num: 21
cnt: 780
=====================================
统计中...
PhoneType: OPPO, Num: 62
PhoneType: 小米, Num: 48
PhoneType: 苹果, Num: 323
PhoneType: 华为, Num: 113
PhoneType: 真我, Num: 9
PhoneType: 荣耀, Num: 49
PhoneType: 红米, Num: 50
PhoneType: 魅族, Num: 4
PhoneType: IQOO, Num: 33
PhoneType: 三星, Num: 1
PhoneType: Vivo, Num: 48
PhoneType: 未知Android设备, Num: 32
PhoneType: 一加, Num: 21
cnt: 793
=====================================
统计中...
PhoneType: 华为, Num: 114
PhoneType: 苹果, Num: 324
PhoneType: 红米, Num: 51
PhoneType: 真我, Num: 9
PhoneType: 荣耀, Num: 50
PhoneType: 三星, Num: 1
PhoneType: 魅族, Num: 4
PhoneType: IQOO, Num: 35
PhoneType: Vivo, Num: 48
PhoneType: 未知Android设备, Num: 32
PhoneType: 一加, Num: 21
PhoneType: OPPO, Num: 62
PhoneType: 小米, Num: 48
cnt: 799
=====================================
统计中...
PhoneType: 苹果, Num: 327
PhoneType: 华为, Num: 115
PhoneType: 荣耀, Num: 50
PhoneType: 红米, Num: 51
PhoneType: 真我, Num: 9
PhoneType: IQOO, Num: 35
PhoneType: 三星, Num: 1
PhoneType: 魅族, Num: 4
PhoneType: 未知Android设备, Num: 32
PhoneType: Vivo, Num: 48
PhoneType: 一加, Num: 21
PhoneType: OPPO, Num: 62
PhoneType: 小米, Num: 48
cnt: 803
=====================================
统计中...
PhoneType: 华为, Num: 117
PhoneType: 苹果, Num: 327
PhoneType: 红米, Num: 51
PhoneType: 真我, Num: 9
PhoneType: 荣耀, Num: 50
PhoneType: 三星, Num: 1
PhoneType: 魅族, Num: 4
PhoneType: IQOO, Num: 36
PhoneType: Vivo, Num: 48
PhoneType: 未知Android设备, Num: 33
PhoneType: 一加, Num: 21
PhoneType: OPPO, Num: 62
PhoneType: 小米, Num: 49
cnt: 808
=====================================
统计中...
PhoneType: Vivo, Num: 48
PhoneType: 未知Android设备, Num: 33
PhoneType: 一加, Num: 21
PhoneType: OPPO, Num: 63
PhoneType: 小米, Num: 51
PhoneType: 华为, Num: 121
PhoneType: 苹果, Num: 329
PhoneType: 红米, Num: 51
PhoneType: 真我, Num: 9
PhoneType: 荣耀, Num: 50
PhoneType: 三星, Num: 1
PhoneType: 魅族, Num: 4
PhoneType: IQOO, Num: 36
cnt: 817
=====================================
统计中...
PhoneType: 小米, Num: 51
PhoneType: 苹果, Num: 330
PhoneType: 华为, Num: 123
PhoneType: 荣耀, Num: 50
PhoneType: 红米, Num: 51
PhoneType: 真我, Num: 9
PhoneType: IQOO, Num: 38
PhoneType: 三星, Num: 1
PhoneType: 魅族, Num: 4
PhoneType: 未知Android设备, Num: 33
PhoneType: Vivo, Num: 48
PhoneType: 一加, Num: 21
PhoneType: OPPO, Num: 63
cnt: 822
=====================================
统计中...
PhoneType: 苹果, Num: 331
PhoneType: 华为, Num: 123
PhoneType: 荣耀, Num: 50
PhoneType: 红米, Num: 52
PhoneType: 真我, Num: 9
PhoneType: IQOO, Num: 39
PhoneType: 三星, Num: 1
PhoneType: 魅族, Num: 4
PhoneType: 未知Android设备, Num: 33
PhoneType: Vivo, Num: 48
PhoneType: 一加, Num: 21
PhoneType: OPPO, Num: 63
PhoneType: 小米, Num: 56
cnt: 830
=====================================
统计中...
PhoneType: 荣耀, Num: 51
PhoneType: 红米, Num: 54
PhoneType: 真我, Num: 9
PhoneType: IQOO, Num: 40
PhoneType: 三星, Num: 1
PhoneType: 魅族, Num: 4
PhoneType: 未知Android设备, Num: 35
PhoneType: Vivo, Num: 48
PhoneType: 一加, Num: 21
PhoneType: OPPO, Num: 63
PhoneType: 小米, Num: 56
PhoneType: 苹果, Num: 334
PhoneType: 华为, Num: 127
cnt: 843
=====================================
统计中...
PhoneType: 一加, Num: 21
PhoneType: OPPO, Num: 63
PhoneType: 小米, Num: 56
PhoneType: 苹果, Num: 335
PhoneType: 华为, Num: 128
PhoneType: 荣耀, Num: 51
PhoneType: 红米, Num: 54
PhoneType: 真我, Num: 9
PhoneType: IQOO, Num: 41
PhoneType: 三星, Num: 2
PhoneType: 魅族, Num: 4
PhoneType: 未知Android设备, Num: 36
PhoneType: Vivo, Num: 48
cnt: 848
=====================================
统计中...
PhoneType: 一加, Num: 21
PhoneType: OPPO, Num: 64
PhoneType: 小米, Num: 56
PhoneType: 苹果, Num: 338
PhoneType: 华为, Num: 130
PhoneType: 荣耀, Num: 51
PhoneType: 红米, Num: 55
PhoneType: 真我, Num: 9
PhoneType: IQOO, Num: 41
PhoneType: 三星, Num: 2
PhoneType: 魅族, Num: 4
PhoneType: 未知Android设备, Num: 36
PhoneType: Vivo, Num: 48
cnt: 855
=====================================
统计中...
PhoneType: 一加, Num: 21
PhoneType: OPPO, Num: 64
PhoneType: 小米, Num: 56
PhoneType: 苹果, Num: 341
PhoneType: 华为, Num: 132
PhoneType: 荣耀, Num: 51
PhoneType: 红米, Num: 55
PhoneType: 真我, Num: 9
PhoneType: IQOO, Num: 43
PhoneType: 三星, Num: 2
PhoneType: 魅族, Num: 4
PhoneType: 未知Android设备, Num: 36
PhoneType: Vivo, Num: 48
cnt: 862
=====================================
统计中...
PhoneType: 荣耀, Num: 51
PhoneType: 红米, Num: 55
PhoneType: 真我, Num: 9
PhoneType: IQOO, Num: 43
PhoneType: 三星, Num: 2
PhoneType: 魅族, Num: 4
PhoneType: 未知Android设备, Num: 37
PhoneType: Vivo, Num: 48
PhoneType: 一加, Num: 21
PhoneType: OPPO, Num: 65
PhoneType: 小米, Num: 58
PhoneType: 苹果, Num: 348
PhoneType: 华为, Num: 133
cnt: 874
=====================================
统计中...
PhoneType: 红米, Num: 55
PhoneType: 真我, Num: 9
PhoneType: 荣耀, Num: 51
PhoneType: 三星, Num: 2
PhoneType: 魅族, Num: 4
PhoneType: IQOO, Num: 43
PhoneType: Vivo, Num: 49
PhoneType: 未知Android设备, Num: 37
PhoneType: 一加, Num: 22
PhoneType: OPPO, Num: 65
PhoneType: 小米, Num: 59
PhoneType: 华为, Num: 134
PhoneType: 苹果, Num: 352
cnt: 882
=====================================
统计中...
PhoneType: 荣耀, Num: 51
PhoneType: 红米, Num: 56
PhoneType: 真我, Num: 10
PhoneType: IQOO, Num: 43
PhoneType: 三星, Num: 3
PhoneType: 魅族, Num: 4
PhoneType: 未知Android设备, Num: 37
PhoneType: Vivo, Num: 50
PhoneType: 一加, Num: 22
PhoneType: OPPO, Num: 66
PhoneType: 小米, Num: 60
PhoneType: 苹果, Num: 357
PhoneType: 华为, Num: 137
cnt: 896
=====================================
统计中...
PhoneType: 小米, Num: 60
PhoneType: 苹果, Num: 361
PhoneType: 华为, Num: 137
PhoneType: 真我, Num: 10
PhoneType: 荣耀, Num: 52
PhoneType: 红米, Num: 56
PhoneType: 魅族, Num: 4
PhoneType: IQOO, Num: 43
PhoneType: 三星, Num: 3
PhoneType: Vivo, Num: 52
PhoneType: 未知Android设备, Num: 37
PhoneType: 一加, Num: 22
PhoneType: OPPO, Num: 67
cnt: 904
=====================================
统计中...
PhoneType: 未知Android设备, Num: 37
PhoneType: Vivo, Num: 54
PhoneType: 一加, Num: 22
PhoneType: OPPO, Num: 67
PhoneType: 小米, Num: 61
PhoneType: 苹果, Num: 366
PhoneType: 华为, Num: 138
PhoneType: 荣耀, Num: 52
PhoneType: 红米, Num: 56
PhoneType: 真我, Num: 10
PhoneType: IQOO, Num: 43
PhoneType: 三星, Num: 3
PhoneType: 魅族, Num: 4
cnt: 913
=====================================
统计中...
PhoneType: 苹果, Num: 368
PhoneType: 华为, Num: 138
PhoneType: 荣耀, Num: 52
PhoneType: 红米, Num: 57
PhoneType: 真我, Num: 10
PhoneType: IQOO, Num: 43
PhoneType: 三星, Num: 3
PhoneType: 魅族, Num: 4
PhoneType: 未知Android设备, Num: 37
PhoneType: Vivo, Num: 54
PhoneType: 一加, Num: 22
PhoneType: OPPO, Num: 67
PhoneType: 小米, Num: 61
cnt: 916
=====================================
统计中...
PhoneType: 未知Android设备, Num: 37
PhoneType: Vivo, Num: 54
PhoneType: 一加, Num: 22
PhoneType: OPPO, Num: 68
PhoneType: 小米, Num: 63
PhoneType: 苹果, Num: 371
PhoneType: 华为, Num: 139
PhoneType: 荣耀, Num: 53
PhoneType: 红米, Num: 57
PhoneType: 真我, Num: 10
PhoneType: IQOO, Num: 43
PhoneType: 三星, Num: 3
PhoneType: 魅族, Num: 4
cnt: 924
=====================================
统计中...
PhoneType: 苹果, Num: 376
PhoneType: 华为, Num: 141
PhoneType: 荣耀, Num: 55
PhoneType: 红米, Num: 57
PhoneType: 真我, Num: 10
PhoneType: IQOO, Num: 43
PhoneType: 三星, Num: 3
PhoneType: 魅族, Num: 4
PhoneType: 未知Android设备, Num: 37
PhoneType: Vivo, Num: 54
PhoneType: 一加, Num: 22
PhoneType: OPPO, Num: 68
PhoneType: 小米, Num: 63
cnt: 933
=====================================
统计中...
PhoneType: 苹果, Num: 376
PhoneType: 华为, Num: 141
PhoneType: 真我, Num: 10
PhoneType: 荣耀, Num: 56
PhoneType: 红米, Num: 57
PhoneType: 三星, Num: 3
PhoneType: 魅族, Num: 4
PhoneType: IQOO, Num: 43
PhoneType: Vivo, Num: 54
PhoneType: 未知Android设备, Num: 37
PhoneType: 一加, Num: 22
PhoneType: OPPO, Num: 68
PhoneType: 小米, Num: 65
cnt: 936
=====================================
统计中...
PhoneType: 小米, Num: 65
PhoneType: 苹果, Num: 377
PhoneType: 华为, Num: 141
PhoneType: 真我, Num: 10
PhoneType: 荣耀, Num: 56
PhoneType: 红米, Num: 57
PhoneType: 魅族, Num: 4
PhoneType: IQOO, Num: 43
PhoneType: 三星, Num: 3
PhoneType: Vivo, Num: 55
PhoneType: 未知Android设备, Num: 37
PhoneType: 一加, Num: 22
PhoneType: OPPO, Num: 68
cnt: 938
=====================================
统计中...
PhoneType: 一加, Num: 22
PhoneType: OPPO, Num: 68
PhoneType: 小米, Num: 66
PhoneType: 苹果, Num: 380
PhoneType: 华为, Num: 144
PhoneType: 荣耀, Num: 56
PhoneType: 红米, Num: 57
PhoneType: 真我, Num: 10
PhoneType: IQOO, Num: 44
PhoneType: 三星, Num: 3
PhoneType: 魅族, Num: 4
PhoneType: 未知Android设备, Num: 37
PhoneType: Vivo, Num: 57
cnt: 948
=====================================
统计中...
PhoneType: 一加, Num: 22
PhoneType: OPPO, Num: 68
PhoneType: 小米, Num: 67
PhoneType: 苹果, Num: 383
PhoneType: 华为, Num: 144
PhoneType: 真我, Num: 10
PhoneType: 荣耀, Num: 56
PhoneType: 红米, Num: 59
PhoneType: 三星, Num: 3
PhoneType: 魅族, Num: 4
PhoneType: IQOO, Num: 45
PhoneType: Vivo, Num: 57
PhoneType: 未知Android设备, Num: 37
cnt: 955
=====================================
统计中...
PhoneType: 荣耀, Num: 56
PhoneType: 红米, Num: 59
PhoneType: 真我, Num: 10
PhoneType: IQOO, Num: 45
PhoneType: 三星, Num: 3
PhoneType: 魅族, Num: 4
PhoneType: 未知Android设备, Num: 37
PhoneType: Vivo, Num: 59
PhoneType: 一加, Num: 22
PhoneType: OPPO, Num: 69
PhoneType: 小米, Num: 68
PhoneType: 苹果, Num: 386
PhoneType: 华为, Num: 147
cnt: 965
=====================================
统计中...
PhoneType: OPPO, Num: 69
PhoneType: 小米, Num: 68
PhoneType: 苹果, Num: 389
PhoneType: 华为, Num: 148
PhoneType: 荣耀, Num: 57
PhoneType: 红米, Num: 59
PhoneType: 真我, Num: 10
PhoneType: IQOO, Num: 47
PhoneType: 三星, Num: 3
PhoneType: 魅族, Num: 4
PhoneType: 未知Android设备, Num: 37
PhoneType: Vivo, Num: 59
PhoneType: 一加, Num: 22
cnt: 972
=====================================
统计中...
PhoneType: IQOO, Num: 47
PhoneType: 三星, Num: 3
PhoneType: 魅族, Num: 4
PhoneType: 未知Android设备, Num: 37
PhoneType: Vivo, Num: 59
PhoneType: 一加, Num: 22
PhoneType: OPPO, Num: 69
PhoneType: 小米, Num: 68
PhoneType: 苹果, Num: 389
PhoneType: 华为, Num: 148
PhoneType: 荣耀, Num: 57
PhoneType: 红米, Num: 59
PhoneType: 真我, Num: 10
cnt: 972
=====================================
统计中...
PhoneType: 荣耀, Num: 57
PhoneType: 红米, Num: 60
PhoneType: 真我, Num: 10
PhoneType: IQOO, Num: 47
PhoneType: 三星, Num: 3
PhoneType: 魅族, Num: 4
PhoneType: 未知Android设备, Num: 37
PhoneType: Vivo, Num: 59
PhoneType: 一加, Num: 23
PhoneType: OPPO, Num: 69
PhoneType: 小米, Num: 68
PhoneType: 苹果, Num: 391
PhoneType: 华为, Num: 149
cnt: 977
=====================================
统计中...
PhoneType: OPPO, Num: 69
PhoneType: 小米, Num: 69
PhoneType: 苹果, Num: 391
PhoneType: 华为, Num: 150
PhoneType: 真我, Num: 10
PhoneType: 荣耀, Num: 58
PhoneType: 红米, Num: 60
PhoneType: 三星, Num: 3
PhoneType: 魅族, Num: 4
PhoneType: IQOO, Num: 47
PhoneType: Vivo, Num: 59
PhoneType: 未知Android设备, Num: 37
PhoneType: 一加, Num: 23
cnt: 980
=====================================
统计中...
PhoneType: 一加, Num: 23
PhoneType: OPPO, Num: 69
PhoneType: 小米, Num: 70
PhoneType: 苹果, Num: 399
PhoneType: 华为, Num: 150
PhoneType: 荣耀, Num: 58
PhoneType: 红米, Num: 61
PhoneType: 真我, Num: 10
PhoneType: IQOO, Num: 47
PhoneType: 三星, Num: 3
PhoneType: 魅族, Num: 4
PhoneType: 未知Android设备, Num: 37
PhoneType: Vivo, Num: 59
cnt: 990
=====================================
统计中...
PhoneType: 未知Android设备, Num: 38
PhoneType: Vivo, Num: 59
PhoneType: 一加, Num: 23
PhoneType: OPPO, Num: 69
PhoneType: 小米, Num: 72
PhoneType: 苹果, Num: 405
PhoneType: 华为, Num: 151
PhoneType: 荣耀, Num: 59
PhoneType: 红米, Num: 61
PhoneType: 真我, Num: 10
PhoneType: IQOO, Num: 47
PhoneType: 三星, Num: 3
PhoneType: 魅族, Num: 4
cnt: 1001
=====================================
统计中...
PhoneType: OPPO, Num: 69
PhoneType: 小米, Num: 72
PhoneType: 华为, Num: 152
PhoneType: 苹果, Num: 405
PhoneType: 红米, Num: 61
PhoneType: 真我, Num: 10
PhoneType: 荣耀, Num: 59
PhoneType: 三星, Num: 3
PhoneType: 魅族, Num: 4
PhoneType: IQOO, Num: 47
PhoneType: Vivo, Num: 59
PhoneType: 未知Android设备, Num: 38
PhoneType: 一加, Num: 23
cnt: 1002
=====================================
统计中...
PhoneType: IQOO, Num: 47
PhoneType: 三星, Num: 3
PhoneType: 魅族, Num: 4
PhoneType: 未知Android设备, Num: 38
PhoneType: Vivo, Num: 60
PhoneType: 一加, Num: 23
PhoneType: OPPO, Num: 69
PhoneType: 小米, Num: 74
PhoneType: 苹果, Num: 408
PhoneType: 华为, Num: 154
PhoneType: 荣耀, Num: 60
PhoneType: 红米, Num: 61
PhoneType: 真我, Num: 10
cnt: 1011
=====================================
统计中...
PhoneType: 一加, Num: 23
PhoneType: OPPO, Num: 71
PhoneType: 小米, Num: 76
PhoneType: 华为, Num: 155
PhoneType: 苹果, Num: 410
PhoneType: 红米, Num: 61
PhoneType: 真我, Num: 10
PhoneType: 荣耀, Num: 60
PhoneType: 三星, Num: 3
PhoneType: 魅族, Num: 4
PhoneType: IQOO, Num: 48
PhoneType: Vivo, Num: 60
PhoneType: 未知Android设备, Num: 38
cnt: 1019
=====================================
统计中...
PhoneType: 小米, Num: 77
PhoneType: 苹果, Num: 412
PhoneType: 华为, Num: 155
PhoneType: 荣耀, Num: 61
PhoneType: 红米, Num: 63
PhoneType: 真我, Num: 10
PhoneType: IQOO, Num: 49
PhoneType: 三星, Num: 3
PhoneType: 魅族, Num: 4
PhoneType: 未知Android设备, Num: 38
PhoneType: Vivo, Num: 60
PhoneType: 一加, Num: 24
PhoneType: OPPO, Num: 71
cnt: 1027
=====================================
统计中...
PhoneType: OPPO, Num: 71
PhoneType: 小米, Num: 77
PhoneType: 苹果, Num: 414
PhoneType: 华为, Num: 156
PhoneType: 荣耀, Num: 61
PhoneType: 红米, Num: 64
PhoneType: 真我, Num: 10
PhoneType: IQOO, Num: 49
PhoneType: 三星, Num: 3
PhoneType: 魅族, Num: 4
PhoneType: 未知Android设备, Num: 38
PhoneType: Vivo, Num: 60
PhoneType: 一加, Num: 24
cnt: 1031
=====================================
统计中...
PhoneType: 苹果, Num: 417
PhoneType: 华为, Num: 156
PhoneType: 荣耀, Num: 61
PhoneType: 红米, Num: 66
PhoneType: 真我, Num: 11
PhoneType: IQOO, Num: 50
PhoneType: 三星, Num: 3
PhoneType: 魅族, Num: 4
PhoneType: 未知Android设备, Num: 39
PhoneType: Vivo, Num: 60
PhoneType: 一加, Num: 24
PhoneType: OPPO, Num: 71
PhoneType: 小米, Num: 78
cnt: 1040
=====================================
统计中...
PhoneType: 小米, Num: 79
PhoneType: 苹果, Num: 423
PhoneType: 华为, Num: 157
PhoneType: 荣耀, Num: 62
PhoneType: 红米, Num: 67
PhoneType: 真我, Num: 11
PhoneType: IQOO, Num: 51
PhoneType: 三星, Num: 3
PhoneType: 魅族, Num: 4
PhoneType: 未知Android设备, Num: 39
PhoneType: Vivo, Num: 61
PhoneType: 一加, Num: 24
PhoneType: OPPO, Num: 72
cnt: 1053
=====================================
统计中...
PhoneType: Vivo, Num: 61
PhoneType: 未知Android设备, Num: 39
PhoneType: 一加, Num: 24
PhoneType: OPPO, Num: 73
PhoneType: 小米, Num: 79
PhoneType: 苹果, Num: 427
PhoneType: 华为, Num: 158
PhoneType: 真我, Num: 11
PhoneType: 荣耀, Num: 62
PhoneType: 红米, Num: 68
PhoneType: 三星, Num: 3
PhoneType: 魅族, Num: 4
PhoneType: IQOO, Num: 53
cnt: 1062
=====================================
统计中...
PhoneType: OPPO, Num: 73
PhoneType: 小米, Num: 79
PhoneType: 苹果, Num: 431
PhoneType: 华为, Num: 160
PhoneType: 荣耀, Num: 64
PhoneType: 红米, Num: 68
PhoneType: 真我, Num: 11
PhoneType: IQOO, Num: 54
PhoneType: 三星, Num: 3
PhoneType: 魅族, Num: 4
PhoneType: 未知Android设备, Num: 39
PhoneType: Vivo, Num: 62
PhoneType: 一加, Num: 24
cnt: 1072
=====================================
统计中...
PhoneType: 小米, Num: 81
PhoneType: 苹果, Num: 433
PhoneType: 华为, Num: 161
PhoneType: 荣耀, Num: 66
PhoneType: 红米, Num: 71
PhoneType: 真我, Num: 12
PhoneType: IQOO, Num: 55
PhoneType: 三星, Num: 3
PhoneType: 魅族, Num: 4
PhoneType: 未知Android设备, Num: 39
PhoneType: Vivo, Num: 63
PhoneType: 一加, Num: 24
PhoneType: OPPO, Num: 74
cnt: 1086
=====================================
统计中...
PhoneType: 未知Android设备, Num: 40
PhoneType: Vivo, Num: 63
PhoneType: 一加, Num: 24
PhoneType: OPPO, Num: 74
PhoneType: 小米, Num: 81
PhoneType: 苹果, Num: 437
PhoneType: 华为, Num: 161
PhoneType: 荣耀, Num: 68
PhoneType: 红米, Num: 71
PhoneType: 真我, Num: 12
PhoneType: IQOO, Num: 56
PhoneType: 三星, Num: 3
PhoneType: 魅族, Num: 5
cnt: 1095
=====================================
统计中...
PhoneType: 一加, Num: 24
PhoneType: OPPO, Num: 75
PhoneType: 小米, Num: 81
PhoneType: 苹果, Num: 439
PhoneType: 华为, Num: 164
PhoneType: 真我, Num: 12
PhoneType: 荣耀, Num: 69
PhoneType: 红米, Num: 71
PhoneType: 魅族, Num: 5
PhoneType: IQOO, Num: 57
PhoneType: 三星, Num: 3
PhoneType: Vivo, Num: 64
PhoneType: 未知Android设备, Num: 40
cnt: 1104
=====================================
统计中...
PhoneType: OPPO, Num: 76
PhoneType: 小米, Num: 81
PhoneType: 苹果, Num: 446
PhoneType: 华为, Num: 164
PhoneType: 荣耀, Num: 70
PhoneType: 红米, Num: 72
PhoneType: 真我, Num: 12
PhoneType: IQOO, Num: 57
PhoneType: 三星, Num: 3
PhoneType: 魅族, Num: 6
PhoneType: 未知Android设备, Num: 40
PhoneType: Vivo, Num: 64
PhoneType: 一加, Num: 24
cnt: 1115
=====================================
统计中...
PhoneType: 小米, Num: 81
PhoneType: 苹果, Num: 452
PhoneType: 华为, Num: 166
PhoneType: 真我, Num: 12
PhoneType: 荣耀, Num: 73
PhoneType: 红米, Num: 72
PhoneType: 三星, Num: 3
PhoneType: 魅族, Num: 6
PhoneType: IQOO, Num: 58
PhoneType: Vivo, Num: 64
PhoneType: 未知Android设备, Num: 40
PhoneType: 一加, Num: 24
PhoneType: OPPO, Num: 77
cnt: 1128
=====================================
统计中...
PhoneType: OPPO, Num: 78
PhoneType: 小米, Num: 81
PhoneType: 苹果, Num: 458
PhoneType: 华为, Num: 166
PhoneType: 荣耀, Num: 74
PhoneType: 红米, Num: 73
PhoneType: 真我, Num: 12
PhoneType: IQOO, Num: 58
PhoneType: 三星, Num: 3
PhoneType: 魅族, Num: 6
PhoneType: 未知Android设备, Num: 40
PhoneType: Vivo, Num: 65
PhoneType: 一加, Num: 25
cnt: 1139
=====================================
统计中...
PhoneType: IQOO, Num: 58
PhoneType: 三星, Num: 3
PhoneType: 魅族, Num: 6
PhoneType: 未知Android设备, Num: 41
PhoneType: Vivo, Num: 65
PhoneType: 一加, Num: 25
PhoneType: OPPO, Num: 78
PhoneType: 小米, Num: 82
PhoneType: 苹果, Num: 466
PhoneType: 华为, Num: 166
PhoneType: 荣耀, Num: 75
PhoneType: 红米, Num: 73
PhoneType: 真我, Num: 13
cnt: 1151
=====================================
统计中...
PhoneType: IQOO, Num: 58
PhoneType: 三星, Num: 3
PhoneType: 魅族, Num: 6
PhoneType: 未知Android设备, Num: 41
PhoneType: Vivo, Num: 66
PhoneType: 一加, Num: 25
PhoneType: OPPO, Num: 79
PhoneType: 小米, Num: 82
PhoneType: 苹果, Num: 472
PhoneType: 华为, Num: 167
PhoneType: 荣耀, Num: 76
PhoneType: 红米, Num: 73
PhoneType: 真我, Num: 13
cnt: 1161
=====================================
统计中...
PhoneType: 一加, Num: 26
PhoneType: OPPO, Num: 79
PhoneType: 小米, Num: 83
PhoneType: 苹果, Num: 473
PhoneType: 华为, Num: 170
PhoneType: 真我, Num: 13
PhoneType: 荣耀, Num: 76
PhoneType: 红米, Num: 74
PhoneType: 魅族, Num: 6
PhoneType: IQOO, Num: 58
PhoneType: 三星, Num: 3
PhoneType: Vivo, Num: 66
PhoneType: 未知Android设备, Num: 41
cnt: 1168
=====================================
统计中...
PhoneType: 未知Android设备, Num: 41
PhoneType: Vivo, Num: 66
PhoneType: 一加, Num: 26
PhoneType: OPPO, Num: 79
PhoneType: 小米, Num: 83
PhoneType: 苹果, Num: 475
PhoneType: 华为, Num: 171
PhoneType: 荣耀, Num: 77
PhoneType: 红米, Num: 75
PhoneType: 真我, Num: 13
PhoneType: IQOO, Num: 58
PhoneType: 三星, Num: 3
PhoneType: 魅族, Num: 6
cnt: 1173
=====================================
统计中...
PhoneType: OPPO, Num: 82
PhoneType: 小米, Num: 84
PhoneType: 苹果, Num: 481
PhoneType: 华为, Num: 173
PhoneType: 荣耀, Num: 77
PhoneType: 红米, Num: 75
PhoneType: 真我, Num: 13
PhoneType: IQOO, Num: 58
PhoneType: 三星, Num: 3
PhoneType: 魅族, Num: 6
PhoneType: 未知Android设备, Num: 41
PhoneType: Vivo, Num: 69
PhoneType: 一加, Num: 26
cnt: 1188
=====================================
统计中...
PhoneType: 苹果, Num: 482
PhoneType: 华为, Num: 174
PhoneType: 真我, Num: 13
PhoneType: 荣耀, Num: 78
PhoneType: 红米, Num: 77
PhoneType: 魅族, Num: 6
PhoneType: IQOO, Num: 58
PhoneType: 三星, Num: 3
PhoneType: Vivo, Num: 71
PhoneType: 未知Android设备, Num: 41
PhoneType: 一加, Num: 26
PhoneType: OPPO, Num: 82
PhoneType: 小米, Num: 85
cnt: 1196
=====================================
统计中...
PhoneType: 荣耀, Num: 79
PhoneType: 红米, Num: 78
PhoneType: 真我, Num: 14
PhoneType: IQOO, Num: 59
PhoneType: 三星, Num: 3
PhoneType: 魅族, Num: 6
PhoneType: 未知Android设备, Num: 41
PhoneType: Vivo, Num: 71
PhoneType: 一加, Num: 26
PhoneType: OPPO, Num: 82
PhoneType: 小米, Num: 85
PhoneType: 苹果, Num: 487
PhoneType: 华为, Num: 175
cnt: 1206
=====================================
统计中...
PhoneType: 一加, Num: 26
PhoneType: OPPO, Num: 82
PhoneType: 小米, Num: 85
PhoneType: 苹果, Num: 490
PhoneType: 华为, Num: 176
PhoneType: 荣耀, Num: 81
PhoneType: 红米, Num: 78
PhoneType: 真我, Num: 14
PhoneType: IQOO, Num: 61
PhoneType: 三星, Num: 4
PhoneType: 魅族, Num: 6
PhoneType: 未知Android设备, Num: 41
PhoneType: Vivo, Num: 71
cnt: 1215
=====================================
统计中...
PhoneType: 未知Android设备, Num: 41
PhoneType: Vivo, Num: 71
PhoneType: 一加, Num: 26
PhoneType: OPPO, Num: 82
PhoneType: 小米, Num: 85
PhoneType: 苹果, Num: 496
PhoneType: 华为, Num: 177
PhoneType: 荣耀, Num: 81
PhoneType: 红米, Num: 79
PhoneType: 真我, Num: 14
PhoneType: IQOO, Num: 62
PhoneType: 三星, Num: 4
PhoneType: 魅族, Num: 7
cnt: 1225
=====================================
统计中...
PhoneType: 真我, Num: 16
PhoneType: 荣耀, Num: 81
PhoneType: 红米, Num: 81
PhoneType: 三星, Num: 4
PhoneType: 魅族, Num: 7
PhoneType: IQOO, Num: 63
PhoneType: Vivo, Num: 73
PhoneType: 未知Android设备, Num: 41
PhoneType: 一加, Num: 26
PhoneType: OPPO, Num: 82
PhoneType: 小米, Num: 87
PhoneType: 苹果, Num: 498
PhoneType: 华为, Num: 178
cnt: 1237
=====================================
统计中...
PhoneType: OPPO, Num: 83
PhoneType: 小米, Num: 88
PhoneType: 苹果, Num: 502
PhoneType: 华为, Num: 179
PhoneType: 荣耀, Num: 82
PhoneType: 红米, Num: 82
PhoneType: 真我, Num: 16
PhoneType: IQOO, Num: 63
PhoneType: 三星, Num: 4
PhoneType: 魅族, Num: 8
PhoneType: 未知Android设备, Num: 41
PhoneType: Vivo, Num: 73
PhoneType: 一加, Num: 26
cnt: 1247
=====================================
统计中...
PhoneType: 一加, Num: 27
PhoneType: OPPO, Num: 84
PhoneType: 小米, Num: 88
PhoneType: 苹果, Num: 506
PhoneType: 华为, Num: 180
PhoneType: 荣耀, Num: 82
PhoneType: 红米, Num: 83
PhoneType: 真我, Num: 16
PhoneType: IQOO, Num: 64
PhoneType: 三星, Num: 4
PhoneType: 魅族, Num: 8
PhoneType: 未知Android设备, Num: 42
PhoneType: Vivo, Num: 75
cnt: 1259
=====================================
统计中...
PhoneType: 一加, Num: 27
PhoneType: OPPO, Num: 85
PhoneType: 小米, Num: 89
PhoneType: 华为, Num: 183
PhoneType: 苹果, Num: 510
PhoneType: 红米, Num: 84
PhoneType: 真我, Num: 16
PhoneType: 荣耀, Num: 83
PhoneType: 三星, Num: 4
PhoneType: 魅族, Num: 8
PhoneType: IQOO, Num: 64
PhoneType: Vivo, Num: 75
PhoneType: 未知Android设备, Num: 43
cnt: 1271
=====================================
统计中...
PhoneType: 荣耀, Num: 85
PhoneType: 红米, Num: 85
PhoneType: 真我, Num: 16
PhoneType: IQOO, Num: 64
PhoneType: 三星, Num: 4
PhoneType: 魅族, Num: 8
PhoneType: 未知Android设备, Num: 43
PhoneType: Vivo, Num: 76
PhoneType: 一加, Num: 27
PhoneType: OPPO, Num: 85
PhoneType: 小米, Num: 90
PhoneType: 苹果, Num: 515
PhoneType: 华为, Num: 185
cnt: 1283
=====================================
统计中...
PhoneType: 真我, Num: 17
PhoneType: 荣耀, Num: 86
PhoneType: 红米, Num: 86
PhoneType: 三星, Num: 4
PhoneType: 魅族, Num: 8
PhoneType: IQOO, Num: 65
PhoneType: Vivo, Num: 76
PhoneType: 未知Android设备, Num: 44
PhoneType: 一加, Num: 27
PhoneType: OPPO, Num: 86
PhoneType: 小米, Num: 90
PhoneType: 苹果, Num: 518
PhoneType: 华为, Num: 187
cnt: 1294
=====================================
统计中...
PhoneType: 苹果, Num: 519
PhoneType: 华为, Num: 192
PhoneType: 荣耀, Num: 88
PhoneType: 红米, Num: 87
PhoneType: 真我, Num: 17
PhoneType: IQOO, Num: 66
PhoneType: 三星, Num: 4
PhoneType: 魅族, Num: 8
PhoneType: 未知Android设备, Num: 44
PhoneType: Vivo, Num: 77
PhoneType: 一加, Num: 27
PhoneType: OPPO, Num: 87
PhoneType: 小米, Num: 90
cnt: 1306
=====================================
统计中...
PhoneType: 三星, Num: 4
PhoneType: 魅族, Num: 8
PhoneType: OPPO, Num: 87
PhoneType: 小米, Num: 92
PhoneType: 红米, Num: 87
PhoneType: IQOO, Num: 66
PhoneType: 未知Android设备, Num: 45
PhoneType: Vivo, Num: 79
PhoneType: 一加, Num: 27
PhoneType: 苹果, Num: 523
PhoneType: 华为, Num: 194
PhoneType: 荣耀, Num: 89
PhoneType: 真我, Num: 17
cnt: 1318
=====================================
统计中...
PhoneType: 小米, Num: 92
PhoneType: 红米, Num: 87
PhoneType: IQOO, Num: 67
PhoneType: 未知Android设备, Num: 45
PhoneType: Vivo, Num: 81
PhoneType: 一加, Num: 27
PhoneType: 苹果, Num: 529
PhoneType: 华为, Num: 195
PhoneType: 荣耀, Num: 89
PhoneType: 真我, Num: 17
PhoneType: 三星, Num: 4
PhoneType: 魅族, Num: 8
PhoneType: OPPO, Num: 87
cnt: 1328
=====================================
统计中...
PhoneType: 未知Android设备, Num: 46
PhoneType: Vivo, Num: 81
PhoneType: 一加, Num: 27
PhoneType: 苹果, Num: 533
PhoneType: 华为, Num: 195
PhoneType: 荣耀, Num: 90
PhoneType: 真我, Num: 17
PhoneType: 三星, Num: 4
PhoneType: 魅族, Num: 8
PhoneType: OPPO, Num: 88
PhoneType: 小米, Num: 94
PhoneType: 红米, Num: 89
PhoneType: IQOO, Num: 67
cnt: 1339
=====================================
统计中...
PhoneType: OPPO, Num: 89
PhoneType: 小米, Num: 96
PhoneType: 红米, Num: 89
PhoneType: IQOO, Num: 67
PhoneType: 未知Android设备, Num: 46
PhoneType: Vivo, Num: 82
PhoneType: 一加, Num: 27
PhoneType: 苹果, Num: 534
PhoneType: 华为, Num: 195
PhoneType: 荣耀, Num: 93
PhoneType: 真我, Num: 17
PhoneType: 三星, Num: 4
PhoneType: 魅族, Num: 8
cnt: 1347
=====================================
统计中...
PhoneType: OPPO, Num: 92
PhoneType: 小米, Num: 97
PhoneType: 红米, Num: 90
PhoneType: IQOO, Num: 67
PhoneType: 未知Android设备, Num: 46
PhoneType: Vivo, Num: 83
PhoneType: 一加, Num: 27
PhoneType: 苹果, Num: 538
PhoneType: 华为, Num: 195
PhoneType: 荣耀, Num: 93
PhoneType: 真我, Num: 17
PhoneType: 三星, Num: 4
PhoneType: 魅族, Num: 8
cnt: 1357
=====================================
统计中...
PhoneType: 红米, Num: 90
PhoneType: IQOO, Num: 67
PhoneType: 未知Android设备, Num: 46
PhoneType: Vivo, Num: 83
PhoneType: 一加, Num: 29
PhoneType: 苹果, Num: 541
PhoneType: 华为, Num: 198
PhoneType: 荣耀, Num: 94
PhoneType: 真我, Num: 17
PhoneType: 三星, Num: 4
PhoneType: 魅族, Num: 8
PhoneType: OPPO, Num: 92
PhoneType: 小米, Num: 98
cnt: 1367
=====================================
统计中...
PhoneType: 一加, Num: 29
PhoneType: 苹果, Num: 543
PhoneType: 华为, Num: 200
PhoneType: 荣耀, Num: 96
PhoneType: 真我, Num: 17
PhoneType: 三星, Num: 4
PhoneType: 魅族, Num: 8
PhoneType: OPPO, Num: 92
PhoneType: 小米, Num: 99
PhoneType: 红米, Num: 90
PhoneType: IQOO, Num: 68
PhoneType: 未知Android设备, Num: 46
PhoneType: Vivo, Num: 85
cnt: 1377
=====================================
统计中...
PhoneType: 红米, Num: 91
PhoneType: IQOO, Num: 69
PhoneType: Vivo, Num: 86
PhoneType: 未知Android设备, Num: 46
PhoneType: 一加, Num: 29
PhoneType: 华为, Num: 202
PhoneType: 苹果, Num: 543
PhoneType: 真我, Num: 17
PhoneType: 荣耀, Num: 96
PhoneType: 魅族, Num: 8
PhoneType: 三星, Num: 4
PhoneType: OPPO, Num: 92
PhoneType: 小米, Num: 99
cnt: 1382
=====================================
统计中...
PhoneType: OPPO, Num: 92
PhoneType: 小米, Num: 99
PhoneType: 红米, Num: 92
PhoneType: IQOO, Num: 69
PhoneType: 未知Android设备, Num: 46
PhoneType: Vivo, Num: 88
PhoneType: 一加, Num: 29
PhoneType: 苹果, Num: 549
PhoneType: 华为, Num: 204
PhoneType: 荣耀, Num: 96
PhoneType: 真我, Num: 17
PhoneType: 三星, Num: 4
PhoneType: 魅族, Num: 8
cnt: 1393
=====================================
统计中...
PhoneType: OPPO, Num: 93
PhoneType: 小米, Num: 99
PhoneType: 红米, Num: 92
PhoneType: IQOO, Num: 69
PhoneType: Vivo, Num: 88
PhoneType: 未知Android设备, Num: 48
PhoneType: 一加, Num: 29
PhoneType: 华为, Num: 207
PhoneType: 苹果, Num: 552
PhoneType: 真我, Num: 18
PhoneType: 荣耀, Num: 96
PhoneType: 魅族, Num: 9
PhoneType: 三星, Num: 4
cnt: 1404
=====================================
统计中...
PhoneType: 荣耀, Num: 97
PhoneType: 真我, Num: 18
PhoneType: 三星, Num: 4
PhoneType: 魅族, Num: 9
PhoneType: OPPO, Num: 93
PhoneType: 小米, Num: 101
PhoneType: 红米, Num: 93
PhoneType: IQOO, Num: 69
PhoneType: 未知Android设备, Num: 48
PhoneType: Vivo, Num: 88
PhoneType: 一加, Num: 29
PhoneType: 苹果, Num: 562
PhoneType: 华为, Num: 207
cnt: 1418
=====================================
统计中...
PhoneType: 三星, Num: 4
PhoneType: 魅族, Num: 9
PhoneType: OPPO, Num: 93
PhoneType: 小米, Num: 102
PhoneType: 红米, Num: 94
PhoneType: IQOO, Num: 69
PhoneType: 未知Android设备, Num: 49
PhoneType: Vivo, Num: 88
PhoneType: 一加, Num: 29
PhoneType: 苹果, Num: 566
PhoneType: 华为, Num: 210
PhoneType: 荣耀, Num: 98
PhoneType: 真我, Num: 18
cnt: 1429
=====================================
统计中...
PhoneType: 红米, Num: 95
PhoneType: IQOO, Num: 69
PhoneType: 未知Android设备, Num: 49
PhoneType: Vivo, Num: 89
PhoneType: 一加, Num: 29
PhoneType: 苹果, Num: 569
PhoneType: 华为, Num: 212
PhoneType: 荣耀, Num: 98
PhoneType: 真我, Num: 18
PhoneType: 三星, Num: 5
PhoneType: 魅族, Num: 9
PhoneType: OPPO, Num: 94
PhoneType: 小米, Num: 102
cnt: 1438
=====================================
统计中...
PhoneType: 三星, Num: 5
PhoneType: 魅族, Num: 9
PhoneType: OPPO, Num: 95
PhoneType: 小米, Num: 102
PhoneType: 红米, Num: 96
PhoneType: IQOO, Num: 69
PhoneType: 未知Android设备, Num: 49
PhoneType: Vivo, Num: 90
PhoneType: 一加, Num: 29
PhoneType: 苹果, Num: 571
PhoneType: 华为, Num: 212
PhoneType: 荣耀, Num: 98
PhoneType: 真我, Num: 19
cnt: 1444
=====================================
统计中...
PhoneType: OPPO, Num: 95
PhoneType: 小米, Num: 103
PhoneType: 红米, Num: 96
PhoneType: IQOO, Num: 70
PhoneType: 未知Android设备, Num: 49
PhoneType: Vivo, Num: 90
PhoneType: 一加, Num: 29
PhoneType: 苹果, Num: 577
PhoneType: 华为, Num: 213
PhoneType: 荣耀, Num: 99
PhoneType: 真我, Num: 19
PhoneType: 三星, Num: 5
PhoneType: 魅族, Num: 9
cnt: 1454
=====================================
统计中...
PhoneType: OPPO, Num: 95
PhoneType: 小米, Num: 104
PhoneType: 红米, Num: 96
PhoneType: IQOO, Num: 70
PhoneType: 未知Android设备, Num: 49
PhoneType: Vivo, Num: 92
PhoneType: 一加, Num: 29
PhoneType: 苹果, Num: 580
PhoneType: 华为, Num: 214
PhoneType: 荣耀, Num: 100
PhoneType: 真我, Num: 19
PhoneType: 三星, Num: 5
PhoneType: 魅族, Num: 9
cnt: 1462
=====================================
统计中...
PhoneType: 三星, Num: 5
PhoneType: 魅族, Num: 9
PhoneType: OPPO, Num: 96
PhoneType: 小米, Num: 105
PhoneType: 红米, Num: 97
PhoneType: IQOO, Num: 72
PhoneType: 未知Android设备, Num: 49
PhoneType: Vivo, Num: 93
PhoneType: 一加, Num: 29
PhoneType: 苹果, Num: 582
PhoneType: 华为, Num: 215
PhoneType: 荣耀, Num: 101
PhoneType: 真我, Num: 19
cnt: 1472
=====================================
统计中...
PhoneType: 红米, Num: 97
PhoneType: IQOO, Num: 72
PhoneType: 未知Android设备, Num: 49
PhoneType: Vivo, Num: 93
PhoneType: 一加, Num: 29
PhoneType: 苹果, Num: 586
PhoneType: 华为, Num: 215
PhoneType: 荣耀, Num: 102
PhoneType: 真我, Num: 19
PhoneType: 三星, Num: 5
PhoneType: 魅族, Num: 9
PhoneType: OPPO, Num: 96
PhoneType: 小米, Num: 106
cnt: 1478
=====================================
统计中...
PhoneType: OPPO, Num: 96
PhoneType: 小米, Num: 106
PhoneType: 红米, Num: 97
PhoneType: IQOO, Num: 72
PhoneType: 未知Android设备, Num: 50
PhoneType: Vivo, Num: 93
PhoneType: 一加, Num: 29
PhoneType: 苹果, Num: 590
PhoneType: 华为, Num: 217
PhoneType: 荣耀, Num: 102
PhoneType: 真我, Num: 19
PhoneType: 三星, Num: 5
PhoneType: 魅族, Num: 9
cnt: 1485
=====================================
统计中...
PhoneType: 苹果, Num: 595
PhoneType: 华为, Num: 219
PhoneType: 荣耀, Num: 102
PhoneType: 真我, Num: 19
PhoneType: 三星, Num: 5
PhoneType: 魅族, Num: 9
PhoneType: OPPO, Num: 96
PhoneType: 小米, Num: 106
PhoneType: 红米, Num: 98
PhoneType: IQOO, Num: 73
PhoneType: 未知Android设备, Num: 50
PhoneType: Vivo, Num: 93
PhoneType: 一加, Num: 29
cnt: 1494
=====================================
统计中...
PhoneType: 一加, Num: 29
PhoneType: 苹果, Num: 598
PhoneType: 华为, Num: 220
PhoneType: 荣耀, Num: 102
PhoneType: 真我, Num: 19
PhoneType: 三星, Num: 5
PhoneType: 魅族, Num: 9
PhoneType: OPPO, Num: 96
PhoneType: 小米, Num: 106
PhoneType: 红米, Num: 99
PhoneType: IQOO, Num: 73
PhoneType: 未知Android设备, Num: 51
PhoneType: Vivo, Num: 93
cnt: 1500
=====================================
统计中...
PhoneType: 一加, Num: 29
PhoneType: 华为, Num: 220
PhoneType: 苹果, Num: 599
PhoneType: 真我, Num: 19
PhoneType: 荣耀, Num: 105
PhoneType: 魅族, Num: 9
PhoneType: 三星, Num: 5
PhoneType: OPPO, Num: 97
PhoneType: 小米, Num: 107
PhoneType: 红米, Num: 99
PhoneType: IQOO, Num: 75
PhoneType: Vivo, Num: 93
PhoneType: 未知Android设备, Num: 51
cnt: 1508
=====================================
统计中...
PhoneType: 一加, Num: 29
PhoneType: 华为, Num: 222
PhoneType: 苹果, Num: 603
PhoneType: 真我, Num: 19
PhoneType: 荣耀, Num: 105
PhoneType: 魅族, Num: 9
PhoneType: 三星, Num: 5
PhoneType: OPPO, Num: 98
PhoneType: 小米, Num: 108
PhoneType: 红米, Num: 100
PhoneType: IQOO, Num: 77
PhoneType: Vivo, Num: 93
PhoneType: 未知Android设备, Num: 51
cnt: 1519
=====================================
统计中...
PhoneType: 红米, Num: 102
PhoneType: IQOO, Num: 77
PhoneType: 未知Android设备, Num: 51
PhoneType: Vivo, Num: 94
PhoneType: 一加, Num: 29
PhoneType: 苹果, Num: 604
PhoneType: 华为, Num: 222
PhoneType: 荣耀, Num: 105
PhoneType: 真我, Num: 20
PhoneType: 三星, Num: 5
PhoneType: 魅族, Num: 9
PhoneType: OPPO, Num: 98
PhoneType: 小米, Num: 110
cnt: 1526
=====================================
统计中...
PhoneType: OPPO, Num: 100
PhoneType: 小米, Num: 110
PhoneType: 红米, Num: 102
PhoneType: IQOO, Num: 78
PhoneType: 未知Android设备, Num: 51
PhoneType: Vivo, Num: 94
PhoneType: 一加, Num: 29
PhoneType: 苹果, Num: 609
PhoneType: 华为, Num: 223
PhoneType: 荣耀, Num: 105
PhoneType: 真我, Num: 20
PhoneType: 三星, Num: 5
PhoneType: 魅族, Num: 9
cnt: 1535
=====================================
统计中...
PhoneType: 一加, Num: 29
PhoneType: 苹果, Num: 610
PhoneType: 华为, Num: 226
PhoneType: 荣耀, Num: 106
PhoneType: 真我, Num: 20
PhoneType: 三星, Num: 5
PhoneType: 魅族, Num: 9
PhoneType: OPPO, Num: 100
PhoneType: 小米, Num: 111
PhoneType: 红米, Num: 102
PhoneType: IQOO, Num: 78
PhoneType: Vivo, Num: 95
PhoneType: 未知Android设备, Num: 51
cnt: 1542
=====================================
统计中...
PhoneType: 一加, Num: 29
PhoneType: 苹果, Num: 613
PhoneType: 华为, Num: 228
PhoneType: 荣耀, Num: 106
PhoneType: 真我, Num: 21
PhoneType: 三星, Num: 6
PhoneType: 魅族, Num: 9
PhoneType: OPPO, Num: 101
PhoneType: 小米, Num: 112
PhoneType: 红米, Num: 103
PhoneType: IQOO, Num: 78
PhoneType: 未知Android设备, Num: 51
PhoneType: Vivo, Num: 95
cnt: 1552
=====================================
统计中...
PhoneType: 华为, Num: 230
PhoneType: 苹果, Num: 613
PhoneType: 真我, Num: 22
PhoneType: 荣耀, Num: 106
PhoneType: 魅族, Num: 9
PhoneType: 三星, Num: 7
PhoneType: OPPO, Num: 101
PhoneType: 小米, Num: 113
PhoneType: 红米, Num: 103
PhoneType: IQOO, Num: 78
PhoneType: Vivo, Num: 96
PhoneType: 未知Android设备, Num: 51
PhoneType: 一加, Num: 29
cnt: 1558
=====================================
统计中...
PhoneType: 一加, Num: 29
PhoneType: 苹果, Num: 620
PhoneType: 华为, Num: 231
PhoneType: 荣耀, Num: 106
PhoneType: 真我, Num: 22
PhoneType: 三星, Num: 8
PhoneType: 魅族, Num: 9
PhoneType: OPPO, Num: 101
PhoneType: 小米, Num: 114
PhoneType: 红米, Num: 104
PhoneType: IQOO, Num: 78
PhoneType: 未知Android设备, Num: 51
PhoneType: Vivo, Num: 96
cnt: 1569
=====================================
统计中...
PhoneType: 红米, Num: 105
PhoneType: IQOO, Num: 78
PhoneType: 未知Android设备, Num: 51
PhoneType: Vivo, Num: 96
PhoneType: 一加, Num: 29
PhoneType: 苹果, Num: 620
PhoneType: 华为, Num: 231
PhoneType: 荣耀, Num: 109
PhoneType: 真我, Num: 22
PhoneType: 三星, Num: 8
PhoneType: 魅族, Num: 9
PhoneType: OPPO, Num: 102
PhoneType: 小米, Num: 114
cnt: 1574
=====================================
统计中...
PhoneType: OPPO, Num: 102
PhoneType: 小米, Num: 114
PhoneType: 红米, Num: 105
PhoneType: IQOO, Num: 79
PhoneType: 未知Android设备, Num: 51
PhoneType: Vivo, Num: 96
PhoneType: 一加, Num: 29
PhoneType: 苹果, Num: 628
PhoneType: 华为, Num: 232
PhoneType: 荣耀, Num: 109
PhoneType: 真我, Num: 22
PhoneType: 三星, Num: 8
PhoneType: 魅族, Num: 9
cnt: 1584
=====================================
统计中...
PhoneType: 红米, Num: 105
PhoneType: IQOO, Num: 79
PhoneType: 未知Android设备, Num: 51
PhoneType: Vivo, Num: 97
PhoneType: 一加, Num: 30
PhoneType: 苹果, Num: 631
PhoneType: 华为, Num: 234
PhoneType: 荣耀, Num: 109
PhoneType: 真我, Num: 22
PhoneType: 三星, Num: 8
PhoneType: 魅族, Num: 9
PhoneType: OPPO, Num: 102
PhoneType: 小米, Num: 115
cnt: 1592
=====================================
统计中...
PhoneType: 一加, Num: 30
PhoneType: 苹果, Num: 633
PhoneType: 华为, Num: 235
PhoneType: 荣耀, Num: 109
PhoneType: 真我, Num: 22
PhoneType: 三星, Num: 8
PhoneType: 魅族, Num: 9
PhoneType: OPPO, Num: 103
PhoneType: 小米, Num: 117
PhoneType: 红米, Num: 106
PhoneType: IQOO, Num: 79
PhoneType: 未知Android设备, Num: 51
PhoneType: Vivo, Num: 100
cnt: 1602
=====================================
统计中...
PhoneType: OPPO, Num: 103
PhoneType: 小米, Num: 117
PhoneType: 红米, Num: 106
PhoneType: IQOO, Num: 79
PhoneType: 未知Android设备, Num: 51
PhoneType: Vivo, Num: 101
PhoneType: 一加, Num: 32
PhoneType: 苹果, Num: 636
PhoneType: 华为, Num: 237
PhoneType: 荣耀, Num: 109
PhoneType: 真我, Num: 22
PhoneType: 三星, Num: 8
PhoneType: 魅族, Num: 9
cnt: 1610
=====================================
统计中...
PhoneType: 苹果, Num: 641
PhoneType: 华为, Num: 238
PhoneType: 荣耀, Num: 110
PhoneType: 真我, Num: 22
PhoneType: 三星, Num: 8
PhoneType: 魅族, Num: 9
PhoneType: OPPO, Num: 104
PhoneType: 小米, Num: 118
PhoneType: 红米, Num: 106
PhoneType: IQOO, Num: 80
PhoneType: Vivo, Num: 102
PhoneType: 未知Android设备, Num: 52
PhoneType: 一加, Num: 32
cnt: 1622
=====================================
统计中...
PhoneType: 一加, Num: 33
PhoneType: 苹果, Num: 642
PhoneType: 华为, Num: 238
PhoneType: 荣耀, Num: 110
PhoneType: 真我, Num: 22
PhoneType: 三星, Num: 8
PhoneType: 魅族, Num: 9
PhoneType: OPPO, Num: 104
PhoneType: 小米, Num: 119
PhoneType: 红米, Num: 106
PhoneType: IQOO, Num: 80
PhoneType: 未知Android设备, Num: 52
PhoneType: Vivo, Num: 102
cnt: 1625
=====================================
统计中...
PhoneType: OPPO, Num: 105
PhoneType: 小米, Num: 120
PhoneType: 红米, Num: 106
PhoneType: IQOO, Num: 81
PhoneType: 未知Android设备, Num: 53
PhoneType: Vivo, Num: 104
PhoneType: 一加, Num: 33
PhoneType: 苹果, Num: 642
PhoneType: 华为, Num: 238
PhoneType: 荣耀, Num: 111
PhoneType: 真我, Num: 22
PhoneType: 三星, Num: 8
PhoneType: 魅族, Num: 9
cnt: 1632
=====================================
统计中...
PhoneType: OPPO, Num: 107
PhoneType: 小米, Num: 120
PhoneType: 红米, Num: 106
PhoneType: IQOO, Num: 81
PhoneType: 未知Android设备, Num: 54
PhoneType: Vivo, Num: 104
PhoneType: 一加, Num: 33
PhoneType: 苹果, Num: 643
PhoneType: 华为, Num: 238
PhoneType: 荣耀, Num: 113
PhoneType: 真我, Num: 22
PhoneType: 三星, Num: 8
PhoneType: 魅族, Num: 9
cnt: 1638
=====================================
统计中...
PhoneType: OPPO, Num: 107
PhoneType: 小米, Num: 120
PhoneType: 红米, Num: 107
PhoneType: IQOO, Num: 82
PhoneType: 未知Android设备, Num: 55
PhoneType: Vivo, Num: 107
PhoneType: 一加, Num: 33
PhoneType: 苹果, Num: 648
PhoneType: 华为, Num: 240
PhoneType: 荣耀, Num: 114
PhoneType: 真我, Num: 22
PhoneType: 三星, Num: 8
PhoneType: 魅族, Num: 9
cnt: 1652
=====================================
统计中...
PhoneType: OPPO, Num: 107
PhoneType: 小米, Num: 120
PhoneType: 红米, Num: 108
PhoneType: IQOO, Num: 82
PhoneType: 未知Android设备, Num: 56
PhoneType: Vivo, Num: 107
PhoneType: 一加, Num: 33
PhoneType: 苹果, Num: 651
PhoneType: 华为, Num: 242
PhoneType: 荣耀, Num: 115
PhoneType: 真我, Num: 22
PhoneType: 三星, Num: 8
PhoneType: 魅族, Num: 9
cnt: 1660
=====================================
统计中...
PhoneType: 苹果, Num: 655
PhoneType: 华为, Num: 245
PhoneType: 荣耀, Num: 116
PhoneType: 真我, Num: 22
PhoneType: 三星, Num: 8
PhoneType: 魅族, Num: 9
PhoneType: OPPO, Num: 107
PhoneType: 小米, Num: 121
PhoneType: 红米, Num: 108
PhoneType: IQOO, Num: 83
PhoneType: 未知Android设备, Num: 56
PhoneType: Vivo, Num: 107
PhoneType: 一加, Num: 33
cnt: 1670
=====================================
统计中...
PhoneType: 红米, Num: 108
PhoneType: IQOO, Num: 83
PhoneType: Vivo, Num: 108
PhoneType: 未知Android设备, Num: 56
PhoneType: 一加, Num: 33
PhoneType: 苹果, Num: 660
PhoneType: 华为, Num: 245
PhoneType: 荣耀, Num: 117
PhoneType: 真我, Num: 22
PhoneType: 三星, Num: 8
PhoneType: 魅族, Num: 9
PhoneType: OPPO, Num: 108
PhoneType: 小米, Num: 121
cnt: 1678
=====================================
统计中...
PhoneType: OPPO, Num: 109
PhoneType: 小米, Num: 123
PhoneType: 红米, Num: 108
PhoneType: IQOO, Num: 83
PhoneType: 未知Android设备, Num: 56
PhoneType: Vivo, Num: 108
PhoneType: 一加, Num: 33
PhoneType: 苹果, Num: 665
PhoneType: 华为, Num: 246
PhoneType: 荣耀, Num: 118
PhoneType: 真我, Num: 22
PhoneType: 三星, Num: 8
PhoneType: 魅族, Num: 9
cnt: 1688
=====================================
统计中...
PhoneType: 红米, Num: 108
PhoneType: IQOO, Num: 85
PhoneType: 未知Android设备, Num: 58
PhoneType: Vivo, Num: 109
PhoneType: 一加, Num: 33
PhoneType: 苹果, Num: 669
PhoneType: 华为, Num: 247
PhoneType: 荣耀, Num: 118
PhoneType: 真我, Num: 22
PhoneType: 三星, Num: 8
PhoneType: 魅族, Num: 9
PhoneType: OPPO, Num: 110
PhoneType: 小米, Num: 124
cnt: 1700
=====================================
统计中...
PhoneType: IQOO, Num: 85
PhoneType: 未知Android设备, Num: 58
PhoneType: Vivo, Num: 110
PhoneType: 一加, Num: 33
PhoneType: 苹果, Num: 670
PhoneType: 华为, Num: 247
PhoneType: 荣耀, Num: 119
PhoneType: 真我, Num: 22
PhoneType: 三星, Num: 8
PhoneType: 魅族, Num: 9
PhoneType: OPPO, Num: 110
PhoneType: 小米, Num: 124
PhoneType: 红米, Num: 108
cnt: 1703
=====================================
统计中...
PhoneType: 一加, Num: 33
PhoneType: 苹果, Num: 673
PhoneType: 华为, Num: 248
PhoneType: 荣耀, Num: 119
PhoneType: 真我, Num: 22
PhoneType: 三星, Num: 9
PhoneType: 魅族, Num: 9
PhoneType: OPPO, Num: 111
PhoneType: 小米, Num: 127
PhoneType: 红米, Num: 109
PhoneType: IQOO, Num: 85
PhoneType: 未知Android设备, Num: 58
PhoneType: Vivo, Num: 110
cnt: 1713
=====================================
统计中...
PhoneType: 荣耀, Num: 119
PhoneType: 真我, Num: 22
PhoneType: 三星, Num: 9
PhoneType: 魅族, Num: 9
PhoneType: OPPO, Num: 112
PhoneType: 小米, Num: 128
PhoneType: 红米, Num: 110
PhoneType: IQOO, Num: 86
PhoneType: 未知Android设备, Num: 59
PhoneType: Vivo, Num: 110
PhoneType: 一加, Num: 33
PhoneType: 苹果, Num: 675
PhoneType: 华为, Num: 250
cnt: 1722
=====================================
统计中...
PhoneType: OPPO, Num: 112
PhoneType: 小米, Num: 129
PhoneType: 红米, Num: 110
PhoneType: IQOO, Num: 86
PhoneType: 未知Android设备, Num: 59
PhoneType: Vivo, Num: 110
PhoneType: 一加, Num: 33
PhoneType: 苹果, Num: 680
PhoneType: 华为, Num: 250
PhoneType: 荣耀, Num: 119
PhoneType: 真我, Num: 22
PhoneType: 三星, Num: 9
PhoneType: 魅族, Num: 9
cnt: 1728
=====================================
统计中...
PhoneType: OPPO, Num: 112
PhoneType: 小米, Num: 129
PhoneType: 红米, Num: 110
PhoneType: IQOO, Num: 86
PhoneType: 未知Android设备, Num: 59
PhoneType: Vivo, Num: 111
PhoneType: 一加, Num: 33
PhoneType: 苹果, Num: 682
PhoneType: 华为, Num: 250
PhoneType: 荣耀, Num: 121
PhoneType: 真我, Num: 22
PhoneType: 三星, Num: 9
PhoneType: 魅族, Num: 9
cnt: 1733
=====================================
统计中...
PhoneType: OPPO, Num: 112
PhoneType: 小米, Num: 129
PhoneType: 红米, Num: 111
PhoneType: IQOO, Num: 86
PhoneType: 未知Android设备, Num: 59
PhoneType: Vivo, Num: 112
PhoneType: 一加, Num: 33
PhoneType: 苹果, Num: 687
PhoneType: 华为, Num: 250
PhoneType: 荣耀, Num: 122
PhoneType: 真我, Num: 22
PhoneType: 三星, Num: 9
PhoneType: 魅族, Num: 9
cnt: 1741
=====================================
统计中...
PhoneType: 华为, Num: 250
PhoneType: 苹果, Num: 695
PhoneType: 真我, Num: 22
PhoneType: 荣耀, Num: 123
PhoneType: 魅族, Num: 9
PhoneType: 三星, Num: 9
PhoneType: OPPO, Num: 112
PhoneType: 小米, Num: 130
PhoneType: 红米, Num: 112
PhoneType: IQOO, Num: 87
PhoneType: Vivo, Num: 113
PhoneType: 未知Android设备, Num: 59
PhoneType: 一加, Num: 33
cnt: 1754
=====================================
统计中...
PhoneType: 苹果, Num: 697
PhoneType: 华为, Num: 250
PhoneType: 荣耀, Num: 123
PhoneType: 真我, Num: 22
PhoneType: 三星, Num: 9
PhoneType: 魅族, Num: 9
PhoneType: OPPO, Num: 112
PhoneType: 小米, Num: 131
PhoneType: 红米, Num: 112
PhoneType: IQOO, Num: 87
PhoneType: 未知Android设备, Num: 59
PhoneType: Vivo, Num: 113
PhoneType: 一加, Num: 33
cnt: 1757
=====================================
统计中...
PhoneType: 苹果, Num: 700
PhoneType: 华为, Num: 251
PhoneType: 荣耀, Num: 123
PhoneType: 真我, Num: 22
PhoneType: 三星, Num: 9
PhoneType: 魅族, Num: 10
PhoneType: OPPO, Num: 112
PhoneType: 小米, Num: 131
PhoneType: 红米, Num: 113
PhoneType: IQOO, Num: 87
PhoneType: 未知Android设备, Num: 59
PhoneType: Vivo, Num: 114
PhoneType: 一加, Num: 33
cnt: 1764
=====================================
统计中...
PhoneType: OPPO, Num: 113
PhoneType: 小米, Num: 131
PhoneType: 红米, Num: 114
PhoneType: IQOO, Num: 87
PhoneType: 未知Android设备, Num: 59
PhoneType: Vivo, Num: 114
PhoneType: 一加, Num: 34
PhoneType: 苹果, Num: 704
PhoneType: 华为, Num: 251
PhoneType: 荣耀, Num: 125
PhoneType: 真我, Num: 22
PhoneType: 三星, Num: 9
PhoneType: 魅族, Num: 10
cnt: 1773
=====================================
统计中...
PhoneType: 苹果, Num: 708
PhoneType: 华为, Num: 251
PhoneType: 荣耀, Num: 125
PhoneType: 真我, Num: 22
PhoneType: 三星, Num: 9
PhoneType: 魅族, Num: 10
PhoneType: OPPO, Num: 113
PhoneType: 小米, Num: 131
PhoneType: 红米, Num: 114
PhoneType: IQOO, Num: 88
PhoneType: Vivo, Num: 116
PhoneType: 未知Android设备, Num: 59
PhoneType: 一加, Num: 34
cnt: 1780
=====================================
统计中...
PhoneType: 红米, Num: 115
PhoneType: IQOO, Num: 88
PhoneType: 未知Android设备, Num: 59
PhoneType: Vivo, Num: 116
PhoneType: 一加, Num: 34
PhoneType: 苹果, Num: 711
PhoneType: 华为, Num: 252
PhoneType: 荣耀, Num: 126
PhoneType: 真我, Num: 22
PhoneType: 三星, Num: 9
PhoneType: 魅族, Num: 10
PhoneType: OPPO, Num: 114
PhoneType: 小米, Num: 132
cnt: 1788
=====================================
统计中...
PhoneType: 苹果, Num: 719
PhoneType: 华为, Num: 254
PhoneType: 荣耀, Num: 126
PhoneType: 真我, Num: 22
PhoneType: 三星, Num: 9
PhoneType: 魅族, Num: 10
PhoneType: OPPO, Num: 114
PhoneType: 小米, Num: 133
PhoneType: 红米, Num: 116
PhoneType: IQOO, Num: 88
PhoneType: 未知Android设备, Num: 59
PhoneType: Vivo, Num: 116
PhoneType: 一加, Num: 34
cnt: 1800
=====================================
统计中...
PhoneType: OPPO, Num: 114
PhoneType: 小米, Num: 133
PhoneType: 红米, Num: 117
PhoneType: IQOO, Num: 88
PhoneType: Vivo, Num: 117
PhoneType: 未知Android设备, Num: 59
PhoneType: 一加, Num: 34
PhoneType: 华为, Num: 255
PhoneType: 苹果, Num: 723
PhoneType: 真我, Num: 22
PhoneType: 荣耀, Num: 126
PhoneType: 魅族, Num: 10
PhoneType: 三星, Num: 9
cnt: 1807
=====================================
统计中...
PhoneType: OPPO, Num: 114
PhoneType: 小米, Num: 133
PhoneType: 红米, Num: 117
PhoneType: IQOO, Num: 88
PhoneType: 未知Android设备, Num: 59
PhoneType: Vivo, Num: 117
PhoneType: 一加, Num: 35
PhoneType: 苹果, Num: 728
PhoneType: 华为, Num: 256
PhoneType: 荣耀, Num: 126
PhoneType: 真我, Num: 22
PhoneType: 三星, Num: 9
PhoneType: 魅族, Num: 10
cnt: 1814
=====================================
统计中...
PhoneType: OPPO, Num: 114
PhoneType: 小米, Num: 134
PhoneType: 红米, Num: 118
PhoneType: IQOO, Num: 88
PhoneType: 未知Android设备, Num: 61
PhoneType: Vivo, Num: 117
PhoneType: 一加, Num: 35
PhoneType: 苹果, Num: 734
PhoneType: 华为, Num: 258
PhoneType: 荣耀, Num: 126
PhoneType: 真我, Num: 22
PhoneType: 三星, Num: 9
PhoneType: 魅族, Num: 10
cnt: 1826
=====================================
统计中...
PhoneType: 小米, Num: 135
PhoneType: 红米, Num: 120
PhoneType: IQOO, Num: 88
PhoneType: 未知Android设备, Num: 61
PhoneType: Vivo, Num: 118
PhoneType: 一加, Num: 36
PhoneType: 苹果, Num: 736
PhoneType: 华为, Num: 259
PhoneType: 荣耀, Num: 127
PhoneType: 真我, Num: 22
PhoneType: 三星, Num: 9
PhoneType: 魅族, Num: 10
PhoneType: OPPO, Num: 114
cnt: 1835
=====================================
统计中...
PhoneType: 三星, Num: 9
PhoneType: 魅族, Num: 11
PhoneType: OPPO, Num: 114
PhoneType: 小米, Num: 136
PhoneType: 红米, Num: 121
PhoneType: IQOO, Num: 89
PhoneType: 未知Android设备, Num: 61
PhoneType: Vivo, Num: 119
PhoneType: 一加, Num: 36
PhoneType: 苹果, Num: 739
PhoneType: 华为, Num: 259
PhoneType: 荣耀, Num: 127
PhoneType: 真我, Num: 22
cnt: 1843
=====================================
统计中...
PhoneType: 小米, Num: 136
PhoneType: 红米, Num: 121
PhoneType: IQOO, Num: 90
PhoneType: 未知Android设备, Num: 61
PhoneType: Vivo, Num: 119
PhoneType: 一加, Num: 36
PhoneType: 苹果, Num: 743
PhoneType: 华为, Num: 259
PhoneType: 荣耀, Num: 128
PhoneType: 真我, Num: 23
PhoneType: 三星, Num: 10
PhoneType: 魅族, Num: 11
PhoneType: OPPO, Num: 117
cnt: 1854
=====================================
统计中...
PhoneType: 华为, Num: 261
PhoneType: 苹果, Num: 744
PhoneType: 真我, Num: 23
PhoneType: 荣耀, Num: 128
PhoneType: 魅族, Num: 11
PhoneType: 三星, Num: 10
PhoneType: OPPO, Num: 118
PhoneType: 小米, Num: 137
PhoneType: 红米, Num: 122
PhoneType: IQOO, Num: 91
PhoneType: Vivo, Num: 119
PhoneType: 未知Android设备, Num: 61
PhoneType: 一加, Num: 36
cnt: 1861
=====================================
统计中...
PhoneType: 三星, Num: 10
PhoneType: 魅族, Num: 11
PhoneType: OPPO, Num: 118
PhoneType: 小米, Num: 137
PhoneType: 红米, Num: 122
PhoneType: IQOO, Num: 92
PhoneType: 未知Android设备, Num: 61
PhoneType: Vivo, Num: 119
PhoneType: 一加, Num: 37
PhoneType: 苹果, Num: 746
PhoneType: 华为, Num: 263
PhoneType: 荣耀, Num: 128
PhoneType: 真我, Num: 23
cnt: 1867
=====================================
统计中...
PhoneType: 华为, Num: 263
PhoneType: 苹果, Num: 750
PhoneType: 真我, Num: 23
PhoneType: 荣耀, Num: 128
PhoneType: 魅族, Num: 11
PhoneType: 三星, Num: 10
PhoneType: OPPO, Num: 119
PhoneType: 小米, Num: 137
PhoneType: 红米, Num: 122
PhoneType: IQOO, Num: 92
PhoneType: Vivo, Num: 119
PhoneType: 未知Android设备, Num: 61
PhoneType: 一加, Num: 37
cnt: 1872
=====================================
统计中...
PhoneType: 苹果, Num: 754
PhoneType: 华为, Num: 263
PhoneType: 荣耀, Num: 128
PhoneType: 真我, Num: 23
PhoneType: 三星, Num: 10
PhoneType: 魅族, Num: 11
PhoneType: OPPO, Num: 120
PhoneType: 小米, Num: 137
PhoneType: 红米, Num: 122
PhoneType: IQOO, Num: 92
PhoneType: 未知Android设备, Num: 61
PhoneType: Vivo, Num: 120
PhoneType: 一加, Num: 38
cnt: 1879
=====================================
统计中...
PhoneType: IQOO, Num: 93
PhoneType: Vivo, Num: 120
PhoneType: 未知Android设备, Num: 61
PhoneType: 一加, Num: 39
PhoneType: 华为, Num: 263
PhoneType: 苹果, Num: 760
PhoneType: 真我, Num: 23
PhoneType: 荣耀, Num: 130
PhoneType: 魅族, Num: 11
PhoneType: 三星, Num: 10
PhoneType: OPPO, Num: 121
PhoneType: 小米, Num: 138
PhoneType: 红米, Num: 122
cnt: 1891
=====================================
统计中...
PhoneType: 苹果, Num: 762
PhoneType: 华为, Num: 265
PhoneType: 荣耀, Num: 130
PhoneType: 真我, Num: 23
PhoneType: 三星, Num: 10
PhoneType: 魅族, Num: 11
PhoneType: OPPO, Num: 121
PhoneType: 小米, Num: 139
PhoneType: 红米, Num: 123
PhoneType: IQOO, Num: 93
PhoneType: 未知Android设备, Num: 62
PhoneType: Vivo, Num: 120
PhoneType: 一加, Num: 39
cnt: 1898
=====================================
统计中...
PhoneType: 苹果, Num: 767
PhoneType: 华为, Num: 266
PhoneType: 荣耀, Num: 130
PhoneType: 真我, Num: 23
PhoneType: 三星, Num: 10
PhoneType: 魅族, Num: 11
PhoneType: OPPO, Num: 122
PhoneType: 小米, Num: 139
PhoneType: 红米, Num: 124
PhoneType: IQOO, Num: 94
PhoneType: 未知Android设备, Num: 62
PhoneType: Vivo, Num: 120
PhoneType: 一加, Num: 39
cnt: 1907
=====================================
统计中...
PhoneType: 三星, Num: 10
PhoneType: 魅族, Num: 11
PhoneType: OPPO, Num: 122
PhoneType: 小米, Num: 139
PhoneType: 红米, Num: 125
PhoneType: IQOO, Num: 95
PhoneType: 未知Android设备, Num: 63
PhoneType: Vivo, Num: 120
PhoneType: 一加, Num: 39
PhoneType: 苹果, Num: 768
PhoneType: 华为, Num: 269
PhoneType: 荣耀, Num: 130
PhoneType: 真我, Num: 23
cnt: 1914
=====================================
统计中...
PhoneType: 荣耀, Num: 130
PhoneType: 真我, Num: 24
PhoneType: 三星, Num: 10
PhoneType: 魅族, Num: 11
PhoneType: OPPO, Num: 122
PhoneType: 小米, Num: 140
PhoneType: 红米, Num: 126
PhoneType: IQOO, Num: 95
PhoneType: Vivo, Num: 120
PhoneType: 未知Android设备, Num: 63
PhoneType: 一加, Num: 39
PhoneType: 苹果, Num: 772
PhoneType: 华为, Num: 270
cnt: 1922
=====================================
统计中...
PhoneType: 未知Android设备, Num: 63
PhoneType: Vivo, Num: 121
PhoneType: 一加, Num: 40
PhoneType: 苹果, Num: 774
PhoneType: 华为, Num: 270
PhoneType: 荣耀, Num: 130
PhoneType: 真我, Num: 24
PhoneType: 三星, Num: 10
PhoneType: 魅族, Num: 11
PhoneType: OPPO, Num: 122
PhoneType: 小米, Num: 140
PhoneType: 红米, Num: 126
PhoneType: IQOO, Num: 95
cnt: 1926
=====================================
统计中...
PhoneType: OPPO, Num: 123
PhoneType: 小米, Num: 141
PhoneType: 红米, Num: 126
PhoneType: IQOO, Num: 95
PhoneType: Vivo, Num: 122
PhoneType: 未知Android设备, Num: 64
PhoneType: 一加, Num: 40
PhoneType: 苹果, Num: 778
PhoneType: 华为, Num: 270
PhoneType: 荣耀, Num: 130
PhoneType: 真我, Num: 24
PhoneType: 三星, Num: 10
PhoneType: 魅族, Num: 11
cnt: 1934
=====================================
统计中...
PhoneType: OPPO, Num: 123
PhoneType: 小米, Num: 141
PhoneType: 红米, Num: 126
PhoneType: IQOO, Num: 97
PhoneType: 未知Android设备, Num: 64
PhoneType: Vivo, Num: 123
PhoneType: 一加, Num: 40
PhoneType: 苹果, Num: 785
PhoneType: 华为, Num: 272
PhoneType: 荣耀, Num: 131
PhoneType: 真我, Num: 24
PhoneType: 三星, Num: 10
PhoneType: 魅族, Num: 11
cnt: 1947
=====================================
统计中...
PhoneType: OPPO, Num: 123
PhoneType: 小米, Num: 141
PhoneType: 红米, Num: 126
PhoneType: IQOO, Num: 97
PhoneType: 未知Android设备, Num: 64
PhoneType: Vivo, Num: 124
PhoneType: 一加, Num: 40
PhoneType: 苹果, Num: 789
PhoneType: 华为, Num: 273
PhoneType: 荣耀, Num: 132
PhoneType: 真我, Num: 24
PhoneType: 三星, Num: 10
PhoneType: 魅族, Num: 11
cnt: 1954
=====================================
统计中...
PhoneType: IQOO, Num: 97
PhoneType: 未知Android设备, Num: 64
PhoneType: Vivo, Num: 124
PhoneType: 一加, Num: 40
PhoneType: 苹果, Num: 792
PhoneType: 华为, Num: 278
PhoneType: 荣耀, Num: 132
PhoneType: 真我, Num: 25
PhoneType: 三星, Num: 10
PhoneType: 魅族, Num: 11
PhoneType: OPPO, Num: 123
PhoneType: 小米, Num: 141
PhoneType: 红米, Num: 126
cnt: 1963
=====================================
统计中...
PhoneType: 华为, Num: 279
PhoneType: 苹果, Num: 797
PhoneType: 真我, Num: 26
PhoneType: 荣耀, Num: 132
PhoneType: 魅族, Num: 11
PhoneType: 三星, Num: 10
PhoneType: OPPO, Num: 123
PhoneType: 小米, Num: 141
PhoneType: 红米, Num: 127
PhoneType: IQOO, Num: 98
PhoneType: Vivo, Num: 126
PhoneType: 未知Android设备, Num: 64
PhoneType: 一加, Num: 40
cnt: 1974
=====================================
统计中...
PhoneType: OPPO, Num: 124
PhoneType: 小米, Num: 141
PhoneType: 红米, Num: 128
PhoneType: IQOO, Num: 99
PhoneType: 未知Android设备, Num: 64
PhoneType: Vivo, Num: 126
PhoneType: 一加, Num: 40
PhoneType: 苹果, Num: 802
PhoneType: 华为, Num: 281
PhoneType: 荣耀, Num: 132
PhoneType: 真我, Num: 26
PhoneType: 三星, Num: 10
PhoneType: 魅族, Num: 11
cnt: 1984
=====================================
统计中...
PhoneType: 未知Android设备, Num: 64
PhoneType: Vivo, Num: 126
PhoneType: 一加, Num: 40
PhoneType: 苹果, Num: 802
PhoneType: 华为, Num: 281
PhoneType: 荣耀, Num: 132
PhoneType: 真我, Num: 26
PhoneType: 三星, Num: 10
PhoneType: 魅族, Num: 11
PhoneType: OPPO, Num: 124
PhoneType: 小米, Num: 142
PhoneType: 红米, Num: 128
PhoneType: IQOO, Num: 100
cnt: 1986
=====================================
统计中...
PhoneType: 未知Android设备, Num: 64
PhoneType: Vivo, Num: 127
PhoneType: 一加, Num: 40
PhoneType: 苹果, Num: 807
PhoneType: 华为, Num: 282
PhoneType: 荣耀, Num: 132
PhoneType: 真我, Num: 26
PhoneType: 三星, Num: 10
PhoneType: 魅族, Num: 11
PhoneType: OPPO, Num: 124
PhoneType: 小米, Num: 143
PhoneType: 红米, Num: 128
PhoneType: IQOO, Num: 101
cnt: 1995
=====================================
统计中...
PhoneType: OPPO, Num: 124
PhoneType: 小米, Num: 144
PhoneType: 红米, Num: 128
PhoneType: IQOO, Num: 101
PhoneType: 未知Android设备, Num: 65
PhoneType: Vivo, Num: 127
PhoneType: 一加, Num: 40
PhoneType: 苹果, Num: 811
PhoneType: 华为, Num: 284
PhoneType: 荣耀, Num: 132
PhoneType: 真我, Num: 26
PhoneType: 三星, Num: 10
PhoneType: 魅族, Num: 11
cnt: 2003
=====================================
统计中...
==========================最终统计结果：未知机型============================
PhoneType: WARNING: No blog found, Num: 154
PhoneType: 生日动态, Num: 39
PhoneType: , Num: 15
PhoneType: 微博品牌活动, Num: 12
PhoneType: 微博网页版, Num: 10
PhoneType: 微博游戏, Num: 8
PhoneType: 会员特权专用, Num: 7
PhoneType: 微博轻享版, Num: 7
PhoneType: iPad air, Num: 7
PhoneType: 绿植领养, Num: 5
PhoneType: 墨墨背单词, Num: 3
PhoneType: iPad Pro, Num: 3
PhoneType: <a target="_blank" href="https://t.sina.com.cn" rel="nofollow">微博视频号</a>, Num: 3
PhoneType: 粉丝红包, Num: 3
PhoneType: 扇贝单词英语版, Num: 2
PhoneType: <a target="_blank" href="https://app.weibo.com/t/feed/4GAjzn" rel="nofollow">Note 10 Pro</a>, Num: 2
PhoneType: 微博会员中心, Num: 2
PhoneType: iPad客户端, Num: 2
PhoneType: 微博极速版, Num: 2
PhoneType: 哔哩哔哩移动客户端, Num: 2
PhoneType: 日常记录, Num: 2
PhoneType: 新微博直播互动, Num: 2
PhoneType: 所愿皆成真, Num: 2
PhoneType: <a target="_blank" href="https://app.weibo.com/t/feed/3MaD4x" rel="nofollow">Turbo 3 哈利·波特版</a>, Num: 1
PhoneType: <a target="_blank" href="https://app.weibo.com/t/feed/6ejUix" rel="nofollow">Note 10</a>, Num: 1
PhoneType: 全新的起点, Num: 1
PhoneType: <a target="_blank" href="https://app.weibo.com/t/feed/cmt5C" rel="nofollow">Note 9 Pro 一亿像素</a>, Num: 1
PhoneType: 红包活动, Num: 1
PhoneType: 扇贝阅读, Num: 1
PhoneType: 微博仅供参考, Num: 1
PhoneType: 果汁的被窝, Num: 1
PhoneType: 微博小程序, Num: 1
PhoneType: 麦芒 A20 无畏生长, Num: 1
PhoneType: 网络邻居, Num: 1
PhoneType: B612星球, Num: 1
PhoneType: 陈哲远的小元宝, Num: 1
PhoneType: 微博企划, Num: 1
PhoneType: 粉丝订阅, Num: 1
PhoneType: 月球, Num: 1
PhoneType: 微博积分, Num: 1
PhoneType: 台网互动, Num: 1
PhoneType: 微博 HTML5 版, Num: 1
PhoneType: 联想智能设备, Num: 1
PhoneType: 天气通, Num: 1
PhoneType: 微博群聊, Num: 1
PhoneType: 为你写的情诗, Num: 1
PhoneType: 超话, Num: 1
PhoneType: 微博手机版, Num: 1
PhoneType: 新浪新闻客户端, Num: 1
==========================最终统计结果：已知机型============================
PhoneType: 苹果, Num: 811
PhoneType: 华为, Num: 284
PhoneType: 小米, Num: 144
PhoneType: 荣耀, Num: 132
PhoneType: 红米, Num: 128
PhoneType: Vivo, Num: 127
PhoneType: OPPO, Num: 124
PhoneType: IQOO, Num: 101
PhoneType: 未知Android设备, Num: 65
PhoneType: 一加, Num: 40
PhoneType: 真我, Num: 26
PhoneType: 魅族, Num: 11
PhoneType: 三星, Num: 10
