PhoneType: 苹果, Num: 2
PhoneType: 小米, Num: 4
PhoneType: IQOO, Num: 2
PhoneType: 荣耀, Num: 1
PhoneType: Vivo, Num: 1
PhoneType: 华为, Num: 3
PhoneType: 红米, Num: 1
=====================================
cnt: 14
PhoneType: 红米, Num: 1
PhoneType: 荣耀, Num: 3
PhoneType: 一加, Num: 1
PhoneType: 华为, Num: 5
PhoneType: 苹果, Num: 8
PhoneType: 小米, Num: 5
PhoneType: IQOO, Num: 2
PhoneType: Vivo, Num: 3
=====================================
cnt: 28
PhoneType: 红米, Num: 1
PhoneType: 荣耀, Num: 3
PhoneType: 苹果, Num: 16
PhoneType: 小米, Num: 5
PhoneType: IQOO, Num: 3
PhoneType: Vivo, Num: 3
PhoneType: 一加, Num: 2
PhoneType: OPPO, Num: 1
PhoneType: 华为, Num: 7
=====================================
cnt: 41
PhoneType: IQOO, Num: 5
PhoneType: Vivo, Num: 3
PhoneType: 一加, Num: 2
PhoneType: OPPO, Num: 1
PhoneType: 华为, Num: 9
PhoneType: 苹果, Num: 16
PhoneType: 小米, Num: 6
PhoneType: 红米, Num: 1
PhoneType: 荣耀, Num: 4
=====================================
cnt: 47
PhoneType: Vivo, Num: 4
PhoneType: 一加, Num: 2
PhoneType: OPPO, Num: 1
PhoneType: 华为, Num: 9
PhoneType: 苹果, Num: 23
PhoneType: 小米, Num: 8
PhoneType: IQOO, Num: 5
PhoneType: 红米, Num: 3
PhoneType: 荣耀, Num: 4
=====================================
cnt: 59
PhoneType: 红米, Num: 3
PhoneType: 荣耀, Num: 6
PhoneType: 华为, Num: 11
PhoneType: 苹果, Num: 30
PhoneType: 小米, Num: 8
PhoneType: IQOO, Num: 5
PhoneType: Vivo, Num: 4
PhoneType: 一加, Num: 2
PhoneType: OPPO, Num: 1
=====================================
cnt: 70
PhoneType: 红米, Num: 4
PhoneType: 荣耀, Num: 6
PhoneType: 华为, Num: 15
PhoneType: 苹果, Num: 33
PhoneType: 小米, Num: 9
PhoneType: IQOO, Num: 5
PhoneType: Vivo, Num: 5
PhoneType: 一加, Num: 2
PhoneType: OPPO, Num: 2
=====================================
cnt: 81
PhoneType: 苹果, Num: 35
PhoneType: 小米, Num: 9
PhoneType: IQOO, Num: 6
PhoneType: Vivo, Num: 6
PhoneType: 一加, Num: 2
PhoneType: OPPO, Num: 3
PhoneType: 华为, Num: 15
PhoneType: 红米, Num: 4
PhoneType: 荣耀, Num: 6
=====================================
cnt: 86
PhoneType: 华为, Num: 20
PhoneType: 苹果, Num: 39
PhoneType: 小米, Num: 10
PhoneType: IQOO, Num: 6
PhoneType: Vivo, Num: 8
PhoneType: 一加, Num: 2
PhoneType: OPPO, Num: 3
PhoneType: 荣耀, Num: 9
PhoneType: 红米, Num: 4
=====================================
cnt: 101
PhoneType: 荣耀, Num: 9
PhoneType: 红米, Num: 4
PhoneType: 华为, Num: 21
PhoneType: 苹果, Num: 39
PhoneType: 小米, Num: 10
PhoneType: IQOO, Num: 6
PhoneType: Vivo, Num: 8
PhoneType: 一加, Num: 2
PhoneType: OPPO, Num: 3
=====================================
cnt: 102
PhoneType: IQOO, Num: 6
PhoneType: Vivo, Num: 8
PhoneType: 一加, Num: 2
PhoneType: OPPO, Num: 3
PhoneType: 华为, Num: 21
PhoneType: 苹果, Num: 39
PhoneType: 小米, Num: 10
PhoneType: 红米, Num: 4
PhoneType: 荣耀, Num: 9
=====================================
cnt: 102
PhoneType: 苹果, Num: 44
PhoneType: 小米, Num: 11
PhoneType: IQOO, Num: 7
PhoneType: Vivo, Num: 11
PhoneType: 一加, Num: 2
PhoneType: OPPO, Num: 4
PhoneType: 华为, Num: 21
PhoneType: 三星, Num: 1
PhoneType: 真我, Num: 1
PhoneType: 红米, Num: 4
PhoneType: 荣耀, Num: 9
=====================================
cnt: 115
PhoneType: 真我, Num: 1
PhoneType: 红米, Num: 7
PhoneType: 荣耀, Num: 11
PhoneType: 苹果, Num: 48
PhoneType: 小米, Num: 12
PhoneType: IQOO, Num: 7
PhoneType: Vivo, Num: 13
PhoneType: 一加, Num: 3
PhoneType: OPPO, Num: 6
PhoneType: 华为, Num: 22
PhoneType: 三星, Num: 1
=====================================
cnt: 131
PhoneType: 红米, Num: 9
PhoneType: 荣耀, Num: 12
PhoneType: 真我, Num: 2
PhoneType: OPPO, Num: 7
PhoneType: 华为, Num: 22
PhoneType: 苹果, Num: 50
PhoneType: 小米, Num: 14
PhoneType: IQOO, Num: 9
PhoneType: Vivo, Num: 15
PhoneType: 一加, Num: 3
PhoneType: 三星, Num: 1
=====================================
cnt: 144
PhoneType: 真我, Num: 2
PhoneType: 魅族, Num: 1
PhoneType: 红米, Num: 11
PhoneType: 荣耀, Num: 12
PhoneType: 苹果, Num: 52
PhoneType: 小米, Num: 14
PhoneType: IQOO, Num: 9
PhoneType: Vivo, Num: 16
PhoneType: 一加, Num: 4
PhoneType: OPPO, Num: 8
PhoneType: 华为, Num: 24
PhoneType: 三星, Num: 1
=====================================
cnt: 154
PhoneType: 红米, Num: 13
PhoneType: 荣耀, Num: 15
PhoneType: 真我, Num: 2
PhoneType: 魅族, Num: 1
PhoneType: Vivo, Num: 16
PhoneType: 一加, Num: 5
PhoneType: OPPO, Num: 11
PhoneType: 华为, Num: 27
PhoneType: 苹果, Num: 52
PhoneType: 小米, Num: 18
PhoneType: IQOO, Num: 10
PhoneType: 三星, Num: 1
=====================================
cnt: 171
PhoneType: 红米, Num: 13
PhoneType: 荣耀, Num: 15
PhoneType: 真我, Num: 2
PhoneType: 魅族, Num: 1
PhoneType: IQOO, Num: 11
PhoneType: Vivo, Num: 17
PhoneType: 一加, Num: 6
PhoneType: OPPO, Num: 14
PhoneType: 华为, Num: 28
PhoneType: 苹果, Num: 55
PhoneType: 小米, Num: 19
PhoneType: 三星, Num: 1
=====================================
cnt: 182
PhoneType: 红米, Num: 14
PhoneType: 荣耀, Num: 17
PhoneType: 真我, Num: 2
PhoneType: 魅族, Num: 1
PhoneType: 华为, Num: 30
PhoneType: 苹果, Num: 59
PhoneType: 小米, Num: 19
PhoneType: IQOO, Num: 11
PhoneType: Vivo, Num: 17
PhoneType: 一加, Num: 8
PhoneType: OPPO, Num: 16
PhoneType: 三星, Num: 1
=====================================
cnt: 195
PhoneType: 苹果, Num: 63
PhoneType: 小米, Num: 19
PhoneType: IQOO, Num: 12
PhoneType: Vivo, Num: 20
PhoneType: 一加, Num: 8
PhoneType: OPPO, Num: 16
PhoneType: 华为, Num: 32
PhoneType: 三星, Num: 1
PhoneType: 真我, Num: 2
PhoneType: 魅族, Num: 1
PhoneType: 红米, Num: 17
PhoneType: 荣耀, Num: 18
=====================================
cnt: 209
PhoneType: 苹果, Num: 65
PhoneType: 小米, Num: 20
PhoneType: IQOO, Num: 12
PhoneType: Vivo, Num: 20
PhoneType: 一加, Num: 8
PhoneType: OPPO, Num: 18
PhoneType: 华为, Num: 32
PhoneType: 三星, Num: 1
PhoneType: 真我, Num: 2
PhoneType: 魅族, Num: 1
PhoneType: 红米, Num: 18
PhoneType: 荣耀, Num: 19
=====================================
cnt: 216
PhoneType: 华为, Num: 33
PhoneType: 苹果, Num: 67
PhoneType: 小米, Num: 21
PhoneType: IQOO, Num: 13
PhoneType: Vivo, Num: 21
PhoneType: 一加, Num: 8
PhoneType: OPPO, Num: 18
PhoneType: 三星, Num: 1
PhoneType: 红米, Num: 20
PhoneType: 荣耀, Num: 20
PhoneType: 真我, Num: 2
PhoneType: 魅族, Num: 1
=====================================
cnt: 225
PhoneType: 红米, Num: 23
PhoneType: 荣耀, Num: 21
PhoneType: 真我, Num: 2
PhoneType: 魅族, Num: 1
PhoneType: IQOO, Num: 13
PhoneType: Vivo, Num: 23
PhoneType: 一加, Num: 8
PhoneType: OPPO, Num: 19
PhoneType: 华为, Num: 36
PhoneType: 苹果, Num: 68
PhoneType: 小米, Num: 24
PhoneType: 三星, Num: 1
=====================================
cnt: 239
PhoneType: 华为, Num: 37
PhoneType: 苹果, Num: 71
PhoneType: 小米, Num: 24
PhoneType: IQOO, Num: 13
PhoneType: Vivo, Num: 24
PhoneType: 一加, Num: 8
PhoneType: OPPO, Num: 20
PhoneType: 三星, Num: 1
PhoneType: 荣耀, Num: 21
PhoneType: 真我, Num: 2
PhoneType: 魅族, Num: 1
PhoneType: 红米, Num: 25
=====================================
cnt: 247
PhoneType: 红米, Num: 27
PhoneType: 荣耀, Num: 21
PhoneType: 真我, Num: 2
PhoneType: 魅族, Num: 1
PhoneType: 华为, Num: 39
PhoneType: 苹果, Num: 72
PhoneType: 小米, Num: 26
PhoneType: IQOO, Num: 14
PhoneType: Vivo, Num: 24
PhoneType: 一加, Num: 9
PhoneType: OPPO, Num: 21
PhoneType: 三星, Num: 1
=====================================
cnt: 257
PhoneType: 红米, Num: 27
PhoneType: 荣耀, Num: 23
PhoneType: 真我, Num: 2
PhoneType: 魅族, Num: 1
PhoneType: OPPO, Num: 21
PhoneType: 华为, Num: 41
PhoneType: 苹果, Num: 77
PhoneType: 小米, Num: 26
PhoneType: IQOO, Num: 15
PhoneType: Vivo, Num: 26
PhoneType: 一加, Num: 10
PhoneType: 三星, Num: 1
=====================================
cnt: 270
PhoneType: 苹果, Num: 77
PhoneType: 小米, Num: 26
PhoneType: IQOO, Num: 15
PhoneType: Vivo, Num: 26
PhoneType: 一加, Num: 10
PhoneType: OPPO, Num: 22
PhoneType: 华为, Num: 43
PhoneType: 三星, Num: 1
PhoneType: 真我, Num: 2
PhoneType: 魅族, Num: 1
PhoneType: 红米, Num: 27
PhoneType: 荣耀, Num: 23
=====================================
cnt: 273
PhoneType: 小米, Num: 26
PhoneType: IQOO, Num: 16
PhoneType: Vivo, Num: 26
PhoneType: 一加, Num: 10
PhoneType: OPPO, Num: 23
PhoneType: 华为, Num: 45
PhoneType: 苹果, Num: 79
PhoneType: 三星, Num: 1
PhoneType: 魅族, Num: 1
PhoneType: 红米, Num: 27
PhoneType: 荣耀, Num: 24
PhoneType: 真我, Num: 2
=====================================
cnt: 280
PhoneType: Vivo, Num: 26
PhoneType: 一加, Num: 10
PhoneType: OPPO, Num: 24
PhoneType: 华为, Num: 48
PhoneType: 苹果, Num: 83
PhoneType: 小米, Num: 26
PhoneType: IQOO, Num: 17
PhoneType: 三星, Num: 1
PhoneType: 红米, Num: 27
PhoneType: 荣耀, Num: 24
PhoneType: 真我, Num: 2
PhoneType: 魅族, Num: 1
=====================================
cnt: 289
PhoneType: 红米, Num: 30
PhoneType: 荣耀, Num: 27
PhoneType: 真我, Num: 2
PhoneType: 魅族, Num: 1
PhoneType: 华为, Num: 49
PhoneType: 苹果, Num: 85
PhoneType: 小米, Num: 27
PhoneType: IQOO, Num: 18
PhoneType: Vivo, Num: 26
PhoneType: 一加, Num: 10
PhoneType: OPPO, Num: 25
PhoneType: 三星, Num: 1
=====================================
cnt: 301
PhoneType: 红米, Num: 33
PhoneType: 荣耀, Num: 27
PhoneType: 真我, Num: 3
PhoneType: 魅族, Num: 1
PhoneType: OPPO, Num: 25
PhoneType: 华为, Num: 52
PhoneType: 苹果, Num: 93
PhoneType: 小米, Num: 28
PhoneType: IQOO, Num: 19
PhoneType: Vivo, Num: 26
PhoneType: 一加, Num: 10
PhoneType: 三星, Num: 1
=====================================
cnt: 318
PhoneType: 红米, Num: 33
PhoneType: 荣耀, Num: 28
PhoneType: 真我, Num: 3
PhoneType: 魅族, Num: 1
PhoneType: 一加, Num: 10
PhoneType: OPPO, Num: 27
PhoneType: 华为, Num: 52
PhoneType: 苹果, Num: 97
PhoneType: 小米, Num: 28
PhoneType: IQOO, Num: 19
PhoneType: Vivo, Num: 27
PhoneType: 三星, Num: 1
=====================================
cnt: 326
PhoneType: 华为, Num: 53
PhoneType: 苹果, Num: 101
PhoneType: 小米, Num: 28
PhoneType: IQOO, Num: 20
PhoneType: Vivo, Num: 28
PhoneType: 一加, Num: 11
PhoneType: OPPO, Num: 27
PhoneType: 三星, Num: 1
PhoneType: 红米, Num: 33
PhoneType: 荣耀, Num: 28
PhoneType: 真我, Num: 3
PhoneType: 魅族, Num: 1
=====================================
cnt: 334
PhoneType: IQOO, Num: 21
PhoneType: Vivo, Num: 30
PhoneType: 一加, Num: 11
PhoneType: OPPO, Num: 27
PhoneType: 华为, Num: 55
PhoneType: 苹果, Num: 108
PhoneType: 小米, Num: 30
PhoneType: 三星, Num: 2
PhoneType: 红米, Num: 35
PhoneType: 荣耀, Num: 28
PhoneType: 真我, Num: 3
PhoneType: 魅族, Num: 1
=====================================
cnt: 351
PhoneType: 真我, Num: 3
PhoneType: 魅族, Num: 1
PhoneType: 红米, Num: 36
PhoneType: 荣耀, Num: 28
PhoneType: 苹果, Num: 113
PhoneType: 小米, Num: 31
PhoneType: IQOO, Num: 23
PhoneType: Vivo, Num: 30
PhoneType: 一加, Num: 12
PhoneType: OPPO, Num: 28
PhoneType: 华为, Num: 57
PhoneType: 三星, Num: 3
=====================================
cnt: 365
PhoneType: 红米, Num: 37
PhoneType: 荣耀, Num: 29
PhoneType: 真我, Num: 4
PhoneType: 魅族, Num: 1
PhoneType: 华为, Num: 60
PhoneType: 苹果, Num: 116
PhoneType: 小米, Num: 33
PhoneType: IQOO, Num: 25
PhoneType: Vivo, Num: 31
PhoneType: 一加, Num: 12
PhoneType: OPPO, Num: 29
PhoneType: 三星, Num: 3
=====================================
cnt: 380
PhoneType: 真我, Num: 5
PhoneType: 魅族, Num: 1
PhoneType: 红米, Num: 37
PhoneType: 荣耀, Num: 29
PhoneType: 苹果, Num: 121
PhoneType: 小米, Num: 35
PhoneType: IQOO, Num: 26
PhoneType: Vivo, Num: 31
PhoneType: 一加, Num: 13
PhoneType: OPPO, Num: 30
PhoneType: 华为, Num: 61
PhoneType: 三星, Num: 4
=====================================
cnt: 393
PhoneType: 红米, Num: 38
PhoneType: 荣耀, Num: 29
PhoneType: 真我, Num: 5
PhoneType: 魅族, Num: 1
PhoneType: 一加, Num: 15
PhoneType: OPPO, Num: 30
PhoneType: 华为, Num: 63
PhoneType: 苹果, Num: 124
PhoneType: 小米, Num: 36
PhoneType: IQOO, Num: 27
PhoneType: Vivo, Num: 33
PhoneType: 三星, Num: 5
=====================================
cnt: 406
PhoneType: 红米, Num: 38
PhoneType: 荣耀, Num: 29
PhoneType: 真我, Num: 5
PhoneType: 魅族, Num: 1
PhoneType: OPPO, Num: 30
PhoneType: 华为, Num: 66
PhoneType: 苹果, Num: 128
PhoneType: 小米, Num: 38
PhoneType: IQOO, Num: 28
PhoneType: Vivo, Num: 34
PhoneType: 一加, Num: 15
PhoneType: 三星, Num: 5
=====================================
cnt: 417
PhoneType: 魅族, Num: 1
PhoneType: 红米, Num: 39
PhoneType: 荣耀, Num: 29
PhoneType: 真我, Num: 5
PhoneType: 小米, Num: 38
PhoneType: IQOO, Num: 29
PhoneType: Vivo, Num: 34
PhoneType: 一加, Num: 15
PhoneType: OPPO, Num: 30
PhoneType: 华为, Num: 68
PhoneType: 苹果, Num: 130
PhoneType: 三星, Num: 5
=====================================
cnt: 423
PhoneType: 华为, Num: 70
PhoneType: 苹果, Num: 133
PhoneType: 小米, Num: 38
PhoneType: IQOO, Num: 30
PhoneType: Vivo, Num: 36
PhoneType: 一加, Num: 17
PhoneType: OPPO, Num: 30
PhoneType: 三星, Num: 5
PhoneType: 荣耀, Num: 29
PhoneType: 真我, Num: 5
PhoneType: 魅族, Num: 1
PhoneType: 红米, Num: 40
=====================================
cnt: 434
PhoneType: IQOO, Num: 31
PhoneType: Vivo, Num: 36
PhoneType: 一加, Num: 18
PhoneType: OPPO, Num: 31
PhoneType: 华为, Num: 74
PhoneType: 苹果, Num: 133
PhoneType: 小米, Num: 39
PhoneType: 三星, Num: 5
PhoneType: 红米, Num: 40
PhoneType: 荣耀, Num: 31
PhoneType: 真我, Num: 5
PhoneType: 魅族, Num: 1
=====================================
cnt: 444
PhoneType: 小米, Num: 39
PhoneType: IQOO, Num: 32
PhoneType: Vivo, Num: 38
PhoneType: 一加, Num: 18
PhoneType: OPPO, Num: 33
PhoneType: 华为, Num: 76
PhoneType: 苹果, Num: 136
PhoneType: 三星, Num: 5
PhoneType: 魅族, Num: 1
PhoneType: 红米, Num: 42
PhoneType: 荣耀, Num: 32
PhoneType: 真我, Num: 5
=====================================
cnt: 457
PhoneType: 红米, Num: 44
PhoneType: 荣耀, Num: 33
PhoneType: 真我, Num: 5
PhoneType: 魅族, Num: 1
PhoneType: OPPO, Num: 34
PhoneType: 华为, Num: 76
PhoneType: 苹果, Num: 138
PhoneType: 小米, Num: 41
PhoneType: IQOO, Num: 34
PhoneType: Vivo, Num: 39
PhoneType: 一加, Num: 18
PhoneType: 三星, Num: 5
=====================================
cnt: 468
PhoneType: 小米, Num: 41
PhoneType: IQOO, Num: 36
PhoneType: Vivo, Num: 41
PhoneType: 一加, Num: 18
PhoneType: OPPO, Num: 36
PhoneType: 华为, Num: 77
PhoneType: 苹果, Num: 139
PhoneType: 三星, Num: 5
PhoneType: 魅族, Num: 1
PhoneType: 红米, Num: 45
PhoneType: 荣耀, Num: 34
PhoneType: 真我, Num: 5
=====================================
cnt: 478
PhoneType: OPPO, Num: 37
PhoneType: 华为, Num: 77
PhoneType: 苹果, Num: 144
PhoneType: 小米, Num: 44
PhoneType: IQOO, Num: 36
PhoneType: Vivo, Num: 42
PhoneType: 一加, Num: 18
PhoneType: 三星, Num: 5
PhoneType: 红米, Num: 45
PhoneType: 荣耀, Num: 34
PhoneType: 真我, Num: 5
PhoneType: 魅族, Num: 1
=====================================
cnt: 488
PhoneType: 荣耀, Num: 35
PhoneType: 真我, Num: 5
PhoneType: 魅族, Num: 1
PhoneType: 红米, Num: 47
PhoneType: 华为, Num: 79
PhoneType: 苹果, Num: 152
PhoneType: 小米, Num: 45
PhoneType: IQOO, Num: 36
PhoneType: Vivo, Num: 42
PhoneType: 一加, Num: 18
PhoneType: OPPO, Num: 38
PhoneType: 三星, Num: 5
=====================================
cnt: 503
PhoneType: 红米, Num: 47
PhoneType: 荣耀, Num: 36
PhoneType: 真我, Num: 5
PhoneType: 魅族, Num: 1
PhoneType: 一加, Num: 18
PhoneType: OPPO, Num: 38
PhoneType: 华为, Num: 79
PhoneType: 苹果, Num: 154
PhoneType: 小米, Num: 45
PhoneType: IQOO, Num: 37
PhoneType: Vivo, Num: 42
PhoneType: 三星, Num: 5
=====================================
cnt: 507
PhoneType: 魅族, Num: 1
PhoneType: 红米, Num: 47
PhoneType: 荣耀, Num: 36
PhoneType: 真我, Num: 5
PhoneType: 小米, Num: 45
PhoneType: IQOO, Num: 38
PhoneType: Vivo, Num: 42
PhoneType: 一加, Num: 18
PhoneType: OPPO, Num: 38
PhoneType: 华为, Num: 79
PhoneType: 苹果, Num: 157
PhoneType: 三星, Num: 5
=====================================
cnt: 511
PhoneType: 红米, Num: 47
PhoneType: 荣耀, Num: 37
PhoneType: 真我, Num: 6
PhoneType: 魅族, Num: 1
PhoneType: 一加, Num: 18
PhoneType: OPPO, Num: 38
PhoneType: 华为, Num: 79
PhoneType: 苹果, Num: 162
PhoneType: 小米, Num: 45
PhoneType: IQOO, Num: 38
PhoneType: Vivo, Num: 42
PhoneType: 三星, Num: 5
=====================================
cnt: 518
PhoneType: 魅族, Num: 1
PhoneType: 红米, Num: 47
PhoneType: 荣耀, Num: 37
PhoneType: 真我, Num: 6
PhoneType: 小米, Num: 45
PhoneType: IQOO, Num: 40
PhoneType: Vivo, Num: 43
PhoneType: 一加, Num: 18
PhoneType: OPPO, Num: 38
PhoneType: 华为, Num: 79
PhoneType: 苹果, Num: 164
PhoneType: 三星, Num: 5
=====================================
cnt: 523
PhoneType: 华为, Num: 82
PhoneType: 苹果, Num: 166
PhoneType: 小米, Num: 46
PhoneType: IQOO, Num: 42
PhoneType: Vivo, Num: 45
PhoneType: 一加, Num: 18
PhoneType: OPPO, Num: 40
PhoneType: 三星, Num: 5
PhoneType: 荣耀, Num: 37
PhoneType: 真我, Num: 6
PhoneType: 魅族, Num: 1
PhoneType: 红米, Num: 48
=====================================
cnt: 536
PhoneType: 小米, Num: 46
PhoneType: IQOO, Num: 42
PhoneType: Vivo, Num: 46
PhoneType: 一加, Num: 18
PhoneType: OPPO, Num: 41
PhoneType: 华为, Num: 85
PhoneType: 苹果, Num: 170
PhoneType: 三星, Num: 5
PhoneType: 魅族, Num: 1
PhoneType: 红米, Num: 48
PhoneType: 荣耀, Num: 37
PhoneType: 真我, Num: 6
=====================================
cnt: 545
PhoneType: 红米, Num: 48
PhoneType: 荣耀, Num: 39
PhoneType: 真我, Num: 6
PhoneType: 魅族, Num: 1
PhoneType: 华为, Num: 90
PhoneType: 苹果, Num: 171
PhoneType: 小米, Num: 46
PhoneType: IQOO, Num: 43
PhoneType: Vivo, Num: 49
PhoneType: 一加, Num: 20
PhoneType: OPPO, Num: 42
PhoneType: 三星, Num: 5
=====================================
cnt: 560
PhoneType: 红米, Num: 48
PhoneType: 荣耀, Num: 39
PhoneType: 真我, Num: 6
PhoneType: 魅族, Num: 1
PhoneType: IQOO, Num: 43
PhoneType: Vivo, Num: 49
PhoneType: 一加, Num: 20
PhoneType: OPPO, Num: 42
PhoneType: 华为, Num: 90
PhoneType: 苹果, Num: 171
PhoneType: 小米, Num: 46
PhoneType: 三星, Num: 5
=====================================
cnt: 560
PhoneType: IQOO, Num: 45
PhoneType: Vivo, Num: 49
PhoneType: 一加, Num: 21
PhoneType: OPPO, Num: 43
PhoneType: 华为, Num: 90
PhoneType: 苹果, Num: 174
PhoneType: 小米, Num: 46
PhoneType: 三星, Num: 5
PhoneType: 红米, Num: 49
PhoneType: 荣耀, Num: 41
PhoneType: 真我, Num: 6
PhoneType: 魅族, Num: 1
=====================================
cnt: 570
PhoneType: 真我, Num: 6
PhoneType: 魅族, Num: 1
PhoneType: 红米, Num: 49
PhoneType: 荣耀, Num: 41
PhoneType: 苹果, Num: 178
PhoneType: 小米, Num: 48
PhoneType: IQOO, Num: 45
PhoneType: Vivo, Num: 51
PhoneType: 一加, Num: 21
PhoneType: OPPO, Num: 44
PhoneType: 华为, Num: 93
PhoneType: 三星, Num: 5
=====================================
cnt: 582
PhoneType: OPPO, Num: 44
PhoneType: 华为, Num: 94
PhoneType: 苹果, Num: 184
PhoneType: 小米, Num: 48
PhoneType: IQOO, Num: 47
PhoneType: Vivo, Num: 51
PhoneType: 一加, Num: 21
PhoneType: 三星, Num: 5
PhoneType: 红米, Num: 49
PhoneType: 荣耀, Num: 41
PhoneType: 真我, Num: 6
PhoneType: 魅族, Num: 1
=====================================
cnt: 591
PhoneType: IQOO, Num: 47
PhoneType: Vivo, Num: 52
PhoneType: 一加, Num: 21
PhoneType: OPPO, Num: 44
PhoneType: 华为, Num: 95
PhoneType: 苹果, Num: 184
PhoneType: 小米, Num: 48
PhoneType: 三星, Num: 5
PhoneType: 红米, Num: 50
PhoneType: 荣耀, Num: 41
PhoneType: 真我, Num: 6
PhoneType: 魅族, Num: 1
=====================================
cnt: 594
PhoneType: 红米, Num: 50
PhoneType: 荣耀, Num: 41
PhoneType: 真我, Num: 6
PhoneType: 魅族, Num: 1
PhoneType: IQOO, Num: 47
PhoneType: Vivo, Num: 52
PhoneType: 一加, Num: 21
PhoneType: OPPO, Num: 44
PhoneType: 华为, Num: 95
PhoneType: 苹果, Num: 184
PhoneType: 小米, Num: 48
PhoneType: 三星, Num: 5
=====================================
cnt: 594
PhoneType: OPPO, Num: 44
PhoneType: 华为, Num: 96
PhoneType: 苹果, Num: 184
PhoneType: 小米, Num: 49
PhoneType: IQOO, Num: 47
PhoneType: Vivo, Num: 53
PhoneType: 一加, Num: 21
PhoneType: 三星, Num: 5
PhoneType: 红米, Num: 50
PhoneType: 荣耀, Num: 41
PhoneType: 真我, Num: 6
PhoneType: 魅族, Num: 1
=====================================
cnt: 597
PhoneType: 一加, Num: 21
PhoneType: OPPO, Num: 45
PhoneType: 华为, Num: 98
PhoneType: 苹果, Num: 187
PhoneType: 小米, Num: 50
PhoneType: IQOO, Num: 48
PhoneType: Vivo, Num: 54
PhoneType: 三星, Num: 5
PhoneType: 红米, Num: 50
PhoneType: 荣耀, Num: 42
PhoneType: 真我, Num: 8
PhoneType: 魅族, Num: 1
=====================================
cnt: 609
PhoneType: Vivo, Num: 55
PhoneType: 一加, Num: 21
PhoneType: OPPO, Num: 45
PhoneType: 华为, Num: 103
PhoneType: 苹果, Num: 187
PhoneType: 小米, Num: 51
PhoneType: IQOO, Num: 48
PhoneType: 三星, Num: 5
PhoneType: 红米, Num: 50
PhoneType: 荣耀, Num: 43
PhoneType: 真我, Num: 8
PhoneType: 魅族, Num: 1
=====================================
cnt: 617
PhoneType: 华为, Num: 105
PhoneType: 苹果, Num: 189
PhoneType: 小米, Num: 51
PhoneType: IQOO, Num: 48
PhoneType: Vivo, Num: 55
PhoneType: 一加, Num: 21
PhoneType: OPPO, Num: 46
PhoneType: 三星, Num: 5
PhoneType: 荣耀, Num: 44
PhoneType: 真我, Num: 8
PhoneType: 魅族, Num: 1
PhoneType: 红米, Num: 50
=====================================
cnt: 623
PhoneType: 真我, Num: 8
PhoneType: 魅族, Num: 1
PhoneType: 红米, Num: 50
PhoneType: 荣耀, Num: 44
PhoneType: 苹果, Num: 189
PhoneType: 小米, Num: 51
PhoneType: IQOO, Num: 48
PhoneType: Vivo, Num: 55
PhoneType: 一加, Num: 21
PhoneType: OPPO, Num: 46
PhoneType: 华为, Num: 106
PhoneType: 三星, Num: 5
=====================================
cnt: 624
PhoneType: 一加, Num: 21
PhoneType: OPPO, Num: 49
PhoneType: 华为, Num: 108
PhoneType: 苹果, Num: 190
PhoneType: 小米, Num: 52
PhoneType: IQOO, Num: 51
PhoneType: Vivo, Num: 57
PhoneType: 三星, Num: 5
PhoneType: 红米, Num: 50
PhoneType: 荣耀, Num: 44
PhoneType: 真我, Num: 8
PhoneType: 魅族, Num: 1
=====================================
cnt: 636
PhoneType: 魅族, Num: 1
PhoneType: 红米, Num: 51
PhoneType: 荣耀, Num: 45
PhoneType: 真我, Num: 8
PhoneType: 小米, Num: 52
PhoneType: IQOO, Num: 52
PhoneType: Vivo, Num: 57
PhoneType: 一加, Num: 21
PhoneType: OPPO, Num: 49
PhoneType: 华为, Num: 109
PhoneType: 苹果, Num: 191
PhoneType: 三星, Num: 5
=====================================
cnt: 641
PhoneType: 红米, Num: 52
PhoneType: 荣耀, Num: 45
PhoneType: 真我, Num: 8
PhoneType: 魅族, Num: 1
PhoneType: OPPO, Num: 49
PhoneType: 华为, Num: 109
PhoneType: 苹果, Num: 195
PhoneType: 小米, Num: 53
PhoneType: IQOO, Num: 52
PhoneType: Vivo, Num: 58
PhoneType: 一加, Num: 21
PhoneType: 三星, Num: 5
=====================================
cnt: 648
PhoneType: IQOO, Num: 53
PhoneType: Vivo, Num: 59
PhoneType: 一加, Num: 21
PhoneType: OPPO, Num: 50
PhoneType: 华为, Num: 111
PhoneType: 苹果, Num: 198
PhoneType: 小米, Num: 53
PhoneType: 三星, Num: 5
PhoneType: 红米, Num: 53
PhoneType: 荣耀, Num: 48
PhoneType: 真我, Num: 8
PhoneType: 魅族, Num: 1
=====================================
cnt: 660
PhoneType: Vivo, Num: 61
PhoneType: 一加, Num: 21
PhoneType: OPPO, Num: 51
PhoneType: 华为, Num: 113
PhoneType: 苹果, Num: 204
PhoneType: 小米, Num: 54
PhoneType: IQOO, Num: 54
PhoneType: 三星, Num: 5
PhoneType: 红米, Num: 53
PhoneType: 荣耀, Num: 49
PhoneType: 真我, Num: 8
PhoneType: 魅族, Num: 1
=====================================
cnt: 674
PhoneType: 魅族, Num: 1
PhoneType: 红米, Num: 53
PhoneType: 荣耀, Num: 49
PhoneType: 真我, Num: 8
PhoneType: 小米, Num: 54
PhoneType: IQOO, Num: 55
PhoneType: Vivo, Num: 62
PhoneType: 一加, Num: 21
PhoneType: OPPO, Num: 51
PhoneType: 华为, Num: 114
PhoneType: 苹果, Num: 206
PhoneType: 三星, Num: 5
=====================================
cnt: 679
PhoneType: 真我, Num: 8
PhoneType: 魅族, Num: 1
PhoneType: 红米, Num: 54
PhoneType: 荣耀, Num: 50
PhoneType: 苹果, Num: 206
PhoneType: 小米, Num: 54
PhoneType: IQOO, Num: 55
PhoneType: Vivo, Num: 62
PhoneType: 一加, Num: 21
PhoneType: OPPO, Num: 51
PhoneType: 华为, Num: 115
PhoneType: 三星, Num: 5
=====================================
cnt: 682
PhoneType: Vivo, Num: 63
PhoneType: 一加, Num: 21
PhoneType: OPPO, Num: 51
PhoneType: 华为, Num: 117
PhoneType: 苹果, Num: 210
PhoneType: 小米, Num: 54
PhoneType: IQOO, Num: 56
PhoneType: 三星, Num: 5
PhoneType: 红米, Num: 56
PhoneType: 荣耀, Num: 51
PhoneType: 真我, Num: 8
PhoneType: 魅族, Num: 1
=====================================
cnt: 693
PhoneType: 魅族, Num: 1
PhoneType: 红米, Num: 57
PhoneType: 荣耀, Num: 52
PhoneType: 真我, Num: 9
PhoneType: 小米, Num: 56
PhoneType: IQOO, Num: 58
PhoneType: Vivo, Num: 63
PhoneType: 一加, Num: 22
PhoneType: OPPO, Num: 52
PhoneType: 华为, Num: 118
PhoneType: 苹果, Num: 211
PhoneType: 三星, Num: 5
=====================================
cnt: 704
PhoneType: OPPO, Num: 53
PhoneType: 华为, Num: 119
PhoneType: 苹果, Num: 215
PhoneType: 小米, Num: 56
PhoneType: IQOO, Num: 59
PhoneType: Vivo, Num: 64
PhoneType: 一加, Num: 22
PhoneType: 三星, Num: 5
PhoneType: 红米, Num: 58
PhoneType: 荣耀, Num: 54
PhoneType: 真我, Num: 9
PhoneType: 魅族, Num: 1
=====================================
cnt: 715
PhoneType: 小米, Num: 57
PhoneType: IQOO, Num: 59
PhoneType: Vivo, Num: 64
PhoneType: 一加, Num: 22
PhoneType: OPPO, Num: 54
PhoneType: 华为, Num: 122
PhoneType: 苹果, Num: 221
PhoneType: 三星, Num: 5
PhoneType: 魅族, Num: 1
PhoneType: 红米, Num: 60
PhoneType: 荣耀, Num: 55
PhoneType: 真我, Num: 9
=====================================
cnt: 729
PhoneType: 真我, Num: 10
PhoneType: 魅族, Num: 1
PhoneType: 红米, Num: 60
PhoneType: 荣耀, Num: 55
PhoneType: 苹果, Num: 221
PhoneType: 小米, Num: 60
PhoneType: IQOO, Num: 59
PhoneType: Vivo, Num: 65
PhoneType: 一加, Num: 23
PhoneType: OPPO, Num: 55
PhoneType: 华为, Num: 122
PhoneType: 三星, Num: 5
=====================================
cnt: 736
PhoneType: 华为, Num: 123
PhoneType: 苹果, Num: 227
PhoneType: 小米, Num: 61
PhoneType: IQOO, Num: 59
PhoneType: Vivo, Num: 66
PhoneType: 一加, Num: 23
PhoneType: OPPO, Num: 56
PhoneType: 三星, Num: 5
PhoneType: 荣耀, Num: 56
PhoneType: 真我, Num: 10
PhoneType: 魅族, Num: 1
PhoneType: 红米, Num: 65
=====================================
cnt: 752
PhoneType: 红米, Num: 67
PhoneType: 荣耀, Num: 56
PhoneType: 真我, Num: 10
PhoneType: 魅族, Num: 1
PhoneType: Vivo, Num: 67
PhoneType: 一加, Num: 23
PhoneType: OPPO, Num: 58
PhoneType: 华为, Num: 123
PhoneType: 苹果, Num: 227
PhoneType: 小米, Num: 62
PhoneType: IQOO, Num: 61
PhoneType: 三星, Num: 5
=====================================
cnt: 760
PhoneType: 红米, Num: 69
PhoneType: 荣耀, Num: 56
PhoneType: 真我, Num: 10
PhoneType: 魅族, Num: 1
PhoneType: IQOO, Num: 61
PhoneType: Vivo, Num: 68
PhoneType: 一加, Num: 23
PhoneType: OPPO, Num: 58
PhoneType: 华为, Num: 125
PhoneType: 苹果, Num: 228
PhoneType: 小米, Num: 62
PhoneType: 三星, Num: 5
=====================================
cnt: 766
PhoneType: 红米, Num: 69
PhoneType: 荣耀, Num: 56
PhoneType: 真我, Num: 10
PhoneType: 魅族, Num: 1
PhoneType: IQOO, Num: 63
PhoneType: Vivo, Num: 68
PhoneType: 一加, Num: 23
PhoneType: OPPO, Num: 58
PhoneType: 华为, Num: 127
PhoneType: 苹果, Num: 233
PhoneType: 小米, Num: 63
PhoneType: 三星, Num: 5
=====================================
cnt: 776
PhoneType: 小米, Num: 64
PhoneType: IQOO, Num: 63
PhoneType: Vivo, Num: 69
PhoneType: 一加, Num: 23
PhoneType: OPPO, Num: 58
PhoneType: 华为, Num: 127
PhoneType: 苹果, Num: 238
PhoneType: 三星, Num: 5
PhoneType: 魅族, Num: 1
PhoneType: 红米, Num: 70
PhoneType: 荣耀, Num: 56
PhoneType: 真我, Num: 10
=====================================
cnt: 784
PhoneType: 华为, Num: 128
PhoneType: 苹果, Num: 238
PhoneType: 小米, Num: 64
PhoneType: IQOO, Num: 63
PhoneType: Vivo, Num: 69
PhoneType: 一加, Num: 24
PhoneType: OPPO, Num: 58
PhoneType: 三星, Num: 5
PhoneType: 红米, Num: 70
PhoneType: 荣耀, Num: 56
PhoneType: 真我, Num: 11
PhoneType: 魅族, Num: 1
=====================================
cnt: 787
PhoneType: 小米, Num: 64
PhoneType: IQOO, Num: 63
PhoneType: Vivo, Num: 70
PhoneType: 一加, Num: 24
PhoneType: OPPO, Num: 58
PhoneType: 华为, Num: 128
PhoneType: 苹果, Num: 238
PhoneType: 三星, Num: 5
PhoneType: 魅族, Num: 1
PhoneType: 红米, Num: 70
PhoneType: 荣耀, Num: 56
PhoneType: 真我, Num: 11
=====================================
cnt: 788
PhoneType: 一加, Num: 24
PhoneType: OPPO, Num: 58
PhoneType: 华为, Num: 128
PhoneType: 苹果, Num: 239
PhoneType: 小米, Num: 64
PhoneType: IQOO, Num: 63
PhoneType: Vivo, Num: 70
PhoneType: 三星, Num: 5
PhoneType: 红米, Num: 70
PhoneType: 荣耀, Num: 56
PhoneType: 真我, Num: 11
PhoneType: 魅族, Num: 1
=====================================
cnt: 789
PhoneType: 小米, Num: 64
PhoneType: IQOO, Num: 63
PhoneType: Vivo, Num: 70
PhoneType: 一加, Num: 24
PhoneType: OPPO, Num: 58
PhoneType: 华为, Num: 128
PhoneType: 苹果, Num: 239
PhoneType: 三星, Num: 5
PhoneType: 魅族, Num: 1
PhoneType: 红米, Num: 70
PhoneType: 荣耀, Num: 56
PhoneType: 真我, Num: 11
=====================================
cnt: 789
PhoneType: 小米, Num: 64
PhoneType: IQOO, Num: 63
PhoneType: Vivo, Num: 70
PhoneType: 一加, Num: 26
PhoneType: OPPO, Num: 58
PhoneType: 华为, Num: 128
PhoneType: 苹果, Num: 239
PhoneType: 三星, Num: 5
PhoneType: 魅族, Num: 1
PhoneType: 红米, Num: 70
PhoneType: 荣耀, Num: 56
PhoneType: 真我, Num: 11
=====================================
cnt: 791
PhoneType: 红米, Num: 70
PhoneType: 荣耀, Num: 56
PhoneType: 真我, Num: 12
PhoneType: 魅族, Num: 1
PhoneType: IQOO, Num: 63
PhoneType: Vivo, Num: 70
PhoneType: 一加, Num: 26
PhoneType: OPPO, Num: 58
PhoneType: 华为, Num: 129
PhoneType: 苹果, Num: 246
PhoneType: 小米, Num: 65
PhoneType: 三星, Num: 5
=====================================
cnt: 801
PhoneType: 华为, Num: 129
PhoneType: 苹果, Num: 248
PhoneType: 小米, Num: 65
PhoneType: IQOO, Num: 65
PhoneType: Vivo, Num: 70
PhoneType: 一加, Num: 26
PhoneType: OPPO, Num: 59
PhoneType: 三星, Num: 5
PhoneType: 荣耀, Num: 57
PhoneType: 真我, Num: 12
PhoneType: 魅族, Num: 1
PhoneType: 红米, Num: 70
=====================================
cnt: 807
PhoneType: 红米, Num: 70
PhoneType: 荣耀, Num: 58
PhoneType: 真我, Num: 13
PhoneType: 魅族, Num: 1
PhoneType: IQOO, Num: 66
PhoneType: Vivo, Num: 70
PhoneType: 一加, Num: 26
PhoneType: OPPO, Num: 60
PhoneType: 华为, Num: 132
PhoneType: 苹果, Num: 248
PhoneType: 小米, Num: 65
PhoneType: 三星, Num: 5
=====================================
cnt: 814
PhoneType: 华为, Num: 134
PhoneType: 苹果, Num: 252
PhoneType: 小米, Num: 66
PhoneType: IQOO, Num: 66
PhoneType: Vivo, Num: 70
PhoneType: 一加, Num: 26
PhoneType: OPPO, Num: 60
PhoneType: 三星, Num: 5
PhoneType: 荣耀, Num: 59
PhoneType: 真我, Num: 13
PhoneType: 魅族, Num: 1
PhoneType: 红米, Num: 70
=====================================
cnt: 822
PhoneType: 华为, Num: 134
PhoneType: 苹果, Num: 255
PhoneType: 小米, Num: 68
PhoneType: IQOO, Num: 68
PhoneType: Vivo, Num: 70
PhoneType: 一加, Num: 27
PhoneType: OPPO, Num: 61
PhoneType: 三星, Num: 5
PhoneType: 荣耀, Num: 60
PhoneType: 真我, Num: 13
PhoneType: 魅族, Num: 1
PhoneType: 红米, Num: 71
=====================================
cnt: 833
PhoneType: IQOO, Num: 69
PhoneType: Vivo, Num: 72
PhoneType: 一加, Num: 27
PhoneType: OPPO, Num: 62
PhoneType: 华为, Num: 134
PhoneType: 苹果, Num: 256
PhoneType: 小米, Num: 69
PhoneType: 三星, Num: 5
PhoneType: 红米, Num: 71
PhoneType: 荣耀, Num: 60
PhoneType: 真我, Num: 13
PhoneType: 魅族, Num: 1
=====================================
cnt: 839
PhoneType: 荣耀, Num: 60
PhoneType: 真我, Num: 13
PhoneType: 魅族, Num: 1
PhoneType: 红米, Num: 74
PhoneType: 华为, Num: 135
PhoneType: 苹果, Num: 260
PhoneType: 小米, Num: 70
PhoneType: IQOO, Num: 69
PhoneType: Vivo, Num: 72
PhoneType: 一加, Num: 27
PhoneType: OPPO, Num: 63
PhoneType: 三星, Num: 5
=====================================
cnt: 849
PhoneType: 红米, Num: 76
PhoneType: 荣耀, Num: 61
PhoneType: 真我, Num: 13
PhoneType: 魅族, Num: 1
PhoneType: 一加, Num: 27
PhoneType: OPPO, Num: 64
PhoneType: 华为, Num: 136
PhoneType: 苹果, Num: 263
PhoneType: 小米, Num: 71
PhoneType: IQOO, Num: 69
PhoneType: Vivo, Num: 73
PhoneType: 三星, Num: 5
=====================================
cnt: 859
PhoneType: 红米, Num: 76
PhoneType: 荣耀, Num: 61
PhoneType: 真我, Num: 13
PhoneType: 魅族, Num: 1
PhoneType: OPPO, Num: 64
PhoneType: 华为, Num: 139
PhoneType: 苹果, Num: 266
PhoneType: 小米, Num: 71
PhoneType: IQOO, Num: 69
PhoneType: Vivo, Num: 74
PhoneType: 一加, Num: 27
PhoneType: 三星, Num: 5
=====================================
cnt: 866
PhoneType: 红米, Num: 76
PhoneType: 荣耀, Num: 61
PhoneType: 真我, Num: 14
PhoneType: 魅族, Num: 1
PhoneType: Vivo, Num: 74
PhoneType: 一加, Num: 27
PhoneType: OPPO, Num: 64
PhoneType: 华为, Num: 140
PhoneType: 苹果, Num: 267
PhoneType: 小米, Num: 71
PhoneType: IQOO, Num: 69
PhoneType: 三星, Num: 5
=====================================
cnt: 869
PhoneType: IQOO, Num: 70
PhoneType: Vivo, Num: 74
PhoneType: 一加, Num: 27
PhoneType: OPPO, Num: 65
PhoneType: 华为, Num: 140
PhoneType: 苹果, Num: 269
PhoneType: 小米, Num: 71
PhoneType: 三星, Num: 5
PhoneType: 红米, Num: 80
PhoneType: 荣耀, Num: 62
PhoneType: 真我, Num: 14
PhoneType: 魅族, Num: 1
=====================================
cnt: 878
PhoneType: 华为, Num: 140
PhoneType: 苹果, Num: 273
PhoneType: 小米, Num: 71
PhoneType: IQOO, Num: 71
PhoneType: Vivo, Num: 75
PhoneType: 一加, Num: 27
PhoneType: OPPO, Num: 65
PhoneType: 三星, Num: 5
PhoneType: 荣耀, Num: 62
PhoneType: 真我, Num: 14
PhoneType: 魅族, Num: 1
PhoneType: 红米, Num: 80
=====================================
cnt: 884
PhoneType: 荣耀, Num: 63
PhoneType: 真我, Num: 14
PhoneType: 魅族, Num: 1
PhoneType: 红米, Num: 80
PhoneType: 华为, Num: 140
PhoneType: 苹果, Num: 275
PhoneType: 小米, Num: 71
PhoneType: IQOO, Num: 71
PhoneType: Vivo, Num: 75
PhoneType: 一加, Num: 27
PhoneType: OPPO, Num: 65
PhoneType: 三星, Num: 5
=====================================
cnt: 887
PhoneType: 红米, Num: 80
PhoneType: 荣耀, Num: 64
PhoneType: 真我, Num: 14
PhoneType: 魅族, Num: 1
PhoneType: OPPO, Num: 67
PhoneType: 华为, Num: 142
PhoneType: 苹果, Num: 278
PhoneType: 小米, Num: 72
PhoneType: IQOO, Num: 71
PhoneType: Vivo, Num: 76
PhoneType: 一加, Num: 27
PhoneType: 三星, Num: 5
=====================================
cnt: 897
PhoneType: OPPO, Num: 68
PhoneType: 华为, Num: 146
PhoneType: 苹果, Num: 283
PhoneType: 小米, Num: 72
PhoneType: IQOO, Num: 72
PhoneType: Vivo, Num: 77
PhoneType: 一加, Num: 27
PhoneType: 三星, Num: 5
PhoneType: 红米, Num: 82
PhoneType: 荣耀, Num: 65
PhoneType: 真我, Num: 15
PhoneType: 魅族, Num: 1
=====================================
cnt: 913
PhoneType: 红米, Num: 83
PhoneType: 荣耀, Num: 67
PhoneType: 真我, Num: 15
PhoneType: 魅族, Num: 1
PhoneType: IQOO, Num: 72
PhoneType: Vivo, Num: 78
PhoneType: 一加, Num: 28
PhoneType: OPPO, Num: 69
PhoneType: 华为, Num: 148
PhoneType: 苹果, Num: 286
PhoneType: 小米, Num: 72
PhoneType: 三星, Num: 5
=====================================
cnt: 924
PhoneType: 荣耀, Num: 67
PhoneType: 真我, Num: 15
PhoneType: 魅族, Num: 1
PhoneType: 红米, Num: 83
PhoneType: 华为, Num: 149
PhoneType: 苹果, Num: 289
PhoneType: 小米, Num: 72
PhoneType: IQOO, Num: 72
PhoneType: Vivo, Num: 78
PhoneType: 一加, Num: 30
PhoneType: OPPO, Num: 70
PhoneType: 三星, Num: 5
=====================================
cnt: 931
PhoneType: OPPO, Num: 70
PhoneType: 华为, Num: 151
PhoneType: 苹果, Num: 289
PhoneType: 小米, Num: 72
PhoneType: IQOO, Num: 72
PhoneType: Vivo, Num: 78
PhoneType: 一加, Num: 30
PhoneType: 三星, Num: 5
PhoneType: 红米, Num: 83
PhoneType: 荣耀, Num: 67
PhoneType: 真我, Num: 15
PhoneType: 魅族, Num: 1
=====================================
cnt: 933
PhoneType: 真我, Num: 15
PhoneType: 魅族, Num: 1
PhoneType: 红米, Num: 83
PhoneType: 荣耀, Num: 67
PhoneType: 苹果, Num: 290
PhoneType: 小米, Num: 72
PhoneType: IQOO, Num: 73
PhoneType: Vivo, Num: 78
PhoneType: 一加, Num: 31
PhoneType: OPPO, Num: 70
PhoneType: 华为, Num: 151
PhoneType: 三星, Num: 5
=====================================
cnt: 936
PhoneType: 红米, Num: 84
PhoneType: 荣耀, Num: 68
PhoneType: 真我, Num: 15
PhoneType: 魅族, Num: 1
PhoneType: Vivo, Num: 78
PhoneType: 一加, Num: 31
PhoneType: OPPO, Num: 74
PhoneType: 华为, Num: 152
PhoneType: 苹果, Num: 292
PhoneType: 小米, Num: 73
PhoneType: IQOO, Num: 74
PhoneType: 三星, Num: 5
=====================================
cnt: 947
PhoneType: 魅族, Num: 1
PhoneType: 红米, Num: 86
PhoneType: 荣耀, Num: 69
PhoneType: 真我, Num: 15
PhoneType: 小米, Num: 74
PhoneType: IQOO, Num: 76
PhoneType: Vivo, Num: 78
PhoneType: 一加, Num: 31
PhoneType: OPPO, Num: 74
PhoneType: 华为, Num: 157
PhoneType: 苹果, Num: 296
PhoneType: 三星, Num: 5
=====================================
cnt: 962
PhoneType: 小米, Num: 75
PhoneType: IQOO, Num: 76
PhoneType: Vivo, Num: 78
PhoneType: 一加, Num: 32
PhoneType: OPPO, Num: 76
PhoneType: 华为, Num: 158
PhoneType: 苹果, Num: 299
PhoneType: 三星, Num: 5
PhoneType: 魅族, Num: 2
PhoneType: 红米, Num: 88
PhoneType: 荣耀, Num: 70
PhoneType: 真我, Num: 15
=====================================
cnt: 974
PhoneType: 红米, Num: 89
PhoneType: 荣耀, Num: 73
PhoneType: 真我, Num: 15
PhoneType: 魅族, Num: 2
PhoneType: IQOO, Num: 76
PhoneType: Vivo, Num: 80
PhoneType: 一加, Num: 32
PhoneType: OPPO, Num: 76
PhoneType: 华为, Num: 160
PhoneType: 苹果, Num: 306
PhoneType: 小米, Num: 75
PhoneType: 三星, Num: 5
=====================================
cnt: 989
PhoneType: Vivo, Num: 81
PhoneType: 一加, Num: 32
PhoneType: OPPO, Num: 76
PhoneType: 华为, Num: 161
PhoneType: 苹果, Num: 309
PhoneType: 小米, Num: 75
PhoneType: IQOO, Num: 77
PhoneType: 三星, Num: 5
PhoneType: 红米, Num: 90
PhoneType: 荣耀, Num: 74
PhoneType: 真我, Num: 15
PhoneType: 魅族, Num: 2
=====================================
cnt: 997
PhoneType: 魅族, Num: 2
PhoneType: 红米, Num: 91
PhoneType: 荣耀, Num: 74
PhoneType: 真我, Num: 15
PhoneType: 小米, Num: 77
PhoneType: IQOO, Num: 77
PhoneType: Vivo, Num: 81
PhoneType: 一加, Num: 32
PhoneType: OPPO, Num: 77
PhoneType: 华为, Num: 166
PhoneType: 苹果, Num: 311
PhoneType: 三星, Num: 5
=====================================
cnt: 1008
