PhoneType: 苹果, Num: 9
PhoneType: IQOO, Num: 1
PhoneType: 三星, Num: 1
PhoneType: 小米, Num: 2
=====================================
cnt: 13
PhoneType: IQOO, Num: 2
PhoneType: 三星, Num: 1
PhoneType: 小米, Num: 2
PhoneType: 荣耀, Num: 2
PhoneType: 华为, Num: 1
PhoneType: 苹果, Num: 18
=====================================
cnt: 26
PhoneType: IQOO, Num: 2
PhoneType: 三星, Num: 2
PhoneType: 小米, Num: 3
PhoneType: 荣耀, Num: 2
PhoneType: 华为, Num: 3
PhoneType: 真我, Num: 1
PhoneType: 苹果, Num: 28
=====================================
cnt: 41
PhoneType: IQOO, Num: 3
PhoneType: 三星, Num: 2
PhoneType: 小米, Num: 3
PhoneType: 真我, Num: 1
PhoneType: 红米, Num: 2
PhoneType: 荣耀, Num: 3
PhoneType: 华为, Num: 4
PhoneType: 苹果, Num: 40
=====================================
cnt: 58
PhoneType: 苹果, Num: 47
PhoneType: 荣耀, Num: 4
PhoneType: 华为, Num: 4
PhoneType: 一加, Num: 1
PhoneType: 魅族, Num: 1
PhoneType: IQOO, Num: 3
PhoneType: 三星, Num: 2
PhoneType: 小米, Num: 6
PhoneType: 真我, Num: 1
PhoneType: 红米, Num: 2
=====================================
cnt: 71
PhoneType: IQOO, Num: 3
PhoneType: 三星, Num: 3
PhoneType: 小米, Num: 8
PhoneType: 真我, Num: 1
PhoneType: 红米, Num: 2
PhoneType: OPPO, Num: 1
PhoneType: 荣耀, Num: 4
PhoneType: 华为, Num: 6
PhoneType: 一加, Num: 1
PhoneType: 魅族, Num: 1
PhoneType: Vivo, Num: 1
PhoneType: 苹果, Num: 53
=====================================
cnt: 84
PhoneType: 荣耀, Num: 5
PhoneType: 华为, Num: 7
PhoneType: 一加, Num: 2
PhoneType: 魅族, Num: 1
PhoneType: Vivo, Num: 1
PhoneType: 苹果, Num: 57
PhoneType: IQOO, Num: 3
PhoneType: 三星, Num: 4
PhoneType: 小米, Num: 10
PhoneType: 真我, Num: 1
PhoneType: 红米, Num: 4
PhoneType: OPPO, Num: 1
=====================================
cnt: 96
PhoneType: IQOO, Num: 4
PhoneType: 三星, Num: 4
PhoneType: 小米, Num: 13
PhoneType: 真我, Num: 1
PhoneType: 红米, Num: 4
PhoneType: OPPO, Num: 1
PhoneType: 苹果, Num: 63
PhoneType: 荣耀, Num: 5
PhoneType: 华为, Num: 8
PhoneType: 一加, Num: 3
PhoneType: 魅族, Num: 1
PhoneType: Vivo, Num: 1
=====================================
cnt: 108
PhoneType: 一加, Num: 3
PhoneType: 魅族, Num: 1
PhoneType: Vivo, Num: 1
PhoneType: 苹果, Num: 69
PhoneType: 荣耀, Num: 5
PhoneType: 华为, Num: 9
PhoneType: 小米, Num: 15
PhoneType: 真我, Num: 1
PhoneType: 红米, Num: 5
PhoneType: OPPO, Num: 3
PhoneType: IQOO, Num: 4
PhoneType: 三星, Num: 4
=====================================
cnt: 120
PhoneType: 魅族, Num: 1
PhoneType: Vivo, Num: 1
PhoneType: 苹果, Num: 75
PhoneType: 荣耀, Num: 5
PhoneType: 华为, Num: 13
PhoneType: 一加, Num: 4
PhoneType: 真我, Num: 1
PhoneType: 红米, Num: 5
PhoneType: OPPO, Num: 3
PhoneType: IQOO, Num: 4
PhoneType: 三星, Num: 5
PhoneType: 小米, Num: 15
=====================================
cnt: 132
PhoneType: OPPO, Num: 3
PhoneType: IQOO, Num: 4
PhoneType: 三星, Num: 5
PhoneType: 小米, Num: 15
PhoneType: 真我, Num: 1
PhoneType: 红米, Num: 8
PhoneType: 苹果, Num: 81
PhoneType: 荣耀, Num: 7
PhoneType: 华为, Num: 13
PhoneType: 一加, Num: 4
PhoneType: 魅族, Num: 1
PhoneType: Vivo, Num: 1
=====================================
cnt: 143
PhoneType: 红米, Num: 9
PhoneType: OPPO, Num: 4
PhoneType: IQOO, Num: 4
PhoneType: 三星, Num: 6
PhoneType: 小米, Num: 17
PhoneType: 真我, Num: 1
PhoneType: Vivo, Num: 1
PhoneType: 苹果, Num: 85
PhoneType: 荣耀, Num: 8
PhoneType: 华为, Num: 14
PhoneType: 一加, Num: 4
PhoneType: 魅族, Num: 1
=====================================
cnt: 154
PhoneType: IQOO, Num: 5
PhoneType: 三星, Num: 6
PhoneType: 小米, Num: 18
PhoneType: 真我, Num: 1
PhoneType: 红米, Num: 9
PhoneType: OPPO, Num: 4
PhoneType: 苹果, Num: 88
PhoneType: 荣耀, Num: 9
PhoneType: 华为, Num: 15
PhoneType: 一加, Num: 4
PhoneType: 魅族, Num: 1
PhoneType: Vivo, Num: 2
=====================================
cnt: 162
PhoneType: IQOO, Num: 5
PhoneType: 三星, Num: 6
PhoneType: 小米, Num: 18
PhoneType: 真我, Num: 1
PhoneType: 红米, Num: 9
PhoneType: OPPO, Num: 4
PhoneType: 苹果, Num: 96
PhoneType: 荣耀, Num: 9
PhoneType: 华为, Num: 16
PhoneType: 一加, Num: 5
PhoneType: 魅族, Num: 1
PhoneType: Vivo, Num: 2
=====================================
cnt: 172
PhoneType: 苹果, Num: 105
PhoneType: 荣耀, Num: 9
PhoneType: 华为, Num: 16
PhoneType: 一加, Num: 7
PhoneType: 魅族, Num: 1
PhoneType: Vivo, Num: 2
PhoneType: IQOO, Num: 5
PhoneType: 三星, Num: 7
PhoneType: 小米, Num: 18
PhoneType: 真我, Num: 1
PhoneType: 红米, Num: 10
PhoneType: OPPO, Num: 4
=====================================
cnt: 185
PhoneType: Vivo, Num: 2
PhoneType: 苹果, Num: 111
PhoneType: 荣耀, Num: 11
PhoneType: 华为, Num: 18
PhoneType: 一加, Num: 7
PhoneType: 魅族, Num: 1
PhoneType: 红米, Num: 10
PhoneType: OPPO, Num: 4
PhoneType: IQOO, Num: 5
PhoneType: 三星, Num: 7
PhoneType: 小米, Num: 18
PhoneType: 真我, Num: 1
=====================================
cnt: 195
PhoneType: 魅族, Num: 1
PhoneType: Vivo, Num: 2
PhoneType: 苹果, Num: 120
PhoneType: 荣耀, Num: 11
PhoneType: 华为, Num: 18
PhoneType: 一加, Num: 8
PhoneType: 真我, Num: 1
PhoneType: 红米, Num: 10
PhoneType: OPPO, Num: 4
PhoneType: IQOO, Num: 5
PhoneType: 三星, Num: 8
PhoneType: 小米, Num: 18
=====================================
cnt: 206
PhoneType: 一加, Num: 9
PhoneType: 魅族, Num: 1
PhoneType: Vivo, Num: 2
PhoneType: 苹果, Num: 128
PhoneType: 荣耀, Num: 11
PhoneType: 华为, Num: 20
PhoneType: 小米, Num: 18
PhoneType: 真我, Num: 1
PhoneType: 红米, Num: 10
PhoneType: OPPO, Num: 4
PhoneType: IQOO, Num: 5
PhoneType: 三星, Num: 8
=====================================
cnt: 217
PhoneType: 真我, Num: 2
PhoneType: 红米, Num: 10
PhoneType: OPPO, Num: 4
PhoneType: IQOO, Num: 5
PhoneType: 三星, Num: 8
PhoneType: 小米, Num: 19
PhoneType: 魅族, Num: 1
PhoneType: Vivo, Num: 2
PhoneType: 苹果, Num: 136
PhoneType: 荣耀, Num: 11
PhoneType: 华为, Num: 21
PhoneType: 一加, Num: 10
=====================================
cnt: 229
PhoneType: OPPO, Num: 4
PhoneType: IQOO, Num: 5
PhoneType: 三星, Num: 8
PhoneType: 小米, Num: 20
PhoneType: 真我, Num: 2
PhoneType: 红米, Num: 11
PhoneType: 苹果, Num: 138
PhoneType: 荣耀, Num: 12
PhoneType: 华为, Num: 21
PhoneType: 一加, Num: 10
PhoneType: 魅族, Num: 1
PhoneType: Vivo, Num: 3
=====================================
cnt: 235
PhoneType: 红米, Num: 13
PhoneType: OPPO, Num: 4
PhoneType: IQOO, Num: 5
PhoneType: 三星, Num: 8
PhoneType: 小米, Num: 20
PhoneType: 真我, Num: 2
PhoneType: Vivo, Num: 3
PhoneType: 苹果, Num: 143
PhoneType: 荣耀, Num: 12
PhoneType: 华为, Num: 22
PhoneType: 一加, Num: 10
PhoneType: 魅族, Num: 1
=====================================
cnt: 243
PhoneType: 三星, Num: 8
PhoneType: 小米, Num: 21
PhoneType: 真我, Num: 2
PhoneType: 红米, Num: 14
PhoneType: OPPO, Num: 4
PhoneType: IQOO, Num: 5
PhoneType: 华为, Num: 24
PhoneType: 一加, Num: 10
PhoneType: 魅族, Num: 2
PhoneType: Vivo, Num: 3
PhoneType: 苹果, Num: 149
PhoneType: 荣耀, Num: 13
=====================================
cnt: 255
PhoneType: IQOO, Num: 5
PhoneType: 三星, Num: 8
PhoneType: 小米, Num: 23
PhoneType: 真我, Num: 2
PhoneType: 红米, Num: 15
PhoneType: OPPO, Num: 4
PhoneType: 荣耀, Num: 13
PhoneType: 华为, Num: 24
PhoneType: 一加, Num: 10
PhoneType: 魅族, Num: 2
PhoneType: Vivo, Num: 3
PhoneType: 苹果, Num: 158
=====================================
cnt: 267
PhoneType: 荣耀, Num: 13
PhoneType: 华为, Num: 24
PhoneType: 一加, Num: 10
PhoneType: 魅族, Num: 2
PhoneType: Vivo, Num: 4
PhoneType: 苹果, Num: 162
PhoneType: IQOO, Num: 5
PhoneType: 三星, Num: 8
PhoneType: 小米, Num: 25
PhoneType: 真我, Num: 2
PhoneType: 红米, Num: 16
PhoneType: OPPO, Num: 4
=====================================
cnt: 275
PhoneType: 小米, Num: 26
PhoneType: 真我, Num: 2
PhoneType: 红米, Num: 17
PhoneType: OPPO, Num: 4
PhoneType: IQOO, Num: 6
PhoneType: 三星, Num: 8
PhoneType: 一加, Num: 10
PhoneType: 魅族, Num: 2
PhoneType: Vivo, Num: 4
PhoneType: 苹果, Num: 170
PhoneType: 荣耀, Num: 13
PhoneType: 华为, Num: 24
=====================================
cnt: 286
PhoneType: IQOO, Num: 6
PhoneType: 三星, Num: 8
PhoneType: 小米, Num: 26
PhoneType: 真我, Num: 2
PhoneType: 红米, Num: 18
PhoneType: OPPO, Num: 4
PhoneType: 荣耀, Num: 13
PhoneType: 华为, Num: 25
PhoneType: 一加, Num: 10
PhoneType: 魅族, Num: 2
PhoneType: Vivo, Num: 4
PhoneType: 苹果, Num: 177
=====================================
cnt: 295
PhoneType: 小米, Num: 27
PhoneType: 真我, Num: 2
PhoneType: 红米, Num: 18
PhoneType: OPPO, Num: 4
PhoneType: IQOO, Num: 6
PhoneType: 三星, Num: 9
PhoneType: 一加, Num: 10
PhoneType: 魅族, Num: 3
PhoneType: Vivo, Num: 4
PhoneType: 苹果, Num: 178
PhoneType: 荣耀, Num: 13
PhoneType: 华为, Num: 27
=====================================
cnt: 301
PhoneType: OPPO, Num: 5
PhoneType: IQOO, Num: 7
PhoneType: 三星, Num: 9
PhoneType: 小米, Num: 28
PhoneType: 真我, Num: 2
PhoneType: 红米, Num: 19
PhoneType: 苹果, Num: 187
PhoneType: 荣耀, Num: 13
PhoneType: 华为, Num: 28
PhoneType: 一加, Num: 10
PhoneType: 魅族, Num: 3
PhoneType: Vivo, Num: 4
=====================================
cnt: 315
PhoneType: 华为, Num: 28
PhoneType: 一加, Num: 10
PhoneType: 魅族, Num: 3
PhoneType: Vivo, Num: 4
PhoneType: 苹果, Num: 193
PhoneType: 荣耀, Num: 13
PhoneType: 三星, Num: 9
PhoneType: 小米, Num: 29
PhoneType: 真我, Num: 2
PhoneType: 红米, Num: 19
PhoneType: OPPO, Num: 5
PhoneType: IQOO, Num: 7
=====================================
cnt: 322
PhoneType: 一加, Num: 10
PhoneType: 魅族, Num: 3
PhoneType: Vivo, Num: 5
PhoneType: 苹果, Num: 199
PhoneType: 荣耀, Num: 13
PhoneType: 华为, Num: 28
PhoneType: 小米, Num: 29
PhoneType: 真我, Num: 2
PhoneType: 红米, Num: 22
PhoneType: OPPO, Num: 6
PhoneType: IQOO, Num: 7
PhoneType: 三星, Num: 9
=====================================
cnt: 333
PhoneType: 苹果, Num: 205
PhoneType: 荣耀, Num: 13
PhoneType: 华为, Num: 28
PhoneType: 一加, Num: 10
PhoneType: 魅族, Num: 3
PhoneType: Vivo, Num: 6
PhoneType: IQOO, Num: 8
PhoneType: 三星, Num: 10
PhoneType: 小米, Num: 30
PhoneType: 真我, Num: 2
PhoneType: 红米, Num: 24
PhoneType: OPPO, Num: 6
=====================================
cnt: 345
PhoneType: 三星, Num: 10
PhoneType: 小米, Num: 31
PhoneType: 真我, Num: 2
PhoneType: 红米, Num: 25
PhoneType: OPPO, Num: 6
PhoneType: IQOO, Num: 8
PhoneType: 华为, Num: 29
PhoneType: 一加, Num: 10
PhoneType: 魅族, Num: 3
PhoneType: Vivo, Num: 6
PhoneType: 苹果, Num: 211
PhoneType: 荣耀, Num: 13
=====================================
cnt: 354
PhoneType: 一加, Num: 10
PhoneType: 魅族, Num: 3
PhoneType: Vivo, Num: 6
PhoneType: 苹果, Num: 220
PhoneType: 荣耀, Num: 13
PhoneType: 华为, Num: 29
PhoneType: 小米, Num: 32
PhoneType: 真我, Num: 2
PhoneType: 红米, Num: 25
PhoneType: OPPO, Num: 7
PhoneType: IQOO, Num: 9
PhoneType: 三星, Num: 12
=====================================
cnt: 368
PhoneType: IQOO, Num: 9
PhoneType: 三星, Num: 12
PhoneType: 小米, Num: 32
PhoneType: 真我, Num: 2
PhoneType: 红米, Num: 25
PhoneType: OPPO, Num: 7
PhoneType: 荣耀, Num: 13
PhoneType: 华为, Num: 29
PhoneType: 一加, Num: 12
PhoneType: 魅族, Num: 3
PhoneType: Vivo, Num: 7
PhoneType: 苹果, Num: 224
=====================================
cnt: 375
PhoneType: 红米, Num: 25
PhoneType: OPPO, Num: 7
PhoneType: IQOO, Num: 9
PhoneType: 三星, Num: 12
PhoneType: 小米, Num: 35
PhoneType: 真我, Num: 2
PhoneType: Vivo, Num: 7
PhoneType: 苹果, Num: 230
PhoneType: 荣耀, Num: 13
PhoneType: 华为, Num: 31
PhoneType: 一加, Num: 13
PhoneType: 魅族, Num: 4
=====================================
cnt: 388
PhoneType: 三星, Num: 12
PhoneType: 小米, Num: 36
PhoneType: 真我, Num: 2
PhoneType: 红米, Num: 25
PhoneType: OPPO, Num: 7
PhoneType: IQOO, Num: 9
PhoneType: 华为, Num: 32
PhoneType: 一加, Num: 13
PhoneType: 魅族, Num: 4
PhoneType: Vivo, Num: 9
PhoneType: 苹果, Num: 237
PhoneType: 荣耀, Num: 13
=====================================
cnt: 399
PhoneType: IQOO, Num: 9
PhoneType: 三星, Num: 12
PhoneType: 小米, Num: 36
PhoneType: 真我, Num: 2
PhoneType: 红米, Num: 27
PhoneType: OPPO, Num: 7
PhoneType: 荣耀, Num: 14
PhoneType: 华为, Num: 33
PhoneType: 一加, Num: 15
PhoneType: 魅族, Num: 4
PhoneType: Vivo, Num: 10
PhoneType: 苹果, Num: 241
=====================================
cnt: 410
PhoneType: OPPO, Num: 7
PhoneType: IQOO, Num: 9
PhoneType: 三星, Num: 12
PhoneType: 小米, Num: 39
PhoneType: 真我, Num: 2
PhoneType: 红米, Num: 28
PhoneType: 苹果, Num: 243
PhoneType: 荣耀, Num: 15
PhoneType: 华为, Num: 33
PhoneType: 一加, Num: 15
PhoneType: 魅族, Num: 5
PhoneType: Vivo, Num: 10
=====================================
cnt: 418
PhoneType: 荣耀, Num: 15
PhoneType: 华为, Num: 33
PhoneType: 一加, Num: 17
PhoneType: 魅族, Num: 5
PhoneType: Vivo, Num: 10
PhoneType: 苹果, Num: 246
PhoneType: IQOO, Num: 9
PhoneType: 三星, Num: 12
PhoneType: 小米, Num: 40
PhoneType: 真我, Num: 2
PhoneType: 红米, Num: 28
PhoneType: OPPO, Num: 7
=====================================
cnt: 424
PhoneType: Vivo, Num: 10
PhoneType: 苹果, Num: 254
PhoneType: 荣耀, Num: 16
PhoneType: 华为, Num: 34
PhoneType: 一加, Num: 17
PhoneType: 魅族, Num: 5
PhoneType: 红米, Num: 28
PhoneType: OPPO, Num: 7
PhoneType: IQOO, Num: 9
PhoneType: 三星, Num: 12
PhoneType: 小米, Num: 41
PhoneType: 真我, Num: 2
=====================================
cnt: 435
PhoneType: 魅族, Num: 5
PhoneType: Vivo, Num: 10
PhoneType: 苹果, Num: 257
PhoneType: 荣耀, Num: 16
PhoneType: 华为, Num: 36
PhoneType: 一加, Num: 17
PhoneType: 真我, Num: 2
PhoneType: 红米, Num: 28
PhoneType: OPPO, Num: 7
PhoneType: IQOO, Num: 9
PhoneType: 三星, Num: 12
PhoneType: 小米, Num: 41
=====================================
cnt: 440
PhoneType: 苹果, Num: 264
PhoneType: 荣耀, Num: 16
PhoneType: 华为, Num: 36
PhoneType: 一加, Num: 17
PhoneType: 魅族, Num: 5
PhoneType: Vivo, Num: 10
PhoneType: IQOO, Num: 9
PhoneType: 三星, Num: 12
PhoneType: 小米, Num: 41
PhoneType: 真我, Num: 2
PhoneType: 红米, Num: 28
PhoneType: OPPO, Num: 7
=====================================
cnt: 447
PhoneType: 一加, Num: 17
PhoneType: 魅族, Num: 5
PhoneType: Vivo, Num: 11
PhoneType: 苹果, Num: 268
PhoneType: 荣耀, Num: 17
PhoneType: 华为, Num: 36
PhoneType: 小米, Num: 42
PhoneType: 真我, Num: 2
PhoneType: 红米, Num: 30
PhoneType: OPPO, Num: 8
PhoneType: IQOO, Num: 9
PhoneType: 三星, Num: 12
=====================================
cnt: 457
PhoneType: 苹果, Num: 273
PhoneType: 荣耀, Num: 17
PhoneType: 华为, Num: 39
PhoneType: 一加, Num: 17
PhoneType: 魅族, Num: 5
PhoneType: Vivo, Num: 11
PhoneType: IQOO, Num: 10
PhoneType: 三星, Num: 13
PhoneType: 小米, Num: 42
PhoneType: 真我, Num: 2
PhoneType: 红米, Num: 32
PhoneType: OPPO, Num: 9
=====================================
cnt: 470
PhoneType: 苹果, Num: 275
PhoneType: 荣耀, Num: 17
PhoneType: 华为, Num: 40
PhoneType: 一加, Num: 17
PhoneType: 魅族, Num: 5
PhoneType: Vivo, Num: 13
PhoneType: IQOO, Num: 10
PhoneType: 三星, Num: 13
PhoneType: 小米, Num: 42
PhoneType: 真我, Num: 2
PhoneType: 红米, Num: 32
PhoneType: OPPO, Num: 9
=====================================
cnt: 475
PhoneType: 魅族, Num: 5
PhoneType: Vivo, Num: 14
PhoneType: 苹果, Num: 277
PhoneType: 荣耀, Num: 18
PhoneType: 华为, Num: 40
PhoneType: 一加, Num: 17
PhoneType: 真我, Num: 2
PhoneType: 红米, Num: 33
PhoneType: OPPO, Num: 10
PhoneType: IQOO, Num: 10
PhoneType: 三星, Num: 14
PhoneType: 小米, Num: 43
=====================================
cnt: 483
PhoneType: 三星, Num: 14
PhoneType: 小米, Num: 44
PhoneType: 真我, Num: 2
PhoneType: 红米, Num: 33
PhoneType: OPPO, Num: 10
PhoneType: IQOO, Num: 10
PhoneType: 华为, Num: 41
PhoneType: 一加, Num: 17
PhoneType: 魅族, Num: 5
PhoneType: Vivo, Num: 14
PhoneType: 苹果, Num: 281
PhoneType: 荣耀, Num: 18
=====================================
cnt: 489
PhoneType: 三星, Num: 15
PhoneType: 小米, Num: 45
PhoneType: 真我, Num: 2
PhoneType: 红米, Num: 34
PhoneType: OPPO, Num: 10
PhoneType: IQOO, Num: 10
PhoneType: 华为, Num: 41
PhoneType: 一加, Num: 18
PhoneType: 魅族, Num: 5
PhoneType: Vivo, Num: 14
PhoneType: 苹果, Num: 289
PhoneType: 荣耀, Num: 18
=====================================
cnt: 501
PhoneType: 苹果, Num: 297
PhoneType: 荣耀, Num: 18
PhoneType: 华为, Num: 41
PhoneType: 一加, Num: 18
PhoneType: 魅族, Num: 5
PhoneType: Vivo, Num: 14
PhoneType: OPPO, Num: 10
PhoneType: IQOO, Num: 10
PhoneType: 三星, Num: 15
PhoneType: 小米, Num: 45
PhoneType: 真我, Num: 2
PhoneType: 红米, Num: 34
=====================================
cnt: 509
PhoneType: 小米, Num: 48
PhoneType: 真我, Num: 3
PhoneType: 红米, Num: 34
PhoneType: OPPO, Num: 10
PhoneType: IQOO, Num: 10
PhoneType: 三星, Num: 15
PhoneType: 一加, Num: 18
PhoneType: 魅族, Num: 5
PhoneType: Vivo, Num: 14
PhoneType: 苹果, Num: 302
PhoneType: 荣耀, Num: 18
PhoneType: 华为, Num: 42
=====================================
cnt: 519
PhoneType: 苹果, Num: 302
PhoneType: 荣耀, Num: 18
PhoneType: 华为, Num: 42
PhoneType: 一加, Num: 18
PhoneType: 魅族, Num: 5
PhoneType: Vivo, Num: 14
PhoneType: IQOO, Num: 10
PhoneType: 三星, Num: 15
PhoneType: 小米, Num: 48
PhoneType: 真我, Num: 3
PhoneType: 红米, Num: 34
PhoneType: OPPO, Num: 10
=====================================
cnt: 519
PhoneType: 魅族, Num: 5
PhoneType: Vivo, Num: 15
PhoneType: 苹果, Num: 305
PhoneType: 荣耀, Num: 18
PhoneType: 华为, Num: 42
PhoneType: 一加, Num: 18
PhoneType: 真我, Num: 3
PhoneType: 红米, Num: 34
PhoneType: OPPO, Num: 10
PhoneType: IQOO, Num: 11
PhoneType: 三星, Num: 15
PhoneType: 小米, Num: 48
=====================================
cnt: 524
PhoneType: 华为, Num: 42
PhoneType: 一加, Num: 19
PhoneType: 魅族, Num: 5
PhoneType: Vivo, Num: 15
PhoneType: 苹果, Num: 308
PhoneType: 荣耀, Num: 18
PhoneType: 三星, Num: 15
PhoneType: 小米, Num: 48
PhoneType: 真我, Num: 3
PhoneType: 红米, Num: 35
PhoneType: OPPO, Num: 10
PhoneType: IQOO, Num: 11
=====================================
cnt: 529
PhoneType: 魅族, Num: 5
PhoneType: Vivo, Num: 16
PhoneType: 苹果, Num: 312
PhoneType: 荣耀, Num: 18
PhoneType: 华为, Num: 42
PhoneType: 一加, Num: 19
PhoneType: 真我, Num: 4
PhoneType: 红米, Num: 36
PhoneType: OPPO, Num: 10
PhoneType: IQOO, Num: 11
PhoneType: 三星, Num: 15
PhoneType: 小米, Num: 51
=====================================
cnt: 539
PhoneType: 魅族, Num: 5
PhoneType: Vivo, Num: 16
PhoneType: 苹果, Num: 318
PhoneType: 荣耀, Num: 18
PhoneType: 华为, Num: 42
PhoneType: 一加, Num: 20
PhoneType: 真我, Num: 5
PhoneType: 红米, Num: 39
PhoneType: OPPO, Num: 10
PhoneType: IQOO, Num: 11
PhoneType: 三星, Num: 15
PhoneType: 小米, Num: 51
=====================================
cnt: 550
PhoneType: 真我, Num: 5
PhoneType: 红米, Num: 39
PhoneType: OPPO, Num: 10
PhoneType: IQOO, Num: 11
PhoneType: 三星, Num: 15
PhoneType: 小米, Num: 51
PhoneType: 魅族, Num: 6
PhoneType: Vivo, Num: 16
PhoneType: 苹果, Num: 324
PhoneType: 荣耀, Num: 18
PhoneType: 华为, Num: 44
PhoneType: 一加, Num: 20
=====================================
cnt: 559
PhoneType: 魅族, Num: 7
PhoneType: Vivo, Num: 16
PhoneType: 苹果, Num: 327
PhoneType: 荣耀, Num: 19
PhoneType: 华为, Num: 44
PhoneType: 一加, Num: 20
PhoneType: 真我, Num: 5
PhoneType: 红米, Num: 39
PhoneType: OPPO, Num: 10
PhoneType: IQOO, Num: 11
PhoneType: 三星, Num: 15
PhoneType: 小米, Num: 51
=====================================
cnt: 564
PhoneType: 华为, Num: 45
PhoneType: 一加, Num: 21
PhoneType: 魅族, Num: 7
PhoneType: Vivo, Num: 16
PhoneType: 苹果, Num: 331
PhoneType: 荣耀, Num: 19
PhoneType: 三星, Num: 15
PhoneType: 小米, Num: 51
PhoneType: 真我, Num: 5
PhoneType: 红米, Num: 41
PhoneType: OPPO, Num: 10
PhoneType: IQOO, Num: 11
=====================================
cnt: 572
PhoneType: IQOO, Num: 11
PhoneType: 三星, Num: 15
PhoneType: 小米, Num: 51
PhoneType: 真我, Num: 5
PhoneType: 红米, Num: 42
PhoneType: OPPO, Num: 10
PhoneType: 荣耀, Num: 19
PhoneType: 华为, Num: 45
PhoneType: 一加, Num: 21
PhoneType: 魅族, Num: 7
PhoneType: Vivo, Num: 16
PhoneType: 苹果, Num: 332
=====================================
cnt: 574
PhoneType: 红米, Num: 43
PhoneType: OPPO, Num: 10
PhoneType: IQOO, Num: 11
PhoneType: 三星, Num: 15
PhoneType: 小米, Num: 51
PhoneType: 真我, Num: 5
PhoneType: Vivo, Num: 16
PhoneType: 苹果, Num: 337
PhoneType: 荣耀, Num: 20
PhoneType: 华为, Num: 45
PhoneType: 一加, Num: 21
PhoneType: 魅族, Num: 7
=====================================
cnt: 581
PhoneType: 苹果, Num: 341
PhoneType: 荣耀, Num: 21
PhoneType: 华为, Num: 45
PhoneType: 一加, Num: 21
PhoneType: 魅族, Num: 7
PhoneType: Vivo, Num: 17
PhoneType: OPPO, Num: 10
PhoneType: IQOO, Num: 11
PhoneType: 三星, Num: 15
PhoneType: 小米, Num: 51
PhoneType: 真我, Num: 5
PhoneType: 红米, Num: 43
=====================================
cnt: 587
PhoneType: 一加, Num: 21
PhoneType: 魅族, Num: 7
PhoneType: Vivo, Num: 17
PhoneType: 苹果, Num: 343
PhoneType: 荣耀, Num: 21
PhoneType: 华为, Num: 45
PhoneType: 小米, Num: 51
PhoneType: 真我, Num: 5
PhoneType: 红米, Num: 43
PhoneType: OPPO, Num: 10
PhoneType: IQOO, Num: 11
PhoneType: 三星, Num: 16
=====================================
cnt: 590
PhoneType: OPPO, Num: 10
PhoneType: IQOO, Num: 11
PhoneType: 三星, Num: 16
PhoneType: 小米, Num: 52
PhoneType: 真我, Num: 5
PhoneType: 红米, Num: 44
PhoneType: 苹果, Num: 347
PhoneType: 荣耀, Num: 21
PhoneType: 华为, Num: 46
PhoneType: 一加, Num: 21
PhoneType: 魅族, Num: 7
PhoneType: Vivo, Num: 17
=====================================
cnt: 597
PhoneType: 一加, Num: 21
PhoneType: 魅族, Num: 7
PhoneType: Vivo, Num: 18
PhoneType: 苹果, Num: 355
PhoneType: 荣耀, Num: 21
PhoneType: 华为, Num: 46
PhoneType: 小米, Num: 52
PhoneType: 真我, Num: 5
PhoneType: 红米, Num: 45
PhoneType: OPPO, Num: 10
PhoneType: IQOO, Num: 11
PhoneType: 三星, Num: 16
=====================================
cnt: 607
PhoneType: 苹果, Num: 360
PhoneType: 荣耀, Num: 23
PhoneType: 华为, Num: 46
PhoneType: 一加, Num: 21
PhoneType: 魅族, Num: 7
PhoneType: Vivo, Num: 18
PhoneType: OPPO, Num: 10
PhoneType: IQOO, Num: 11
PhoneType: 三星, Num: 16
PhoneType: 小米, Num: 52
PhoneType: 真我, Num: 5
PhoneType: 红米, Num: 45
=====================================
cnt: 614
PhoneType: 真我, Num: 5
PhoneType: 红米, Num: 46
PhoneType: OPPO, Num: 10
PhoneType: IQOO, Num: 12
PhoneType: 三星, Num: 16
PhoneType: 小米, Num: 53
PhoneType: 魅族, Num: 7
PhoneType: Vivo, Num: 18
PhoneType: 苹果, Num: 366
PhoneType: 荣耀, Num: 23
PhoneType: 华为, Num: 46
PhoneType: 一加, Num: 21
=====================================
cnt: 623
PhoneType: 苹果, Num: 373
PhoneType: 荣耀, Num: 23
PhoneType: 华为, Num: 47
PhoneType: 一加, Num: 22
PhoneType: 魅族, Num: 7
PhoneType: Vivo, Num: 18
PhoneType: IQOO, Num: 12
PhoneType: 三星, Num: 16
PhoneType: 小米, Num: 53
PhoneType: 真我, Num: 5
PhoneType: 红米, Num: 46
PhoneType: OPPO, Num: 10
=====================================
cnt: 632
PhoneType: 红米, Num: 47
PhoneType: OPPO, Num: 10
PhoneType: IQOO, Num: 12
PhoneType: 三星, Num: 16
PhoneType: 小米, Num: 54
PhoneType: 真我, Num: 5
PhoneType: Vivo, Num: 18
PhoneType: 苹果, Num: 378
PhoneType: 荣耀, Num: 23
PhoneType: 华为, Num: 47
PhoneType: 一加, Num: 22
PhoneType: 魅族, Num: 7
=====================================
cnt: 639
PhoneType: IQOO, Num: 13
PhoneType: 三星, Num: 16
PhoneType: 小米, Num: 54
PhoneType: 真我, Num: 5
PhoneType: 红米, Num: 47
PhoneType: OPPO, Num: 10
PhoneType: 苹果, Num: 380
PhoneType: 荣耀, Num: 24
PhoneType: 华为, Num: 48
PhoneType: 一加, Num: 22
PhoneType: 魅族, Num: 7
PhoneType: Vivo, Num: 18
=====================================
cnt: 644
PhoneType: 一加, Num: 22
PhoneType: 魅族, Num: 7
PhoneType: Vivo, Num: 18
PhoneType: 苹果, Num: 382
PhoneType: 荣耀, Num: 24
PhoneType: 华为, Num: 48
PhoneType: 小米, Num: 55
PhoneType: 真我, Num: 5
PhoneType: 红米, Num: 47
PhoneType: OPPO, Num: 11
PhoneType: IQOO, Num: 13
PhoneType: 三星, Num: 16
=====================================
cnt: 648
PhoneType: 荣耀, Num: 24
PhoneType: 华为, Num: 48
PhoneType: 一加, Num: 22
PhoneType: 魅族, Num: 7
PhoneType: Vivo, Num: 18
PhoneType: 苹果, Num: 387
PhoneType: IQOO, Num: 13
PhoneType: 三星, Num: 16
PhoneType: 小米, Num: 56
PhoneType: 真我, Num: 5
PhoneType: 红米, Num: 48
PhoneType: OPPO, Num: 12
=====================================
cnt: 656
PhoneType: 苹果, Num: 389
PhoneType: 荣耀, Num: 24
PhoneType: 华为, Num: 49
PhoneType: 一加, Num: 23
PhoneType: 魅族, Num: 7
PhoneType: Vivo, Num: 18
PhoneType: IQOO, Num: 13
PhoneType: 三星, Num: 16
PhoneType: 小米, Num: 57
PhoneType: 真我, Num: 5
PhoneType: 红米, Num: 49
PhoneType: OPPO, Num: 14
=====================================
cnt: 664
PhoneType: 苹果, Num: 394
PhoneType: 荣耀, Num: 24
PhoneType: 华为, Num: 49
PhoneType: 一加, Num: 24
PhoneType: 魅族, Num: 7
PhoneType: Vivo, Num: 18
PhoneType: IQOO, Num: 13
PhoneType: 三星, Num: 16
PhoneType: 小米, Num: 58
PhoneType: 真我, Num: 5
PhoneType: 红米, Num: 50
PhoneType: OPPO, Num: 16
=====================================
cnt: 674
PhoneType: 一加, Num: 24
PhoneType: 魅族, Num: 7
PhoneType: Vivo, Num: 19
PhoneType: 苹果, Num: 398
PhoneType: 荣耀, Num: 25
PhoneType: 华为, Num: 51
PhoneType: 小米, Num: 58
PhoneType: 真我, Num: 5
PhoneType: 红米, Num: 50
PhoneType: OPPO, Num: 16
PhoneType: IQOO, Num: 13
PhoneType: 三星, Num: 16
=====================================
cnt: 682
PhoneType: 一加, Num: 24
PhoneType: 魅族, Num: 7
PhoneType: Vivo, Num: 19
PhoneType: 苹果, Num: 406
PhoneType: 荣耀, Num: 25
PhoneType: 华为, Num: 51
PhoneType: 小米, Num: 59
PhoneType: 真我, Num: 5
PhoneType: 红米, Num: 51
PhoneType: OPPO, Num: 16
PhoneType: IQOO, Num: 15
PhoneType: 三星, Num: 16
=====================================
cnt: 694
PhoneType: 红米, Num: 52
PhoneType: OPPO, Num: 16
PhoneType: IQOO, Num: 15
PhoneType: 三星, Num: 18
PhoneType: 小米, Num: 60
PhoneType: 真我, Num: 5
PhoneType: Vivo, Num: 19
PhoneType: 苹果, Num: 410
PhoneType: 荣耀, Num: 26
PhoneType: 华为, Num: 52
PhoneType: 一加, Num: 24
PhoneType: 魅族, Num: 7
=====================================
cnt: 704
PhoneType: 荣耀, Num: 26
PhoneType: 华为, Num: 53
PhoneType: 一加, Num: 24
PhoneType: 魅族, Num: 7
PhoneType: Vivo, Num: 19
PhoneType: 苹果, Num: 411
PhoneType: IQOO, Num: 15
PhoneType: 三星, Num: 18
PhoneType: 小米, Num: 61
PhoneType: 真我, Num: 5
PhoneType: 红米, Num: 52
PhoneType: OPPO, Num: 16
=====================================
cnt: 707
PhoneType: 魅族, Num: 7
PhoneType: Vivo, Num: 19
PhoneType: 苹果, Num: 415
PhoneType: 荣耀, Num: 26
PhoneType: 华为, Num: 53
PhoneType: 一加, Num: 24
PhoneType: 真我, Num: 5
PhoneType: 红米, Num: 52
PhoneType: OPPO, Num: 16
PhoneType: IQOO, Num: 15
PhoneType: 三星, Num: 18
PhoneType: 小米, Num: 61
=====================================
cnt: 711
PhoneType: 魅族, Num: 7
PhoneType: Vivo, Num: 19
PhoneType: 苹果, Num: 421
PhoneType: 荣耀, Num: 28
PhoneType: 华为, Num: 53
PhoneType: 一加, Num: 24
PhoneType: 真我, Num: 6
PhoneType: 红米, Num: 52
PhoneType: OPPO, Num: 16
PhoneType: IQOO, Num: 15
PhoneType: 三星, Num: 18
PhoneType: 小米, Num: 61
=====================================
cnt: 720
PhoneType: OPPO, Num: 16
PhoneType: IQOO, Num: 16
PhoneType: 三星, Num: 18
PhoneType: 小米, Num: 63
PhoneType: 真我, Num: 6
PhoneType: 红米, Num: 52
PhoneType: 苹果, Num: 423
PhoneType: 荣耀, Num: 29
PhoneType: 华为, Num: 54
PhoneType: 一加, Num: 25
PhoneType: 魅族, Num: 7
PhoneType: Vivo, Num: 19
=====================================
cnt: 728
PhoneType: IQOO, Num: 16
PhoneType: 三星, Num: 20
PhoneType: 小米, Num: 65
PhoneType: 真我, Num: 6
PhoneType: 红米, Num: 53
PhoneType: OPPO, Num: 16
PhoneType: 荣耀, Num: 29
PhoneType: 华为, Num: 55
PhoneType: 一加, Num: 25
PhoneType: 魅族, Num: 7
PhoneType: Vivo, Num: 19
PhoneType: 苹果, Num: 425
=====================================
cnt: 736
PhoneType: IQOO, Num: 16
PhoneType: 三星, Num: 20
PhoneType: 小米, Num: 65
PhoneType: 真我, Num: 6
PhoneType: 红米, Num: 54
PhoneType: OPPO, Num: 16
PhoneType: 苹果, Num: 429
PhoneType: 荣耀, Num: 30
PhoneType: 华为, Num: 55
PhoneType: 一加, Num: 26
PhoneType: 魅族, Num: 7
PhoneType: Vivo, Num: 19
=====================================
cnt: 743
PhoneType: 苹果, Num: 430
PhoneType: 荣耀, Num: 31
PhoneType: 华为, Num: 55
PhoneType: 一加, Num: 26
PhoneType: 魅族, Num: 7
PhoneType: Vivo, Num: 19
PhoneType: OPPO, Num: 16
PhoneType: IQOO, Num: 16
PhoneType: 三星, Num: 20
PhoneType: 小米, Num: 65
PhoneType: 真我, Num: 6
PhoneType: 红米, Num: 54
=====================================
cnt: 745
PhoneType: 小米, Num: 65
PhoneType: 真我, Num: 6
PhoneType: 红米, Num: 54
PhoneType: OPPO, Num: 17
PhoneType: IQOO, Num: 16
PhoneType: 三星, Num: 20
PhoneType: 一加, Num: 28
PhoneType: 魅族, Num: 7
PhoneType: Vivo, Num: 20
PhoneType: 苹果, Num: 434
PhoneType: 荣耀, Num: 31
PhoneType: 华为, Num: 55
=====================================
cnt: 753
PhoneType: 真我, Num: 6
PhoneType: 红米, Num: 55
PhoneType: OPPO, Num: 17
PhoneType: IQOO, Num: 16
PhoneType: 三星, Num: 20
PhoneType: 小米, Num: 65
PhoneType: 魅族, Num: 7
PhoneType: Vivo, Num: 20
PhoneType: 苹果, Num: 438
PhoneType: 荣耀, Num: 31
PhoneType: 华为, Num: 56
PhoneType: 一加, Num: 28
=====================================
cnt: 759
PhoneType: 魅族, Num: 7
PhoneType: Vivo, Num: 21
PhoneType: 苹果, Num: 442
PhoneType: 荣耀, Num: 31
PhoneType: 华为, Num: 56
PhoneType: 一加, Num: 28
PhoneType: 真我, Num: 6
PhoneType: 红米, Num: 56
PhoneType: OPPO, Num: 17
PhoneType: IQOO, Num: 16
PhoneType: 三星, Num: 20
PhoneType: 小米, Num: 65
=====================================
cnt: 765
PhoneType: 三星, Num: 20
PhoneType: 小米, Num: 65
PhoneType: 真我, Num: 6
PhoneType: 红米, Num: 56
PhoneType: OPPO, Num: 17
PhoneType: IQOO, Num: 16
PhoneType: 华为, Num: 56
PhoneType: 一加, Num: 28
PhoneType: 魅族, Num: 7
PhoneType: Vivo, Num: 22
PhoneType: 苹果, Num: 445
PhoneType: 荣耀, Num: 31
=====================================
cnt: 769
PhoneType: IQOO, Num: 17
PhoneType: 三星, Num: 20
PhoneType: 小米, Num: 65
PhoneType: 真我, Num: 6
PhoneType: 红米, Num: 56
PhoneType: OPPO, Num: 17
PhoneType: 荣耀, Num: 33
PhoneType: 华为, Num: 57
PhoneType: 一加, Num: 28
PhoneType: 魅族, Num: 7
PhoneType: Vivo, Num: 23
PhoneType: 苹果, Num: 449
=====================================
cnt: 778
PhoneType: 红米, Num: 57
PhoneType: OPPO, Num: 17
PhoneType: IQOO, Num: 17
PhoneType: 三星, Num: 20
PhoneType: 小米, Num: 65
PhoneType: 真我, Num: 6
PhoneType: Vivo, Num: 23
PhoneType: 苹果, Num: 455
PhoneType: 荣耀, Num: 33
PhoneType: 华为, Num: 58
PhoneType: 一加, Num: 28
PhoneType: 魅族, Num: 7
=====================================
cnt: 786
PhoneType: IQOO, Num: 17
PhoneType: 三星, Num: 21
PhoneType: 小米, Num: 66
PhoneType: 真我, Num: 6
PhoneType: 红米, Num: 57
PhoneType: OPPO, Num: 17
PhoneType: 苹果, Num: 462
PhoneType: 荣耀, Num: 33
PhoneType: 华为, Num: 60
PhoneType: 一加, Num: 28
PhoneType: 魅族, Num: 7
PhoneType: Vivo, Num: 23
=====================================
cnt: 797
PhoneType: 苹果, Num: 465
PhoneType: 荣耀, Num: 33
PhoneType: 华为, Num: 60
PhoneType: 一加, Num: 28
PhoneType: 魅族, Num: 7
PhoneType: Vivo, Num: 23
PhoneType: OPPO, Num: 17
PhoneType: IQOO, Num: 17
PhoneType: 三星, Num: 22
PhoneType: 小米, Num: 66
PhoneType: 真我, Num: 6
PhoneType: 红米, Num: 59
=====================================
cnt: 803
PhoneType: 荣耀, Num: 34
PhoneType: 华为, Num: 60
PhoneType: 一加, Num: 29
PhoneType: 魅族, Num: 7
PhoneType: Vivo, Num: 23
PhoneType: 苹果, Num: 467
PhoneType: IQOO, Num: 19
PhoneType: 三星, Num: 23
PhoneType: 小米, Num: 67
PhoneType: 真我, Num: 7
PhoneType: 红米, Num: 60
PhoneType: OPPO, Num: 17
=====================================
cnt: 813
PhoneType: 苹果, Num: 471
PhoneType: 荣耀, Num: 35
PhoneType: 华为, Num: 60
PhoneType: 一加, Num: 29
PhoneType: 魅族, Num: 7
PhoneType: Vivo, Num: 23
PhoneType: IQOO, Num: 19
PhoneType: 三星, Num: 23
PhoneType: 小米, Num: 67
PhoneType: 真我, Num: 7
PhoneType: 红米, Num: 62
PhoneType: OPPO, Num: 17
=====================================
cnt: 820
PhoneType: Vivo, Num: 23
PhoneType: 苹果, Num: 477
PhoneType: 荣耀, Num: 35
PhoneType: 华为, Num: 60
PhoneType: 一加, Num: 30
PhoneType: 魅族, Num: 7
PhoneType: 红米, Num: 62
PhoneType: OPPO, Num: 17
PhoneType: IQOO, Num: 19
PhoneType: 三星, Num: 23
PhoneType: 小米, Num: 68
PhoneType: 真我, Num: 7
=====================================
cnt: 828
PhoneType: 真我, Num: 7
PhoneType: 红米, Num: 62
PhoneType: OPPO, Num: 18
PhoneType: IQOO, Num: 19
PhoneType: 三星, Num: 23
PhoneType: 小米, Num: 68
PhoneType: 魅族, Num: 7
PhoneType: Vivo, Num: 24
PhoneType: 苹果, Num: 481
PhoneType: 荣耀, Num: 35
PhoneType: 华为, Num: 62
PhoneType: 一加, Num: 30
=====================================
cnt: 836
PhoneType: 苹果, Num: 485
PhoneType: 荣耀, Num: 36
PhoneType: 华为, Num: 62
PhoneType: 一加, Num: 30
PhoneType: 魅族, Num: 7
PhoneType: Vivo, Num: 24
PhoneType: IQOO, Num: 19
PhoneType: 三星, Num: 23
PhoneType: 小米, Num: 70
PhoneType: 真我, Num: 7
PhoneType: 红米, Num: 64
PhoneType: OPPO, Num: 18
=====================================
cnt: 845
PhoneType: 三星, Num: 23
PhoneType: 小米, Num: 70
PhoneType: 真我, Num: 7
PhoneType: 红米, Num: 64
PhoneType: OPPO, Num: 18
PhoneType: IQOO, Num: 19
PhoneType: 华为, Num: 62
PhoneType: 一加, Num: 31
PhoneType: 魅族, Num: 7
PhoneType: Vivo, Num: 24
PhoneType: 苹果, Num: 490
PhoneType: 荣耀, Num: 36
=====================================
cnt: 851
PhoneType: 红米, Num: 66
PhoneType: OPPO, Num: 18
PhoneType: IQOO, Num: 19
PhoneType: 三星, Num: 23
PhoneType: 小米, Num: 71
PhoneType: 真我, Num: 7
PhoneType: Vivo, Num: 24
PhoneType: 苹果, Num: 494
PhoneType: 荣耀, Num: 36
PhoneType: 华为, Num: 64
PhoneType: 一加, Num: 31
PhoneType: 魅族, Num: 7
=====================================
cnt: 860
PhoneType: IQOO, Num: 19
PhoneType: 三星, Num: 23
PhoneType: 小米, Num: 72
PhoneType: 真我, Num: 7
PhoneType: 红米, Num: 66
PhoneType: OPPO, Num: 19
PhoneType: 苹果, Num: 498
PhoneType: 荣耀, Num: 36
PhoneType: 华为, Num: 65
PhoneType: 一加, Num: 31
PhoneType: 魅族, Num: 7
PhoneType: Vivo, Num: 24
=====================================
cnt: 867
PhoneType: IQOO, Num: 19
PhoneType: 三星, Num: 23
PhoneType: 小米, Num: 75
PhoneType: 真我, Num: 8
PhoneType: 红米, Num: 67
PhoneType: OPPO, Num: 19
PhoneType: 苹果, Num: 500
PhoneType: 荣耀, Num: 36
PhoneType: 华为, Num: 65
PhoneType: 一加, Num: 32
PhoneType: 魅族, Num: 7
PhoneType: Vivo, Num: 25
=====================================
cnt: 876
PhoneType: 三星, Num: 23
PhoneType: 小米, Num: 75
PhoneType: 真我, Num: 8
PhoneType: 红米, Num: 67
PhoneType: OPPO, Num: 19
PhoneType: IQOO, Num: 20
PhoneType: 华为, Num: 65
PhoneType: 一加, Num: 32
PhoneType: 魅族, Num: 7
PhoneType: Vivo, Num: 26
PhoneType: 苹果, Num: 506
PhoneType: 荣耀, Num: 37
=====================================
cnt: 885
PhoneType: 华为, Num: 65
PhoneType: 一加, Num: 32
PhoneType: 魅族, Num: 7
PhoneType: Vivo, Num: 26
PhoneType: 苹果, Num: 507
PhoneType: 荣耀, Num: 37
PhoneType: 三星, Num: 24
PhoneType: 小米, Num: 75
PhoneType: 真我, Num: 8
PhoneType: 红米, Num: 68
PhoneType: OPPO, Num: 20
PhoneType: IQOO, Num: 20
=====================================
cnt: 889
PhoneType: Vivo, Num: 26
PhoneType: 苹果, Num: 508
PhoneType: 荣耀, Num: 37
PhoneType: 华为, Num: 65
PhoneType: 一加, Num: 32
PhoneType: 魅族, Num: 7
PhoneType: 红米, Num: 68
PhoneType: OPPO, Num: 20
PhoneType: IQOO, Num: 20
PhoneType: 三星, Num: 24
PhoneType: 小米, Num: 77
PhoneType: 真我, Num: 8
=====================================
cnt: 892
PhoneType: 一加, Num: 32
PhoneType: 魅族, Num: 7
PhoneType: Vivo, Num: 26
PhoneType: 苹果, Num: 512
PhoneType: 荣耀, Num: 38
PhoneType: 华为, Num: 65
PhoneType: 小米, Num: 77
PhoneType: 真我, Num: 8
PhoneType: 红米, Num: 68
PhoneType: OPPO, Num: 20
PhoneType: IQOO, Num: 21
PhoneType: 三星, Num: 24
=====================================
cnt: 898
PhoneType: IQOO, Num: 22
PhoneType: 三星, Num: 24
PhoneType: 小米, Num: 77
PhoneType: 真我, Num: 8
PhoneType: 红米, Num: 68
PhoneType: OPPO, Num: 20
PhoneType: 荣耀, Num: 38
PhoneType: 华为, Num: 65
PhoneType: 一加, Num: 32
PhoneType: 魅族, Num: 7
PhoneType: Vivo, Num: 26
PhoneType: 苹果, Num: 516
=====================================
cnt: 903
PhoneType: 三星, Num: 24
PhoneType: 小米, Num: 78
PhoneType: 真我, Num: 8
PhoneType: 红米, Num: 68
PhoneType: OPPO, Num: 20
PhoneType: IQOO, Num: 22
PhoneType: 华为, Num: 66
PhoneType: 一加, Num: 32
PhoneType: 魅族, Num: 7
PhoneType: Vivo, Num: 27
PhoneType: 苹果, Num: 518
PhoneType: 荣耀, Num: 38
=====================================
cnt: 908
PhoneType: 三星, Num: 24
PhoneType: 小米, Num: 80
PhoneType: 真我, Num: 8
PhoneType: 红米, Num: 68
PhoneType: OPPO, Num: 20
PhoneType: IQOO, Num: 22
PhoneType: 华为, Num: 67
PhoneType: 一加, Num: 32
PhoneType: 魅族, Num: 7
PhoneType: Vivo, Num: 27
PhoneType: 苹果, Num: 522
PhoneType: 荣耀, Num: 39
=====================================
cnt: 916
PhoneType: 华为, Num: 67
PhoneType: 一加, Num: 32
PhoneType: 魅族, Num: 8
PhoneType: Vivo, Num: 27
PhoneType: 苹果, Num: 526
PhoneType: 荣耀, Num: 40
PhoneType: 三星, Num: 25
PhoneType: 小米, Num: 80
PhoneType: 真我, Num: 8
PhoneType: 红米, Num: 68
PhoneType: OPPO, Num: 20
PhoneType: IQOO, Num: 22
=====================================
cnt: 923
PhoneType: 魅族, Num: 8
PhoneType: Vivo, Num: 27
PhoneType: 苹果, Num: 532
PhoneType: 荣耀, Num: 40
PhoneType: 华为, Num: 67
PhoneType: 一加, Num: 32
PhoneType: 真我, Num: 8
PhoneType: 红米, Num: 68
PhoneType: OPPO, Num: 20
PhoneType: IQOO, Num: 23
PhoneType: 三星, Num: 25
PhoneType: 小米, Num: 83
=====================================
cnt: 933
PhoneType: 小米, Num: 85
PhoneType: 真我, Num: 9
PhoneType: 红米, Num: 68
PhoneType: OPPO, Num: 20
PhoneType: IQOO, Num: 23
PhoneType: 三星, Num: 25
PhoneType: 一加, Num: 32
PhoneType: 魅族, Num: 8
PhoneType: Vivo, Num: 27
PhoneType: 苹果, Num: 533
PhoneType: 荣耀, Num: 40
PhoneType: 华为, Num: 67
=====================================
cnt: 937
PhoneType: 苹果, Num: 537
PhoneType: 荣耀, Num: 41
PhoneType: 华为, Num: 67
PhoneType: 一加, Num: 32
PhoneType: 魅族, Num: 8
PhoneType: Vivo, Num: 27
PhoneType: IQOO, Num: 23
PhoneType: 三星, Num: 25
PhoneType: 小米, Num: 85
PhoneType: 真我, Num: 9
PhoneType: 红米, Num: 69
PhoneType: OPPO, Num: 20
=====================================
cnt: 943
PhoneType: 三星, Num: 25
PhoneType: 小米, Num: 86
PhoneType: 真我, Num: 9
PhoneType: 红米, Num: 69
PhoneType: OPPO, Num: 20
PhoneType: IQOO, Num: 23
PhoneType: 华为, Num: 68
PhoneType: 一加, Num: 32
PhoneType: 魅族, Num: 8
PhoneType: Vivo, Num: 27
PhoneType: 苹果, Num: 541
PhoneType: 荣耀, Num: 41
=====================================
cnt: 949
PhoneType: IQOO, Num: 23
PhoneType: 三星, Num: 25
PhoneType: 小米, Num: 86
PhoneType: 真我, Num: 9
PhoneType: 红米, Num: 70
PhoneType: OPPO, Num: 20
PhoneType: 苹果, Num: 546
PhoneType: 荣耀, Num: 41
PhoneType: 华为, Num: 69
PhoneType: 一加, Num: 32
PhoneType: 魅族, Num: 8
PhoneType: Vivo, Num: 27
=====================================
cnt: 956
PhoneType: IQOO, Num: 23
PhoneType: 三星, Num: 25
PhoneType: 小米, Num: 86
PhoneType: 真我, Num: 9
PhoneType: 红米, Num: 70
PhoneType: OPPO, Num: 20
PhoneType: 苹果, Num: 550
PhoneType: 荣耀, Num: 41
PhoneType: 华为, Num: 69
PhoneType: 一加, Num: 32
PhoneType: 魅族, Num: 8
PhoneType: Vivo, Num: 27
=====================================
cnt: 960
PhoneType: IQOO, Num: 23
PhoneType: 三星, Num: 25
PhoneType: 小米, Num: 87
PhoneType: 真我, Num: 9
PhoneType: 红米, Num: 72
PhoneType: OPPO, Num: 20
PhoneType: 苹果, Num: 552
PhoneType: 荣耀, Num: 41
PhoneType: 华为, Num: 69
PhoneType: 一加, Num: 32
PhoneType: 魅族, Num: 8
PhoneType: Vivo, Num: 27
=====================================
cnt: 965
PhoneType: 荣耀, Num: 41
PhoneType: 华为, Num: 69
PhoneType: 一加, Num: 32
PhoneType: 魅族, Num: 8
PhoneType: Vivo, Num: 27
PhoneType: 苹果, Num: 555
PhoneType: IQOO, Num: 23
PhoneType: 三星, Num: 25
PhoneType: 小米, Num: 88
PhoneType: 真我, Num: 9
PhoneType: 红米, Num: 73
PhoneType: OPPO, Num: 21
=====================================
cnt: 971
PhoneType: 三星, Num: 25
PhoneType: 小米, Num: 88
PhoneType: 真我, Num: 9
PhoneType: 红米, Num: 74
PhoneType: OPPO, Num: 22
PhoneType: IQOO, Num: 23
PhoneType: 华为, Num: 69
PhoneType: 一加, Num: 32
PhoneType: 魅族, Num: 8
PhoneType: Vivo, Num: 27
PhoneType: 苹果, Num: 558
PhoneType: 荣耀, Num: 41
=====================================
cnt: 976
PhoneType: IQOO, Num: 23
PhoneType: 三星, Num: 25
PhoneType: 小米, Num: 88
PhoneType: 真我, Num: 10
PhoneType: 红米, Num: 74
PhoneType: OPPO, Num: 22
PhoneType: 苹果, Num: 561
PhoneType: 荣耀, Num: 41
PhoneType: 华为, Num: 70
PhoneType: 一加, Num: 33
PhoneType: 魅族, Num: 8
PhoneType: Vivo, Num: 27
=====================================
cnt: 982
PhoneType: OPPO, Num: 22
PhoneType: IQOO, Num: 23
PhoneType: 三星, Num: 25
PhoneType: 小米, Num: 88
PhoneType: 真我, Num: 10
PhoneType: 红米, Num: 74
PhoneType: 苹果, Num: 562
PhoneType: 荣耀, Num: 41
PhoneType: 华为, Num: 70
PhoneType: 一加, Num: 34
PhoneType: 魅族, Num: 8
PhoneType: Vivo, Num: 27
=====================================
cnt: 984
PhoneType: 苹果, Num: 566
PhoneType: 荣耀, Num: 41
PhoneType: 华为, Num: 71
PhoneType: 一加, Num: 34
PhoneType: 魅族, Num: 8
PhoneType: Vivo, Num: 27
PhoneType: OPPO, Num: 22
PhoneType: IQOO, Num: 23
PhoneType: 三星, Num: 25
PhoneType: 小米, Num: 89
PhoneType: 真我, Num: 10
PhoneType: 红米, Num: 74
=====================================
cnt: 990
PhoneType: 真我, Num: 10
PhoneType: 红米, Num: 74
PhoneType: OPPO, Num: 22
PhoneType: IQOO, Num: 23
PhoneType: 三星, Num: 25
PhoneType: 小米, Num: 89
PhoneType: 魅族, Num: 8
PhoneType: Vivo, Num: 27
PhoneType: 苹果, Num: 570
PhoneType: 荣耀, Num: 42
PhoneType: 华为, Num: 71
PhoneType: 一加, Num: 34
=====================================
cnt: 995
PhoneType: OPPO, Num: 22
PhoneType: IQOO, Num: 23
PhoneType: 三星, Num: 25
PhoneType: 小米, Num: 91
PhoneType: 真我, Num: 10
PhoneType: 红米, Num: 74
PhoneType: 苹果, Num: 573
PhoneType: 荣耀, Num: 42
PhoneType: 华为, Num: 73
PhoneType: 一加, Num: 35
PhoneType: 魅族, Num: 8
PhoneType: Vivo, Num: 27
=====================================
cnt: 1003
