统计中...
PhoneType: 三星, Num: 1
PhoneType: 华为, Num: 2
PhoneType: IQOO, Num: 1
PhoneType: 未知Android设备, Num: 2
PhoneType: 苹果, Num: 4
PhoneType: 荣耀, Num: 1
PhoneType: 小米, Num: 1
PhoneType: 红米, Num: 2
cnt: 14
=====================================
统计中...
PhoneType: 红米, Num: 3
PhoneType: 未知Android设备, Num: 3
PhoneType: 苹果, Num: 10
PhoneType: 荣耀, Num: 3
PhoneType: 小米, Num: 1
PhoneType: IQOO, Num: 1
PhoneType: 三星, Num: 1
PhoneType: 华为, Num: 6
cnt: 28
=====================================
统计中...
PhoneType: 荣耀, Num: 4
PhoneType: 小米, Num: 1
PhoneType: 一加, Num: 1
PhoneType: IQOO, Num: 1
PhoneType: 未知Android设备, Num: 4
PhoneType: OPPO, Num: 1
PhoneType: 苹果, Num: 19
PhoneType: 红米, Num: 4
PhoneType: 三星, Num: 2
PhoneType: 华为, Num: 7
cnt: 44
=====================================
统计中...
PhoneType: OPPO, Num: 1
PhoneType: 苹果, Num: 26
PhoneType: 红米, Num: 4
PhoneType: 未知Android设备, Num: 4
PhoneType: 三星, Num: 2
PhoneType: 华为, Num: 11
PhoneType: 荣耀, Num: 4
PhoneType: 小米, Num: 3
PhoneType: 一加, Num: 2
PhoneType: IQOO, Num: 1
cnt: 58
=====================================
统计中...
PhoneType: 苹果, Num: 32
PhoneType: 红米, Num: 5
PhoneType: 未知Android设备, Num: 5
PhoneType: OPPO, Num: 2
PhoneType: 三星, Num: 2
PhoneType: 华为, Num: 12
PhoneType: 荣耀, Num: 5
PhoneType: 小米, Num: 5
PhoneType: IQOO, Num: 1
PhoneType: 一加, Num: 2
cnt: 71
=====================================
统计中...
PhoneType: 荣耀, Num: 6
PhoneType: 小米, Num: 5
PhoneType: IQOO, Num: 2
PhoneType: 一加, Num: 2
PhoneType: 苹果, Num: 39
PhoneType: 红米, Num: 5
PhoneType: 未知Android设备, Num: 5
PhoneType: OPPO, Num: 2
PhoneType: 三星, Num: 4
PhoneType: 华为, Num: 14
cnt: 84
=====================================
统计中...
PhoneType: 三星, Num: 4
PhoneType: 华为, Num: 16
PhoneType: 荣耀, Num: 8
PhoneType: 小米, Num: 5
PhoneType: 一加, Num: 2
PhoneType: IQOO, Num: 2
PhoneType: OPPO, Num: 3
PhoneType: 苹果, Num: 41
PhoneType: 红米, Num: 6
PhoneType: 未知Android设备, Num: 5
cnt: 92
=====================================
统计中...
PhoneType: 荣耀, Num: 9
PhoneType: 小米, Num: 6
PhoneType: 一加, Num: 2
PhoneType: IQOO, Num: 2
PhoneType: 红米, Num: 7
PhoneType: 未知Android设备, Num: 6
PhoneType: OPPO, Num: 3
PhoneType: 苹果, Num: 44
PhoneType: 华为, Num: 18
PhoneType: 三星, Num: 4
cnt: 101
=====================================
统计中...
PhoneType: IQOO, Num: 2
PhoneType: 一加, Num: 2
PhoneType: 苹果, Num: 50
PhoneType: 红米, Num: 8
PhoneType: 未知Android设备, Num: 6
PhoneType: OPPO, Num: 4
PhoneType: 三星, Num: 4
PhoneType: 华为, Num: 20
PhoneType: 荣耀, Num: 11
PhoneType: 小米, Num: 6
cnt: 113
=====================================
统计中...
PhoneType: 苹果, Num: 53
PhoneType: 红米, Num: 11
PhoneType: 未知Android设备, Num: 7
PhoneType: OPPO, Num: 5
PhoneType: 三星, Num: 4
PhoneType: 华为, Num: 21
PhoneType: 荣耀, Num: 12
PhoneType: 小米, Num: 7
PhoneType: IQOO, Num: 4
PhoneType: 一加, Num: 2
cnt: 126
=====================================
统计中...
PhoneType: 荣耀, Num: 13
PhoneType: 小米, Num: 8
PhoneType: IQOO, Num: 6
PhoneType: 一加, Num: 2
PhoneType: 苹果, Num: 57
PhoneType: 红米, Num: 12
PhoneType: 未知Android设备, Num: 7
PhoneType: OPPO, Num: 5
PhoneType: 三星, Num: 4
PhoneType: 华为, Num: 24
cnt: 138
=====================================
统计中...
PhoneType: IQOO, Num: 7
PhoneType: 一加, Num: 2
PhoneType: 红米, Num: 12
PhoneType: 未知Android设备, Num: 7
PhoneType: OPPO, Num: 5
PhoneType: Vivo, Num: 1
PhoneType: 苹果, Num: 61
PhoneType: 三星, Num: 4
PhoneType: 华为, Num: 26
PhoneType: 小米, Num: 8
PhoneType: 荣耀, Num: 13
cnt: 146
=====================================
统计中...
PhoneType: 荣耀, Num: 15
PhoneType: 小米, Num: 8
PhoneType: 一加, Num: 2
PhoneType: IQOO, Num: 7
PhoneType: 未知Android设备, Num: 8
PhoneType: OPPO, Num: 5
PhoneType: Vivo, Num: 1
PhoneType: 苹果, Num: 65
PhoneType: 红米, Num: 13
PhoneType: 三星, Num: 5
PhoneType: 华为, Num: 27
cnt: 156
=====================================
统计中...
PhoneType: 一加, Num: 2
PhoneType: IQOO, Num: 7
PhoneType: OPPO, Num: 7
PhoneType: Vivo, Num: 1
PhoneType: 苹果, Num: 71
PhoneType: 红米, Num: 13
PhoneType: 未知Android设备, Num: 9
PhoneType: 三星, Num: 5
PhoneType: 华为, Num: 28
PhoneType: 荣耀, Num: 15
PhoneType: 小米, Num: 8
cnt: 166
=====================================
统计中...
PhoneType: 三星, Num: 5
PhoneType: 华为, Num: 30
PhoneType: 荣耀, Num: 17
PhoneType: 小米, Num: 8
PhoneType: 真我, Num: 1
PhoneType: IQOO, Num: 7
PhoneType: 一加, Num: 2
PhoneType: Vivo, Num: 1
PhoneType: 苹果, Num: 76
PhoneType: 红米, Num: 13
PhoneType: 未知Android设备, Num: 10
PhoneType: OPPO, Num: 7
cnt: 177
=====================================
统计中...
PhoneType: 荣耀, Num: 18
PhoneType: 小米, Num: 8
PhoneType: 真我, Num: 1
PhoneType: 一加, Num: 3
PhoneType: IQOO, Num: 7
PhoneType: OPPO, Num: 8
PhoneType: Vivo, Num: 1
PhoneType: 苹果, Num: 81
PhoneType: 红米, Num: 13
PhoneType: 未知Android设备, Num: 10
PhoneType: 三星, Num: 5
PhoneType: 华为, Num: 30
cnt: 185
=====================================
统计中...
PhoneType: 三星, Num: 5
PhoneType: 华为, Num: 30
PhoneType: 荣耀, Num: 18
PhoneType: 小米, Num: 9
PhoneType: 真我, Num: 1
PhoneType: 一加, Num: 3
PhoneType: IQOO, Num: 7
PhoneType: OPPO, Num: 8
PhoneType: Vivo, Num: 1
PhoneType: 苹果, Num: 85
PhoneType: 红米, Num: 15
PhoneType: 未知Android设备, Num: 11
cnt: 193
=====================================
统计中...
PhoneType: 苹果, Num: 93
PhoneType: 红米, Num: 15
PhoneType: 未知Android设备, Num: 11
PhoneType: OPPO, Num: 8
PhoneType: Vivo, Num: 1
PhoneType: 三星, Num: 6
PhoneType: 华为, Num: 31
PhoneType: 荣耀, Num: 18
PhoneType: 小米, Num: 10
PhoneType: 真我, Num: 1
PhoneType: IQOO, Num: 8
PhoneType: 一加, Num: 3
cnt: 205
=====================================
统计中...
PhoneType: 未知Android设备, Num: 11
PhoneType: OPPO, Num: 9
PhoneType: Vivo, Num: 1
PhoneType: 苹果, Num: 97
PhoneType: 红米, Num: 15
PhoneType: 三星, Num: 6
PhoneType: 华为, Num: 31
PhoneType: 荣耀, Num: 18
PhoneType: 小米, Num: 12
PhoneType: 真我, Num: 1
PhoneType: 一加, Num: 3
PhoneType: IQOO, Num: 8
cnt: 212
=====================================
统计中...
PhoneType: IQOO, Num: 8
PhoneType: 一加, Num: 4
PhoneType: 苹果, Num: 100
PhoneType: 红米, Num: 15
PhoneType: 未知Android设备, Num: 11
PhoneType: OPPO, Num: 9
PhoneType: Vivo, Num: 1
PhoneType: 三星, Num: 6
PhoneType: 华为, Num: 32
PhoneType: 荣耀, Num: 18
PhoneType: 小米, Num: 13
PhoneType: 真我, Num: 1
cnt: 218
=====================================
统计中...
PhoneType: 荣耀, Num: 19
PhoneType: 小米, Num: 14
PhoneType: 真我, Num: 1
PhoneType: 一加, Num: 4
PhoneType: IQOO, Num: 8
PhoneType: OPPO, Num: 9
PhoneType: Vivo, Num: 1
PhoneType: 苹果, Num: 107
PhoneType: 红米, Num: 15
PhoneType: 未知Android设备, Num: 11
PhoneType: 三星, Num: 7
PhoneType: 华为, Num: 33
cnt: 229
=====================================
统计中...
PhoneType: 三星, Num: 7
PhoneType: 华为, Num: 34
PhoneType: 荣耀, Num: 20
PhoneType: 小米, Num: 14
PhoneType: 真我, Num: 1
PhoneType: 一加, Num: 4
PhoneType: IQOO, Num: 10
PhoneType: 未知Android设备, Num: 11
PhoneType: OPPO, Num: 9
PhoneType: Vivo, Num: 1
PhoneType: 苹果, Num: 113
PhoneType: 红米, Num: 16
cnt: 240
=====================================
统计中...
PhoneType: 小米, Num: 15
PhoneType: 真我, Num: 1
PhoneType: 荣耀, Num: 21
PhoneType: IQOO, Num: 10
PhoneType: 一加, Num: 4
PhoneType: 红米, Num: 16
PhoneType: 未知Android设备, Num: 12
PhoneType: OPPO, Num: 10
PhoneType: Vivo, Num: 1
PhoneType: 苹果, Num: 118
PhoneType: 三星, Num: 7
PhoneType: 华为, Num: 35
cnt: 250
=====================================
统计中...
PhoneType: 苹果, Num: 122
PhoneType: 小米, Num: 16
PhoneType: 真我, Num: 1
PhoneType: IQOO, Num: 10
PhoneType: 一加, Num: 4
PhoneType: 努比亚, Num: 1
PhoneType: 红米, Num: 17
PhoneType: 未知Android设备, Num: 12
PhoneType: OPPO, Num: 10
PhoneType: Vivo, Num: 2
PhoneType: 三星, Num: 7
PhoneType: 华为, Num: 36
PhoneType: 荣耀, Num: 21
cnt: 259
=====================================
统计中...
PhoneType: 红米, Num: 17
PhoneType: 未知Android设备, Num: 14
PhoneType: OPPO, Num: 11
PhoneType: Vivo, Num: 4
PhoneType: 三星, Num: 7
PhoneType: 华为, Num: 40
PhoneType: 荣耀, Num: 21
PhoneType: 苹果, Num: 123
PhoneType: 小米, Num: 16
PhoneType: 真我, Num: 1
PhoneType: 努比亚, Num: 1
PhoneType: IQOO, Num: 10
PhoneType: 一加, Num: 4
cnt: 269
=====================================
统计中...
PhoneType: 苹果, Num: 124
PhoneType: 小米, Num: 16
PhoneType: 真我, Num: 1
PhoneType: IQOO, Num: 10
PhoneType: 一加, Num: 5
PhoneType: 努比亚, Num: 1
PhoneType: 红米, Num: 17
PhoneType: 未知Android设备, Num: 14
PhoneType: OPPO, Num: 12
PhoneType: Vivo, Num: 4
PhoneType: 三星, Num: 7
PhoneType: 华为, Num: 44
PhoneType: 荣耀, Num: 21
cnt: 276
=====================================
统计中...
PhoneType: 小米, Num: 16
PhoneType: 真我, Num: 1
PhoneType: 一加, Num: 6
PhoneType: 努比亚, Num: 1
PhoneType: IQOO, Num: 10
PhoneType: Vivo, Num: 4
PhoneType: 红米, Num: 17
PhoneType: 未知Android设备, Num: 14
PhoneType: OPPO, Num: 12
PhoneType: 三星, Num: 7
PhoneType: 华为, Num: 44
PhoneType: 荣耀, Num: 23
PhoneType: 苹果, Num: 124
cnt: 279
=====================================
统计中...
PhoneType: 小米, Num: 18
PhoneType: 真我, Num: 1
PhoneType: IQOO, Num: 10
PhoneType: 一加, Num: 6
PhoneType: 努比亚, Num: 1
PhoneType: 红米, Num: 18
PhoneType: 未知Android设备, Num: 14
PhoneType: OPPO, Num: 12
PhoneType: Vivo, Num: 6
PhoneType: 三星, Num: 8
PhoneType: 华为, Num: 46
PhoneType: 荣耀, Num: 24
PhoneType: 苹果, Num: 125
cnt: 289
=====================================
统计中...
PhoneType: 小米, Num: 18
PhoneType: 真我, Num: 1
PhoneType: IQOO, Num: 10
PhoneType: 一加, Num: 7
PhoneType: 努比亚, Num: 1
PhoneType: 红米, Num: 19
PhoneType: 未知Android设备, Num: 14
PhoneType: OPPO, Num: 12
PhoneType: Vivo, Num: 6
PhoneType: 三星, Num: 9
PhoneType: 华为, Num: 47
PhoneType: 荣耀, Num: 26
PhoneType: 苹果, Num: 127
cnt: 297
=====================================
统计中...
PhoneType: 红米, Num: 19
PhoneType: 未知Android设备, Num: 15
PhoneType: OPPO, Num: 13
PhoneType: Vivo, Num: 6
PhoneType: 三星, Num: 9
PhoneType: 华为, Num: 49
PhoneType: 荣耀, Num: 26
PhoneType: 苹果, Num: 129
PhoneType: 魅族, Num: 1
PhoneType: 小米, Num: 18
PhoneType: 真我, Num: 1
PhoneType: IQOO, Num: 10
PhoneType: 一加, Num: 7
PhoneType: 努比亚, Num: 1
cnt: 304
=====================================
统计中...
PhoneType: 三星, Num: 10
PhoneType: 华为, Num: 50
PhoneType: 荣耀, Num: 26
PhoneType: 苹果, Num: 131
PhoneType: 魅族, Num: 1
PhoneType: 小米, Num: 20
PhoneType: 真我, Num: 1
PhoneType: IQOO, Num: 10
PhoneType: 一加, Num: 8
PhoneType: 努比亚, Num: 1
PhoneType: 红米, Num: 19
PhoneType: 未知Android设备, Num: 15
PhoneType: OPPO, Num: 14
PhoneType: Vivo, Num: 6
cnt: 312
=====================================
统计中...
PhoneType: 红米, Num: 21
PhoneType: 未知Android设备, Num: 15
PhoneType: OPPO, Num: 16
PhoneType: Vivo, Num: 6
PhoneType: 三星, Num: 10
PhoneType: 华为, Num: 51
PhoneType: 荣耀, Num: 26
PhoneType: 苹果, Num: 132
PhoneType: 魅族, Num: 1
PhoneType: 小米, Num: 20
PhoneType: 真我, Num: 1
PhoneType: IQOO, Num: 10
PhoneType: 一加, Num: 8
PhoneType: 努比亚, Num: 1
cnt: 318
=====================================
统计中...
PhoneType: 红米, Num: 21
PhoneType: 未知Android设备, Num: 15
PhoneType: OPPO, Num: 17
PhoneType: Vivo, Num: 6
PhoneType: 三星, Num: 10
PhoneType: 华为, Num: 52
PhoneType: 荣耀, Num: 26
PhoneType: 苹果, Num: 134
PhoneType: 魅族, Num: 1
PhoneType: 小米, Num: 21
PhoneType: 真我, Num: 1
PhoneType: IQOO, Num: 10
PhoneType: 一加, Num: 8
PhoneType: 努比亚, Num: 1
cnt: 323
=====================================
统计中...
PhoneType: 红米, Num: 21
PhoneType: 未知Android设备, Num: 15
PhoneType: OPPO, Num: 17
PhoneType: Vivo, Num: 6
PhoneType: 三星, Num: 10
PhoneType: 华为, Num: 53
PhoneType: 荣耀, Num: 26
PhoneType: 苹果, Num: 138
PhoneType: 魅族, Num: 1
PhoneType: 小米, Num: 23
PhoneType: 真我, Num: 1
PhoneType: IQOO, Num: 10
PhoneType: 一加, Num: 8
PhoneType: 努比亚, Num: 1
cnt: 330
=====================================
统计中...
PhoneType: 三星, Num: 10
PhoneType: 华为, Num: 53
PhoneType: 荣耀, Num: 26
PhoneType: 魅族, Num: 1
PhoneType: 苹果, Num: 144
PhoneType: 小米, Num: 23
PhoneType: 真我, Num: 1
PhoneType: 一加, Num: 8
PhoneType: 努比亚, Num: 1
PhoneType: IQOO, Num: 10
PhoneType: Vivo, Num: 6
PhoneType: 红米, Num: 22
PhoneType: 未知Android设备, Num: 15
PhoneType: OPPO, Num: 18
cnt: 338
=====================================
统计中...
PhoneType: 一加, Num: 8
PhoneType: 努比亚, Num: 1
PhoneType: IQOO, Num: 10
PhoneType: OPPO, Num: 19
PhoneType: Vivo, Num: 6
PhoneType: 红米, Num: 22
PhoneType: 未知Android设备, Num: 15
PhoneType: 华为, Num: 56
PhoneType: 三星, Num: 10
PhoneType: 荣耀, Num: 26
PhoneType: 魅族, Num: 1
PhoneType: 苹果, Num: 150
PhoneType: 小米, Num: 24
PhoneType: 真我, Num: 1
cnt: 349
=====================================
统计中...
PhoneType: 苹果, Num: 153
PhoneType: 魅族, Num: 2
PhoneType: 小米, Num: 24
PhoneType: 真我, Num: 2
PhoneType: 一加, Num: 8
PhoneType: 努比亚, Num: 1
PhoneType: IQOO, Num: 10
PhoneType: 红米, Num: 22
PhoneType: 未知Android设备, Num: 15
PhoneType: OPPO, Num: 20
PhoneType: Vivo, Num: 6
PhoneType: 三星, Num: 10
PhoneType: 华为, Num: 58
PhoneType: 荣耀, Num: 26
cnt: 357
=====================================
统计中...
PhoneType: 小米, Num: 25
PhoneType: 真我, Num: 2
PhoneType: 努比亚, Num: 1
PhoneType: IQOO, Num: 10
PhoneType: 一加, Num: 9
PhoneType: 红米, Num: 22
PhoneType: 未知Android设备, Num: 16
PhoneType: OPPO, Num: 20
PhoneType: Vivo, Num: 6
PhoneType: 三星, Num: 10
PhoneType: 华为, Num: 60
PhoneType: 荣耀, Num: 26
PhoneType: 苹果, Num: 159
PhoneType: 魅族, Num: 2
cnt: 368
=====================================
统计中...
PhoneType: 三星, Num: 10
PhoneType: 华为, Num: 60
PhoneType: 荣耀, Num: 26
PhoneType: 魅族, Num: 2
PhoneType: 苹果, Num: 163
PhoneType: 真我, Num: 2
PhoneType: 小米, Num: 25
PhoneType: IQOO, Num: 11
PhoneType: 一加, Num: 9
PhoneType: 努比亚, Num: 1
PhoneType: 未知Android设备, Num: 17
PhoneType: OPPO, Num: 20
PhoneType: Vivo, Num: 6
PhoneType: 红米, Num: 23
cnt: 375
=====================================
统计中...
PhoneType: 荣耀, Num: 27
PhoneType: 魅族, Num: 2
PhoneType: 苹果, Num: 168
PhoneType: 真我, Num: 2
PhoneType: 小米, Num: 25
PhoneType: IQOO, Num: 11
PhoneType: 一加, Num: 9
PhoneType: 努比亚, Num: 1
PhoneType: 未知Android设备, Num: 18
PhoneType: OPPO, Num: 20
PhoneType: Vivo, Num: 7
PhoneType: 红米, Num: 23
PhoneType: 三星, Num: 10
PhoneType: 华为, Num: 61
cnt: 384
=====================================
统计中...
PhoneType: 苹果, Num: 174
PhoneType: 魅族, Num: 2
PhoneType: 小米, Num: 25
PhoneType: 真我, Num: 3
PhoneType: IQOO, Num: 12
PhoneType: 一加, Num: 9
PhoneType: 努比亚, Num: 1
PhoneType: 红米, Num: 25
PhoneType: 未知Android设备, Num: 20
PhoneType: OPPO, Num: 21
PhoneType: Vivo, Num: 7
PhoneType: 三星, Num: 10
PhoneType: 华为, Num: 62
PhoneType: 荣耀, Num: 27
cnt: 398
=====================================
统计中...
PhoneType: 苹果, Num: 178
PhoneType: 魅族, Num: 2
PhoneType: 小米, Num: 25
PhoneType: 真我, Num: 3
PhoneType: 一加, Num: 9
PhoneType: 努比亚, Num: 2
PhoneType: IQOO, Num: 12
PhoneType: 红米, Num: 25
PhoneType: 未知Android设备, Num: 20
PhoneType: OPPO, Num: 21
PhoneType: Vivo, Num: 7
PhoneType: 三星, Num: 11
PhoneType: 华为, Num: 62
PhoneType: 荣耀, Num: 27
cnt: 404
=====================================
统计中...
PhoneType: 苹果, Num: 186
PhoneType: 魅族, Num: 2
PhoneType: 小米, Num: 26
PhoneType: 真我, Num: 3
PhoneType: IQOO, Num: 13
PhoneType: 一加, Num: 9
PhoneType: 努比亚, Num: 2
PhoneType: 红米, Num: 26
PhoneType: 未知Android设备, Num: 20
PhoneType: OPPO, Num: 21
PhoneType: Vivo, Num: 7
PhoneType: 三星, Num: 11
PhoneType: 华为, Num: 62
PhoneType: 荣耀, Num: 27
cnt: 415
=====================================
统计中...
PhoneType: 魅族, Num: 2
PhoneType: 苹果, Num: 192
PhoneType: 真我, Num: 3
PhoneType: 小米, Num: 26
PhoneType: IQOO, Num: 13
PhoneType: 一加, Num: 9
PhoneType: 努比亚, Num: 2
PhoneType: 未知Android设备, Num: 20
PhoneType: OPPO, Num: 21
PhoneType: Vivo, Num: 7
PhoneType: 红米, Num: 26
PhoneType: 三星, Num: 11
PhoneType: 华为, Num: 63
PhoneType: 荣耀, Num: 27
cnt: 422
=====================================
统计中...
PhoneType: 苹果, Num: 192
PhoneType: 魅族, Num: 2
PhoneType: 小米, Num: 27
PhoneType: 真我, Num: 3
PhoneType: 一加, Num: 9
PhoneType: 努比亚, Num: 2
PhoneType: IQOO, Num: 14
PhoneType: 红米, Num: 26
PhoneType: 未知Android设备, Num: 20
PhoneType: OPPO, Num: 22
PhoneType: Vivo, Num: 9
PhoneType: 三星, Num: 11
PhoneType: 华为, Num: 66
PhoneType: 荣耀, Num: 28
cnt: 431
=====================================
统计中...
PhoneType: 三星, Num: 12
PhoneType: 华为, Num: 66
PhoneType: 荣耀, Num: 28
PhoneType: 苹果, Num: 197
PhoneType: 魅族, Num: 2
PhoneType: 小米, Num: 28
PhoneType: 真我, Num: 3
PhoneType: 努比亚, Num: 2
PhoneType: IQOO, Num: 18
PhoneType: 一加, Num: 9
PhoneType: 红米, Num: 27
PhoneType: 未知Android设备, Num: 20
PhoneType: OPPO, Num: 23
PhoneType: Vivo, Num: 10
cnt: 445
=====================================
统计中...
PhoneType: 苹果, Num: 200
PhoneType: 魅族, Num: 2
PhoneType: 小米, Num: 28
PhoneType: 真我, Num: 3
PhoneType: IQOO, Num: 18
PhoneType: 一加, Num: 9
PhoneType: 努比亚, Num: 2
PhoneType: 红米, Num: 27
PhoneType: 未知Android设备, Num: 21
PhoneType: OPPO, Num: 23
PhoneType: Vivo, Num: 10
PhoneType: 三星, Num: 12
PhoneType: 华为, Num: 67
PhoneType: 荣耀, Num: 29
cnt: 451
=====================================
统计中...
PhoneType: 红米, Num: 27
PhoneType: 未知Android设备, Num: 21
PhoneType: OPPO, Num: 24
PhoneType: Vivo, Num: 11
PhoneType: 三星, Num: 12
PhoneType: 华为, Num: 67
PhoneType: 荣耀, Num: 29
PhoneType: 苹果, Num: 203
PhoneType: 魅族, Num: 2
PhoneType: 小米, Num: 28
PhoneType: 真我, Num: 3
PhoneType: 努比亚, Num: 2
PhoneType: IQOO, Num: 18
PhoneType: 一加, Num: 9
cnt: 456
=====================================
统计中...
PhoneType: 苹果, Num: 210
PhoneType: 魅族, Num: 2
PhoneType: 小米, Num: 29
PhoneType: 真我, Num: 3
PhoneType: IQOO, Num: 18
PhoneType: 一加, Num: 9
PhoneType: 努比亚, Num: 2
PhoneType: 红米, Num: 27
PhoneType: 未知Android设备, Num: 21
PhoneType: OPPO, Num: 25
PhoneType: Vivo, Num: 11
PhoneType: 三星, Num: 12
PhoneType: 华为, Num: 67
PhoneType: 荣耀, Num: 29
cnt: 465
=====================================
统计中...
PhoneType: 荣耀, Num: 29
PhoneType: 苹果, Num: 212
PhoneType: 魅族, Num: 2
PhoneType: 小米, Num: 29
PhoneType: 真我, Num: 3
PhoneType: IQOO, Num: 18
PhoneType: 一加, Num: 10
PhoneType: 努比亚, Num: 2
PhoneType: 红米, Num: 29
PhoneType: 未知Android设备, Num: 21
PhoneType: OPPO, Num: 25
PhoneType: Vivo, Num: 12
PhoneType: 三星, Num: 12
PhoneType: 华为, Num: 67
cnt: 471
=====================================
统计中...
PhoneType: 红米, Num: 29
PhoneType: 未知Android设备, Num: 21
PhoneType: OPPO, Num: 25
PhoneType: Vivo, Num: 12
PhoneType: 三星, Num: 12
PhoneType: 华为, Num: 67
PhoneType: 荣耀, Num: 30
PhoneType: 苹果, Num: 214
PhoneType: 魅族, Num: 2
PhoneType: 小米, Num: 30
PhoneType: 真我, Num: 3
PhoneType: 一加, Num: 12
PhoneType: 努比亚, Num: 2
PhoneType: IQOO, Num: 18
cnt: 477
=====================================
统计中...
PhoneType: 荣耀, Num: 31
PhoneType: 苹果, Num: 216
PhoneType: 魅族, Num: 2
PhoneType: 小米, Num: 31
PhoneType: 真我, Num: 3
PhoneType: IQOO, Num: 18
PhoneType: 一加, Num: 12
PhoneType: 努比亚, Num: 2
PhoneType: 红米, Num: 29
PhoneType: 未知Android设备, Num: 21
PhoneType: OPPO, Num: 26
PhoneType: Vivo, Num: 12
PhoneType: 三星, Num: 13
PhoneType: 华为, Num: 67
cnt: 483
=====================================
统计中...
PhoneType: 一加, Num: 12
PhoneType: 努比亚, Num: 2
PhoneType: IQOO, Num: 18
PhoneType: 红米, Num: 29
PhoneType: 未知Android设备, Num: 21
PhoneType: OPPO, Num: 26
PhoneType: Vivo, Num: 12
PhoneType: 三星, Num: 13
PhoneType: 华为, Num: 68
PhoneType: 荣耀, Num: 32
PhoneType: 苹果, Num: 218
PhoneType: 魅族, Num: 2
PhoneType: 小米, Num: 31
PhoneType: 真我, Num: 3
cnt: 487
=====================================
统计中...
PhoneType: 小米, Num: 31
PhoneType: 真我, Num: 3
PhoneType: 努比亚, Num: 2
PhoneType: IQOO, Num: 18
PhoneType: 一加, Num: 12
PhoneType: 红米, Num: 29
PhoneType: 未知Android设备, Num: 21
PhoneType: OPPO, Num: 27
PhoneType: Vivo, Num: 12
PhoneType: 三星, Num: 13
PhoneType: 华为, Num: 69
PhoneType: 荣耀, Num: 32
PhoneType: 苹果, Num: 223
PhoneType: 魅族, Num: 3
cnt: 495
=====================================
统计中...
PhoneType: 苹果, Num: 228
PhoneType: 魅族, Num: 3
PhoneType: 小米, Num: 34
PhoneType: 真我, Num: 3
PhoneType: IQOO, Num: 19
PhoneType: 一加, Num: 12
PhoneType: 努比亚, Num: 2
PhoneType: 红米, Num: 29
PhoneType: 未知Android设备, Num: 22
PhoneType: OPPO, Num: 27
PhoneType: Vivo, Num: 12
PhoneType: 三星, Num: 13
PhoneType: 华为, Num: 70
PhoneType: 荣耀, Num: 32
cnt: 506
=====================================
统计中...
PhoneType: 三星, Num: 13
PhoneType: 华为, Num: 70
PhoneType: 荣耀, Num: 33
PhoneType: 魅族, Num: 3
PhoneType: 苹果, Num: 230
PhoneType: 真我, Num: 4
PhoneType: 小米, Num: 34
PhoneType: IQOO, Num: 19
PhoneType: 一加, Num: 13
PhoneType: 努比亚, Num: 2
PhoneType: 未知Android设备, Num: 22
PhoneType: OPPO, Num: 27
PhoneType: Vivo, Num: 12
PhoneType: 红米, Num: 30
cnt: 512
=====================================
统计中...
PhoneType: 三星, Num: 13
PhoneType: 华为, Num: 71
PhoneType: 荣耀, Num: 34
PhoneType: 魅族, Num: 3
PhoneType: 苹果, Num: 231
PhoneType: 真我, Num: 4
PhoneType: 小米, Num: 35
PhoneType: IQOO, Num: 19
PhoneType: 一加, Num: 13
PhoneType: 努比亚, Num: 2
PhoneType: 未知Android设备, Num: 23
PhoneType: OPPO, Num: 27
PhoneType: Vivo, Num: 12
PhoneType: 红米, Num: 30
cnt: 517
=====================================
统计中...
PhoneType: 小米, Num: 35
PhoneType: 真我, Num: 4
PhoneType: 一加, Num: 13
PhoneType: 努比亚, Num: 2
PhoneType: IQOO, Num: 19
PhoneType: 红米, Num: 30
PhoneType: 未知Android设备, Num: 24
PhoneType: OPPO, Num: 27
PhoneType: Vivo, Num: 12
PhoneType: 三星, Num: 13
PhoneType: 华为, Num: 72
PhoneType: 荣耀, Num: 35
PhoneType: 苹果, Num: 234
PhoneType: 魅族, Num: 3
cnt: 523
=====================================
统计中...
PhoneType: 红米, Num: 30
PhoneType: 未知Android设备, Num: 24
PhoneType: OPPO, Num: 28
PhoneType: Vivo, Num: 12
PhoneType: 三星, Num: 13
PhoneType: 华为, Num: 74
PhoneType: 荣耀, Num: 35
PhoneType: 苹果, Num: 235
PhoneType: 魅族, Num: 4
PhoneType: 小米, Num: 35
PhoneType: 真我, Num: 4
PhoneType: 努比亚, Num: 2
PhoneType: IQOO, Num: 19
PhoneType: 一加, Num: 13
cnt: 528
=====================================
统计中...
PhoneType: 苹果, Num: 239
PhoneType: 魅族, Num: 5
PhoneType: 小米, Num: 36
PhoneType: 真我, Num: 4
PhoneType: 一加, Num: 13
PhoneType: 努比亚, Num: 2
PhoneType: IQOO, Num: 19
PhoneType: 红米, Num: 30
PhoneType: 未知Android设备, Num: 24
PhoneType: OPPO, Num: 28
PhoneType: Vivo, Num: 12
PhoneType: 三星, Num: 13
PhoneType: 华为, Num: 74
PhoneType: 荣耀, Num: 37
cnt: 536
=====================================
统计中...
PhoneType: 红米, Num: 30
PhoneType: 未知Android设备, Num: 24
PhoneType: OPPO, Num: 29
PhoneType: Vivo, Num: 12
PhoneType: 三星, Num: 14
PhoneType: 华为, Num: 74
PhoneType: 荣耀, Num: 37
PhoneType: 苹果, Num: 242
PhoneType: 魅族, Num: 5
PhoneType: 小米, Num: 36
PhoneType: 真我, Num: 4
PhoneType: 一加, Num: 13
PhoneType: 努比亚, Num: 2
PhoneType: IQOO, Num: 19
cnt: 541
=====================================
统计中...
PhoneType: 苹果, Num: 246
PhoneType: 魅族, Num: 5
PhoneType: 小米, Num: 36
PhoneType: 真我, Num: 4
PhoneType: IQOO, Num: 20
PhoneType: 一加, Num: 13
PhoneType: 努比亚, Num: 2
PhoneType: 红米, Num: 31
PhoneType: 未知Android设备, Num: 24
PhoneType: OPPO, Num: 29
PhoneType: Vivo, Num: 12
PhoneType: 三星, Num: 14
PhoneType: 华为, Num: 74
PhoneType: 荣耀, Num: 37
cnt: 547
=====================================
统计中...
PhoneType: 真我, Num: 4
PhoneType: 小米, Num: 37
PhoneType: IQOO, Num: 20
PhoneType: 一加, Num: 13
PhoneType: 努比亚, Num: 2
PhoneType: 未知Android设备, Num: 24
PhoneType: OPPO, Num: 30
PhoneType: Vivo, Num: 12
PhoneType: 红米, Num: 31
PhoneType: 三星, Num: 14
PhoneType: 华为, Num: 75
PhoneType: 荣耀, Num: 37
PhoneType: 魅族, Num: 5
PhoneType: 苹果, Num: 252
cnt: 556
=====================================
统计中...
PhoneType: IQOO, Num: 21
PhoneType: 一加, Num: 13
PhoneType: 努比亚, Num: 2
PhoneType: 红米, Num: 31
PhoneType: 未知Android设备, Num: 24
PhoneType: OPPO, Num: 30
PhoneType: Vivo, Num: 12
PhoneType: 三星, Num: 14
PhoneType: 华为, Num: 75
PhoneType: 荣耀, Num: 37
PhoneType: 苹果, Num: 258
PhoneType: 魅族, Num: 5
PhoneType: 小米, Num: 38
PhoneType: 真我, Num: 4
cnt: 564
=====================================
统计中...
PhoneType: OPPO, Num: 30
PhoneType: Vivo, Num: 12
PhoneType: 红米, Num: 31
PhoneType: 未知Android设备, Num: 25
PhoneType: 华为, Num: 75
PhoneType: 三星, Num: 14
PhoneType: 荣耀, Num: 37
PhoneType: 魅族, Num: 5
PhoneType: 苹果, Num: 261
PhoneType: 小米, Num: 39
PhoneType: 真我, Num: 5
PhoneType: 一加, Num: 13
PhoneType: 努比亚, Num: 2
PhoneType: IQOO, Num: 21
cnt: 570
=====================================
统计中...
PhoneType: 苹果, Num: 263
PhoneType: 魅族, Num: 5
PhoneType: 小米, Num: 40
PhoneType: 真我, Num: 6
PhoneType: IQOO, Num: 22
PhoneType: 一加, Num: 14
PhoneType: 努比亚, Num: 2
PhoneType: 红米, Num: 32
PhoneType: 未知Android设备, Num: 25
PhoneType: OPPO, Num: 30
PhoneType: Vivo, Num: 13
PhoneType: 三星, Num: 14
PhoneType: 华为, Num: 75
PhoneType: 荣耀, Num: 38
cnt: 579
=====================================
统计中...
PhoneType: 小米, Num: 41
PhoneType: 真我, Num: 6
PhoneType: 一加, Num: 14
PhoneType: 努比亚, Num: 2
PhoneType: IQOO, Num: 22
PhoneType: 红米, Num: 34
PhoneType: 未知Android设备, Num: 25
PhoneType: OPPO, Num: 30
PhoneType: Vivo, Num: 13
PhoneType: 三星, Num: 14
PhoneType: 华为, Num: 76
PhoneType: 荣耀, Num: 39
PhoneType: 苹果, Num: 265
PhoneType: 魅族, Num: 5
cnt: 586
=====================================
统计中...
PhoneType: Vivo, Num: 13
PhoneType: 红米, Num: 35
PhoneType: 未知Android设备, Num: 26
PhoneType: OPPO, Num: 30
PhoneType: 三星, Num: 14
PhoneType: 华为, Num: 78
PhoneType: 荣耀, Num: 41
PhoneType: 魅族, Num: 5
PhoneType: 苹果, Num: 267
PhoneType: 小米, Num: 41
PhoneType: 真我, Num: 6
PhoneType: 一加, Num: 14
PhoneType: 努比亚, Num: 2
PhoneType: IQOO, Num: 22
cnt: 594
=====================================
统计中...
PhoneType: 三星, Num: 15
PhoneType: 华为, Num: 80
PhoneType: 荣耀, Num: 41
PhoneType: 魅族, Num: 5
PhoneType: 苹果, Num: 271
PhoneType: 小米, Num: 42
PhoneType: 真我, Num: 6
PhoneType: 一加, Num: 14
PhoneType: 努比亚, Num: 2
PhoneType: IQOO, Num: 23
PhoneType: Vivo, Num: 13
PhoneType: 红米, Num: 37
PhoneType: 未知Android设备, Num: 26
PhoneType: OPPO, Num: 30
cnt: 605
=====================================
统计中...
PhoneType: 三星, Num: 15
PhoneType: 华为, Num: 82
PhoneType: 荣耀, Num: 41
PhoneType: 苹果, Num: 271
PhoneType: 魅族, Num: 5
PhoneType: 小米, Num: 43
PhoneType: 真我, Num: 6
PhoneType: IQOO, Num: 23
PhoneType: 一加, Num: 14
PhoneType: 努比亚, Num: 2
PhoneType: 红米, Num: 38
PhoneType: 未知Android设备, Num: 26
PhoneType: OPPO, Num: 30
PhoneType: Vivo, Num: 13
cnt: 609
=====================================
统计中...
PhoneType: 魅族, Num: 5
PhoneType: 苹果, Num: 273
PhoneType: 小米, Num: 43
PhoneType: 真我, Num: 6
PhoneType: 一加, Num: 14
PhoneType: 努比亚, Num: 2
PhoneType: IQOO, Num: 23
PhoneType: OPPO, Num: 30
PhoneType: Vivo, Num: 14
PhoneType: 红米, Num: 38
PhoneType: 未知Android设备, Num: 26
PhoneType: 华为, Num: 84
PhoneType: 三星, Num: 15
PhoneType: 荣耀, Num: 42
cnt: 615
=====================================
统计中...
PhoneType: 华为, Num: 84
PhoneType: 三星, Num: 15
PhoneType: 荣耀, Num: 42
PhoneType: 魅族, Num: 5
PhoneType: 苹果, Num: 279
PhoneType: 小米, Num: 43
PhoneType: 真我, Num: 6
PhoneType: 一加, Num: 14
PhoneType: 努比亚, Num: 2
PhoneType: IQOO, Num: 24
PhoneType: OPPO, Num: 31
PhoneType: Vivo, Num: 14
PhoneType: 红米, Num: 38
PhoneType: 未知Android设备, Num: 26
cnt: 623
=====================================
统计中...
PhoneType: IQOO, Num: 24
PhoneType: 一加, Num: 14
PhoneType: 努比亚, Num: 2
PhoneType: 红米, Num: 38
PhoneType: 未知Android设备, Num: 26
PhoneType: OPPO, Num: 31
PhoneType: Vivo, Num: 14
PhoneType: 三星, Num: 15
PhoneType: 华为, Num: 85
PhoneType: 荣耀, Num: 42
PhoneType: 苹果, Num: 282
PhoneType: 魅族, Num: 5
PhoneType: 小米, Num: 43
PhoneType: 真我, Num: 7
cnt: 628
=====================================
统计中...
PhoneType: 一加, Num: 15
PhoneType: 努比亚, Num: 2
PhoneType: IQOO, Num: 26
PhoneType: OPPO, Num: 31
PhoneType: Vivo, Num: 14
PhoneType: 红米, Num: 39
PhoneType: 未知Android设备, Num: 27
PhoneType: 华为, Num: 85
PhoneType: 三星, Num: 15
PhoneType: 荣耀, Num: 43
PhoneType: 魅族, Num: 5
PhoneType: 苹果, Num: 285
PhoneType: 小米, Num: 44
PhoneType: 真我, Num: 7
cnt: 638
=====================================
统计中...
PhoneType: 荣耀, Num: 43
PhoneType: 魅族, Num: 5
PhoneType: 苹果, Num: 288
PhoneType: 真我, Num: 7
PhoneType: 小米, Num: 44
PhoneType: IQOO, Num: 26
PhoneType: 一加, Num: 15
PhoneType: 努比亚, Num: 2
PhoneType: 未知Android设备, Num: 27
PhoneType: OPPO, Num: 31
PhoneType: Vivo, Num: 14
PhoneType: 红米, Num: 39
PhoneType: 三星, Num: 15
PhoneType: 华为, Num: 85
cnt: 641
=====================================
统计中...
PhoneType: 苹果, Num: 290
PhoneType: 魅族, Num: 5
PhoneType: 小米, Num: 46
PhoneType: 真我, Num: 7
PhoneType: IQOO, Num: 27
PhoneType: 一加, Num: 15
PhoneType: 努比亚, Num: 2
PhoneType: 红米, Num: 39
PhoneType: 未知Android设备, Num: 27
PhoneType: OPPO, Num: 31
PhoneType: Vivo, Num: 14
PhoneType: 三星, Num: 15
PhoneType: 华为, Num: 87
PhoneType: 荣耀, Num: 43
cnt: 648
=====================================
统计中...
PhoneType: 一加, Num: 16
PhoneType: 努比亚, Num: 2
PhoneType: IQOO, Num: 27
PhoneType: Vivo, Num: 14
PhoneType: 红米, Num: 39
PhoneType: 未知Android设备, Num: 28
PhoneType: OPPO, Num: 31
PhoneType: 三星, Num: 15
PhoneType: 华为, Num: 87
PhoneType: 荣耀, Num: 43
PhoneType: 魅族, Num: 5
PhoneType: 苹果, Num: 291
PhoneType: 小米, Num: 47
PhoneType: 真我, Num: 7
cnt: 652
=====================================
统计中...
PhoneType: 一加, Num: 16
PhoneType: 努比亚, Num: 2
PhoneType: IQOO, Num: 27
PhoneType: 红米, Num: 39
PhoneType: 未知Android设备, Num: 28
PhoneType: OPPO, Num: 31
PhoneType: Vivo, Num: 14
PhoneType: 三星, Num: 15
PhoneType: 华为, Num: 89
PhoneType: 荣耀, Num: 44
PhoneType: 苹果, Num: 298
PhoneType: 魅族, Num: 5
PhoneType: 小米, Num: 47
PhoneType: 真我, Num: 7
cnt: 662
=====================================
统计中...
PhoneType: 小米, Num: 48
PhoneType: 真我, Num: 7
PhoneType: IQOO, Num: 27
PhoneType: 一加, Num: 16
PhoneType: 努比亚, Num: 2
PhoneType: 红米, Num: 42
PhoneType: 未知Android设备, Num: 28
PhoneType: OPPO, Num: 31
PhoneType: Vivo, Num: 16
PhoneType: 三星, Num: 15
PhoneType: 华为, Num: 91
PhoneType: 荣耀, Num: 45
PhoneType: 苹果, Num: 302
PhoneType: 魅族, Num: 5
cnt: 675
=====================================
统计中...
PhoneType: 小米, Num: 50
PhoneType: 真我, Num: 7
PhoneType: 一加, Num: 16
PhoneType: 努比亚, Num: 2
PhoneType: IQOO, Num: 28
PhoneType: 红米, Num: 44
PhoneType: 未知Android设备, Num: 28
PhoneType: OPPO, Num: 31
PhoneType: Vivo, Num: 16
PhoneType: 三星, Num: 15
PhoneType: 华为, Num: 91
PhoneType: 荣耀, Num: 46
PhoneType: 苹果, Num: 306
PhoneType: 魅族, Num: 5
cnt: 685
=====================================
统计中...
PhoneType: IQOO, Num: 28
PhoneType: 一加, Num: 16
PhoneType: 努比亚, Num: 2
PhoneType: 未知Android设备, Num: 28
PhoneType: OPPO, Num: 31
PhoneType: Vivo, Num: 16
PhoneType: 红米, Num: 44
PhoneType: 三星, Num: 15
PhoneType: 华为, Num: 92
PhoneType: 荣耀, Num: 49
PhoneType: 魅族, Num: 5
PhoneType: 苹果, Num: 308
PhoneType: 真我, Num: 7
PhoneType: 小米, Num: 50
cnt: 691
=====================================
统计中...
PhoneType: 小米, Num: 50
PhoneType: 真我, Num: 7
PhoneType: 一加, Num: 16
PhoneType: 努比亚, Num: 2
PhoneType: IQOO, Num: 28
PhoneType: 红米, Num: 46
PhoneType: 未知Android设备, Num: 28
PhoneType: OPPO, Num: 31
PhoneType: Vivo, Num: 16
PhoneType: 三星, Num: 15
PhoneType: 华为, Num: 94
PhoneType: 荣耀, Num: 49
PhoneType: 苹果, Num: 310
PhoneType: 魅族, Num: 5
cnt: 697
=====================================
统计中...
PhoneType: 魅族, Num: 5
PhoneType: 苹果, Num: 314
PhoneType: 小米, Num: 50
PhoneType: 真我, Num: 7
PhoneType: 一加, Num: 16
PhoneType: 努比亚, Num: 2
PhoneType: IQOO, Num: 29
PhoneType: OPPO, Num: 31
PhoneType: Vivo, Num: 16
PhoneType: 红米, Num: 46
PhoneType: 未知Android设备, Num: 28
PhoneType: 华为, Num: 97
PhoneType: 三星, Num: 15
PhoneType: 荣耀, Num: 50
cnt: 706
=====================================
统计中...
PhoneType: 荣耀, Num: 51
PhoneType: 苹果, Num: 317
PhoneType: 魅族, Num: 5
PhoneType: 小米, Num: 50
PhoneType: 真我, Num: 7
PhoneType: 努比亚, Num: 2
PhoneType: IQOO, Num: 29
PhoneType: 一加, Num: 17
PhoneType: 红米, Num: 47
PhoneType: 未知Android设备, Num: 29
PhoneType: OPPO, Num: 32
PhoneType: Vivo, Num: 17
PhoneType: 三星, Num: 15
PhoneType: 华为, Num: 99
cnt: 717
=====================================
统计中...
PhoneType: 未知Android设备, Num: 29
PhoneType: OPPO, Num: 32
PhoneType: Vivo, Num: 17
PhoneType: 红米, Num: 47
PhoneType: 三星, Num: 15
PhoneType: 华为, Num: 99
PhoneType: 荣耀, Num: 51
PhoneType: 魅族, Num: 5
PhoneType: 苹果, Num: 327
PhoneType: 真我, Num: 7
PhoneType: 小米, Num: 50
PhoneType: IQOO, Num: 29
PhoneType: 一加, Num: 17
PhoneType: 努比亚, Num: 2
cnt: 727
=====================================
统计中...
PhoneType: 小米, Num: 51
PhoneType: 真我, Num: 7
PhoneType: 一加, Num: 17
PhoneType: 努比亚, Num: 2
PhoneType: IQOO, Num: 29
PhoneType: OPPO, Num: 32
PhoneType: Vivo, Num: 17
PhoneType: 红米, Num: 47
PhoneType: 未知Android设备, Num: 29
PhoneType: 华为, Num: 102
PhoneType: 三星, Num: 15
PhoneType: 荣耀, Num: 52
PhoneType: 魅族, Num: 5
PhoneType: 苹果, Num: 335
cnt: 740
=====================================
统计中...
PhoneType: 三星, Num: 15
PhoneType: 华为, Num: 104
PhoneType: 荣耀, Num: 53
PhoneType: 苹果, Num: 337
PhoneType: 魅族, Num: 5
PhoneType: 小米, Num: 51
PhoneType: 真我, Num: 7
PhoneType: 努比亚, Num: 2
PhoneType: IQOO, Num: 30
PhoneType: 一加, Num: 17
PhoneType: 红米, Num: 47
PhoneType: 未知Android设备, Num: 29
PhoneType: OPPO, Num: 33
PhoneType: Vivo, Num: 17
cnt: 747
=====================================
统计中...
PhoneType: 苹果, Num: 337
PhoneType: 魅族, Num: 5
PhoneType: 小米, Num: 51
PhoneType: 真我, Num: 7
PhoneType: IQOO, Num: 30
PhoneType: 一加, Num: 18
PhoneType: 努比亚, Num: 2
PhoneType: 红米, Num: 47
PhoneType: 未知Android设备, Num: 29
PhoneType: OPPO, Num: 33
PhoneType: Vivo, Num: 17
PhoneType: 三星, Num: 15
PhoneType: 华为, Num: 108
PhoneType: 荣耀, Num: 54
cnt: 753
=====================================
统计中...
PhoneType: 苹果, Num: 342
PhoneType: 魅族, Num: 5
PhoneType: 小米, Num: 51
PhoneType: 真我, Num: 7
PhoneType: 努比亚, Num: 2
PhoneType: IQOO, Num: 30
PhoneType: 一加, Num: 18
PhoneType: 红米, Num: 48
PhoneType: 未知Android设备, Num: 31
PhoneType: OPPO, Num: 33
PhoneType: Vivo, Num: 17
PhoneType: 三星, Num: 15
PhoneType: 华为, Num: 109
PhoneType: 荣耀, Num: 54
cnt: 762
=====================================
统计中...
PhoneType: 一加, Num: 18
PhoneType: 努比亚, Num: 2
PhoneType: IQOO, Num: 30
PhoneType: Vivo, Num: 19
PhoneType: 红米, Num: 49
PhoneType: 未知Android设备, Num: 31
PhoneType: OPPO, Num: 34
PhoneType: 三星, Num: 15
PhoneType: 华为, Num: 109
PhoneType: 荣耀, Num: 54
PhoneType: 魅族, Num: 5
PhoneType: 苹果, Num: 348
PhoneType: 小米, Num: 51
PhoneType: 真我, Num: 7
cnt: 772
=====================================
统计中...
PhoneType: 小米, Num: 52
PhoneType: 真我, Num: 7
PhoneType: IQOO, Num: 31
PhoneType: 一加, Num: 18
PhoneType: 努比亚, Num: 2
PhoneType: 红米, Num: 49
PhoneType: 未知Android设备, Num: 31
PhoneType: OPPO, Num: 34
PhoneType: Vivo, Num: 20
PhoneType: 三星, Num: 15
PhoneType: 华为, Num: 110
PhoneType: 荣耀, Num: 56
PhoneType: 苹果, Num: 349
PhoneType: 魅族, Num: 5
cnt: 779
=====================================
统计中...
PhoneType: Vivo, Num: 20
PhoneType: 红米, Num: 50
PhoneType: 未知Android设备, Num: 32
PhoneType: OPPO, Num: 34
PhoneType: 三星, Num: 15
PhoneType: 华为, Num: 111
PhoneType: 荣耀, Num: 57
PhoneType: 魅族, Num: 5
PhoneType: 苹果, Num: 353
PhoneType: 小米, Num: 52
PhoneType: 真我, Num: 7
PhoneType: 一加, Num: 18
PhoneType: 努比亚, Num: 2
PhoneType: IQOO, Num: 31
cnt: 787
=====================================
统计中...
PhoneType: 真我, Num: 7
PhoneType: 小米, Num: 52
PhoneType: IQOO, Num: 31
PhoneType: 一加, Num: 19
PhoneType: 努比亚, Num: 2
PhoneType: 未知Android设备, Num: 32
PhoneType: OPPO, Num: 34
PhoneType: Vivo, Num: 20
PhoneType: 红米, Num: 51
PhoneType: 三星, Num: 15
PhoneType: 华为, Num: 111
PhoneType: 荣耀, Num: 58
PhoneType: 魅族, Num: 5
PhoneType: 苹果, Num: 357
cnt: 794
=====================================
统计中...
PhoneType: 一加, Num: 19
PhoneType: 努比亚, Num: 2
PhoneType: IQOO, Num: 31
PhoneType: 红米, Num: 52
PhoneType: 未知Android设备, Num: 32
PhoneType: OPPO, Num: 34
PhoneType: Vivo, Num: 21
PhoneType: 三星, Num: 15
PhoneType: 华为, Num: 112
PhoneType: 荣耀, Num: 59
PhoneType: 苹果, Num: 360
PhoneType: 魅族, Num: 5
PhoneType: 小米, Num: 52
PhoneType: 真我, Num: 7
cnt: 801
=====================================
统计中...
PhoneType: 魅族, Num: 5
PhoneType: 苹果, Num: 363
PhoneType: 小米, Num: 52
PhoneType: 真我, Num: 7
PhoneType: 一加, Num: 19
PhoneType: 努比亚, Num: 2
PhoneType: IQOO, Num: 32
PhoneType: Vivo, Num: 21
PhoneType: 红米, Num: 52
PhoneType: 未知Android设备, Num: 32
PhoneType: OPPO, Num: 34
PhoneType: 三星, Num: 16
PhoneType: 华为, Num: 113
PhoneType: 荣耀, Num: 60
cnt: 808
=====================================
统计中...
PhoneType: 一加, Num: 19
PhoneType: 努比亚, Num: 2
PhoneType: IQOO, Num: 32
PhoneType: 红米, Num: 54
PhoneType: 未知Android设备, Num: 32
PhoneType: OPPO, Num: 34
PhoneType: Vivo, Num: 21
PhoneType: 三星, Num: 16
PhoneType: 华为, Num: 114
PhoneType: 荣耀, Num: 60
PhoneType: 苹果, Num: 366
PhoneType: 魅族, Num: 5
PhoneType: 小米, Num: 54
PhoneType: 真我, Num: 7
cnt: 816
=====================================
统计中...
PhoneType: 一加, Num: 19
PhoneType: 努比亚, Num: 2
PhoneType: IQOO, Num: 32
PhoneType: 红米, Num: 55
PhoneType: 未知Android设备, Num: 32
PhoneType: OPPO, Num: 34
PhoneType: Vivo, Num: 21
PhoneType: 三星, Num: 16
PhoneType: 华为, Num: 114
PhoneType: 荣耀, Num: 62
PhoneType: 苹果, Num: 370
PhoneType: 魅族, Num: 5
PhoneType: 小米, Num: 54
PhoneType: 真我, Num: 7
cnt: 823
=====================================
统计中...
PhoneType: 魅族, Num: 5
PhoneType: 苹果, Num: 373
PhoneType: 真我, Num: 7
PhoneType: 小米, Num: 54
PhoneType: IQOO, Num: 34
PhoneType: 一加, Num: 19
PhoneType: 努比亚, Num: 2
PhoneType: 未知Android设备, Num: 32
PhoneType: OPPO, Num: 35
PhoneType: Vivo, Num: 21
PhoneType: 红米, Num: 55
PhoneType: 三星, Num: 16
PhoneType: 华为, Num: 114
PhoneType: 荣耀, Num: 62
cnt: 829
=====================================
统计中...
PhoneType: 魅族, Num: 5
PhoneType: 苹果, Num: 379
PhoneType: 小米, Num: 54
PhoneType: 真我, Num: 7
PhoneType: 一加, Num: 19
PhoneType: 努比亚, Num: 2
PhoneType: IQOO, Num: 34
PhoneType: OPPO, Num: 35
PhoneType: Vivo, Num: 21
PhoneType: 红米, Num: 56
PhoneType: 未知Android设备, Num: 32
PhoneType: 华为, Num: 115
PhoneType: 三星, Num: 16
PhoneType: 荣耀, Num: 62
cnt: 837
=====================================
统计中...
PhoneType: 苹果, Num: 384
PhoneType: 魅族, Num: 5
PhoneType: 小米, Num: 54
PhoneType: 真我, Num: 7
PhoneType: IQOO, Num: 34
PhoneType: 一加, Num: 19
PhoneType: 努比亚, Num: 2
PhoneType: 红米, Num: 58
PhoneType: 未知Android设备, Num: 32
PhoneType: OPPO, Num: 35
PhoneType: Vivo, Num: 21
PhoneType: 三星, Num: 16
PhoneType: 华为, Num: 117
PhoneType: 荣耀, Num: 62
cnt: 846
=====================================
统计中...
PhoneType: 荣耀, Num: 62
PhoneType: 苹果, Num: 386
PhoneType: 魅族, Num: 5
PhoneType: 小米, Num: 54
PhoneType: 真我, Num: 8
PhoneType: IQOO, Num: 35
PhoneType: 一加, Num: 21
PhoneType: 努比亚, Num: 2
PhoneType: 红米, Num: 58
PhoneType: 未知Android设备, Num: 32
PhoneType: OPPO, Num: 35
PhoneType: Vivo, Num: 22
PhoneType: 三星, Num: 16
PhoneType: 华为, Num: 117
cnt: 853
=====================================
统计中...
PhoneType: 努比亚, Num: 2
PhoneType: IQOO, Num: 35
PhoneType: 一加, Num: 21
PhoneType: 红米, Num: 58
PhoneType: 未知Android设备, Num: 32
PhoneType: OPPO, Num: 35
PhoneType: Vivo, Num: 23
PhoneType: 三星, Num: 16
PhoneType: 华为, Num: 119
PhoneType: 荣耀, Num: 62
PhoneType: 苹果, Num: 394
PhoneType: 魅族, Num: 5
PhoneType: 小米, Num: 54
PhoneType: 真我, Num: 8
cnt: 864
=====================================
统计中...
PhoneType: 苹果, Num: 401
PhoneType: 魅族, Num: 5
PhoneType: 小米, Num: 55
PhoneType: 真我, Num: 8
PhoneType: 努比亚, Num: 2
PhoneType: IQOO, Num: 35
PhoneType: 一加, Num: 21
PhoneType: 红米, Num: 58
PhoneType: 未知Android设备, Num: 32
PhoneType: OPPO, Num: 35
PhoneType: Vivo, Num: 24
PhoneType: 三星, Num: 16
PhoneType: 华为, Num: 120
PhoneType: 荣耀, Num: 62
cnt: 874
=====================================
统计中...
PhoneType: 荣耀, Num: 62
PhoneType: 魅族, Num: 5
PhoneType: 苹果, Num: 410
PhoneType: 小米, Num: 55
PhoneType: 真我, Num: 8
PhoneType: 一加, Num: 22
PhoneType: 努比亚, Num: 2
PhoneType: IQOO, Num: 36
PhoneType: Vivo, Num: 24
PhoneType: 红米, Num: 58
PhoneType: 未知Android设备, Num: 32
PhoneType: OPPO, Num: 36
PhoneType: 三星, Num: 16
PhoneType: 华为, Num: 121
cnt: 887
=====================================
统计中...
PhoneType: IQOO, Num: 36
PhoneType: 一加, Num: 22
PhoneType: 努比亚, Num: 2
PhoneType: 红米, Num: 60
PhoneType: 未知Android设备, Num: 33
PhoneType: OPPO, Num: 36
PhoneType: Vivo, Num: 25
PhoneType: 三星, Num: 16
PhoneType: 华为, Num: 123
PhoneType: 荣耀, Num: 63
PhoneType: 苹果, Num: 415
PhoneType: 魅族, Num: 5
PhoneType: 小米, Num: 56
PhoneType: 真我, Num: 8
cnt: 900
=====================================
统计中...
PhoneType: IQOO, Num: 37
PhoneType: 一加, Num: 22
PhoneType: 努比亚, Num: 2
PhoneType: 未知Android设备, Num: 33
PhoneType: OPPO, Num: 36
PhoneType: Vivo, Num: 26
PhoneType: 红米, Num: 60
PhoneType: 三星, Num: 16
PhoneType: 华为, Num: 125
PhoneType: 荣耀, Num: 63
PhoneType: 魅族, Num: 5
PhoneType: 苹果, Num: 420
PhoneType: 真我, Num: 8
PhoneType: 小米, Num: 56
cnt: 909
=====================================
统计中...
PhoneType: IQOO, Num: 37
PhoneType: 一加, Num: 22
PhoneType: 努比亚, Num: 2
PhoneType: 红米, Num: 60
PhoneType: 未知Android设备, Num: 33
PhoneType: OPPO, Num: 37
PhoneType: Vivo, Num: 26
PhoneType: 三星, Num: 16
PhoneType: 华为, Num: 126
PhoneType: 荣耀, Num: 64
PhoneType: 苹果, Num: 423
PhoneType: 魅族, Num: 5
PhoneType: 小米, Num: 57
PhoneType: 真我, Num: 8
cnt: 916
=====================================
统计中...
PhoneType: 荣耀, Num: 64
PhoneType: 苹果, Num: 424
PhoneType: 魅族, Num: 5
PhoneType: 小米, Num: 57
PhoneType: 真我, Num: 8
PhoneType: IQOO, Num: 37
PhoneType: 一加, Num: 22
PhoneType: 努比亚, Num: 2
PhoneType: 红米, Num: 62
PhoneType: 未知Android设备, Num: 33
PhoneType: OPPO, Num: 37
PhoneType: Vivo, Num: 26
PhoneType: 三星, Num: 16
PhoneType: 华为, Num: 126
cnt: 919
=====================================
统计中...
PhoneType: 魅族, Num: 5
PhoneType: 苹果, Num: 427
PhoneType: 真我, Num: 9
PhoneType: 小米, Num: 57
PhoneType: IQOO, Num: 37
PhoneType: 一加, Num: 22
PhoneType: 努比亚, Num: 2
PhoneType: 未知Android设备, Num: 33
PhoneType: OPPO, Num: 37
PhoneType: Vivo, Num: 26
PhoneType: 红米, Num: 62
PhoneType: 三星, Num: 16
PhoneType: 华为, Num: 129
PhoneType: 荣耀, Num: 64
cnt: 926
=====================================
统计中...
PhoneType: 红米, Num: 62
PhoneType: 未知Android设备, Num: 33
PhoneType: OPPO, Num: 38
PhoneType: Vivo, Num: 27
PhoneType: 三星, Num: 16
PhoneType: 华为, Num: 131
PhoneType: 荣耀, Num: 64
PhoneType: 苹果, Num: 429
PhoneType: 魅族, Num: 5
PhoneType: 小米, Num: 58
PhoneType: 真我, Num: 9
PhoneType: IQOO, Num: 37
PhoneType: 一加, Num: 22
PhoneType: 努比亚, Num: 2
cnt: 933
=====================================
统计中...
PhoneType: 魅族, Num: 5
PhoneType: 苹果, Num: 432
PhoneType: 小米, Num: 58
PhoneType: 真我, Num: 9
PhoneType: 一加, Num: 22
PhoneType: 努比亚, Num: 2
PhoneType: IQOO, Num: 37
PhoneType: OPPO, Num: 38
PhoneType: Vivo, Num: 28
PhoneType: 红米, Num: 62
PhoneType: 未知Android设备, Num: 34
PhoneType: 华为, Num: 133
PhoneType: 三星, Num: 16
PhoneType: 荣耀, Num: 65
cnt: 941
=====================================
统计中...
PhoneType: 红米, Num: 62
PhoneType: 未知Android设备, Num: 34
PhoneType: OPPO, Num: 38
PhoneType: Vivo, Num: 28
PhoneType: 三星, Num: 16
PhoneType: 华为, Num: 134
PhoneType: 荣耀, Num: 65
PhoneType: 苹果, Num: 439
PhoneType: 魅族, Num: 5
PhoneType: 小米, Num: 58
PhoneType: 真我, Num: 9
PhoneType: 努比亚, Num: 2
PhoneType: IQOO, Num: 38
PhoneType: 一加, Num: 22
cnt: 950
=====================================
统计中...
PhoneType: 小米, Num: 59
PhoneType: 真我, Num: 9
PhoneType: IQOO, Num: 38
PhoneType: 一加, Num: 23
PhoneType: 努比亚, Num: 2
PhoneType: 红米, Num: 63
PhoneType: 未知Android设备, Num: 34
PhoneType: OPPO, Num: 39
PhoneType: Vivo, Num: 29
PhoneType: 三星, Num: 17
PhoneType: 华为, Num: 135
PhoneType: 荣耀, Num: 65
PhoneType: 苹果, Num: 444
PhoneType: 魅族, Num: 5
cnt: 962
=====================================
统计中...
PhoneType: 努比亚, Num: 2
PhoneType: IQOO, Num: 38
PhoneType: 一加, Num: 23
PhoneType: 红米, Num: 64
PhoneType: 未知Android设备, Num: 34
PhoneType: OPPO, Num: 39
PhoneType: Vivo, Num: 30
PhoneType: 三星, Num: 17
PhoneType: 华为, Num: 136
PhoneType: 荣耀, Num: 65
PhoneType: 苹果, Num: 447
PhoneType: 魅族, Num: 5
PhoneType: 小米, Num: 61
PhoneType: 真我, Num: 9
cnt: 970
=====================================
统计中...
PhoneType: IQOO, Num: 39
PhoneType: 一加, Num: 23
PhoneType: 努比亚, Num: 2
PhoneType: 红米, Num: 66
PhoneType: 未知Android设备, Num: 34
PhoneType: OPPO, Num: 39
PhoneType: Vivo, Num: 30
PhoneType: 三星, Num: 18
PhoneType: 华为, Num: 136
PhoneType: 荣耀, Num: 65
PhoneType: 苹果, Num: 448
PhoneType: 魅族, Num: 5
PhoneType: 小米, Num: 64
PhoneType: 真我, Num: 9
cnt: 978
=====================================
统计中...
PhoneType: 小米, Num: 64
PhoneType: 真我, Num: 9
PhoneType: 一加, Num: 23
PhoneType: 努比亚, Num: 2
PhoneType: IQOO, Num: 39
PhoneType: Vivo, Num: 31
PhoneType: 红米, Num: 67
PhoneType: 未知Android设备, Num: 35
PhoneType: OPPO, Num: 39
PhoneType: 三星, Num: 18
PhoneType: 华为, Num: 141
PhoneType: 荣耀, Num: 65
PhoneType: 魅族, Num: 5
PhoneType: 苹果, Num: 452
cnt: 990
=====================================
统计中...
PhoneType: IQOO, Num: 39
PhoneType: 一加, Num: 23
PhoneType: 努比亚, Num: 2
PhoneType: 红米, Num: 68
PhoneType: 未知Android设备, Num: 35
PhoneType: OPPO, Num: 39
PhoneType: Vivo, Num: 31
PhoneType: 三星, Num: 19
PhoneType: 华为, Num: 142
PhoneType: 荣耀, Num: 66
PhoneType: 苹果, Num: 456
PhoneType: 魅族, Num: 5
PhoneType: 小米, Num: 64
PhoneType: 真我, Num: 9
cnt: 998
=====================================
统计中...
PhoneType: 三星, Num: 19
PhoneType: 华为, Num: 143
PhoneType: 荣耀, Num: 66
PhoneType: 苹果, Num: 464
PhoneType: 魅族, Num: 5
PhoneType: 小米, Num: 65
PhoneType: 真我, Num: 9
PhoneType: IQOO, Num: 39
PhoneType: 一加, Num: 23
PhoneType: 努比亚, Num: 2
PhoneType: 红米, Num: 68
PhoneType: 未知Android设备, Num: 35
PhoneType: OPPO, Num: 39
PhoneType: Vivo, Num: 31
cnt: 1008
=====================================
统计中...
==========================最终统计结果：未知机型============================
PhoneType: WARNING: No blog found, Num: 82
PhoneType: 生日动态, Num: 13
PhoneType: 微博轻享版, Num: 10
PhoneType: , Num: 10
PhoneType: 微博网页版, Num: 8
PhoneType: 微博品牌活动, Num: 8
PhoneType: 会员特权专用, Num: 5
PhoneType: 微博体育, Num: 4
PhoneType: <a target="_blank" href="https://t.sina.com.cn" rel="nofollow">微博视频号</a>, Num: 2
PhoneType: 势力榜, Num: 2
PhoneType: <a target="_blank" href="https://app.weibo.com/t/feed/5dtGzh" rel="nofollow">Flyme</a>, Num: 1
PhoneType: 粉丝红包, Num: 1
PhoneType: <a target="_blank" href="https://app.weibo.com/t/feed/6lxOmf" rel="nofollow">K30 至尊纪念版</a>, Num: 1
PhoneType: <a target="_blank" href="https://app.weibo.com/t/feed/4GAjzn" rel="nofollow">Note 10 Pro</a>, Num: 1
PhoneType: <a target="_blank" href="https://app.weibo.com/t/feed/652xhk" rel="nofollow">K30S 至尊纪念版</a>, Num: 1
PhoneType: YYDS, Num: 1
PhoneType: 微博直播平台, Num: 1
PhoneType: <a target="_blank" href="https://app.weibo.com/t/feed/41dXEB" rel="nofollow">Note 9</a>, Num: 1
PhoneType: 微博 weibo.com, Num: 1
PhoneType: 手机微博触屏版, Num: 1
PhoneType: 网易云音乐, Num: 1
PhoneType: 答题挑战赛, Num: 1
PhoneType: 微博游戏, Num: 1
PhoneType: 日常记录, Num: 1
PhoneType: 微博直播, Num: 1
PhoneType: 新微博直播互动, Num: 1
PhoneType: 微博会员中心, Num: 1
PhoneType: <a target="_blank" href="https://app.weibo.com/t/feed/cmt5C" rel="nofollow">Note 9 Pro 一亿像素</a>, Num: 1
PhoneType: 粉丝订阅, Num: 1
==========================最终统计结果：已知机型============================
PhoneType: 苹果, Num: 464
PhoneType: 华为, Num: 143
PhoneType: 红米, Num: 68
PhoneType: 荣耀, Num: 66
PhoneType: 小米, Num: 65
PhoneType: IQOO, Num: 39
PhoneType: OPPO, Num: 39
PhoneType: 未知Android设备, Num: 35
PhoneType: Vivo, Num: 31
PhoneType: 一加, Num: 23
PhoneType: 三星, Num: 19
PhoneType: 真我, Num: 9
PhoneType: 魅族, Num: 5
PhoneType: 努比亚, Num: 2
