统计中...
PhoneType: 苹果, Num: 10
PhoneType: 三星, Num: 2
PhoneType: IQOO, Num: 1
PhoneType: Vivo, Num: 1
PhoneType: 荣耀, Num: 2
PhoneType: 华为, Num: 1
cnt: 17
=====================================
统计中...
PhoneType: 苹果, Num: 18
PhoneType: Vivo, Num: 2
PhoneType: 荣耀, Num: 4
PhoneType: 华为, Num: 2
PhoneType: 小米, Num: 2
PhoneType: OPPO, Num: 1
PhoneType: 三星, Num: 2
PhoneType: IQOO, Num: 2
PhoneType: 真我, Num: 1
cnt: 34
=====================================
统计中...
PhoneType: 真我, Num: 2
PhoneType: 红米, Num: 1
PhoneType: 三星, Num: 3
PhoneType: IQOO, Num: 3
PhoneType: 华为, Num: 3
PhoneType: OPPO, Num: 2
PhoneType: 苹果, Num: 25
PhoneType: Vivo, Num: 2
PhoneType: 魅族, Num: 1
PhoneType: 小米, Num: 3
PhoneType: 荣耀, Num: 4
cnt: 49
=====================================
统计中...
PhoneType: 苹果, Num: 34
PhoneType: Vivo, Num: 2
PhoneType: 华为, Num: 4
PhoneType: OPPO, Num: 2
PhoneType: 魅族, Num: 1
PhoneType: 荣耀, Num: 4
PhoneType: 小米, Num: 3
PhoneType: 三星, Num: 3
PhoneType: IQOO, Num: 3
PhoneType: 真我, Num: 3
PhoneType: 红米, Num: 3
cnt: 62
=====================================
统计中...
PhoneType: 魅族, Num: 1
PhoneType: 一加, Num: 1
PhoneType: 小米, Num: 5
PhoneType: 荣耀, Num: 4
PhoneType: IQOO, Num: 4
PhoneType: 真我, Num: 3
PhoneType: 红米, Num: 5
PhoneType: 三星, Num: 7
PhoneType: Vivo, Num: 2
PhoneType: 华为, Num: 4
PhoneType: OPPO, Num: 2
PhoneType: 苹果, Num: 38
cnt: 76
=====================================
统计中...
PhoneType: 魅族, Num: 1
PhoneType: 一加, Num: 2
PhoneType: 荣耀, Num: 4
PhoneType: 小米, Num: 7
PhoneType: 红米, Num: 8
PhoneType: 未知Android设备, Num: 1
PhoneType: 三星, Num: 7
PhoneType: IQOO, Num: 4
PhoneType: 真我, Num: 3
PhoneType: 苹果, Num: 43
PhoneType: Vivo, Num: 2
PhoneType: 华为, Num: 4
PhoneType: OPPO, Num: 2
cnt: 88
=====================================
统计中...
PhoneType: Vivo, Num: 2
PhoneType: 华为, Num: 4
PhoneType: OPPO, Num: 4
PhoneType: 苹果, Num: 49
PhoneType: 魅族, Num: 1
PhoneType: 一加, Num: 3
PhoneType: 小米, Num: 8
PhoneType: 荣耀, Num: 4
PhoneType: IQOO, Num: 4
PhoneType: 真我, Num: 3
PhoneType: 红米, Num: 8
PhoneType: 未知Android设备, Num: 2
PhoneType: 三星, Num: 7
cnt: 99
=====================================
统计中...
PhoneType: 苹果, Num: 57
PhoneType: Vivo, Num: 2
PhoneType: 华为, Num: 4
PhoneType: OPPO, Num: 5
PhoneType: 魅族, Num: 1
PhoneType: 一加, Num: 3
PhoneType: 荣耀, Num: 4
PhoneType: 小米, Num: 8
PhoneType: 三星, Num: 7
PhoneType: IQOO, Num: 4
PhoneType: 真我, Num: 3
PhoneType: 红米, Num: 8
PhoneType: 未知Android设备, Num: 4
cnt: 110
=====================================
统计中...
PhoneType: 魅族, Num: 1
PhoneType: 一加, Num: 4
PhoneType: 小米, Num: 9
PhoneType: 荣耀, Num: 4
PhoneType: IQOO, Num: 6
PhoneType: 真我, Num: 4
PhoneType: 红米, Num: 8
PhoneType: 未知Android设备, Num: 6
PhoneType: 三星, Num: 7
PhoneType: Vivo, Num: 2
PhoneType: 华为, Num: 5
PhoneType: OPPO, Num: 5
PhoneType: 苹果, Num: 62
cnt: 123
=====================================
统计中...
PhoneType: 魅族, Num: 1
PhoneType: 一加, Num: 4
PhoneType: 荣耀, Num: 4
PhoneType: 小米, Num: 9
PhoneType: 红米, Num: 9
PhoneType: 未知Android设备, Num: 7
PhoneType: 三星, Num: 8
PhoneType: IQOO, Num: 6
PhoneType: 真我, Num: 4
PhoneType: 苹果, Num: 67
PhoneType: Vivo, Num: 3
PhoneType: 华为, Num: 6
PhoneType: OPPO, Num: 5
cnt: 133
=====================================
统计中...
PhoneType: OPPO, Num: 5
PhoneType: 苹果, Num: 74
PhoneType: Vivo, Num: 4
PhoneType: 华为, Num: 7
PhoneType: 魅族, Num: 1
PhoneType: 一加, Num: 4
PhoneType: 荣耀, Num: 4
PhoneType: 小米, Num: 11
PhoneType: 真我, Num: 4
PhoneType: 红米, Num: 9
PhoneType: 未知Android设备, Num: 8
PhoneType: 三星, Num: 8
PhoneType: IQOO, Num: 6
cnt: 145
=====================================
统计中...
PhoneType: 三星, Num: 8
PhoneType: IQOO, Num: 6
PhoneType: 真我, Num: 4
PhoneType: 红米, Num: 9
PhoneType: 未知Android设备, Num: 11
PhoneType: 苹果, Num: 79
PhoneType: Vivo, Num: 4
PhoneType: 华为, Num: 7
PhoneType: OPPO, Num: 5
PhoneType: 魅族, Num: 1
PhoneType: 一加, Num: 4
PhoneType: 荣耀, Num: 4
PhoneType: 小米, Num: 13
cnt: 155
=====================================
统计中...
PhoneType: 魅族, Num: 1
PhoneType: 一加, Num: 4
PhoneType: 荣耀, Num: 4
PhoneType: 小米, Num: 14
PhoneType: 未知Android设备, Num: 11
PhoneType: 三星, Num: 8
PhoneType: IQOO, Num: 6
PhoneType: 真我, Num: 4
PhoneType: 红米, Num: 10
PhoneType: 苹果, Num: 85
PhoneType: Vivo, Num: 4
PhoneType: 华为, Num: 7
PhoneType: OPPO, Num: 5
cnt: 163
=====================================
统计中...
PhoneType: 红米, Num: 11
PhoneType: 未知Android设备, Num: 12
PhoneType: 三星, Num: 8
PhoneType: IQOO, Num: 7
PhoneType: 真我, Num: 4
PhoneType: 苹果, Num: 86
PhoneType: Vivo, Num: 4
PhoneType: 华为, Num: 8
PhoneType: OPPO, Num: 5
PhoneType: 魅族, Num: 1
PhoneType: 一加, Num: 5
PhoneType: 荣耀, Num: 4
PhoneType: 小米, Num: 14
cnt: 169
=====================================
统计中...
PhoneType: 荣耀, Num: 5
PhoneType: 小米, Num: 14
PhoneType: 三星, Num: 8
PhoneType: IQOO, Num: 7
PhoneType: 真我, Num: 4
PhoneType: 红米, Num: 11
PhoneType: 未知Android设备, Num: 13
PhoneType: 苹果, Num: 94
PhoneType: Vivo, Num: 4
PhoneType: 华为, Num: 9
PhoneType: OPPO, Num: 6
PhoneType: 魅族, Num: 1
PhoneType: 一加, Num: 6
cnt: 182
=====================================
统计中...
PhoneType: 魅族, Num: 1
PhoneType: 一加, Num: 6
PhoneType: 荣耀, Num: 6
PhoneType: 小米, Num: 14
PhoneType: 未知Android设备, Num: 13
PhoneType: 三星, Num: 8
PhoneType: IQOO, Num: 7
PhoneType: 真我, Num: 4
PhoneType: 红米, Num: 11
PhoneType: 苹果, Num: 98
PhoneType: Vivo, Num: 4
PhoneType: 华为, Num: 10
PhoneType: OPPO, Num: 6
cnt: 188
=====================================
统计中...
PhoneType: 魅族, Num: 1
PhoneType: 一加, Num: 6
PhoneType: 荣耀, Num: 6
PhoneType: 小米, Num: 14
PhoneType: 红米, Num: 11
PhoneType: 未知Android设备, Num: 13
PhoneType: 三星, Num: 8
PhoneType: IQOO, Num: 7
PhoneType: 真我, Num: 4
PhoneType: 苹果, Num: 102
PhoneType: Vivo, Num: 7
PhoneType: 华为, Num: 10
PhoneType: OPPO, Num: 6
cnt: 195
=====================================
统计中...
PhoneType: IQOO, Num: 8
PhoneType: 真我, Num: 4
PhoneType: 红米, Num: 11
PhoneType: 未知Android设备, Num: 14
PhoneType: 三星, Num: 9
PhoneType: Vivo, Num: 7
PhoneType: 华为, Num: 10
PhoneType: OPPO, Num: 6
PhoneType: 苹果, Num: 107
PhoneType: 魅族, Num: 1
PhoneType: 一加, Num: 6
PhoneType: 小米, Num: 15
PhoneType: 荣耀, Num: 8
cnt: 206
=====================================
统计中...
PhoneType: 未知Android设备, Num: 14
PhoneType: 三星, Num: 10
PhoneType: IQOO, Num: 8
PhoneType: 真我, Num: 4
PhoneType: 红米, Num: 14
PhoneType: 苹果, Num: 114
PhoneType: Vivo, Num: 7
PhoneType: 华为, Num: 10
PhoneType: OPPO, Num: 6
PhoneType: 魅族, Num: 1
PhoneType: 一加, Num: 6
PhoneType: 荣耀, Num: 9
PhoneType: 小米, Num: 16
cnt: 219
=====================================
统计中...
PhoneType: 魅族, Num: 1
PhoneType: 一加, Num: 6
PhoneType: 荣耀, Num: 9
PhoneType: 小米, Num: 17
PhoneType: 三星, Num: 11
PhoneType: IQOO, Num: 9
PhoneType: 真我, Num: 5
PhoneType: 红米, Num: 15
PhoneType: 未知Android设备, Num: 14
PhoneType: 苹果, Num: 118
PhoneType: Vivo, Num: 7
PhoneType: 华为, Num: 10
PhoneType: OPPO, Num: 7
cnt: 229
=====================================
统计中...
PhoneType: 真我, Num: 5
PhoneType: 红米, Num: 15
PhoneType: 未知Android设备, Num: 14
PhoneType: 三星, Num: 11
PhoneType: IQOO, Num: 9
PhoneType: OPPO, Num: 7
PhoneType: 苹果, Num: 122
PhoneType: Vivo, Num: 7
PhoneType: 华为, Num: 10
PhoneType: 魅族, Num: 1
PhoneType: 一加, Num: 6
PhoneType: 荣耀, Num: 9
PhoneType: 小米, Num: 18
cnt: 234
=====================================
统计中...
PhoneType: 真我, Num: 5
PhoneType: 红米, Num: 15
PhoneType: 未知Android设备, Num: 14
PhoneType: 三星, Num: 11
PhoneType: IQOO, Num: 10
PhoneType: OPPO, Num: 7
PhoneType: 苹果, Num: 127
PhoneType: Vivo, Num: 7
PhoneType: 华为, Num: 11
PhoneType: 魅族, Num: 1
PhoneType: 一加, Num: 6
PhoneType: 荣耀, Num: 10
PhoneType: 小米, Num: 18
cnt: 242
=====================================
统计中...
PhoneType: 魅族, Num: 1
PhoneType: 一加, Num: 7
PhoneType: 荣耀, Num: 10
PhoneType: 小米, Num: 18
PhoneType: 未知Android设备, Num: 15
PhoneType: 三星, Num: 11
PhoneType: IQOO, Num: 10
PhoneType: 真我, Num: 5
PhoneType: 红米, Num: 17
PhoneType: 苹果, Num: 134
PhoneType: Vivo, Num: 7
PhoneType: 华为, Num: 11
PhoneType: OPPO, Num: 7
cnt: 253
=====================================
统计中...
PhoneType: 小米, Num: 18
PhoneType: 荣耀, Num: 11
PhoneType: 真我, Num: 5
PhoneType: 红米, Num: 17
PhoneType: 未知Android设备, Num: 15
PhoneType: 三星, Num: 11
PhoneType: IQOO, Num: 11
PhoneType: 华为, Num: 11
PhoneType: OPPO, Num: 7
PhoneType: 苹果, Num: 138
PhoneType: Vivo, Num: 8
PhoneType: 一加, Num: 7
PhoneType: 魅族, Num: 1
cnt: 260
=====================================
统计中...
PhoneType: 魅族, Num: 1
PhoneType: 一加, Num: 7
PhoneType: 小米, Num: 18
PhoneType: 荣耀, Num: 11
PhoneType: IQOO, Num: 11
PhoneType: 真我, Num: 5
PhoneType: 红米, Num: 18
PhoneType: 未知Android设备, Num: 15
PhoneType: 三星, Num: 11
PhoneType: Vivo, Num: 8
PhoneType: 华为, Num: 11
PhoneType: OPPO, Num: 7
PhoneType: 苹果, Num: 143
cnt: 266
=====================================
统计中...
PhoneType: 荣耀, Num: 11
PhoneType: 小米, Num: 19
PhoneType: 三星, Num: 11
PhoneType: IQOO, Num: 11
PhoneType: 真我, Num: 5
PhoneType: 红米, Num: 19
PhoneType: 未知Android设备, Num: 15
PhoneType: 苹果, Num: 148
PhoneType: Vivo, Num: 8
PhoneType: 华为, Num: 11
PhoneType: OPPO, Num: 7
PhoneType: 魅族, Num: 1
PhoneType: 一加, Num: 7
cnt: 273
=====================================
统计中...
PhoneType: 三星, Num: 11
PhoneType: IQOO, Num: 11
PhoneType: 真我, Num: 6
PhoneType: 红米, Num: 19
PhoneType: 未知Android设备, Num: 15
PhoneType: 苹果, Num: 154
PhoneType: Vivo, Num: 8
PhoneType: 华为, Num: 11
PhoneType: OPPO, Num: 7
PhoneType: 魅族, Num: 1
PhoneType: 一加, Num: 7
PhoneType: 荣耀, Num: 11
PhoneType: 小米, Num: 21
cnt: 282
=====================================
统计中...
PhoneType: 魅族, Num: 1
PhoneType: 一加, Num: 7
PhoneType: 荣耀, Num: 11
PhoneType: 小米, Num: 21
PhoneType: 真我, Num: 6
PhoneType: 红米, Num: 19
PhoneType: 未知Android设备, Num: 16
PhoneType: 三星, Num: 11
PhoneType: IQOO, Num: 11
PhoneType: OPPO, Num: 7
PhoneType: 苹果, Num: 165
PhoneType: Vivo, Num: 8
PhoneType: 华为, Num: 11
cnt: 294
=====================================
统计中...
PhoneType: 苹果, Num: 169
PhoneType: 一加, Num: 7
PhoneType: 小米, Num: 22
PhoneType: 荣耀, Num: 11
PhoneType: IQOO, Num: 11
PhoneType: 三星, Num: 12
PhoneType: 华为, Num: 15
PhoneType: OPPO, Num: 7
PhoneType: Vivo, Num: 8
PhoneType: 魅族, Num: 1
PhoneType: 红米, Num: 19
PhoneType: 未知Android设备, Num: 16
PhoneType: 真我, Num: 6
cnt: 304
=====================================
统计中...
PhoneType: 荣耀, Num: 11
PhoneType: 小米, Num: 22
PhoneType: 三星, Num: 12
PhoneType: IQOO, Num: 12
PhoneType: Vivo, Num: 8
PhoneType: 华为, Num: 15
PhoneType: OPPO, Num: 7
PhoneType: 魅族, Num: 1
PhoneType: 真我, Num: 6
PhoneType: 红米, Num: 20
PhoneType: 未知Android设备, Num: 17
PhoneType: 苹果, Num: 172
PhoneType: 一加, Num: 7
cnt: 310
=====================================
统计中...
PhoneType: 三星, Num: 12
PhoneType: IQOO, Num: 12
PhoneType: Vivo, Num: 8
PhoneType: 华为, Num: 15
PhoneType: OPPO, Num: 7
PhoneType: 魅族, Num: 1
PhoneType: 真我, Num: 6
PhoneType: 红米, Num: 20
PhoneType: 未知Android设备, Num: 17
PhoneType: 苹果, Num: 179
PhoneType: 一加, Num: 7
PhoneType: 荣耀, Num: 11
PhoneType: 小米, Num: 23
cnt: 318
=====================================
统计中...
PhoneType: 一加, Num: 9
PhoneType: 荣耀, Num: 11
PhoneType: 小米, Num: 23
PhoneType: 三星, Num: 12
PhoneType: IQOO, Num: 12
PhoneType: Vivo, Num: 8
PhoneType: 华为, Num: 15
PhoneType: OPPO, Num: 7
PhoneType: 魅族, Num: 1
PhoneType: 真我, Num: 6
PhoneType: 红米, Num: 20
PhoneType: 未知Android设备, Num: 18
PhoneType: 苹果, Num: 182
cnt: 324
=====================================
统计中...
PhoneType: 真我, Num: 6
PhoneType: 红米, Num: 20
PhoneType: 未知Android设备, Num: 19
PhoneType: 苹果, Num: 190
PhoneType: 一加, Num: 9
PhoneType: 荣耀, Num: 11
PhoneType: 小米, Num: 23
PhoneType: 三星, Num: 12
PhoneType: IQOO, Num: 13
PhoneType: Vivo, Num: 8
PhoneType: 华为, Num: 15
PhoneType: OPPO, Num: 7
PhoneType: 魅族, Num: 1
cnt: 334
=====================================
统计中...
PhoneType: 苹果, Num: 195
PhoneType: 一加, Num: 9
PhoneType: 小米, Num: 23
PhoneType: 荣耀, Num: 11
PhoneType: IQOO, Num: 15
PhoneType: 三星, Num: 12
PhoneType: 华为, Num: 15
PhoneType: OPPO, Num: 7
PhoneType: Vivo, Num: 8
PhoneType: 魅族, Num: 1
PhoneType: 红米, Num: 22
PhoneType: 未知Android设备, Num: 19
PhoneType: 真我, Num: 6
cnt: 343
=====================================
统计中...
PhoneType: 苹果, Num: 198
PhoneType: 一加, Num: 9
PhoneType: 荣耀, Num: 11
PhoneType: 小米, Num: 23
PhoneType: 三星, Num: 12
PhoneType: IQOO, Num: 16
PhoneType: Vivo, Num: 8
PhoneType: 华为, Num: 15
PhoneType: OPPO, Num: 7
PhoneType: 魅族, Num: 1
PhoneType: 真我, Num: 6
PhoneType: 红米, Num: 23
PhoneType: 未知Android设备, Num: 19
cnt: 348
=====================================
统计中...
PhoneType: 一加, Num: 10
PhoneType: 荣耀, Num: 11
PhoneType: 小米, Num: 23
PhoneType: 三星, Num: 12
PhoneType: IQOO, Num: 17
PhoneType: Vivo, Num: 8
PhoneType: 华为, Num: 16
PhoneType: OPPO, Num: 7
PhoneType: 魅族, Num: 1
PhoneType: 真我, Num: 6
PhoneType: 红米, Num: 23
PhoneType: 未知Android设备, Num: 19
PhoneType: 苹果, Num: 204
cnt: 357
=====================================
统计中...
PhoneType: 荣耀, Num: 11
PhoneType: 小米, Num: 24
PhoneType: 三星, Num: 13
PhoneType: IQOO, Num: 18
PhoneType: Vivo, Num: 8
PhoneType: 华为, Num: 16
PhoneType: OPPO, Num: 7
PhoneType: 魅族, Num: 1
PhoneType: 真我, Num: 6
PhoneType: 红米, Num: 24
PhoneType: 未知Android设备, Num: 19
PhoneType: 苹果, Num: 210
PhoneType: 一加, Num: 10
cnt: 367
=====================================
统计中...
PhoneType: Vivo, Num: 8
PhoneType: 华为, Num: 16
PhoneType: OPPO, Num: 8
PhoneType: 魅族, Num: 1
PhoneType: 真我, Num: 6
PhoneType: 红米, Num: 25
PhoneType: 未知Android设备, Num: 19
PhoneType: 苹果, Num: 217
PhoneType: 一加, Num: 10
PhoneType: 荣耀, Num: 11
PhoneType: 小米, Num: 25
PhoneType: 三星, Num: 13
PhoneType: IQOO, Num: 18
cnt: 377
=====================================
统计中...
PhoneType: 小米, Num: 26
PhoneType: 荣耀, Num: 11
PhoneType: 三星, Num: 13
PhoneType: IQOO, Num: 18
PhoneType: OPPO, Num: 8
PhoneType: Vivo, Num: 9
PhoneType: 华为, Num: 16
PhoneType: 魅族, Num: 1
PhoneType: 未知Android设备, Num: 19
PhoneType: 真我, Num: 6
PhoneType: 红米, Num: 25
PhoneType: 苹果, Num: 222
PhoneType: 一加, Num: 10
cnt: 384
=====================================
统计中...
PhoneType: OPPO, Num: 8
PhoneType: Vivo, Num: 10
PhoneType: 华为, Num: 16
PhoneType: 魅族, Num: 1
PhoneType: 未知Android设备, Num: 20
PhoneType: 真我, Num: 6
PhoneType: 红米, Num: 25
PhoneType: 苹果, Num: 231
PhoneType: 一加, Num: 10
PhoneType: 小米, Num: 27
PhoneType: 荣耀, Num: 11
PhoneType: 三星, Num: 13
PhoneType: IQOO, Num: 18
cnt: 396
=====================================
统计中...
PhoneType: Vivo, Num: 10
PhoneType: 华为, Num: 16
PhoneType: OPPO, Num: 8
PhoneType: 魅族, Num: 1
PhoneType: 真我, Num: 6
PhoneType: 红米, Num: 25
PhoneType: 未知Android设备, Num: 21
PhoneType: 苹果, Num: 235
PhoneType: 一加, Num: 11
PhoneType: 荣耀, Num: 12
PhoneType: 小米, Num: 27
PhoneType: 三星, Num: 13
PhoneType: IQOO, Num: 18
cnt: 403
=====================================
统计中...
PhoneType: 魅族, Num: 1
PhoneType: 真我, Num: 6
PhoneType: 红米, Num: 25
PhoneType: 未知Android设备, Num: 21
PhoneType: 苹果, Num: 239
PhoneType: 一加, Num: 11
PhoneType: 荣耀, Num: 13
PhoneType: 小米, Num: 27
PhoneType: 三星, Num: 13
PhoneType: IQOO, Num: 18
PhoneType: Vivo, Num: 11
PhoneType: 华为, Num: 17
PhoneType: OPPO, Num: 8
cnt: 410
=====================================
统计中...
PhoneType: 一加, Num: 11
PhoneType: 荣耀, Num: 13
PhoneType: 小米, Num: 30
PhoneType: 三星, Num: 14
PhoneType: IQOO, Num: 18
PhoneType: Vivo, Num: 11
PhoneType: 华为, Num: 17
PhoneType: OPPO, Num: 8
PhoneType: 魅族, Num: 1
PhoneType: 真我, Num: 6
PhoneType: 红米, Num: 25
PhoneType: 未知Android设备, Num: 21
PhoneType: 苹果, Num: 244
cnt: 419
=====================================
统计中...
PhoneType: 苹果, Num: 249
PhoneType: 一加, Num: 11
PhoneType: 荣耀, Num: 14
PhoneType: 小米, Num: 31
PhoneType: 三星, Num: 14
PhoneType: IQOO, Num: 18
PhoneType: Vivo, Num: 11
PhoneType: 华为, Num: 17
PhoneType: OPPO, Num: 8
PhoneType: 魅族, Num: 1
PhoneType: 真我, Num: 6
PhoneType: 红米, Num: 25
PhoneType: 未知Android设备, Num: 21
cnt: 426
=====================================
统计中...
PhoneType: 魅族, Num: 1
PhoneType: 未知Android设备, Num: 21
PhoneType: 真我, Num: 6
PhoneType: 红米, Num: 26
PhoneType: 苹果, Num: 253
PhoneType: 一加, Num: 12
PhoneType: 小米, Num: 31
PhoneType: 荣耀, Num: 14
PhoneType: 三星, Num: 14
PhoneType: IQOO, Num: 18
PhoneType: OPPO, Num: 8
PhoneType: Vivo, Num: 11
PhoneType: 华为, Num: 17
cnt: 432
=====================================
统计中...
PhoneType: 华为, Num: 17
PhoneType: OPPO, Num: 8
PhoneType: Vivo, Num: 11
PhoneType: 魅族, Num: 1
PhoneType: 红米, Num: 26
PhoneType: 未知Android设备, Num: 21
PhoneType: 真我, Num: 6
PhoneType: 苹果, Num: 256
PhoneType: 一加, Num: 12
PhoneType: 小米, Num: 32
PhoneType: 荣耀, Num: 15
PhoneType: IQOO, Num: 19
PhoneType: 三星, Num: 15
cnt: 439
=====================================
统计中...
PhoneType: 魅族, Num: 1
PhoneType: 真我, Num: 6
PhoneType: 红米, Num: 27
PhoneType: 未知Android设备, Num: 21
PhoneType: 苹果, Num: 260
PhoneType: 一加, Num: 12
PhoneType: 荣耀, Num: 15
PhoneType: 小米, Num: 32
PhoneType: 三星, Num: 15
PhoneType: IQOO, Num: 19
PhoneType: Vivo, Num: 12
PhoneType: 华为, Num: 20
PhoneType: OPPO, Num: 8
cnt: 448
=====================================
统计中...
PhoneType: 真我, Num: 6
PhoneType: 红米, Num: 27
PhoneType: 未知Android设备, Num: 21
PhoneType: 苹果, Num: 263
PhoneType: 一加, Num: 12
PhoneType: 荣耀, Num: 15
PhoneType: 小米, Num: 32
PhoneType: 三星, Num: 15
PhoneType: IQOO, Num: 19
PhoneType: Vivo, Num: 14
PhoneType: 华为, Num: 20
PhoneType: OPPO, Num: 8
PhoneType: 魅族, Num: 1
cnt: 453
=====================================
统计中...
PhoneType: 荣耀, Num: 15
PhoneType: 小米, Num: 33
PhoneType: 三星, Num: 15
PhoneType: IQOO, Num: 19
PhoneType: Vivo, Num: 14
PhoneType: 华为, Num: 20
PhoneType: OPPO, Num: 9
PhoneType: 魅族, Num: 1
PhoneType: 真我, Num: 6
PhoneType: 红米, Num: 27
PhoneType: 未知Android设备, Num: 21
PhoneType: 苹果, Num: 270
PhoneType: 一加, Num: 12
cnt: 462
=====================================
统计中...
PhoneType: 荣耀, Num: 15
PhoneType: 小米, Num: 34
PhoneType: 三星, Num: 15
PhoneType: IQOO, Num: 19
PhoneType: Vivo, Num: 14
PhoneType: 华为, Num: 20
PhoneType: OPPO, Num: 9
PhoneType: 魅族, Num: 1
PhoneType: 真我, Num: 6
PhoneType: 红米, Num: 27
PhoneType: 未知Android设备, Num: 21
PhoneType: 苹果, Num: 278
PhoneType: 一加, Num: 12
cnt: 471
=====================================
统计中...
PhoneType: 苹果, Num: 282
PhoneType: 一加, Num: 12
PhoneType: 荣耀, Num: 15
PhoneType: 小米, Num: 37
PhoneType: 三星, Num: 15
PhoneType: IQOO, Num: 19
PhoneType: Vivo, Num: 14
PhoneType: 华为, Num: 20
PhoneType: OPPO, Num: 9
PhoneType: 魅族, Num: 1
PhoneType: 真我, Num: 7
PhoneType: 红米, Num: 28
PhoneType: 未知Android设备, Num: 21
cnt: 480
=====================================
统计中...
PhoneType: 真我, Num: 8
PhoneType: 红米, Num: 29
PhoneType: 未知Android设备, Num: 21
PhoneType: 苹果, Num: 283
PhoneType: 一加, Num: 14
PhoneType: 荣耀, Num: 15
PhoneType: 小米, Num: 38
PhoneType: 三星, Num: 15
PhoneType: IQOO, Num: 19
PhoneType: Vivo, Num: 14
PhoneType: 华为, Num: 20
PhoneType: OPPO, Num: 9
PhoneType: 魅族, Num: 1
cnt: 486
=====================================
统计中...
PhoneType: 苹果, Num: 286
PhoneType: 一加, Num: 14
PhoneType: 荣耀, Num: 15
PhoneType: 小米, Num: 38
PhoneType: 三星, Num: 16
PhoneType: IQOO, Num: 19
PhoneType: Vivo, Num: 15
PhoneType: 华为, Num: 20
PhoneType: OPPO, Num: 9
PhoneType: 魅族, Num: 1
PhoneType: 真我, Num: 8
PhoneType: 红米, Num: 30
PhoneType: 未知Android设备, Num: 21
cnt: 492
=====================================
统计中...
PhoneType: 三星, Num: 16
PhoneType: IQOO, Num: 19
PhoneType: Vivo, Num: 15
PhoneType: 华为, Num: 21
PhoneType: OPPO, Num: 9
PhoneType: 魅族, Num: 1
PhoneType: 真我, Num: 8
PhoneType: 红米, Num: 31
PhoneType: 未知Android设备, Num: 21
PhoneType: 苹果, Num: 291
PhoneType: 一加, Num: 14
PhoneType: 荣耀, Num: 15
PhoneType: 小米, Num: 39
cnt: 500
=====================================
统计中...
PhoneType: 苹果, Num: 294
PhoneType: 一加, Num: 15
PhoneType: 小米, Num: 39
PhoneType: 荣耀, Num: 15
PhoneType: 三星, Num: 16
PhoneType: IQOO, Num: 19
PhoneType: OPPO, Num: 9
PhoneType: Vivo, Num: 15
PhoneType: 华为, Num: 21
PhoneType: 魅族, Num: 1
PhoneType: 未知Android设备, Num: 21
PhoneType: 真我, Num: 8
PhoneType: 红米, Num: 31
cnt: 504
=====================================
统计中...
PhoneType: 真我, Num: 8
PhoneType: 红米, Num: 32
PhoneType: 未知Android设备, Num: 21
PhoneType: 苹果, Num: 296
PhoneType: 一加, Num: 15
PhoneType: 荣耀, Num: 15
PhoneType: 小米, Num: 40
PhoneType: 三星, Num: 16
PhoneType: IQOO, Num: 19
PhoneType: Vivo, Num: 15
PhoneType: 华为, Num: 21
PhoneType: OPPO, Num: 9
PhoneType: 魅族, Num: 1
cnt: 508
=====================================
统计中...
PhoneType: 一加, Num: 15
PhoneType: 小米, Num: 40
PhoneType: 荣耀, Num: 15
PhoneType: IQOO, Num: 19
PhoneType: 三星, Num: 16
PhoneType: 华为, Num: 22
PhoneType: OPPO, Num: 9
PhoneType: Vivo, Num: 15
PhoneType: 魅族, Num: 1
PhoneType: 红米, Num: 32
PhoneType: 未知Android设备, Num: 21
PhoneType: 真我, Num: 8
PhoneType: 苹果, Num: 303
cnt: 516
=====================================
统计中...
PhoneType: 魅族, Num: 1
PhoneType: 未知Android设备, Num: 21
PhoneType: 真我, Num: 8
PhoneType: 红米, Num: 33
PhoneType: 苹果, Num: 305
PhoneType: 一加, Num: 15
PhoneType: 小米, Num: 40
PhoneType: 荣耀, Num: 15
PhoneType: 三星, Num: 16
PhoneType: IQOO, Num: 19
PhoneType: OPPO, Num: 9
PhoneType: Vivo, Num: 15
PhoneType: 华为, Num: 23
cnt: 520
=====================================
统计中...
PhoneType: 真我, Num: 8
PhoneType: 红米, Num: 33
PhoneType: 未知Android设备, Num: 21
PhoneType: 苹果, Num: 308
PhoneType: 一加, Num: 15
PhoneType: 荣耀, Num: 15
PhoneType: 小米, Num: 41
PhoneType: 三星, Num: 16
PhoneType: IQOO, Num: 19
PhoneType: Vivo, Num: 15
PhoneType: 华为, Num: 23
PhoneType: OPPO, Num: 9
PhoneType: 魅族, Num: 1
cnt: 524
=====================================
统计中...
PhoneType: 三星, Num: 16
PhoneType: IQOO, Num: 20
PhoneType: Vivo, Num: 15
PhoneType: 华为, Num: 24
PhoneType: OPPO, Num: 9
PhoneType: 魅族, Num: 2
PhoneType: 真我, Num: 8
PhoneType: 红米, Num: 35
PhoneType: 未知Android设备, Num: 21
PhoneType: 苹果, Num: 311
PhoneType: 一加, Num: 16
PhoneType: 荣耀, Num: 15
PhoneType: 小米, Num: 42
cnt: 534
=====================================
统计中...
PhoneType: 荣耀, Num: 15
PhoneType: 小米, Num: 42
PhoneType: 三星, Num: 16
PhoneType: IQOO, Num: 20
PhoneType: Vivo, Num: 15
PhoneType: 华为, Num: 25
PhoneType: OPPO, Num: 9
PhoneType: 魅族, Num: 2
PhoneType: 真我, Num: 8
PhoneType: 红米, Num: 36
PhoneType: 未知Android设备, Num: 22
PhoneType: 苹果, Num: 315
PhoneType: 一加, Num: 16
cnt: 541
=====================================
统计中...
PhoneType: Vivo, Num: 15
PhoneType: 华为, Num: 25
PhoneType: OPPO, Num: 9
PhoneType: 魅族, Num: 2
PhoneType: 真我, Num: 9
PhoneType: 红米, Num: 38
PhoneType: 未知Android设备, Num: 22
PhoneType: 苹果, Num: 319
PhoneType: 一加, Num: 16
PhoneType: 荣耀, Num: 15
PhoneType: 小米, Num: 43
PhoneType: 三星, Num: 16
PhoneType: IQOO, Num: 20
cnt: 549
=====================================
统计中...
PhoneType: 真我, Num: 9
PhoneType: 红米, Num: 40
PhoneType: 未知Android设备, Num: 22
PhoneType: 苹果, Num: 323
PhoneType: 一加, Num: 16
PhoneType: 荣耀, Num: 16
PhoneType: 小米, Num: 43
PhoneType: 三星, Num: 16
PhoneType: IQOO, Num: 20
PhoneType: Vivo, Num: 15
PhoneType: 华为, Num: 25
PhoneType: OPPO, Num: 10
PhoneType: 魅族, Num: 3
cnt: 558
=====================================
统计中...
PhoneType: 荣耀, Num: 16
PhoneType: 小米, Num: 44
PhoneType: 三星, Num: 17
PhoneType: IQOO, Num: 21
PhoneType: Vivo, Num: 15
PhoneType: 华为, Num: 25
PhoneType: OPPO, Num: 10
PhoneType: 魅族, Num: 3
PhoneType: 真我, Num: 9
PhoneType: 红米, Num: 40
PhoneType: 未知Android设备, Num: 22
PhoneType: 苹果, Num: 327
PhoneType: 一加, Num: 17
cnt: 566
=====================================
统计中...
PhoneType: 魅族, Num: 3
PhoneType: 真我, Num: 9
PhoneType: 红米, Num: 40
PhoneType: 未知Android设备, Num: 22
PhoneType: 苹果, Num: 330
PhoneType: 一加, Num: 17
PhoneType: 荣耀, Num: 17
PhoneType: 小米, Num: 44
PhoneType: 三星, Num: 18
PhoneType: IQOO, Num: 21
PhoneType: Vivo, Num: 15
PhoneType: 华为, Num: 26
PhoneType: OPPO, Num: 10
cnt: 572
=====================================
统计中...
PhoneType: 荣耀, Num: 18
PhoneType: 小米, Num: 44
PhoneType: 三星, Num: 19
PhoneType: IQOO, Num: 21
PhoneType: Vivo, Num: 15
PhoneType: 华为, Num: 28
PhoneType: OPPO, Num: 10
PhoneType: 魅族, Num: 3
PhoneType: 真我, Num: 9
PhoneType: 红米, Num: 41
PhoneType: 未知Android设备, Num: 22
PhoneType: 苹果, Num: 330
PhoneType: 一加, Num: 17
cnt: 577
=====================================
统计中...
PhoneType: 魅族, Num: 3
PhoneType: 真我, Num: 9
PhoneType: 红米, Num: 42
PhoneType: 未知Android设备, Num: 22
PhoneType: 苹果, Num: 334
PhoneType: 一加, Num: 17
PhoneType: 荣耀, Num: 19
PhoneType: 小米, Num: 44
PhoneType: 三星, Num: 19
PhoneType: IQOO, Num: 21
PhoneType: Vivo, Num: 15
PhoneType: 华为, Num: 28
PhoneType: OPPO, Num: 10
cnt: 583
=====================================
统计中...
PhoneType: 荣耀, Num: 19
PhoneType: 小米, Num: 44
PhoneType: 三星, Num: 19
PhoneType: IQOO, Num: 22
PhoneType: Vivo, Num: 15
PhoneType: 华为, Num: 30
PhoneType: OPPO, Num: 10
PhoneType: 魅族, Num: 3
PhoneType: 真我, Num: 9
PhoneType: 红米, Num: 43
PhoneType: 未知Android设备, Num: 22
PhoneType: 苹果, Num: 337
PhoneType: 一加, Num: 17
cnt: 590
=====================================
统计中...
PhoneType: 魅族, Num: 3
PhoneType: 真我, Num: 9
PhoneType: 红米, Num: 45
PhoneType: 未知Android设备, Num: 22
PhoneType: 苹果, Num: 341
PhoneType: 一加, Num: 17
PhoneType: 荣耀, Num: 19
PhoneType: 小米, Num: 46
PhoneType: 三星, Num: 19
PhoneType: IQOO, Num: 22
PhoneType: Vivo, Num: 15
PhoneType: 华为, Num: 31
PhoneType: OPPO, Num: 11
cnt: 600
=====================================
统计中...
PhoneType: 一加, Num: 17
PhoneType: 小米, Num: 46
PhoneType: 荣耀, Num: 19
PhoneType: IQOO, Num: 22
PhoneType: 三星, Num: 19
PhoneType: 华为, Num: 31
PhoneType: OPPO, Num: 11
PhoneType: Vivo, Num: 15
PhoneType: 魅族, Num: 3
PhoneType: 红米, Num: 46
PhoneType: 未知Android设备, Num: 23
PhoneType: 真我, Num: 9
PhoneType: 苹果, Num: 345
cnt: 606
=====================================
统计中...
PhoneType: 一加, Num: 18
PhoneType: 小米, Num: 47
PhoneType: 荣耀, Num: 20
PhoneType: IQOO, Num: 22
PhoneType: 三星, Num: 19
PhoneType: 华为, Num: 31
PhoneType: OPPO, Num: 11
PhoneType: Vivo, Num: 15
PhoneType: 魅族, Num: 3
PhoneType: 红米, Num: 46
PhoneType: 未知Android设备, Num: 23
PhoneType: 真我, Num: 9
PhoneType: 苹果, Num: 348
cnt: 612
=====================================
统计中...
PhoneType: Vivo, Num: 16
PhoneType: 华为, Num: 31
PhoneType: OPPO, Num: 11
PhoneType: 魅族, Num: 3
PhoneType: 真我, Num: 9
PhoneType: 红米, Num: 47
PhoneType: 未知Android设备, Num: 23
PhoneType: 苹果, Num: 351
PhoneType: 一加, Num: 18
PhoneType: 荣耀, Num: 20
PhoneType: 小米, Num: 48
PhoneType: 三星, Num: 19
PhoneType: IQOO, Num: 22
cnt: 618
=====================================
统计中...
PhoneType: 荣耀, Num: 20
PhoneType: 小米, Num: 48
PhoneType: 三星, Num: 19
PhoneType: IQOO, Num: 22
PhoneType: Vivo, Num: 16
PhoneType: 华为, Num: 31
PhoneType: OPPO, Num: 11
PhoneType: 魅族, Num: 3
PhoneType: 真我, Num: 9
PhoneType: 红米, Num: 47
PhoneType: 未知Android设备, Num: 23
PhoneType: 苹果, Num: 354
PhoneType: 一加, Num: 18
cnt: 621
=====================================
统计中...
PhoneType: 苹果, Num: 358
PhoneType: 一加, Num: 18
PhoneType: 小米, Num: 49
PhoneType: 荣耀, Num: 20
PhoneType: IQOO, Num: 23
PhoneType: 三星, Num: 19
PhoneType: 华为, Num: 31
PhoneType: OPPO, Num: 11
PhoneType: Vivo, Num: 16
PhoneType: 魅族, Num: 3
PhoneType: 红米, Num: 48
PhoneType: 未知Android设备, Num: 23
PhoneType: 真我, Num: 9
cnt: 628
=====================================
统计中...
PhoneType: 红米, Num: 50
PhoneType: 未知Android设备, Num: 24
PhoneType: 真我, Num: 9
PhoneType: 苹果, Num: 359
PhoneType: 一加, Num: 18
PhoneType: 小米, Num: 49
PhoneType: 荣耀, Num: 21
PhoneType: IQOO, Num: 23
PhoneType: 三星, Num: 19
PhoneType: 华为, Num: 31
PhoneType: OPPO, Num: 11
PhoneType: Vivo, Num: 16
PhoneType: 魅族, Num: 3
cnt: 633
=====================================
统计中...
PhoneType: 三星, Num: 20
PhoneType: IQOO, Num: 23
PhoneType: Vivo, Num: 16
PhoneType: 华为, Num: 31
PhoneType: OPPO, Num: 12
PhoneType: 魅族, Num: 3
PhoneType: 真我, Num: 9
PhoneType: 红米, Num: 50
PhoneType: 未知Android设备, Num: 24
PhoneType: 苹果, Num: 363
PhoneType: 一加, Num: 18
PhoneType: 荣耀, Num: 22
PhoneType: 小米, Num: 50
cnt: 641
=====================================
统计中...
PhoneType: 真我, Num: 9
PhoneType: 红米, Num: 50
PhoneType: 未知Android设备, Num: 24
PhoneType: 苹果, Num: 368
PhoneType: 一加, Num: 18
PhoneType: 荣耀, Num: 22
PhoneType: 小米, Num: 51
PhoneType: 三星, Num: 20
PhoneType: IQOO, Num: 24
PhoneType: Vivo, Num: 16
PhoneType: 华为, Num: 31
PhoneType: OPPO, Num: 12
PhoneType: 魅族, Num: 3
cnt: 648
=====================================
统计中...
PhoneType: Vivo, Num: 16
PhoneType: 华为, Num: 31
PhoneType: OPPO, Num: 12
PhoneType: 魅族, Num: 3
PhoneType: 努比亚, Num: 1
PhoneType: 真我, Num: 9
PhoneType: 红米, Num: 50
PhoneType: 未知Android设备, Num: 25
PhoneType: 苹果, Num: 372
PhoneType: 一加, Num: 18
PhoneType: 荣耀, Num: 22
PhoneType: 小米, Num: 53
PhoneType: 三星, Num: 20
PhoneType: IQOO, Num: 24
cnt: 656
=====================================
统计中...
PhoneType: 苹果, Num: 373
PhoneType: 一加, Num: 18
PhoneType: 荣耀, Num: 23
PhoneType: 小米, Num: 53
PhoneType: 三星, Num: 20
PhoneType: IQOO, Num: 24
PhoneType: Vivo, Num: 16
PhoneType: 华为, Num: 33
PhoneType: OPPO, Num: 12
PhoneType: 魅族, Num: 3
PhoneType: 努比亚, Num: 1
PhoneType: 真我, Num: 9
PhoneType: 红米, Num: 50
PhoneType: 未知Android设备, Num: 25
cnt: 660
=====================================
统计中...
PhoneType: 苹果, Num: 376
PhoneType: 一加, Num: 18
PhoneType: 荣耀, Num: 24
PhoneType: 小米, Num: 53
PhoneType: 三星, Num: 20
PhoneType: IQOO, Num: 24
PhoneType: Vivo, Num: 16
PhoneType: 华为, Num: 33
PhoneType: OPPO, Num: 12
PhoneType: 魅族, Num: 3
PhoneType: 真我, Num: 10
PhoneType: 红米, Num: 51
PhoneType: 未知Android设备, Num: 25
PhoneType: 努比亚, Num: 1
cnt: 666
=====================================
统计中...
PhoneType: 魅族, Num: 3
PhoneType: 真我, Num: 10
PhoneType: 红米, Num: 51
PhoneType: 未知Android设备, Num: 25
PhoneType: 努比亚, Num: 1
PhoneType: 苹果, Num: 383
PhoneType: 一加, Num: 18
PhoneType: 荣耀, Num: 25
PhoneType: 小米, Num: 53
PhoneType: 三星, Num: 20
PhoneType: IQOO, Num: 24
PhoneType: Vivo, Num: 16
PhoneType: 华为, Num: 33
PhoneType: OPPO, Num: 12
cnt: 674
=====================================
统计中...
PhoneType: Vivo, Num: 16
PhoneType: 华为, Num: 33
PhoneType: OPPO, Num: 13
PhoneType: 魅族, Num: 3
PhoneType: 努比亚, Num: 1
PhoneType: 真我, Num: 10
PhoneType: 红米, Num: 52
PhoneType: 未知Android设备, Num: 25
PhoneType: 苹果, Num: 383
PhoneType: 一加, Num: 18
PhoneType: 荣耀, Num: 25
PhoneType: 小米, Num: 53
PhoneType: 三星, Num: 21
PhoneType: IQOO, Num: 24
cnt: 677
=====================================
统计中...
PhoneType: 魅族, Num: 3
PhoneType: 真我, Num: 10
PhoneType: 红米, Num: 52
PhoneType: 未知Android设备, Num: 25
PhoneType: 努比亚, Num: 1
PhoneType: 苹果, Num: 385
PhoneType: 一加, Num: 19
PhoneType: 荣耀, Num: 25
PhoneType: 小米, Num: 53
PhoneType: 三星, Num: 22
PhoneType: IQOO, Num: 24
PhoneType: Vivo, Num: 17
PhoneType: 华为, Num: 33
PhoneType: OPPO, Num: 13
cnt: 682
=====================================
统计中...
PhoneType: Vivo, Num: 18
PhoneType: 华为, Num: 33
PhoneType: OPPO, Num: 13
PhoneType: 魅族, Num: 3
PhoneType: 努比亚, Num: 1
PhoneType: 真我, Num: 10
PhoneType: 红米, Num: 53
PhoneType: 未知Android设备, Num: 25
PhoneType: 苹果, Num: 387
PhoneType: 一加, Num: 19
PhoneType: 荣耀, Num: 25
PhoneType: 小米, Num: 53
PhoneType: 三星, Num: 22
PhoneType: IQOO, Num: 26
cnt: 688
=====================================
统计中...
PhoneType: 三星, Num: 22
PhoneType: IQOO, Num: 26
PhoneType: Vivo, Num: 18
PhoneType: 华为, Num: 35
PhoneType: OPPO, Num: 13
PhoneType: 魅族, Num: 3
PhoneType: 真我, Num: 10
PhoneType: 红米, Num: 53
PhoneType: 未知Android设备, Num: 25
PhoneType: 努比亚, Num: 1
PhoneType: 苹果, Num: 390
PhoneType: 一加, Num: 19
PhoneType: 荣耀, Num: 25
PhoneType: 小米, Num: 55
cnt: 695
=====================================
统计中...
PhoneType: 努比亚, Num: 1
PhoneType: 真我, Num: 10
PhoneType: 红米, Num: 56
PhoneType: 未知Android设备, Num: 25
PhoneType: 苹果, Num: 394
PhoneType: 一加, Num: 19
PhoneType: 荣耀, Num: 25
PhoneType: 小米, Num: 55
PhoneType: 三星, Num: 23
PhoneType: IQOO, Num: 26
PhoneType: Vivo, Num: 18
PhoneType: 华为, Num: 36
PhoneType: OPPO, Num: 14
PhoneType: 魅族, Num: 3
cnt: 705
=====================================
统计中...
PhoneType: 努比亚, Num: 1
PhoneType: 真我, Num: 10
PhoneType: 红米, Num: 57
PhoneType: 未知Android设备, Num: 25
PhoneType: 苹果, Num: 399
PhoneType: 一加, Num: 19
PhoneType: 荣耀, Num: 25
PhoneType: 小米, Num: 55
PhoneType: 三星, Num: 23
PhoneType: IQOO, Num: 26
PhoneType: Vivo, Num: 18
PhoneType: 华为, Num: 36
PhoneType: OPPO, Num: 14
PhoneType: 魅族, Num: 3
cnt: 711
=====================================
统计中...
PhoneType: IQOO, Num: 26
PhoneType: 三星, Num: 23
PhoneType: 华为, Num: 36
PhoneType: OPPO, Num: 14
PhoneType: Vivo, Num: 18
PhoneType: 魅族, Num: 4
PhoneType: 红米, Num: 60
PhoneType: 未知Android设备, Num: 25
PhoneType: 努比亚, Num: 1
PhoneType: 真我, Num: 10
PhoneType: 苹果, Num: 401
PhoneType: 一加, Num: 20
PhoneType: 小米, Num: 55
PhoneType: 荣耀, Num: 25
cnt: 718
=====================================
统计中...
PhoneType: 一加, Num: 20
PhoneType: 荣耀, Num: 25
PhoneType: 小米, Num: 55
PhoneType: 三星, Num: 23
PhoneType: IQOO, Num: 26
PhoneType: Vivo, Num: 18
PhoneType: 华为, Num: 37
PhoneType: OPPO, Num: 14
PhoneType: 魅族, Num: 4
PhoneType: 真我, Num: 10
PhoneType: 红米, Num: 60
PhoneType: 未知Android设备, Num: 25
PhoneType: 努比亚, Num: 1
PhoneType: 苹果, Num: 405
cnt: 723
=====================================
统计中...
PhoneType: 努比亚, Num: 1
PhoneType: 真我, Num: 10
PhoneType: 红米, Num: 61
PhoneType: 未知Android设备, Num: 25
PhoneType: 苹果, Num: 410
PhoneType: 一加, Num: 20
PhoneType: 荣耀, Num: 25
PhoneType: 小米, Num: 55
PhoneType: 三星, Num: 23
PhoneType: IQOO, Num: 26
PhoneType: Vivo, Num: 18
PhoneType: 华为, Num: 37
PhoneType: OPPO, Num: 15
PhoneType: 魅族, Num: 4
cnt: 730
=====================================
统计中...
PhoneType: 三星, Num: 23
PhoneType: IQOO, Num: 26
PhoneType: Vivo, Num: 18
PhoneType: 华为, Num: 38
PhoneType: OPPO, Num: 15
PhoneType: 魅族, Num: 4
PhoneType: 努比亚, Num: 2
PhoneType: 真我, Num: 10
PhoneType: 红米, Num: 62
PhoneType: 未知Android设备, Num: 25
PhoneType: 苹果, Num: 413
PhoneType: 一加, Num: 20
PhoneType: 荣耀, Num: 25
PhoneType: 小米, Num: 55
cnt: 736
=====================================
统计中...
PhoneType: 荣耀, Num: 25
PhoneType: 小米, Num: 55
PhoneType: 三星, Num: 23
PhoneType: IQOO, Num: 26
PhoneType: Vivo, Num: 19
PhoneType: 华为, Num: 38
PhoneType: OPPO, Num: 15
PhoneType: 魅族, Num: 4
PhoneType: 真我, Num: 10
PhoneType: 红米, Num: 62
PhoneType: 未知Android设备, Num: 25
PhoneType: 努比亚, Num: 2
PhoneType: 苹果, Num: 416
PhoneType: 一加, Num: 20
cnt: 740
=====================================
统计中...
PhoneType: 苹果, Num: 418
PhoneType: 一加, Num: 20
PhoneType: 小米, Num: 57
PhoneType: 荣耀, Num: 25
PhoneType: 三星, Num: 23
PhoneType: IQOO, Num: 26
PhoneType: OPPO, Num: 15
PhoneType: Vivo, Num: 19
PhoneType: 华为, Num: 38
PhoneType: 魅族, Num: 4
PhoneType: 未知Android设备, Num: 25
PhoneType: 努比亚, Num: 2
PhoneType: 真我, Num: 10
PhoneType: 红米, Num: 63
cnt: 745
=====================================
统计中...
PhoneType: 红米, Num: 63
PhoneType: 未知Android设备, Num: 26
PhoneType: 努比亚, Num: 2
PhoneType: 真我, Num: 10
PhoneType: 苹果, Num: 421
PhoneType: 一加, Num: 20
PhoneType: 小米, Num: 57
PhoneType: 荣耀, Num: 25
PhoneType: IQOO, Num: 27
PhoneType: 三星, Num: 23
PhoneType: 华为, Num: 38
PhoneType: OPPO, Num: 15
PhoneType: Vivo, Num: 19
PhoneType: 魅族, Num: 4
cnt: 750
=====================================
统计中...
PhoneType: 三星, Num: 23
PhoneType: IQOO, Num: 27
PhoneType: Vivo, Num: 19
PhoneType: 华为, Num: 38
PhoneType: OPPO, Num: 16
PhoneType: 魅族, Num: 4
PhoneType: 真我, Num: 10
PhoneType: 红米, Num: 63
PhoneType: 未知Android设备, Num: 27
PhoneType: 努比亚, Num: 2
PhoneType: 苹果, Num: 423
PhoneType: 一加, Num: 20
PhoneType: 荣耀, Num: 26
PhoneType: 小米, Num: 58
cnt: 756
=====================================
统计中...
PhoneType: 真我, Num: 10
PhoneType: 红米, Num: 64
PhoneType: 未知Android设备, Num: 27
PhoneType: 努比亚, Num: 2
PhoneType: 苹果, Num: 425
PhoneType: 一加, Num: 20
PhoneType: 荣耀, Num: 27
PhoneType: 小米, Num: 60
PhoneType: 三星, Num: 23
PhoneType: IQOO, Num: 27
PhoneType: Vivo, Num: 20
PhoneType: 华为, Num: 38
PhoneType: OPPO, Num: 16
PhoneType: 魅族, Num: 4
cnt: 763
=====================================
统计中...
PhoneType: 未知Android设备, Num: 27
PhoneType: 努比亚, Num: 2
PhoneType: 真我, Num: 10
PhoneType: 红米, Num: 66
PhoneType: 苹果, Num: 425
PhoneType: 一加, Num: 20
PhoneType: 小米, Num: 61
PhoneType: 荣耀, Num: 28
PhoneType: 三星, Num: 23
PhoneType: IQOO, Num: 28
PhoneType: OPPO, Num: 16
PhoneType: Vivo, Num: 20
PhoneType: 华为, Num: 38
PhoneType: 魅族, Num: 4
cnt: 768
=====================================
统计中...
PhoneType: 真我, Num: 10
PhoneType: 红米, Num: 66
PhoneType: 未知Android设备, Num: 27
PhoneType: 努比亚, Num: 2
PhoneType: 苹果, Num: 431
PhoneType: 一加, Num: 21
PhoneType: 荣耀, Num: 28
PhoneType: 小米, Num: 63
PhoneType: 三星, Num: 24
PhoneType: IQOO, Num: 28
PhoneType: Vivo, Num: 20
PhoneType: 华为, Num: 38
PhoneType: OPPO, Num: 16
PhoneType: 魅族, Num: 4
cnt: 778
=====================================
统计中...
PhoneType: Vivo, Num: 20
PhoneType: 华为, Num: 40
PhoneType: OPPO, Num: 16
PhoneType: 魅族, Num: 4
PhoneType: 真我, Num: 10
PhoneType: 红米, Num: 66
PhoneType: 未知Android设备, Num: 27
PhoneType: 努比亚, Num: 2
PhoneType: 苹果, Num: 437
PhoneType: 一加, Num: 21
PhoneType: 荣耀, Num: 28
PhoneType: 小米, Num: 63
PhoneType: 三星, Num: 24
PhoneType: IQOO, Num: 28
cnt: 786
=====================================
统计中...
PhoneType: 真我, Num: 10
PhoneType: 红米, Num: 66
PhoneType: 未知Android设备, Num: 27
PhoneType: 努比亚, Num: 2
PhoneType: 苹果, Num: 439
PhoneType: 一加, Num: 23
PhoneType: 荣耀, Num: 28
PhoneType: 小米, Num: 63
PhoneType: 三星, Num: 26
PhoneType: IQOO, Num: 28
PhoneType: Vivo, Num: 20
PhoneType: 华为, Num: 40
PhoneType: OPPO, Num: 16
PhoneType: 魅族, Num: 4
cnt: 792
=====================================
统计中...
PhoneType: 红米, Num: 67
PhoneType: 未知Android设备, Num: 28
PhoneType: 努比亚, Num: 2
PhoneType: 真我, Num: 10
PhoneType: 苹果, Num: 441
PhoneType: 一加, Num: 23
PhoneType: 小米, Num: 63
PhoneType: 荣耀, Num: 28
PhoneType: IQOO, Num: 28
PhoneType: 三星, Num: 27
PhoneType: 华为, Num: 40
PhoneType: OPPO, Num: 16
PhoneType: Vivo, Num: 21
PhoneType: 魅族, Num: 4
cnt: 798
=====================================
统计中...
PhoneType: 真我, Num: 10
PhoneType: 红米, Num: 67
PhoneType: 未知Android设备, Num: 28
PhoneType: 努比亚, Num: 2
PhoneType: 苹果, Num: 444
PhoneType: 一加, Num: 23
PhoneType: 荣耀, Num: 28
PhoneType: 小米, Num: 63
PhoneType: 三星, Num: 27
PhoneType: IQOO, Num: 28
PhoneType: Vivo, Num: 21
PhoneType: 华为, Num: 40
PhoneType: OPPO, Num: 16
PhoneType: 魅族, Num: 4
cnt: 801
=====================================
统计中...
PhoneType: Vivo, Num: 22
PhoneType: 华为, Num: 41
PhoneType: OPPO, Num: 16
PhoneType: 魅族, Num: 4
PhoneType: 真我, Num: 10
PhoneType: 红米, Num: 67
PhoneType: 未知Android设备, Num: 28
PhoneType: 努比亚, Num: 2
PhoneType: 苹果, Num: 448
PhoneType: 一加, Num: 23
PhoneType: 荣耀, Num: 28
PhoneType: 小米, Num: 63
PhoneType: 三星, Num: 28
PhoneType: IQOO, Num: 28
cnt: 808
=====================================
统计中...
PhoneType: 魅族, Num: 4
PhoneType: 努比亚, Num: 2
PhoneType: 真我, Num: 10
PhoneType: 红米, Num: 69
PhoneType: 未知Android设备, Num: 28
PhoneType: 苹果, Num: 449
PhoneType: 一加, Num: 24
PhoneType: 荣耀, Num: 28
PhoneType: 小米, Num: 63
PhoneType: 三星, Num: 28
PhoneType: IQOO, Num: 28
PhoneType: Vivo, Num: 22
PhoneType: 华为, Num: 41
PhoneType: OPPO, Num: 16
cnt: 812
=====================================
统计中...
PhoneType: 努比亚, Num: 2
PhoneType: 真我, Num: 10
PhoneType: 红米, Num: 69
PhoneType: 未知Android设备, Num: 28
PhoneType: 苹果, Num: 454
PhoneType: 一加, Num: 24
PhoneType: 荣耀, Num: 28
PhoneType: 小米, Num: 63
PhoneType: 三星, Num: 28
PhoneType: IQOO, Num: 28
PhoneType: Vivo, Num: 22
PhoneType: 华为, Num: 41
PhoneType: OPPO, Num: 16
PhoneType: 魅族, Num: 4
cnt: 817
=====================================
统计中...
PhoneType: 未知Android设备, Num: 28
PhoneType: 努比亚, Num: 2
PhoneType: 真我, Num: 10
PhoneType: 红米, Num: 70
PhoneType: 苹果, Num: 456
PhoneType: 一加, Num: 24
PhoneType: 小米, Num: 64
PhoneType: 荣耀, Num: 28
PhoneType: 三星, Num: 28
PhoneType: IQOO, Num: 28
PhoneType: OPPO, Num: 16
PhoneType: Vivo, Num: 22
PhoneType: 华为, Num: 41
PhoneType: 魅族, Num: 4
cnt: 821
=====================================
统计中...
PhoneType: 真我, Num: 10
PhoneType: 红米, Num: 71
PhoneType: 未知Android设备, Num: 28
PhoneType: 努比亚, Num: 2
PhoneType: 苹果, Num: 458
PhoneType: 一加, Num: 24
PhoneType: 荣耀, Num: 28
PhoneType: 小米, Num: 64
PhoneType: 三星, Num: 29
PhoneType: IQOO, Num: 28
PhoneType: Vivo, Num: 22
PhoneType: 华为, Num: 42
PhoneType: OPPO, Num: 16
PhoneType: 魅族, Num: 4
cnt: 826
=====================================
统计中...
PhoneType: 真我, Num: 10
PhoneType: 红米, Num: 71
PhoneType: 未知Android设备, Num: 28
PhoneType: 努比亚, Num: 2
PhoneType: 苹果, Num: 463
PhoneType: 一加, Num: 24
PhoneType: 荣耀, Num: 28
PhoneType: 小米, Num: 64
PhoneType: 三星, Num: 30
PhoneType: IQOO, Num: 28
PhoneType: Vivo, Num: 22
PhoneType: 华为, Num: 43
PhoneType: OPPO, Num: 16
PhoneType: 魅族, Num: 4
cnt: 833
=====================================
统计中...
PhoneType: 真我, Num: 10
PhoneType: 红米, Num: 71
PhoneType: 未知Android设备, Num: 29
PhoneType: 努比亚, Num: 2
PhoneType: 苹果, Num: 466
PhoneType: 一加, Num: 24
PhoneType: 荣耀, Num: 28
PhoneType: 小米, Num: 64
PhoneType: 三星, Num: 30
PhoneType: IQOO, Num: 28
PhoneType: Vivo, Num: 22
PhoneType: 华为, Num: 44
PhoneType: OPPO, Num: 16
PhoneType: 魅族, Num: 4
cnt: 838
=====================================
统计中...
PhoneType: 荣耀, Num: 28
PhoneType: 小米, Num: 64
PhoneType: 三星, Num: 30
PhoneType: IQOO, Num: 28
PhoneType: Vivo, Num: 23
PhoneType: 华为, Num: 44
PhoneType: OPPO, Num: 16
PhoneType: 魅族, Num: 4
PhoneType: 真我, Num: 10
PhoneType: 红米, Num: 71
PhoneType: 未知Android设备, Num: 29
PhoneType: 努比亚, Num: 2
PhoneType: 苹果, Num: 467
PhoneType: 一加, Num: 24
cnt: 840
=====================================
统计中...
PhoneType: 真我, Num: 10
PhoneType: 红米, Num: 71
PhoneType: 未知Android设备, Num: 29
PhoneType: 努比亚, Num: 2
PhoneType: 苹果, Num: 469
PhoneType: 一加, Num: 24
PhoneType: 荣耀, Num: 31
PhoneType: 小米, Num: 65
PhoneType: 三星, Num: 30
PhoneType: IQOO, Num: 28
PhoneType: Vivo, Num: 23
PhoneType: 华为, Num: 44
PhoneType: OPPO, Num: 16
PhoneType: 魅族, Num: 4
cnt: 846
=====================================
统计中...
PhoneType: 苹果, Num: 471
PhoneType: 一加, Num: 25
PhoneType: 荣耀, Num: 31
PhoneType: 小米, Num: 66
PhoneType: 三星, Num: 32
PhoneType: IQOO, Num: 28
PhoneType: Vivo, Num: 23
PhoneType: 华为, Num: 44
PhoneType: OPPO, Num: 16
PhoneType: 魅族, Num: 4
PhoneType: 努比亚, Num: 2
PhoneType: 真我, Num: 10
PhoneType: 红米, Num: 71
PhoneType: 未知Android设备, Num: 30
cnt: 853
=====================================
统计中...
PhoneType: 魅族, Num: 4
PhoneType: 红米, Num: 71
PhoneType: 未知Android设备, Num: 30
PhoneType: 努比亚, Num: 2
PhoneType: 真我, Num: 10
PhoneType: 苹果, Num: 474
PhoneType: 一加, Num: 25
PhoneType: 小米, Num: 66
PhoneType: 荣耀, Num: 31
PhoneType: IQOO, Num: 28
PhoneType: 三星, Num: 32
PhoneType: 华为, Num: 46
PhoneType: OPPO, Num: 17
PhoneType: Vivo, Num: 23
cnt: 859
=====================================
统计中...
PhoneType: 真我, Num: 10
PhoneType: 红米, Num: 71
PhoneType: 未知Android设备, Num: 30
PhoneType: 努比亚, Num: 2
PhoneType: 苹果, Num: 476
PhoneType: 一加, Num: 25
PhoneType: 荣耀, Num: 31
PhoneType: 小米, Num: 66
PhoneType: 三星, Num: 32
PhoneType: IQOO, Num: 28
PhoneType: Vivo, Num: 23
PhoneType: 华为, Num: 47
PhoneType: OPPO, Num: 17
PhoneType: 魅族, Num: 4
cnt: 862
=====================================
统计中...
PhoneType: 真我, Num: 10
PhoneType: 红米, Num: 72
PhoneType: 未知Android设备, Num: 30
PhoneType: 努比亚, Num: 2
PhoneType: 苹果, Num: 476
PhoneType: 一加, Num: 26
PhoneType: 荣耀, Num: 32
PhoneType: 小米, Num: 66
PhoneType: 三星, Num: 32
PhoneType: IQOO, Num: 28
PhoneType: Vivo, Num: 23
PhoneType: 华为, Num: 47
PhoneType: OPPO, Num: 18
PhoneType: 魅族, Num: 4
cnt: 866
=====================================
统计中...
PhoneType: 三星, Num: 32
PhoneType: IQOO, Num: 28
PhoneType: Vivo, Num: 23
PhoneType: 华为, Num: 47
PhoneType: OPPO, Num: 18
PhoneType: 魅族, Num: 4
PhoneType: 真我, Num: 10
PhoneType: 红米, Num: 72
PhoneType: 未知Android设备, Num: 31
PhoneType: 努比亚, Num: 2
PhoneType: 苹果, Num: 476
PhoneType: 一加, Num: 26
PhoneType: 荣耀, Num: 32
PhoneType: 小米, Num: 66
cnt: 867
=====================================
统计中...
PhoneType: 苹果, Num: 481
PhoneType: 一加, Num: 26
PhoneType: 小米, Num: 66
PhoneType: 荣耀, Num: 33
PhoneType: IQOO, Num: 28
PhoneType: 三星, Num: 33
PhoneType: 华为, Num: 47
PhoneType: OPPO, Num: 18
PhoneType: Vivo, Num: 23
PhoneType: 魅族, Num: 4
PhoneType: 红米, Num: 72
PhoneType: 未知Android设备, Num: 31
PhoneType: 努比亚, Num: 2
PhoneType: 真我, Num: 10
cnt: 874
=====================================
统计中...
PhoneType: 真我, Num: 10
PhoneType: 红米, Num: 73
PhoneType: 未知Android设备, Num: 32
PhoneType: 努比亚, Num: 2
PhoneType: 苹果, Num: 483
PhoneType: 一加, Num: 26
PhoneType: 荣耀, Num: 33
PhoneType: 小米, Num: 66
PhoneType: 三星, Num: 33
PhoneType: IQOO, Num: 28
PhoneType: Vivo, Num: 23
PhoneType: 华为, Num: 47
PhoneType: OPPO, Num: 18
PhoneType: 魅族, Num: 4
cnt: 878
=====================================
统计中...
PhoneType: 一加, Num: 26
PhoneType: 小米, Num: 67
PhoneType: 荣耀, Num: 33
PhoneType: IQOO, Num: 28
PhoneType: 三星, Num: 33
PhoneType: 华为, Num: 48
PhoneType: OPPO, Num: 18
PhoneType: Vivo, Num: 23
PhoneType: 魅族, Num: 4
PhoneType: 红米, Num: 73
PhoneType: 未知Android设备, Num: 32
PhoneType: 努比亚, Num: 2
PhoneType: 真我, Num: 10
PhoneType: 苹果, Num: 487
cnt: 884
=====================================
统计中...
PhoneType: 一加, Num: 26
PhoneType: 荣耀, Num: 33
PhoneType: 小米, Num: 68
PhoneType: 三星, Num: 33
PhoneType: IQOO, Num: 28
PhoneType: Vivo, Num: 23
PhoneType: 华为, Num: 48
PhoneType: OPPO, Num: 18
PhoneType: 魅族, Num: 4
PhoneType: 努比亚, Num: 2
PhoneType: 真我, Num: 10
PhoneType: 红米, Num: 74
PhoneType: 未知Android设备, Num: 32
PhoneType: 苹果, Num: 491
cnt: 890
=====================================
统计中...
PhoneType: 真我, Num: 10
PhoneType: 红米, Num: 74
PhoneType: 未知Android设备, Num: 32
PhoneType: 努比亚, Num: 2
PhoneType: 苹果, Num: 494
PhoneType: 一加, Num: 26
PhoneType: 荣耀, Num: 34
PhoneType: 小米, Num: 69
PhoneType: 三星, Num: 33
PhoneType: IQOO, Num: 28
PhoneType: Vivo, Num: 23
PhoneType: 华为, Num: 48
PhoneType: OPPO, Num: 18
PhoneType: 魅族, Num: 4
cnt: 895
=====================================
统计中...
PhoneType: 一加, Num: 26
PhoneType: 荣耀, Num: 36
PhoneType: 小米, Num: 71
PhoneType: 三星, Num: 33
PhoneType: IQOO, Num: 28
PhoneType: Vivo, Num: 23
PhoneType: 华为, Num: 49
PhoneType: OPPO, Num: 18
PhoneType: 魅族, Num: 4
PhoneType: 真我, Num: 11
PhoneType: 红米, Num: 74
PhoneType: 未知Android设备, Num: 32
PhoneType: 努比亚, Num: 2
PhoneType: 苹果, Num: 499
cnt: 906
=====================================
统计中...
PhoneType: 一加, Num: 26
PhoneType: 荣耀, Num: 36
PhoneType: 小米, Num: 71
PhoneType: 三星, Num: 33
PhoneType: IQOO, Num: 28
PhoneType: Vivo, Num: 24
PhoneType: 华为, Num: 54
PhoneType: OPPO, Num: 18
PhoneType: 魅族, Num: 4
PhoneType: 真我, Num: 11
PhoneType: 红米, Num: 74
PhoneType: 未知Android设备, Num: 33
PhoneType: 努比亚, Num: 2
PhoneType: 苹果, Num: 502
cnt: 916
=====================================
统计中...
PhoneType: 魅族, Num: 4
PhoneType: 努比亚, Num: 2
PhoneType: 真我, Num: 11
PhoneType: 红米, Num: 74
PhoneType: 未知Android设备, Num: 34
PhoneType: 苹果, Num: 505
PhoneType: 一加, Num: 26
PhoneType: 荣耀, Num: 36
PhoneType: 小米, Num: 72
PhoneType: 三星, Num: 33
PhoneType: IQOO, Num: 28
PhoneType: Vivo, Num: 24
PhoneType: 华为, Num: 54
PhoneType: OPPO, Num: 18
cnt: 921
=====================================
统计中...
PhoneType: Vivo, Num: 24
PhoneType: 华为, Num: 56
PhoneType: OPPO, Num: 18
PhoneType: 魅族, Num: 4
PhoneType: 真我, Num: 11
PhoneType: 红米, Num: 75
PhoneType: 未知Android设备, Num: 35
PhoneType: 努比亚, Num: 2
PhoneType: 苹果, Num: 509
PhoneType: 一加, Num: 27
PhoneType: 荣耀, Num: 38
PhoneType: 小米, Num: 72
PhoneType: 三星, Num: 33
PhoneType: IQOO, Num: 28
cnt: 932
=====================================
统计中...
PhoneType: 三星, Num: 33
PhoneType: IQOO, Num: 28
PhoneType: Vivo, Num: 24
PhoneType: 华为, Num: 56
PhoneType: OPPO, Num: 18
PhoneType: 魅族, Num: 4
PhoneType: 努比亚, Num: 2
PhoneType: 真我, Num: 11
PhoneType: 红米, Num: 75
PhoneType: 未知Android设备, Num: 35
PhoneType: 苹果, Num: 516
PhoneType: 一加, Num: 27
PhoneType: 荣耀, Num: 38
PhoneType: 小米, Num: 72
cnt: 939
=====================================
统计中...
PhoneType: 一加, Num: 27
PhoneType: 小米, Num: 72
PhoneType: 荣耀, Num: 38
PhoneType: 三星, Num: 33
PhoneType: IQOO, Num: 28
PhoneType: OPPO, Num: 19
PhoneType: Vivo, Num: 24
PhoneType: 华为, Num: 56
PhoneType: 魅族, Num: 4
PhoneType: 未知Android设备, Num: 35
PhoneType: 努比亚, Num: 2
PhoneType: 真我, Num: 11
PhoneType: 红米, Num: 75
PhoneType: 苹果, Num: 519
cnt: 943
=====================================
统计中...
PhoneType: 苹果, Num: 519
PhoneType: 一加, Num: 27
PhoneType: 荣耀, Num: 38
PhoneType: 小米, Num: 72
PhoneType: 三星, Num: 33
PhoneType: IQOO, Num: 29
PhoneType: Vivo, Num: 24
PhoneType: 华为, Num: 56
PhoneType: OPPO, Num: 19
PhoneType: 魅族, Num: 5
PhoneType: 努比亚, Num: 2
PhoneType: 真我, Num: 11
PhoneType: 红米, Num: 76
PhoneType: 未知Android设备, Num: 35
cnt: 946
=====================================
统计中...
PhoneType: 真我, Num: 11
PhoneType: 红米, Num: 76
PhoneType: 未知Android设备, Num: 36
PhoneType: 努比亚, Num: 2
PhoneType: 苹果, Num: 523
PhoneType: 一加, Num: 27
PhoneType: 荣耀, Num: 38
PhoneType: 小米, Num: 72
PhoneType: 三星, Num: 33
PhoneType: IQOO, Num: 29
PhoneType: Vivo, Num: 24
PhoneType: 华为, Num: 56
PhoneType: OPPO, Num: 19
PhoneType: 魅族, Num: 5
cnt: 951
=====================================
统计中...
PhoneType: 荣耀, Num: 39
PhoneType: 小米, Num: 72
PhoneType: 三星, Num: 33
PhoneType: IQOO, Num: 29
PhoneType: Vivo, Num: 24
PhoneType: 华为, Num: 56
PhoneType: OPPO, Num: 20
PhoneType: 魅族, Num: 5
PhoneType: 努比亚, Num: 2
PhoneType: 真我, Num: 11
PhoneType: 红米, Num: 76
PhoneType: 未知Android设备, Num: 36
PhoneType: 苹果, Num: 523
PhoneType: 一加, Num: 27
cnt: 953
=====================================
统计中...
PhoneType: 华为, Num: 56
PhoneType: OPPO, Num: 20
PhoneType: Vivo, Num: 24
PhoneType: 魅族, Num: 5
PhoneType: 红米, Num: 76
PhoneType: 未知Android设备, Num: 36
PhoneType: 努比亚, Num: 2
PhoneType: 真我, Num: 11
PhoneType: 苹果, Num: 524
PhoneType: 一加, Num: 27
PhoneType: 小米, Num: 72
PhoneType: 荣耀, Num: 39
PhoneType: IQOO, Num: 29
PhoneType: 三星, Num: 33
cnt: 954
=====================================
统计中...
PhoneType: 苹果, Num: 527
PhoneType: 一加, Num: 27
PhoneType: 荣耀, Num: 40
PhoneType: 小米, Num: 73
PhoneType: 三星, Num: 33
PhoneType: IQOO, Num: 29
PhoneType: Vivo, Num: 24
PhoneType: 华为, Num: 57
PhoneType: OPPO, Num: 20
PhoneType: 魅族, Num: 5
PhoneType: 真我, Num: 11
PhoneType: 红米, Num: 76
PhoneType: 未知Android设备, Num: 36
PhoneType: 努比亚, Num: 2
cnt: 960
=====================================
统计中...
PhoneType: IQOO, Num: 29
PhoneType: 三星, Num: 33
PhoneType: 华为, Num: 58
PhoneType: OPPO, Num: 20
PhoneType: Vivo, Num: 24
PhoneType: 魅族, Num: 5
PhoneType: 红米, Num: 77
PhoneType: 未知Android设备, Num: 36
PhoneType: 努比亚, Num: 2
PhoneType: 真我, Num: 11
PhoneType: 苹果, Num: 531
PhoneType: 一加, Num: 27
PhoneType: 小米, Num: 74
PhoneType: 荣耀, Num: 40
cnt: 967
=====================================
统计中...
PhoneType: 一加, Num: 27
PhoneType: 荣耀, Num: 41
PhoneType: 小米, Num: 74
PhoneType: 三星, Num: 33
PhoneType: IQOO, Num: 29
PhoneType: Vivo, Num: 25
PhoneType: 华为, Num: 58
PhoneType: OPPO, Num: 20
PhoneType: 魅族, Num: 5
PhoneType: 真我, Num: 11
PhoneType: 红米, Num: 77
PhoneType: 未知Android设备, Num: 37
PhoneType: 努比亚, Num: 2
PhoneType: 苹果, Num: 533
cnt: 972
=====================================
统计中...
PhoneType: OPPO, Num: 20
PhoneType: Vivo, Num: 25
PhoneType: 华为, Num: 58
PhoneType: 魅族, Num: 5
PhoneType: 未知Android设备, Num: 37
PhoneType: 努比亚, Num: 2
PhoneType: 真我, Num: 11
PhoneType: 红米, Num: 79
PhoneType: 苹果, Num: 539
PhoneType: 一加, Num: 28
PhoneType: 小米, Num: 75
PhoneType: 荣耀, Num: 41
PhoneType: 三星, Num: 33
PhoneType: IQOO, Num: 29
cnt: 982
=====================================
统计中...
PhoneType: 荣耀, Num: 41
PhoneType: 小米, Num: 76
PhoneType: 三星, Num: 33
PhoneType: IQOO, Num: 29
PhoneType: Vivo, Num: 25
PhoneType: 华为, Num: 58
PhoneType: OPPO, Num: 20
PhoneType: 魅族, Num: 5
PhoneType: 真我, Num: 11
PhoneType: 红米, Num: 79
PhoneType: 未知Android设备, Num: 37
PhoneType: 努比亚, Num: 2
PhoneType: 苹果, Num: 543
PhoneType: 一加, Num: 28
cnt: 987
=====================================
统计中...
PhoneType: Vivo, Num: 25
PhoneType: 华为, Num: 58
PhoneType: OPPO, Num: 20
PhoneType: 魅族, Num: 5
PhoneType: 真我, Num: 12
PhoneType: 红米, Num: 79
PhoneType: 未知Android设备, Num: 37
PhoneType: 努比亚, Num: 2
PhoneType: 苹果, Num: 545
PhoneType: 一加, Num: 29
PhoneType: 荣耀, Num: 41
PhoneType: 小米, Num: 76
PhoneType: 三星, Num: 34
PhoneType: IQOO, Num: 29
cnt: 992
=====================================
统计中...
PhoneType: 魅族, Num: 5
PhoneType: 真我, Num: 12
PhoneType: 红米, Num: 79
PhoneType: 未知Android设备, Num: 37
PhoneType: 努比亚, Num: 2
PhoneType: 苹果, Num: 547
PhoneType: 一加, Num: 29
PhoneType: 荣耀, Num: 41
PhoneType: 小米, Num: 76
PhoneType: 三星, Num: 34
PhoneType: IQOO, Num: 29
PhoneType: Vivo, Num: 25
PhoneType: 华为, Num: 59
PhoneType: OPPO, Num: 20
cnt: 995
=====================================
统计中...
PhoneType: 真我, Num: 12
PhoneType: 红米, Num: 79
PhoneType: 未知Android设备, Num: 37
PhoneType: 努比亚, Num: 2
PhoneType: 苹果, Num: 549
PhoneType: 一加, Num: 29
PhoneType: 荣耀, Num: 41
PhoneType: 小米, Num: 76
PhoneType: 三星, Num: 34
PhoneType: IQOO, Num: 29
PhoneType: Vivo, Num: 25
PhoneType: 华为, Num: 61
PhoneType: OPPO, Num: 21
PhoneType: 魅族, Num: 5
cnt: 1000
=====================================
统计中...
==========================最终统计结果：未知机型============================
PhoneType: WARNING: No blog found, Num: 95
PhoneType: 微博轻享版, Num: 26
PhoneType: 生日动态, Num: 19
PhoneType: 微博网页版, Num: 17
PhoneType: , Num: 7
PhoneType: 会员特权专用, Num: 5
PhoneType: 微博品牌活动, Num: 4
PhoneType: 微博 HTML5 版, Num: 4
PhoneType: <a target="_blank" href="https://t.sina.com.cn" rel="nofollow">微博视频号</a>, Num: 4
PhoneType: iPad客户端, Num: 2
PhoneType: VVebo, Num: 2
PhoneType: <a target="_blank" href="https://app.weibo.com/t/feed/5dtGzh" rel="nofollow">Flyme</a>, Num: 2
PhoneType: 携程旅行, Num: 1
PhoneType: 红魔10Pro氘锋透明版, Num: 1
PhoneType: <a target="_blank" href="https://app.weibo.com/t/feed/652xhk" rel="nofollow">K30S 至尊纪念版</a>, Num: 1
PhoneType: 微博搜索, Num: 1
PhoneType: 台网互动, Num: 1
PhoneType: 日常记录, Num: 1
PhoneType: 墨墨背单词, Num: 1
PhoneType: 粉丝红包, Num: 1
PhoneType: <a target="_blank" href="https://app.weibo.com/t/feed/5PnOAe" rel="nofollow">坚果 R2</a>, Num: 1
PhoneType: 星球视频PC版, Num: 1
PhoneType: 答题挑战赛, Num: 1
==========================最终统计结果：已知机型============================
PhoneType: 苹果, Num: 549
PhoneType: 红米, Num: 79
PhoneType: 小米, Num: 76
PhoneType: 华为, Num: 61
PhoneType: 荣耀, Num: 41
PhoneType: 未知Android设备, Num: 37
PhoneType: 三星, Num: 34
PhoneType: IQOO, Num: 29
PhoneType: 一加, Num: 29
PhoneType: Vivo, Num: 25
PhoneType: OPPO, Num: 21
PhoneType: 真我, Num: 12
PhoneType: 魅族, Num: 5
PhoneType: 努比亚, Num: 2
