统计中...
PhoneType: 未知Android设备, Num: 3
PhoneType: Vivo, Num: 1
PhoneType: 荣耀, Num: 1
PhoneType: 一加, Num: 1
PhoneType: 苹果, Num: 10
PhoneType: 华为, Num: 2
cnt: 18
=====================================
统计中...
PhoneType: Vivo, Num: 2
PhoneType: 荣耀, Num: 1
PhoneType: 一加, Num: 2
PhoneType: OPPO, Num: 1
PhoneType: 苹果, Num: 18
PhoneType: 华为, Num: 4
PhoneType: 未知Android设备, Num: 5
PhoneType: IQOO, Num: 2
cnt: 35
=====================================
统计中...
PhoneType: 未知Android设备, Num: 6
PhoneType: IQOO, Num: 3
PhoneType: 红米, Num: 2
PhoneType: 苹果, Num: 25
PhoneType: 华为, Num: 5
PhoneType: Vivo, Num: 2
PhoneType: 荣耀, Num: 3
PhoneType: 一加, Num: 2
PhoneType: OPPO, Num: 3
cnt: 51
=====================================
统计中...
PhoneType: 苹果, Num: 35
PhoneType: 华为, Num: 7
PhoneType: 荣耀, Num: 3
PhoneType: 一加, Num: 2
PhoneType: Vivo, Num: 2
PhoneType: OPPO, Num: 5
PhoneType: 未知Android设备, Num: 7
PhoneType: IQOO, Num: 3
PhoneType: 红米, Num: 2
PhoneType: 小米, Num: 2
cnt: 68
=====================================
统计中...
PhoneType: Vivo, Num: 2
PhoneType: OPPO, Num: 5
PhoneType: 未知Android设备, Num: 7
PhoneType: IQOO, Num: 3
PhoneType: 红米, Num: 2
PhoneType: 小米, Num: 2
PhoneType: 苹果, Num: 48
PhoneType: 华为, Num: 11
PhoneType: 荣耀, Num: 3
PhoneType: 一加, Num: 2
cnt: 85
=====================================
统计中...
PhoneType: Vivo, Num: 4
PhoneType: OPPO, Num: 8
PhoneType: 未知Android设备, Num: 8
PhoneType: IQOO, Num: 3
PhoneType: 红米, Num: 3
PhoneType: 小米, Num: 3
PhoneType: 苹果, Num: 54
PhoneType: 华为, Num: 13
PhoneType: 荣耀, Num: 5
PhoneType: 一加, Num: 2
cnt: 103
=====================================
统计中...
PhoneType: 未知Android设备, Num: 8
PhoneType: IQOO, Num: 3
PhoneType: 红米, Num: 3
PhoneType: 小米, Num: 3
PhoneType: 苹果, Num: 54
PhoneType: 华为, Num: 13
PhoneType: 荣耀, Num: 6
PhoneType: 一加, Num: 2
PhoneType: Vivo, Num: 4
PhoneType: OPPO, Num: 9
cnt: 105
=====================================
统计中...
PhoneType: 未知Android设备, Num: 9
PhoneType: IQOO, Num: 3
PhoneType: 红米, Num: 6
PhoneType: 小米, Num: 5
PhoneType: 苹果, Num: 61
PhoneType: 华为, Num: 16
PhoneType: 荣耀, Num: 7
PhoneType: 一加, Num: 2
PhoneType: Vivo, Num: 5
PhoneType: OPPO, Num: 10
cnt: 124
=====================================
统计中...
PhoneType: Vivo, Num: 5
PhoneType: OPPO, Num: 11
PhoneType: 未知Android设备, Num: 11
PhoneType: IQOO, Num: 3
PhoneType: 红米, Num: 6
PhoneType: 小米, Num: 6
PhoneType: 苹果, Num: 68
PhoneType: 华为, Num: 18
PhoneType: 荣耀, Num: 8
PhoneType: 一加, Num: 2
cnt: 138
=====================================
统计中...
PhoneType: Vivo, Num: 6
PhoneType: OPPO, Num: 13
PhoneType: 小米, Num: 8
PhoneType: 未知Android设备, Num: 12
PhoneType: IQOO, Num: 4
PhoneType: 红米, Num: 7
PhoneType: 一加, Num: 2
PhoneType: 苹果, Num: 74
PhoneType: 华为, Num: 22
PhoneType: 荣耀, Num: 9
cnt: 157
=====================================
统计中...
PhoneType: 荣耀, Num: 11
PhoneType: 一加, Num: 2
PhoneType: 苹果, Num: 77
PhoneType: 华为, Num: 29
PhoneType: OPPO, Num: 17
PhoneType: Vivo, Num: 6
PhoneType: 红米, Num: 8
PhoneType: 小米, Num: 9
PhoneType: 未知Android设备, Num: 13
PhoneType: IQOO, Num: 4
cnt: 176
=====================================
统计中...
PhoneType: 荣耀, Num: 12
PhoneType: 一加, Num: 2
PhoneType: 苹果, Num: 82
PhoneType: 华为, Num: 31
PhoneType: OPPO, Num: 18
PhoneType: Vivo, Num: 7
PhoneType: 红米, Num: 11
PhoneType: 小米, Num: 10
PhoneType: 未知Android设备, Num: 13
PhoneType: IQOO, Num: 5
cnt: 191
=====================================
统计中...
PhoneType: Vivo, Num: 7
PhoneType: OPPO, Num: 18
PhoneType: 未知Android设备, Num: 13
PhoneType: IQOO, Num: 6
PhoneType: 红米, Num: 11
PhoneType: 小米, Num: 10
PhoneType: 苹果, Num: 88
PhoneType: 华为, Num: 31
PhoneType: 荣耀, Num: 12
PhoneType: 一加, Num: 2
cnt: 198
=====================================
统计中...
PhoneType: 苹果, Num: 95
PhoneType: 华为, Num: 35
PhoneType: 荣耀, Num: 12
PhoneType: 一加, Num: 2
PhoneType: Vivo, Num: 7
PhoneType: OPPO, Num: 19
PhoneType: 未知Android设备, Num: 15
PhoneType: IQOO, Num: 6
PhoneType: 红米, Num: 12
PhoneType: 小米, Num: 11
cnt: 214
=====================================
统计中...
PhoneType: Vivo, Num: 8
PhoneType: OPPO, Num: 20
PhoneType: 未知Android设备, Num: 16
PhoneType: IQOO, Num: 6
PhoneType: 红米, Num: 13
PhoneType: 小米, Num: 14
PhoneType: 苹果, Num: 102
PhoneType: 华为, Num: 37
PhoneType: 荣耀, Num: 14
PhoneType: 一加, Num: 2
cnt: 232
=====================================
统计中...
PhoneType: Vivo, Num: 9
PhoneType: OPPO, Num: 20
PhoneType: 未知Android设备, Num: 17
PhoneType: IQOO, Num: 6
PhoneType: 红米, Num: 13
PhoneType: 小米, Num: 14
PhoneType: 苹果, Num: 113
PhoneType: 华为, Num: 40
PhoneType: 荣耀, Num: 15
PhoneType: 一加, Num: 2
cnt: 249
=====================================
统计中...
PhoneType: Vivo, Num: 10
PhoneType: OPPO, Num: 21
PhoneType: 小米, Num: 14
PhoneType: 未知Android设备, Num: 17
PhoneType: IQOO, Num: 6
PhoneType: 红米, Num: 13
PhoneType: 一加, Num: 2
PhoneType: 苹果, Num: 122
PhoneType: 华为, Num: 44
PhoneType: 荣耀, Num: 15
cnt: 264
=====================================
统计中...
No more blog
==========================最终统计结果：未知机型============================
PhoneType: , Num: 10
PhoneType: WARNING: No blog found, Num: 5
PhoneType: 微博轻享版, Num: 4
PhoneType: 生日动态, Num: 2
PhoneType: 大耳狗的肉桂卷, Num: 1
PhoneType: 会员特权专用, Num: 1
PhoneType: 兔瓦斯尊嘟超爱你, Num: 1
==========================最终统计结果：已知机型============================
PhoneType: 苹果, Num: 122
PhoneType: 华为, Num: 44
PhoneType: OPPO, Num: 21
PhoneType: 未知Android设备, Num: 17
PhoneType: 荣耀, Num: 15
PhoneType: 小米, Num: 14
PhoneType: 红米, Num: 13
PhoneType: Vivo, Num: 10
PhoneType: IQOO, Num: 6
PhoneType: 一加, Num: 2
