PhoneType: OPPO, Num: 1
PhoneType: 苹果, Num: 2
PhoneType: 一加, Num: 4
PhoneType: 荣耀, Num: 2
PhoneType: 华为, Num: 3
=====================================
cnt: 12
PhoneType: 苹果, Num: 3
PhoneType: 小米, Num: 5
PhoneType: Vivo, Num: 2
PhoneType: 三星, Num: 1
PhoneType: 一加, Num: 5
PhoneType: 荣耀, Num: 3
PhoneType: 红米, Num: 1
PhoneType: 华为, Num: 4
PhoneType: OPPO, Num: 2
PhoneType: 魅族, Num: 1
=====================================
cnt: 27
PhoneType: 三星, Num: 1
PhoneType: IQOO, Num: 1
PhoneType: 一加, Num: 6
PhoneType: 荣耀, Num: 4
PhoneType: 苹果, Num: 4
PhoneType: 小米, Num: 11
PhoneType: Vivo, Num: 4
PhoneType: 华为, Num: 4
PhoneType: OPPO, Num: 3
PhoneType: 魅族, Num: 1
PhoneType: 红米, Num: 3
PhoneType: 真我, Num: 2
=====================================
cnt: 44
PhoneType: 红米, Num: 6
PhoneType: 真我, Num: 2
PhoneType: 华为, Num: 4
PhoneType: OPPO, Num: 5
PhoneType: 魅族, Num: 3
PhoneType: 苹果, Num: 5
PhoneType: 小米, Num: 14
PhoneType: Vivo, Num: 5
PhoneType: 三星, Num: 1
PhoneType: IQOO, Num: 1
PhoneType: 一加, Num: 7
PhoneType: 荣耀, Num: 4
=====================================
cnt: 57
PhoneType: 华为, Num: 5
PhoneType: OPPO, Num: 5
PhoneType: 魅族, Num: 4
PhoneType: 红米, Num: 7
PhoneType: 真我, Num: 2
PhoneType: 三星, Num: 1
PhoneType: IQOO, Num: 1
PhoneType: 一加, Num: 7
PhoneType: 荣耀, Num: 5
PhoneType: 苹果, Num: 8
PhoneType: 小米, Num: 20
PhoneType: Vivo, Num: 6
=====================================
cnt: 71
PhoneType: OPPO, Num: 6
PhoneType: 魅族, Num: 4
PhoneType: 红米, Num: 8
PhoneType: 真我, Num: 2
PhoneType: 华为, Num: 7
PhoneType: 一加, Num: 7
PhoneType: 荣耀, Num: 6
PhoneType: 苹果, Num: 9
PhoneType: 小米, Num: 21
PhoneType: Vivo, Num: 8
PhoneType: 三星, Num: 1
PhoneType: IQOO, Num: 2
=====================================
cnt: 81
PhoneType: 华为, Num: 10
PhoneType: OPPO, Num: 7
PhoneType: 魅族, Num: 4
PhoneType: 红米, Num: 8
PhoneType: 真我, Num: 2
PhoneType: IQOO, Num: 3
PhoneType: 一加, Num: 9
PhoneType: 荣耀, Num: 7
PhoneType: 苹果, Num: 11
PhoneType: 小米, Num: 24
PhoneType: Vivo, Num: 11
PhoneType: 三星, Num: 1
=====================================
cnt: 97
PhoneType: 一加, Num: 9
PhoneType: 荣耀, Num: 7
PhoneType: 苹果, Num: 17
PhoneType: 小米, Num: 27
PhoneType: Vivo, Num: 14
PhoneType: 三星, Num: 1
PhoneType: IQOO, Num: 3
PhoneType: OPPO, Num: 7
PhoneType: 魅族, Num: 4
PhoneType: 红米, Num: 10
PhoneType: 真我, Num: 2
PhoneType: 华为, Num: 13
=====================================
cnt: 114
PhoneType: 小米, Num: 29
PhoneType: Vivo, Num: 16
PhoneType: 三星, Num: 1
PhoneType: IQOO, Num: 3
PhoneType: 一加, Num: 9
PhoneType: 荣耀, Num: 7
PhoneType: 苹果, Num: 22
PhoneType: 真我, Num: 2
PhoneType: 华为, Num: 13
PhoneType: OPPO, Num: 8
PhoneType: 魅族, Num: 4
PhoneType: 红米, Num: 13
=====================================
cnt: 127
PhoneType: 真我, Num: 2
PhoneType: 华为, Num: 14
PhoneType: OPPO, Num: 12
PhoneType: 魅族, Num: 5
PhoneType: 红米, Num: 17
PhoneType: 小米, Num: 30
PhoneType: Vivo, Num: 16
PhoneType: 三星, Num: 1
PhoneType: IQOO, Num: 4
PhoneType: 一加, Num: 9
PhoneType: 荣耀, Num: 9
PhoneType: 苹果, Num: 24
=====================================
cnt: 143
PhoneType: IQOO, Num: 4
PhoneType: 一加, Num: 11
PhoneType: 荣耀, Num: 10
PhoneType: 苹果, Num: 27
PhoneType: 小米, Num: 32
PhoneType: Vivo, Num: 16
PhoneType: 三星, Num: 3
PhoneType: 华为, Num: 16
PhoneType: OPPO, Num: 12
PhoneType: 魅族, Num: 5
PhoneType: 红米, Num: 19
PhoneType: 真我, Num: 2
=====================================
cnt: 157
PhoneType: 苹果, Num: 28
PhoneType: 小米, Num: 36
PhoneType: Vivo, Num: 18
PhoneType: 三星, Num: 3
PhoneType: IQOO, Num: 4
PhoneType: 一加, Num: 13
PhoneType: 荣耀, Num: 12
PhoneType: 红米, Num: 21
PhoneType: 真我, Num: 2
PhoneType: 华为, Num: 20
PhoneType: OPPO, Num: 12
PhoneType: 魅族, Num: 6
=====================================
cnt: 175
PhoneType: IQOO, Num: 6
PhoneType: 一加, Num: 13
PhoneType: 荣耀, Num: 13
PhoneType: 苹果, Num: 30
PhoneType: 小米, Num: 38
PhoneType: Vivo, Num: 18
PhoneType: 三星, Num: 3
PhoneType: 华为, Num: 22
PhoneType: OPPO, Num: 12
PhoneType: 魅族, Num: 6
PhoneType: 红米, Num: 23
PhoneType: 真我, Num: 2
=====================================
cnt: 186
PhoneType: 一加, Num: 14
PhoneType: 荣耀, Num: 13
PhoneType: 苹果, Num: 32
PhoneType: 小米, Num: 42
PhoneType: Vivo, Num: 18
PhoneType: 三星, Num: 3
PhoneType: IQOO, Num: 7
PhoneType: 华为, Num: 24
PhoneType: OPPO, Num: 14
PhoneType: 魅族, Num: 6
PhoneType: 红米, Num: 23
PhoneType: 真我, Num: 2
=====================================
cnt: 198
PhoneType: 一加, Num: 14
PhoneType: 荣耀, Num: 13
PhoneType: 苹果, Num: 36
PhoneType: 小米, Num: 44
PhoneType: Vivo, Num: 19
PhoneType: 三星, Num: 3
PhoneType: IQOO, Num: 9
PhoneType: OPPO, Num: 14
PhoneType: 魅族, Num: 6
PhoneType: 红米, Num: 23
PhoneType: 真我, Num: 2
PhoneType: 华为, Num: 28
=====================================
cnt: 211
PhoneType: IQOO, Num: 9
PhoneType: 一加, Num: 15
PhoneType: 荣耀, Num: 14
PhoneType: 苹果, Num: 38
PhoneType: 小米, Num: 46
PhoneType: Vivo, Num: 23
PhoneType: 三星, Num: 3
PhoneType: 华为, Num: 29
PhoneType: OPPO, Num: 15
PhoneType: 魅族, Num: 6
PhoneType: 红米, Num: 23
PhoneType: 真我, Num: 2
=====================================
cnt: 223
PhoneType: 华为, Num: 29
PhoneType: OPPO, Num: 16
PhoneType: 魅族, Num: 6
PhoneType: 红米, Num: 23
PhoneType: 真我, Num: 2
PhoneType: 一加, Num: 15
PhoneType: 荣耀, Num: 14
PhoneType: 苹果, Num: 40
PhoneType: 小米, Num: 46
PhoneType: Vivo, Num: 23
PhoneType: 三星, Num: 3
PhoneType: IQOO, Num: 9
=====================================
cnt: 226
PhoneType: 华为, Num: 31
PhoneType: OPPO, Num: 17
PhoneType: 魅族, Num: 7
PhoneType: 红米, Num: 24
PhoneType: 真我, Num: 2
PhoneType: IQOO, Num: 9
PhoneType: 一加, Num: 15
PhoneType: 荣耀, Num: 15
PhoneType: 苹果, Num: 43
PhoneType: 小米, Num: 47
PhoneType: Vivo, Num: 24
PhoneType: 三星, Num: 3
=====================================
cnt: 237
PhoneType: 三星, Num: 4
PhoneType: IQOO, Num: 9
PhoneType: 一加, Num: 16
PhoneType: 荣耀, Num: 15
PhoneType: 苹果, Num: 46
PhoneType: 小米, Num: 48
PhoneType: Vivo, Num: 27
PhoneType: 华为, Num: 33
PhoneType: OPPO, Num: 17
PhoneType: 魅族, Num: 8
PhoneType: 红米, Num: 24
PhoneType: 真我, Num: 2
=====================================
cnt: 249
PhoneType: IQOO, Num: 10
PhoneType: 一加, Num: 16
PhoneType: 荣耀, Num: 16
PhoneType: 苹果, Num: 47
PhoneType: 小米, Num: 50
PhoneType: Vivo, Num: 30
PhoneType: 三星, Num: 5
PhoneType: 华为, Num: 36
PhoneType: OPPO, Num: 17
PhoneType: 魅族, Num: 8
PhoneType: 红米, Num: 27
PhoneType: 真我, Num: 2
=====================================
cnt: 264
PhoneType: 苹果, Num: 48
PhoneType: 小米, Num: 53
PhoneType: Vivo, Num: 33
PhoneType: 三星, Num: 5
PhoneType: IQOO, Num: 11
PhoneType: 一加, Num: 16
PhoneType: 荣耀, Num: 17
PhoneType: 红米, Num: 28
PhoneType: 真我, Num: 2
PhoneType: 华为, Num: 40
PhoneType: OPPO, Num: 18
PhoneType: 魅族, Num: 8
=====================================
cnt: 279
PhoneType: 一加, Num: 17
PhoneType: 荣耀, Num: 18
PhoneType: 苹果, Num: 50
PhoneType: 小米, Num: 59
PhoneType: Vivo, Num: 34
PhoneType: 三星, Num: 6
PhoneType: IQOO, Num: 12
PhoneType: 华为, Num: 42
PhoneType: OPPO, Num: 18
PhoneType: 魅族, Num: 8
PhoneType: 红米, Num: 28
PhoneType: 真我, Num: 2
=====================================
cnt: 294
PhoneType: 华为, Num: 49
PhoneType: OPPO, Num: 20
PhoneType: 魅族, Num: 9
PhoneType: 红米, Num: 28
PhoneType: 真我, Num: 2
PhoneType: IQOO, Num: 12
PhoneType: 一加, Num: 17
PhoneType: 荣耀, Num: 19
PhoneType: 苹果, Num: 51
PhoneType: 小米, Num: 61
PhoneType: Vivo, Num: 35
PhoneType: 三星, Num: 7
=====================================
cnt: 310
PhoneType: 荣耀, Num: 20
PhoneType: 苹果, Num: 55
PhoneType: 小米, Num: 63
PhoneType: Vivo, Num: 35
PhoneType: 三星, Num: 7
PhoneType: IQOO, Num: 12
PhoneType: 一加, Num: 17
PhoneType: 魅族, Num: 9
PhoneType: 红米, Num: 30
PhoneType: 真我, Num: 2
PhoneType: 华为, Num: 51
PhoneType: OPPO, Num: 21
=====================================
cnt: 322
PhoneType: 荣耀, Num: 20
PhoneType: 苹果, Num: 57
PhoneType: 小米, Num: 63
PhoneType: Vivo, Num: 36
PhoneType: 三星, Num: 7
PhoneType: IQOO, Num: 12
PhoneType: 一加, Num: 18
PhoneType: 魅族, Num: 9
PhoneType: 红米, Num: 31
PhoneType: 真我, Num: 2
PhoneType: 华为, Num: 58
PhoneType: OPPO, Num: 23
=====================================
cnt: 336
PhoneType: 苹果, Num: 60
PhoneType: 小米, Num: 66
PhoneType: Vivo, Num: 38
PhoneType: 三星, Num: 7
PhoneType: IQOO, Num: 12
PhoneType: 一加, Num: 18
PhoneType: 荣耀, Num: 20
PhoneType: 红米, Num: 32
PhoneType: 真我, Num: 2
PhoneType: 华为, Num: 61
PhoneType: OPPO, Num: 23
PhoneType: 魅族, Num: 11
=====================================
cnt: 350
PhoneType: 一加, Num: 18
PhoneType: 荣耀, Num: 23
PhoneType: 苹果, Num: 65
PhoneType: 小米, Num: 67
PhoneType: Vivo, Num: 38
PhoneType: 三星, Num: 8
PhoneType: IQOO, Num: 12
PhoneType: OPPO, Num: 23
PhoneType: 魅族, Num: 11
PhoneType: 红米, Num: 34
PhoneType: 真我, Num: 2
PhoneType: 华为, Num: 62
=====================================
cnt: 363
PhoneType: 华为, Num: 67
PhoneType: OPPO, Num: 23
PhoneType: 魅族, Num: 11
PhoneType: 红米, Num: 36
PhoneType: 真我, Num: 2
PhoneType: IQOO, Num: 12
PhoneType: 一加, Num: 18
PhoneType: 荣耀, Num: 24
PhoneType: 苹果, Num: 65
PhoneType: 小米, Num: 69
PhoneType: Vivo, Num: 39
PhoneType: 三星, Num: 8
=====================================
cnt: 374
PhoneType: 华为, Num: 68
PhoneType: OPPO, Num: 24
PhoneType: 魅族, Num: 12
PhoneType: 红米, Num: 36
PhoneType: 真我, Num: 2
PhoneType: 三星, Num: 8
PhoneType: IQOO, Num: 13
PhoneType: 一加, Num: 18
PhoneType: 荣耀, Num: 25
PhoneType: 苹果, Num: 68
PhoneType: 小米, Num: 70
PhoneType: Vivo, Num: 40
=====================================
cnt: 384
PhoneType: 一加, Num: 18
PhoneType: 荣耀, Num: 25
PhoneType: 苹果, Num: 71
PhoneType: 小米, Num: 72
PhoneType: Vivo, Num: 40
PhoneType: 三星, Num: 8
PhoneType: IQOO, Num: 15
PhoneType: OPPO, Num: 24
PhoneType: 魅族, Num: 12
PhoneType: 红米, Num: 39
PhoneType: 真我, Num: 2
PhoneType: 华为, Num: 70
=====================================
cnt: 396
PhoneType: 华为, Num: 70
PhoneType: OPPO, Num: 24
PhoneType: 魅族, Num: 12
PhoneType: 红米, Num: 39
PhoneType: 真我, Num: 2
PhoneType: 三星, Num: 8
PhoneType: IQOO, Num: 16
PhoneType: 一加, Num: 19
PhoneType: 荣耀, Num: 25
PhoneType: 苹果, Num: 72
PhoneType: 小米, Num: 76
PhoneType: Vivo, Num: 41
=====================================
cnt: 404
PhoneType: 苹果, Num: 79
PhoneType: 小米, Num: 77
PhoneType: Vivo, Num: 41
PhoneType: 三星, Num: 8
PhoneType: IQOO, Num: 16
PhoneType: 一加, Num: 20
PhoneType: 荣耀, Num: 25
PhoneType: 红米, Num: 40
PhoneType: 真我, Num: 2
PhoneType: 华为, Num: 72
PhoneType: OPPO, Num: 24
PhoneType: 魅族, Num: 14
=====================================
cnt: 418
PhoneType: IQOO, Num: 17
PhoneType: 一加, Num: 20
PhoneType: 荣耀, Num: 25
PhoneType: 苹果, Num: 81
PhoneType: 小米, Num: 77
PhoneType: Vivo, Num: 41
PhoneType: 三星, Num: 8
PhoneType: 华为, Num: 72
PhoneType: OPPO, Num: 25
PhoneType: 魅族, Num: 14
PhoneType: 红米, Num: 41
PhoneType: 真我, Num: 2
=====================================
cnt: 423
PhoneType: 小米, Num: 78
PhoneType: Vivo, Num: 42
PhoneType: 三星, Num: 9
PhoneType: IQOO, Num: 18
PhoneType: 一加, Num: 20
PhoneType: 荣耀, Num: 25
PhoneType: 苹果, Num: 85
PhoneType: 真我, Num: 3
PhoneType: 华为, Num: 76
PhoneType: OPPO, Num: 25
PhoneType: 魅族, Num: 14
PhoneType: 红米, Num: 42
=====================================
cnt: 437
PhoneType: 魅族, Num: 14
PhoneType: 红米, Num: 42
PhoneType: 真我, Num: 3
PhoneType: 华为, Num: 76
PhoneType: OPPO, Num: 25
PhoneType: 荣耀, Num: 25
PhoneType: 苹果, Num: 99
PhoneType: 小米, Num: 78
PhoneType: Vivo, Num: 42
PhoneType: 三星, Num: 9
PhoneType: IQOO, Num: 19
PhoneType: 一加, Num: 20
=====================================
cnt: 452
PhoneType: 一加, Num: 22
PhoneType: 荣耀, Num: 26
PhoneType: 苹果, Num: 105
PhoneType: 小米, Num: 79
PhoneType: Vivo, Num: 44
PhoneType: 三星, Num: 9
PhoneType: IQOO, Num: 20
PhoneType: 华为, Num: 79
PhoneType: OPPO, Num: 26
PhoneType: 魅族, Num: 15
PhoneType: 红米, Num: 43
PhoneType: 真我, Num: 3
=====================================
cnt: 471
PhoneType: 真我, Num: 5
PhoneType: 华为, Num: 81
PhoneType: OPPO, Num: 26
PhoneType: 魅族, Num: 15
PhoneType: 红米, Num: 43
PhoneType: 小米, Num: 82
PhoneType: Vivo, Num: 46
PhoneType: 三星, Num: 9
PhoneType: IQOO, Num: 20
PhoneType: 一加, Num: 22
PhoneType: 荣耀, Num: 28
PhoneType: 苹果, Num: 109
=====================================
cnt: 486
PhoneType: 荣耀, Num: 29
PhoneType: 苹果, Num: 111
PhoneType: 小米, Num: 83
PhoneType: Vivo, Num: 46
PhoneType: 三星, Num: 9
PhoneType: IQOO, Num: 20
PhoneType: 一加, Num: 22
PhoneType: 魅族, Num: 15
PhoneType: 红米, Num: 43
PhoneType: 真我, Num: 5
PhoneType: 华为, Num: 81
PhoneType: OPPO, Num: 26
=====================================
cnt: 490
PhoneType: 三星, Num: 9
PhoneType: IQOO, Num: 20
PhoneType: 一加, Num: 22
PhoneType: 荣耀, Num: 31
PhoneType: 苹果, Num: 112
PhoneType: 小米, Num: 83
PhoneType: Vivo, Num: 48
PhoneType: 华为, Num: 90
PhoneType: OPPO, Num: 26
PhoneType: 魅族, Num: 15
PhoneType: 红米, Num: 43
PhoneType: 真我, Num: 6
=====================================
cnt: 505
PhoneType: 一加, Num: 23
PhoneType: 荣耀, Num: 33
PhoneType: 苹果, Num: 113
PhoneType: 小米, Num: 85
PhoneType: Vivo, Num: 50
PhoneType: 三星, Num: 9
PhoneType: IQOO, Num: 20
PhoneType: 华为, Num: 93
PhoneType: OPPO, Num: 26
PhoneType: 魅族, Num: 15
PhoneType: 红米, Num: 46
PhoneType: 真我, Num: 6
=====================================
cnt: 519
PhoneType: 一加, Num: 23
PhoneType: 荣耀, Num: 33
PhoneType: 苹果, Num: 117
PhoneType: 小米, Num: 92
PhoneType: Vivo, Num: 50
PhoneType: 三星, Num: 9
PhoneType: IQOO, Num: 21
PhoneType: 华为, Num: 94
PhoneType: OPPO, Num: 26
PhoneType: 魅族, Num: 15
PhoneType: 红米, Num: 46
PhoneType: 真我, Num: 6
=====================================
cnt: 532
PhoneType: 华为, Num: 94
PhoneType: OPPO, Num: 27
PhoneType: 魅族, Num: 15
PhoneType: 红米, Num: 46
PhoneType: 真我, Num: 6
PhoneType: Vivo, Num: 50
PhoneType: 三星, Num: 9
PhoneType: IQOO, Num: 21
PhoneType: 一加, Num: 23
PhoneType: 荣耀, Num: 33
PhoneType: 苹果, Num: 117
PhoneType: 小米, Num: 93
=====================================
cnt: 534
PhoneType: IQOO, Num: 23
PhoneType: 一加, Num: 23
PhoneType: 荣耀, Num: 33
PhoneType: 苹果, Num: 120
PhoneType: 小米, Num: 94
PhoneType: Vivo, Num: 51
PhoneType: 三星, Num: 9
PhoneType: 华为, Num: 98
PhoneType: OPPO, Num: 29
PhoneType: 魅族, Num: 16
PhoneType: 红米, Num: 48
PhoneType: 真我, Num: 7
=====================================
cnt: 551
PhoneType: 魅族, Num: 16
PhoneType: 小米, Num: 94
PhoneType: Vivo, Num: 54
PhoneType: 三星, Num: 9
PhoneType: 努比亚, Num: 1
PhoneType: 华为, Num: 100
PhoneType: OPPO, Num: 30
PhoneType: 红米, Num: 48
PhoneType: 真我, Num: 7
PhoneType: 一加, Num: 24
PhoneType: 荣耀, Num: 33
PhoneType: 苹果, Num: 121
PhoneType: IQOO, Num: 23
=====================================
cnt: 560
PhoneType: OPPO, Num: 30
PhoneType: 红米, Num: 49
PhoneType: 真我, Num: 7
PhoneType: 华为, Num: 101
PhoneType: 一加, Num: 25
PhoneType: 荣耀, Num: 34
PhoneType: 苹果, Num: 126
PhoneType: IQOO, Num: 24
PhoneType: 魅族, Num: 16
PhoneType: Vivo, Num: 54
PhoneType: 三星, Num: 9
PhoneType: 努比亚, Num: 1
PhoneType: 小米, Num: 95
=====================================
cnt: 571
PhoneType: 一加, Num: 26
PhoneType: 荣耀, Num: 35
PhoneType: 苹果, Num: 128
PhoneType: IQOO, Num: 26
PhoneType: 魅族, Num: 16
PhoneType: 小米, Num: 98
PhoneType: Vivo, Num: 54
PhoneType: 三星, Num: 9
PhoneType: 努比亚, Num: 1
PhoneType: 华为, Num: 102
PhoneType: OPPO, Num: 31
PhoneType: 红米, Num: 51
PhoneType: 真我, Num: 9
=====================================
cnt: 586
PhoneType: 苹果, Num: 130
PhoneType: IQOO, Num: 28
PhoneType: 一加, Num: 26
PhoneType: 荣耀, Num: 37
PhoneType: 魅族, Num: 16
PhoneType: 努比亚, Num: 1
PhoneType: 小米, Num: 98
PhoneType: Vivo, Num: 55
PhoneType: 三星, Num: 9
PhoneType: 真我, Num: 9
PhoneType: 华为, Num: 105
PhoneType: OPPO, Num: 31
PhoneType: 红米, Num: 52
=====================================
cnt: 597
PhoneType: 魅族, Num: 16
PhoneType: 小米, Num: 98
PhoneType: Vivo, Num: 55
PhoneType: 三星, Num: 9
PhoneType: 努比亚, Num: 1
PhoneType: 华为, Num: 105
PhoneType: OPPO, Num: 31
PhoneType: 红米, Num: 55
PhoneType: 真我, Num: 10
PhoneType: 一加, Num: 27
PhoneType: 荣耀, Num: 37
PhoneType: 苹果, Num: 133
PhoneType: IQOO, Num: 28
=====================================
cnt: 605
PhoneType: 魅族, Num: 16
PhoneType: 努比亚, Num: 1
PhoneType: 小米, Num: 99
PhoneType: Vivo, Num: 57
PhoneType: 三星, Num: 10
PhoneType: 真我, Num: 12
PhoneType: 华为, Num: 108
PhoneType: OPPO, Num: 31
PhoneType: 红米, Num: 56
PhoneType: 苹果, Num: 135
PhoneType: IQOO, Num: 29
PhoneType: 一加, Num: 27
PhoneType: 荣耀, Num: 37
=====================================
cnt: 618
PhoneType: 真我, Num: 13
PhoneType: 华为, Num: 109
PhoneType: OPPO, Num: 32
PhoneType: 红米, Num: 56
PhoneType: 苹果, Num: 137
PhoneType: IQOO, Num: 30
PhoneType: 一加, Num: 29
PhoneType: 荣耀, Num: 38
PhoneType: 魅族, Num: 16
PhoneType: 努比亚, Num: 1
PhoneType: 小米, Num: 100
PhoneType: Vivo, Num: 58
PhoneType: 三星, Num: 11
=====================================
cnt: 630
PhoneType: 魅族, Num: 16
PhoneType: 小米, Num: 102
PhoneType: Vivo, Num: 62
PhoneType: 三星, Num: 11
PhoneType: 努比亚, Num: 1
PhoneType: 华为, Num: 110
PhoneType: OPPO, Num: 33
PhoneType: 红米, Num: 56
PhoneType: 真我, Num: 13
PhoneType: IQOO, Num: 30
PhoneType: 一加, Num: 29
PhoneType: 荣耀, Num: 38
PhoneType: 苹果, Num: 139
=====================================
cnt: 640
PhoneType: 三星, Num: 12
PhoneType: 努比亚, Num: 1
PhoneType: 小米, Num: 103
PhoneType: Vivo, Num: 63
PhoneType: 红米, Num: 57
PhoneType: 真我, Num: 14
PhoneType: 华为, Num: 110
PhoneType: OPPO, Num: 33
PhoneType: 荣耀, Num: 38
PhoneType: 苹果, Num: 143
PhoneType: IQOO, Num: 30
PhoneType: 一加, Num: 30
PhoneType: 魅族, Num: 16
=====================================
cnt: 650
PhoneType: 小米, Num: 106
PhoneType: Vivo, Num: 63
PhoneType: 三星, Num: 13
PhoneType: 努比亚, Num: 1
PhoneType: 华为, Num: 112
PhoneType: OPPO, Num: 34
PhoneType: 红米, Num: 59
PhoneType: 真我, Num: 14
PhoneType: 一加, Num: 31
PhoneType: 荣耀, Num: 39
PhoneType: 苹果, Num: 145
PhoneType: IQOO, Num: 30
PhoneType: 魅族, Num: 16
=====================================
cnt: 663
PhoneType: 小米, Num: 109
PhoneType: Vivo, Num: 64
PhoneType: 三星, Num: 13
PhoneType: 努比亚, Num: 1
PhoneType: 华为, Num: 117
PhoneType: OPPO, Num: 34
PhoneType: 红米, Num: 59
PhoneType: 真我, Num: 14
PhoneType: 一加, Num: 32
PhoneType: 荣耀, Num: 39
PhoneType: 苹果, Num: 146
PhoneType: IQOO, Num: 31
PhoneType: 魅族, Num: 17
=====================================
cnt: 676
PhoneType: 华为, Num: 117
PhoneType: OPPO, Num: 34
PhoneType: 红米, Num: 59
PhoneType: 真我, Num: 14
PhoneType: 一加, Num: 32
PhoneType: 荣耀, Num: 39
PhoneType: 苹果, Num: 147
PhoneType: IQOO, Num: 31
PhoneType: 魅族, Num: 17
PhoneType: 小米, Num: 124
PhoneType: Vivo, Num: 64
PhoneType: 三星, Num: 13
PhoneType: 努比亚, Num: 1
=====================================
cnt: 692
PhoneType: Vivo, Num: 64
PhoneType: 三星, Num: 13
PhoneType: 努比亚, Num: 1
PhoneType: 小米, Num: 126
PhoneType: OPPO, Num: 35
PhoneType: 红米, Num: 60
PhoneType: 真我, Num: 16
PhoneType: 华为, Num: 120
PhoneType: 一加, Num: 33
PhoneType: 荣耀, Num: 39
PhoneType: 苹果, Num: 147
PhoneType: IQOO, Num: 31
PhoneType: 魅族, Num: 17
=====================================
cnt: 702
PhoneType: 小米, Num: 128
PhoneType: Vivo, Num: 64
PhoneType: 三星, Num: 13
PhoneType: 努比亚, Num: 1
PhoneType: 华为, Num: 123
PhoneType: OPPO, Num: 36
PhoneType: 红米, Num: 60
PhoneType: 真我, Num: 17
PhoneType: 一加, Num: 34
PhoneType: 荣耀, Num: 40
PhoneType: 苹果, Num: 148
PhoneType: IQOO, Num: 31
PhoneType: 魅族, Num: 17
=====================================
cnt: 712
PhoneType: 魅族, Num: 17
PhoneType: 小米, Num: 130
PhoneType: Vivo, Num: 64
PhoneType: 三星, Num: 13
PhoneType: 努比亚, Num: 1
PhoneType: 华为, Num: 127
PhoneType: OPPO, Num: 36
PhoneType: 红米, Num: 60
PhoneType: 真我, Num: 17
PhoneType: 一加, Num: 34
PhoneType: 荣耀, Num: 40
PhoneType: 苹果, Num: 159
PhoneType: IQOO, Num: 31
=====================================
cnt: 729
PhoneType: Vivo, Num: 65
PhoneType: 三星, Num: 13
PhoneType: 努比亚, Num: 1
PhoneType: 小米, Num: 132
PhoneType: OPPO, Num: 38
PhoneType: 红米, Num: 61
PhoneType: 真我, Num: 17
PhoneType: 华为, Num: 128
PhoneType: 一加, Num: 35
PhoneType: 荣耀, Num: 40
PhoneType: 苹果, Num: 164
PhoneType: IQOO, Num: 33
PhoneType: 魅族, Num: 17
=====================================
cnt: 744
PhoneType: 一加, Num: 36
PhoneType: 荣耀, Num: 41
PhoneType: 苹果, Num: 169
PhoneType: IQOO, Num: 33
PhoneType: 魅族, Num: 17
PhoneType: 小米, Num: 135
PhoneType: Vivo, Num: 65
PhoneType: 三星, Num: 14
PhoneType: 努比亚, Num: 1
PhoneType: 华为, Num: 129
PhoneType: OPPO, Num: 39
PhoneType: 红米, Num: 62
PhoneType: 真我, Num: 17
=====================================
cnt: 758
PhoneType: 努比亚, Num: 1
PhoneType: 小米, Num: 138
PhoneType: Vivo, Num: 68
PhoneType: 三星, Num: 15
PhoneType: 真我, Num: 17
PhoneType: 华为, Num: 130
PhoneType: OPPO, Num: 40
PhoneType: 红米, Num: 62
PhoneType: 苹果, Num: 172
PhoneType: IQOO, Num: 34
PhoneType: 一加, Num: 36
PhoneType: 荣耀, Num: 42
PhoneType: 魅族, Num: 17
=====================================
cnt: 772
PhoneType: 魅族, Num: 17
PhoneType: 三星, Num: 15
PhoneType: 努比亚, Num: 1
PhoneType: 小米, Num: 142
PhoneType: Vivo, Num: 68
PhoneType: 红米, Num: 62
PhoneType: 真我, Num: 17
PhoneType: 华为, Num: 131
PhoneType: OPPO, Num: 41
PhoneType: 荣耀, Num: 42
PhoneType: 苹果, Num: 173
PhoneType: IQOO, Num: 35
PhoneType: 一加, Num: 38
=====================================
cnt: 782
PhoneType: 华为, Num: 131
PhoneType: OPPO, Num: 44
PhoneType: 红米, Num: 62
PhoneType: 真我, Num: 17
PhoneType: 一加, Num: 40
PhoneType: 荣耀, Num: 42
PhoneType: 苹果, Num: 175
PhoneType: IQOO, Num: 37
PhoneType: 魅族, Num: 17
PhoneType: 小米, Num: 143
PhoneType: Vivo, Num: 69
PhoneType: 三星, Num: 15
PhoneType: 努比亚, Num: 1
=====================================
cnt: 793
PhoneType: 三星, Num: 15
PhoneType: 努比亚, Num: 1
PhoneType: 小米, Num: 144
PhoneType: Vivo, Num: 72
PhoneType: 红米, Num: 62
PhoneType: 真我, Num: 17
PhoneType: 华为, Num: 131
PhoneType: OPPO, Num: 44
PhoneType: 荣耀, Num: 43
PhoneType: 苹果, Num: 175
PhoneType: IQOO, Num: 37
PhoneType: 一加, Num: 42
PhoneType: 魅族, Num: 17
=====================================
cnt: 800
PhoneType: 一加, Num: 42
PhoneType: 荣耀, Num: 43
PhoneType: 苹果, Num: 175
PhoneType: IQOO, Num: 38
PhoneType: 魅族, Num: 17
PhoneType: 小米, Num: 145
PhoneType: Vivo, Num: 73
PhoneType: 三星, Num: 15
PhoneType: 努比亚, Num: 1
PhoneType: 华为, Num: 134
PhoneType: OPPO, Num: 44
PhoneType: 红米, Num: 62
PhoneType: 真我, Num: 17
=====================================
cnt: 806
PhoneType: 魅族, Num: 17
PhoneType: 三星, Num: 15
PhoneType: 努比亚, Num: 1
PhoneType: 小米, Num: 147
PhoneType: Vivo, Num: 74
PhoneType: 红米, Num: 62
PhoneType: 真我, Num: 17
PhoneType: 华为, Num: 135
PhoneType: OPPO, Num: 44
PhoneType: 荣耀, Num: 43
PhoneType: 苹果, Num: 180
PhoneType: IQOO, Num: 38
PhoneType: 一加, Num: 42
=====================================
cnt: 815
PhoneType: 小米, Num: 149
PhoneType: Vivo, Num: 78
PhoneType: 三星, Num: 16
PhoneType: 努比亚, Num: 1
PhoneType: 华为, Num: 136
PhoneType: OPPO, Num: 46
PhoneType: 红米, Num: 62
PhoneType: 真我, Num: 18
PhoneType: IQOO, Num: 39
PhoneType: 一加, Num: 42
PhoneType: 荣耀, Num: 43
PhoneType: 苹果, Num: 183
PhoneType: 魅族, Num: 17
=====================================
cnt: 830
PhoneType: 魅族, Num: 17
PhoneType: 三星, Num: 16
PhoneType: 努比亚, Num: 1
PhoneType: 小米, Num: 149
PhoneType: Vivo, Num: 87
PhoneType: 红米, Num: 62
PhoneType: 真我, Num: 18
PhoneType: 华为, Num: 136
PhoneType: OPPO, Num: 46
PhoneType: 荣耀, Num: 43
PhoneType: 苹果, Num: 184
PhoneType: IQOO, Num: 40
PhoneType: 一加, Num: 42
=====================================
cnt: 841
PhoneType: 一加, Num: 42
PhoneType: 荣耀, Num: 46
PhoneType: 苹果, Num: 185
PhoneType: IQOO, Num: 41
PhoneType: 魅族, Num: 17
PhoneType: 小米, Num: 152
PhoneType: Vivo, Num: 87
PhoneType: 三星, Num: 16
PhoneType: 努比亚, Num: 2
PhoneType: 华为, Num: 140
PhoneType: OPPO, Num: 46
PhoneType: 红米, Num: 62
PhoneType: 真我, Num: 18
=====================================
cnt: 854
PhoneType: 小米, Num: 152
PhoneType: Vivo, Num: 88
PhoneType: 三星, Num: 16
PhoneType: 努比亚, Num: 2
PhoneType: 华为, Num: 143
PhoneType: OPPO, Num: 46
PhoneType: 红米, Num: 63
PhoneType: 真我, Num: 18
PhoneType: 一加, Num: 42
PhoneType: 荣耀, Num: 46
PhoneType: 苹果, Num: 190
PhoneType: IQOO, Num: 41
PhoneType: 魅族, Num: 17
=====================================
cnt: 864
PhoneType: 华为, Num: 145
PhoneType: OPPO, Num: 46
PhoneType: 红米, Num: 63
PhoneType: 真我, Num: 18
PhoneType: 一加, Num: 43
PhoneType: 荣耀, Num: 47
PhoneType: 苹果, Num: 193
PhoneType: IQOO, Num: 41
PhoneType: 魅族, Num: 18
PhoneType: 小米, Num: 154
PhoneType: Vivo, Num: 89
PhoneType: 三星, Num: 18
PhoneType: 努比亚, Num: 2
=====================================
cnt: 877
PhoneType: IQOO, Num: 41
PhoneType: 一加, Num: 45
PhoneType: 荣耀, Num: 47
PhoneType: 苹果, Num: 196
PhoneType: 魅族, Num: 18
PhoneType: 小米, Num: 168
PhoneType: Vivo, Num: 89
PhoneType: 三星, Num: 18
PhoneType: 努比亚, Num: 2
PhoneType: 华为, Num: 145
PhoneType: OPPO, Num: 46
PhoneType: 红米, Num: 63
PhoneType: 真我, Num: 18
=====================================
cnt: 896
PhoneType: 魅族, Num: 18
PhoneType: 小米, Num: 171
PhoneType: Vivo, Num: 90
PhoneType: 三星, Num: 19
PhoneType: 努比亚, Num: 2
PhoneType: 华为, Num: 145
PhoneType: OPPO, Num: 47
PhoneType: 红米, Num: 65
PhoneType: 真我, Num: 18
PhoneType: 一加, Num: 46
PhoneType: 荣耀, Num: 48
PhoneType: 苹果, Num: 199
PhoneType: IQOO, Num: 42
=====================================
cnt: 910
PhoneType: 魅族, Num: 18
PhoneType: 小米, Num: 174
PhoneType: Vivo, Num: 90
PhoneType: 三星, Num: 19
PhoneType: 努比亚, Num: 2
PhoneType: 华为, Num: 146
PhoneType: OPPO, Num: 47
PhoneType: 红米, Num: 66
PhoneType: 真我, Num: 19
PhoneType: 一加, Num: 48
PhoneType: 荣耀, Num: 48
PhoneType: 苹果, Num: 201
PhoneType: IQOO, Num: 44
=====================================
cnt: 922
PhoneType: 小米, Num: 175
PhoneType: Vivo, Num: 90
PhoneType: 三星, Num: 19
PhoneType: 努比亚, Num: 2
PhoneType: 华为, Num: 147
PhoneType: OPPO, Num: 48
PhoneType: 红米, Num: 66
PhoneType: 真我, Num: 19
PhoneType: 一加, Num: 49
PhoneType: 荣耀, Num: 50
PhoneType: 苹果, Num: 202
PhoneType: IQOO, Num: 44
PhoneType: 魅族, Num: 18
=====================================
cnt: 929
PhoneType: IQOO, Num: 45
PhoneType: 一加, Num: 50
PhoneType: 荣耀, Num: 52
PhoneType: 苹果, Num: 204
PhoneType: 魅族, Num: 18
PhoneType: 小米, Num: 178
PhoneType: Vivo, Num: 90
PhoneType: 三星, Num: 19
PhoneType: 努比亚, Num: 2
PhoneType: 华为, Num: 150
PhoneType: OPPO, Num: 50
PhoneType: 红米, Num: 66
PhoneType: 真我, Num: 19
=====================================
cnt: 943
PhoneType: 小米, Num: 180
PhoneType: Vivo, Num: 92
PhoneType: 三星, Num: 19
PhoneType: 努比亚, Num: 2
PhoneType: 华为, Num: 153
PhoneType: OPPO, Num: 51
PhoneType: 红米, Num: 66
PhoneType: 真我, Num: 19
PhoneType: 一加, Num: 50
PhoneType: 荣耀, Num: 52
PhoneType: 苹果, Num: 204
PhoneType: IQOO, Num: 46
PhoneType: 魅族, Num: 18
=====================================
cnt: 952
PhoneType: 小米, Num: 181
PhoneType: Vivo, Num: 93
PhoneType: 三星, Num: 19
PhoneType: 努比亚, Num: 2
PhoneType: 华为, Num: 155
PhoneType: OPPO, Num: 53
PhoneType: 红米, Num: 68
PhoneType: 真我, Num: 19
PhoneType: 一加, Num: 51
PhoneType: 荣耀, Num: 53
PhoneType: 苹果, Num: 204
PhoneType: IQOO, Num: 46
PhoneType: 魅族, Num: 18
=====================================
cnt: 962
PhoneType: 小米, Num: 183
PhoneType: Vivo, Num: 95
PhoneType: 三星, Num: 19
PhoneType: 努比亚, Num: 2
PhoneType: 华为, Num: 157
PhoneType: OPPO, Num: 53
PhoneType: 红米, Num: 68
PhoneType: 真我, Num: 19
PhoneType: IQOO, Num: 47
PhoneType: 一加, Num: 52
PhoneType: 荣耀, Num: 53
PhoneType: 苹果, Num: 206
PhoneType: 魅族, Num: 18
=====================================
cnt: 972
PhoneType: 魅族, Num: 18
PhoneType: 三星, Num: 21
PhoneType: 努比亚, Num: 2
PhoneType: 小米, Num: 184
PhoneType: Vivo, Num: 98
PhoneType: 红米, Num: 69
PhoneType: 真我, Num: 19
PhoneType: 华为, Num: 158
PhoneType: OPPO, Num: 54
PhoneType: 荣耀, Num: 53
PhoneType: 苹果, Num: 210
PhoneType: IQOO, Num: 48
PhoneType: 一加, Num: 52
=====================================
cnt: 986
PhoneType: 一加, Num: 53
PhoneType: 荣耀, Num: 53
PhoneType: 苹果, Num: 212
PhoneType: IQOO, Num: 48
PhoneType: 魅族, Num: 19
PhoneType: Vivo, Num: 98
PhoneType: 三星, Num: 21
PhoneType: 努比亚, Num: 2
PhoneType: 小米, Num: 186
PhoneType: OPPO, Num: 54
PhoneType: 红米, Num: 70
PhoneType: 真我, Num: 19
PhoneType: 华为, Num: 158
=====================================
cnt: 993
PhoneType: 一加, Num: 53
PhoneType: 荣耀, Num: 53
PhoneType: 苹果, Num: 214
PhoneType: IQOO, Num: 48
PhoneType: 魅族, Num: 20
PhoneType: 小米, Num: 188
PhoneType: Vivo, Num: 99
PhoneType: 三星, Num: 21
PhoneType: 努比亚, Num: 2
PhoneType: 华为, Num: 160
PhoneType: OPPO, Num: 54
PhoneType: 红米, Num: 71
PhoneType: 真我, Num: 19
=====================================
cnt: 1002
